===> use benchmark strategy to split train, validation and eval dataset
### Model summary below###
 CPAELSTM44_AT(
  (lstm1): LSTM(76, 12, batch_first=True)
  (lstm2): LSTM(12, 12, batch_first=True)
  (lstm3): LSTM(12, 12, batch_first=True)
  (dropout): Dropout(p=0.3, inplace=False)
  (softmax): Softmax(dim=0)
  (lsoftmax): LogSoftmax()
  (fcs): Sequential(
    (0): Linear(in_features=12, out_features=12, bias=True)
    (1): ReLU(inplace=True)
    (2): Linear(in_features=12, out_features=12, bias=True)
  )
  (lstm4): LSTM(12, 76, batch_first=True)
  (att1): Linear(in_features=12, out_features=12, bias=True)
  (att2): Linear(in_features=12, out_features=12, bias=True)
  (W_pred): Linear(in_features=12, out_features=12, bias=True)
)

===> Model total parameter: 34956

{'data_split': 'benchmark', 'batch_size': 256, 'mode': 0, 'dim': 12, 'bn': False, 'dropout': 0.3, 'task': 'ihm', 'learning_rate': 0.0003, 'epochs': 1000, 'seed': 1, 'log_interval': 5, 'num_workers': 30, 'gru_out': 12, 'sim': 'cosine', 'temperature': 0.07, 'optimizer': 'optim.SGD(filter(lambda p: p.requires_grad,model.parameters()), lr=0.0003, momentum=0.9, weight_decay=1e-4)', 'adjust_lr': True, 'setting_name': 'dim12_out12_lr_0.0003_bs256_future_sgd_cos_t0.07', 'run_name': 'dim12_out12_lr_0.0003_bs256_future_sgd_cos_t0.07-2021-04-01_10_16_10', 'model_type': 'CPAELSTM44_AT', 'resume': False, 'model_best': 'dim12_out12_lr_0.03_bs256_future_sgd_cos_t0.07-2021-04-01_09_50_09-model_best.pth', 'save_every': 100, 'lambda': [1, 1, 1, 3], 'time_step': 30, 'sym': False, 'top_path': '/home/shuying/CPAE/', 'scr_data_path': '/home/shuying/cpcSurvival/data', 'logging_dir': '/home/shuying/CPAE/logs/cpc/CPAELSTM44_AT', 'ini_file': '/home/shuying/CPAE/logs/cpc/CPAELSTM44_AT/dim12_out12_lr_0.0003_bs256_future_sgd_cos_t0.07.ini', 'updated_lr': 0.03, 'pred_mode': 'future', 't_range': (0.5, 0.7)}

 --------------------------- epoch 1 ------------------------- 

weights are [1, 1, 1, 3]
{'data_split': 'benchmark', 'batch_size': 256, 'mode': 0, 'dim': 12, 'bn': False, 'dropout': 0.3, 'task': 'ihm', 'learning_rate': 0.0003, 'epochs': 1000, 'seed': 1, 'log_interval': 5, 'num_workers': 30, 'gru_out': 12, 'sim': 'cosine', 'temperature': 0.07, 'optimizer': 'optim.SGD(filter(lambda p: p.requires_grad,model.parameters()), lr=0.0003, momentum=0.9, weight_decay=1e-4)', 'adjust_lr': True, 'setting_name': 'dim12_out12_lr_0.03_bs256_future_sgd_cos_t0.07', 'run_name': 'dim12_out12_lr_0.03_bs256_future_sgd_cos_t0.07-2021-04-01_09_50_09', 'model_type': 'CPAELSTM44_AT', 'resume': False, 'model_best': 'dim12_out12_lr_0.03_bs256_future_sgd_cos_t0.07-2021-04-01_09_50_09-model_best.pth', 'save_every': 100, 'lambda	 20.54358 0.00030

 ---------------------- mean loss : 22.45466  ---------------------- 

Starting Validation

                     ------- validation -------            

	 NCE 	 MSE 	 MASK MSE 	 MAPPING MSE
	 3.8406  	 0.3461  	 0.1300 	 1.0163
-------------------------------
Validation Epoch: 1 	Accuracy: 68.0000	Loss: 1485.244445
------------------
Snapshot saved to /home/shuying/CPAE/logs/cpc/CPAELSTM44/st_lr_3e-4_
 ---------------------- mean loss : 29.66455  ---------------------- 

Starting Validation

                     ------- validation -------            

	 NCE 	 MSE 	 MASK MSE 	 MAPPING MSE
	 5.5041  	 0.2400  	 0.1327 	 0.4892
-------------------------------	 20.19325 0.00030
	 20.24864 0.00030
	 20.26941 0.00030

 ---------------------- mean loss : 22.31146  ---------------------- 

Starting Validation

                     ------- validation -------            

	 NCE 	 MSE 	 MASK MSE 	 MAPPING MSE
	 3.8406  	 0.2469  	 0.1229 	 0.5662
-------------------------------
Validation Epoch: 2 	Accuracy: 68.0000	Loss: 1416.315411
------------------
#### End epoch 2/1000, elapsed time: 164.20713924895972

 --------------------------- epoch 3 ------------------------- 

weights are [1, 1, 1, 3]
	 20.48114 0.00030
	 20.41942 0.00030
	 20.21521 0.00030
	 20.29762 0.00030

 ---------------------- mean loss : 21.95025  ---------------------- 

Starting Validation

                     ------- validation -------            

	 NCE 	 MSE 	 MASK MSE 	 MAPPING MSE
	 3.8406  	 0.2268  	 0.1188 	 0.4786
-------------------------------
Validation Epoch: 3 	Accuracy: 68.0000	Loss: 1402.475527
------------------
#### End epoch 3/1000, elapsed time: 167.78511686157435

 --------------------------- epoch 4 ------------------------- 

weights are [1, 1, 1, 3]
	 20.13400 0.00030
	 20.15054 0.00030
	 20.13910 0.00030
	 20.81598 0.00030

 ---------------------- mean loss : 22.14559  ---------------------- 

Starting Validation

                     ------- validation -------            

	 NCE 	 MSE 	 MASK MSE 	 MAPPING MSE
	 3.8406  	 0.2963  	 0.1155 	 0.7858
-------------------------------
Validation Epoch: 4 	Accuracy: 68.0000	Loss: 1448.537162
------------------
#### End epoch 4/1000, elapsed time: 172.09776102006435

 --------------------------- epoch 5 ------------------------- 

weights are [1, 1, 1, 3]
	 20.20506 0.00030
	 20.13357 0.00030
	 20.07931 0.00030
	 20.29068 0.00030

 ---------------------- mean loss : 22.94125  ---------------------- 

Starting Validation

                     ------- validation -------            

	 NCE 	 MSE 	 MASK MSE 	 MAPPING MSE
	 3.8406  	 0.2541  	 0.1117 	 0.5884
-------------------------------
Validation Epoch: 5 	Accuracy: 68.0000	Loss: 1418.311438
------------------
#### End epoch 5/1000, elapsed time: 167.0116196712479

 --------------------------- epoch 6 ------------------------- 

weights are [1, 1, 1, 3]
	 20.23973 0.00030
	 20.08008 0.00030
	 20.19558 0.00030
	 20.12368 0.00030

 ---------------------- mean loss : 21.83710  ---------------------- 

Starting Validation

                     ------- validation -------            

	 NCE 	 MSE 	 MASK MSE 	 MAPPING MSE
	 3.8406  	 0.2189  	 0.1091 	 0.4634
-------------------------------
Validation Epoch: 6 	Accuracy: 68.0000	Loss: 1398.557152
------------------
#### End epoch 6/1000, elapsed time: 165.59846253879368

 --------------------------- epoch 7 ------------------------- 

weights are [1, 1, 1, 3]
	 20.15336 0.00030
	 20.03646 0.00030
	 20.09855 0.00030
	 20.17025 0.00030

 ---------------------- mean loss : 21.97223  ---------------------- 

Starting Validation

                     ------- validation -------            

	 NCE 	 MSE 	 MASK MSE 	 MAPPING MSE
	 3.8406  	 0.2817  	 0.1082 	 0.7649
-------------------------------
Validation Epoch: 7 	Accuracy: 68.0000	Loss: 1443.705371
------------------
#### End epoch 7/1000, elapsed time: 166.73896843381226

 --------------------------- epoch 8 ------------------------- 

weights are [1, 1, 1, 3]
	 20.09679 0.00030
	 20.15131 0.00030
	 20.09162 0.00030
	 20.20213 0.00030

 ---------------------- mean loss : 21.89428  ---------------------- 

Starting Validation

                     ------- validation -------            

	 NCE 	 MSE 	 MASK MSE 	 MAPPING MSE
	 3.8406  	 0.3308  	 0.1079 	 1.0288
-------------------------------
Validation Epoch: 8 	Accuracy: 68.0000	Loss: 1482.899638
------------------
#### End epoch 8/1000, elapsed time: 170.38543193787336

 --------------------------- epoch 9 ------------------------- 

weights are [1, 1, 1, 3]
	 22.47722 0.00030
	 20.14389 0.00030
	 20.13024 0.00030
	 20.05364 0.00030

 ---------------------- mean loss : 21.87468  ---------------------- 

Starting Validation

                     ------- validation -------            

	 NCE 	 MSE 	 MASK MSE 	 MAPPING MSE
	 3.8406  	 0.2305  	 0.1057 	 0.5238
-------------------------------
Validation Epoch: 9 	Accuracy: 68.0000	Loss: 1407.104526
------------------
#### End epoch 9/1000, elapsed time: 170.6467714374885

 --------------------------- epoch 10 ------------------------- 

weights are [1, 1, 1, 3]
	 20.30379 0.00030
	 27.39477 0.00030
	 20.14916 0.00030
	 20.16420 0.00030

 ---------------------- mean loss : 21.61784  ---------------------- 

Starting Validation

                     ------- validation -------            

	 NCE 	 MSE 	 MASK MSE 	 MAPPING MSE
	 3.8406  	 0.2450  	 0.1048 	 0.5806
-------------------------------
Validation Epoch: 10 	Accuracy: 68.0000	Loss: 1415.679571
------------------
#### End epoch 10/1000, elapsed time: 138.4613614520058

 --------------------------- epoch 11 ------------------------- 

weights are [1, 1, 1, 3]
	 20.06733 0.00030
	 20.09470 0.00030
	 20.17902 0.00030
	 20.07968 0.00030

 ---------------------- mean loss : 21.74929  ---------------------- 

Starting Validation

                     ------- validation -------            

	 NCE 	 MSE 	 MASK MSE 	 MAPPING MSE
	 3.8406  	 0.3014  	 0.1049 	 0.8030
-------------------------------
Validation Epoch: 11 	Accuracy: 68.0000	Loss: 1449.780445
------------------
#### End epoch 11/1000, elapsed time: 113.61082244757563

 --------------------------- epoch 12 ------------------------- 

weights are [1, 1, 1, 3]
	 20.03709 0.00030
	 20.30782 0.00030
	 21.01243 0.00030
	 20.01715 0.00030

 ---------------------- mean loss : 22.20148  ---------------------- 

Starting Validation

                     ------- validation -------            

	 NCE 	 MSE 	 MASK MSE 	 MAPPING MSE
	 3.8406  	 0.2331  	 0.1041 	 0.5610
-------------------------------
Validation Epoch: 12 	Accuracy: 68.0000	Loss: 1412.109662
------------------
#### End epoch 12/1000, elapsed time: 108.70076101645827

 --------------------------- epoch 13 ------------------------- 

weights are [1, 1, 1, 3]
	 20.08091 0.00030
	 20.14837 0.00030
	 20.05090 0.00030
	 20.27563 0.00030

 ---------------------- mean loss : 21.73545  ---------------------- 

Starting Validation

                     ------- validation -------            

	 NCE 	 MSE 	 MASK MSE 	 MAPPING MSE
	 3.8406  	 0.2226  	 0.1056 	 0.5005
-------------------------------
Validation Epoch: 13 	Accuracy: 68.0000	Loss: 1403.373927
------------------
#### End epoch 13/1000, elapsed time: 109.26877022348344

 --------------------------- epoch 14 ------------------------- 

weights are [1, 1, 1, 3]
	 20.05227 0.00030
	 20.05967 0.00030
	 20.05902 0.00030
	 20.16291 0.00030

 ---------------------- mean loss : 22.70743  ---------------------- 

Starting Validation

                     ------- validation -------            

	 NCE 	 MSE 	 MASK MSE 	 MAPPING MSE
	 3.8406  	 0.2566  	 0.1037 	 0.6558
-------------------------------
Validation Epoch: 14 	Accuracy: 68.0000	Loss: 1426.546218
------------------
#### End epoch 14/1000, elapsed time: 111.4012033874169

 --------------------------- epoch 15 ------------------------- 

weights are [1, 1, 1, 3]
	 20.04909 0.00030
	 20.14878 0.00030
	 20.36230 0.00030
	 20.06769 0.00030

 ---------------------- mean loss : 22.08323  ---------------------- 

Starting Validation

                     ------- validation -------            

	 NCE 	 MSE 	 MASK MSE 	 MAPPING MSE
	 3.8406  	 0.2190  	 0.1028 	 0.5031
-------------------------------
Validation Epoch: 15 	Accuracy: 68.0000	Loss: 1403.094662
------------------
#### End epoch 15/1000, elapsed time: 113.73081033304334

 --------------------------- epoch 16 ------------------------- 

weights are [1, 1, 1, 3]
	 21.43053 0.00030
	 20.18396 0.00030
	 50.71613 0.00030
	 20.11419 0.00030

 ---------------------- mean loss : 22.34752  ---------------------- 

Starting Validation
