2021-03-28 10:27:48,721 - ===> use benchmark strategy to split train, validation and eval dataset
2021-03-28 10:27:50,602 - ### Model summary below###
 CPAELSTM44_AT(
  (lstm1): LSTM(76, 12, batch_first=True)
  (lstm2): LSTM(12, 12, batch_first=True)
  (lstm3): LSTM(12, 12, batch_first=True)
  (dropout): Dropout(p=0.3, inplace=False)
  (softmax): Softmax(dim=0)
  (lsoftmax): LogSoftmax()
  (fcs): Sequential(
    (0): Linear(in_features=12, out_features=12, bias=True)
    (1): ReLU(inplace=True)
    (2): Linear(in_features=12, out_features=12, bias=True)
  )
  (lstm4): LSTM(12, 76, batch_first=True)
  (att1): Linear(in_features=12, out_features=12, bias=True)
  (att2): Linear(in_features=12, out_features=12, bias=True)
  (W_pred): Linear(in_features=12, out_features=12, bias=True)
)

2021-03-28 10:27:50,602 - ===> Model total parameter: 34956

2021-03-28 10:27:50,602 - {'data_split': 'benchmark', 'batch_size': 128, 'mode': 0, 'dim': 12, 'bn': False, 'dropout': 0.3, 'task': 'ihm', 'learning_rate': 0.001, 'epochs': 1000, 'seed': 1, 'log_interval': 30, 'num_workers': 30, 'gru_out': 12, 'optimizer': 'ScheduledOptim(optim.Adam(filter(lambda p: p.requires_grad, model.parameters()), betas=(0.9, 0.98), eps=1e-09, weight_decay=1e-4, amsgrad=True),n_warmup_steps=20)', 'setting_name': 'dim12_out12_lr_0.001_bs128_future_sym_flat', 'run_name': 'dim12_out12_lr_0.001_bs128_future_sym_flat-2021-03-28_10_27_48', 'model_type': 'CPAELSTM44_AT', 'resume': False, 'model_best': 'dim12_out12_lr_0.15_bs128_future_sym_flat-2021-03-28_10_22_01-model_best.pth', 'save_every': 100, 'lambda': [1, 1, 1, 3], 'time_step': 5, 'sym': True, 'flat_attention': True, 'top_path': '/home/shuying/CPAE/', 'scr_data_path': '/home/shuying/cpcSurvival/data', 'logging_dir': '/home/shuying/CPAE/logs/cpc/CPAELSTM44_AT', 'ini_file': '/home/shuying/CPAE/logs/cpc/CPAELSTM44_AT/dim12_out12_lr_0.001_bs128_future_sym_flat.ini', 'pred_mode': 'future', 't_range': (0.5, 0.7)}
2021-03-28 10:27:50,603 - 
 --------------------------- epoch 1 ------------------------- 

2021-03-28 10:27:50,603 - weights are [1, 1, 1, 3]
2021-03-28 10:27:59,994 - 	 25.10002 0.00099
2021-03-28 10:29:47,813 - 	 24.90616 0.00198
2021-03-28 10:30:01,161 - 
 ---------------------- mean loss : 26.16083  ---------------------- 

2021-03-28 10:30:01,163 - Starting Validation
2021-03-28 10:30:25,290 - 
                     ------- validation -------            

2021-03-28 10:30:25,291 - 	 NCE 	 MSE 	 MASK MSE 	 MAPPING MSE
2021-03-28 10:30:25,291 - 	 4.7843  	 0.1993  	 0.0989 	 0.4262
2021-03-28 10:30:25,291 - -------------------------------
Validation Epoch: 1 	Accuracy: 26.0000	Loss: 654.446877
------------------
2021-03-28 10:30:25,296 - Snapshot saved to /home/shuying/CPAE/logs/cpc/CPAELSTM44_AT/dim12_out12_lr_0.001_bs128_future_sym_flat-2021-03-28_10_27_48-model_best.pth

2021-03-28 10:30:25,296 - Best model updated in 'dim12_out12_lr_0.001_bs128_future_sym_flat.ini'! !!!!!!!!!
2021-03-28 10:30:25,301 - Snapshot saved to /home/shuying/CPAE/logs/cpc/CPAELSTM44_AT/dim12_out12_lr_0.001_bs128_future_sym_flat-2021-03-28_10_27_48-model_best.pth

2021-03-28 10:30:25,301 - model got improved for this run, but did not surpass previous though, please take changes of hyper parameters into consideration
2021-03-28 10:30:25,301 - #### End epoch 1/1000, elapsed time: 154.69887584401295
2021-03-28 10:30:25,302 - 
 --------------------------- epoch 2 ------------------------- 

2021-03-28 10:30:25,302 - weights are [1, 1, 1, 3]
2021-03-28 10:30:35,230 - 	 25.19673 0.00296
2021-03-28 10:32:22,713 - 	 24.78653 0.00395
2021-03-28 10:32:36,150 - 
 ---------------------- mean loss : 25.98119  ---------------------- 

2021-03-28 10:32:36,152 - Starting Validation
2021-03-28 10:33:00,277 - 
                     ------- validation -------            

2021-03-28 10:33:00,277 - 	 NCE 	 MSE 	 MASK MSE 	 MAPPING MSE
2021-03-28 10:33:00,277 - 	 4.7843  	 0.1694  	 0.0931 	 0.3883
2021-03-28 10:33:00,277 - -------------------------------
Validation Epoch: 2 	Accuracy: 26.0000	Loss: 651.394419
------------------
2021-03-28 10:33:00,277 - #### End epoch 2/1000, elapsed time: 154.97603307198733
2021-03-28 10:33:00,278 - 
 --------------------------- epoch 3 ------------------------- 

2021-03-28 10:33:00,278 - weights are [1, 1, 1, 3]
2021-03-28 10:33:09,139 - 	 25.12782 0.00494
2021-03-28 10:34:56,510 - 	 24.70926 0.00593
2021-03-28 10:35:10,519 - 
 ---------------------- mean loss : 25.88171  ---------------------- 

2021-03-28 10:35:10,520 - Starting Validation
2021-03-28 10:35:34,852 - 
                     ------- validation -------            

2021-03-28 10:35:34,852 - 	 NCE 	 MSE 	 MASK MSE 	 MAPPING MSE
2021-03-28 10:35:34,852 - 	 4.7843  	 0.1510  	 0.0460 	 0.3782
2021-03-28 10:35:34,852 - -------------------------------
Validation Epoch: 3 	Accuracy: 26.0000	Loss: 647.940347
------------------
2021-03-28 10:35:34,852 - #### End epoch 3/1000, elapsed time: 154.57500591501594
2021-03-28 10:35:34,853 - 
 --------------------------- epoch 4 ------------------------- 

2021-03-28 10:35:34,853 - weights are [1, 1, 1, 3]
2021-03-28 10:35:42,962 - 	 24.64202 0.00692
