2021-03-28 10:22:01,517 - ===> use benchmark strategy to split train, validation and eval dataset
2021-03-28 10:22:03,044 - ### Model summary below###
 CPAELSTM44_AT(
  (lstm1): LSTM(76, 12, batch_first=True)
  (lstm2): LSTM(12, 12, batch_first=True)
  (lstm3): LSTM(12, 12, batch_first=True)
  (dropout): Dropout(p=0.3, inplace=False)
  (softmax): Softmax(dim=0)
  (lsoftmax): LogSoftmax()
  (fcs): Sequential(
    (0): Linear(in_features=12, out_features=12, bias=True)
    (1): ReLU(inplace=True)
    (2): Linear(in_features=12, out_features=12, bias=True)
  )
  (lstm4): LSTM(12, 76, batch_first=True)
  (att1): Linear(in_features=12, out_features=12, bias=True)
  (att2): Linear(in_features=12, out_features=12, bias=True)
  (W_pred): Linear(in_features=12, out_features=12, bias=True)
)

2021-03-28 10:22:03,044 - ===> Model total parameter: 34956

2021-03-28 10:22:03,044 - {'data_split': 'benchmark', 'batch_size': 128, 'mode': 0, 'dim': 12, 'bn': False, 'dropout': 0.3, 'task': 'ihm', 'learning_rate': 0.15, 'epochs': 1000, 'seed': 1, 'log_interval': 30, 'num_workers': 30, 'gru_out': 12, 'optimizer': 'ScheduledOptim(optim.Adam(filter(lambda p: p.requires_grad, model.parameters()), betas=(0.9, 0.98), eps=1e-09, weight_decay=1e-4, amsgrad=True),n_warmup_steps=20)', 'setting_name': 'dim12_out12_lr_0.15_bs128_future_sym_flat', 'run_name': 'dim12_out12_lr_0.15_bs128_future_sym_flat-2021-03-28_10_22_01', 'model_type': 'CPAELSTM44_AT', 'resume': False, 'model_best': 'dim12_out12_lr_0.15_bs128_future_sym_flat-2021-03-28_10_04_31-model_best.pth', 'save_every': 100, 'lambda': [1, 1, 1, 3], 'time_step': 5, 'sym': True, 'flat_attention': True, 'top_path': '/home/shuying/CPAE/', 'scr_data_path': '/home/shuying/cpcSurvival/data', 'logging_dir': '/home/shuying/CPAE/logs/cpc/CPAELSTM44_AT', 'ini_file': '/home/shuying/CPAE/logs/cpc/CPAELSTM44_AT/dim12_out12_lr_0.15_bs128_future_sym_flat.ini', 'pred_mode': 'future', 't_range': (0.5, 0.7)}
2021-03-28 10:22:03,044 - 
 --------------------------- epoch 1 ------------------------- 

2021-03-28 10:22:03,044 - weights are [1, 1, 1, 3]
2021-03-28 10:22:08,162 - 	 25.05219 0.00099
2021-03-28 10:24:01,758 - 	 23.57025 0.00198
2021-03-28 10:24:16,482 - 
 ---------------------- mean loss : 25.81954  ---------------------- 

2021-03-28 10:24:16,482 - Starting Validation
2021-03-28 10:24:33,011 - 
                     ------- validation -------            

2021-03-28 10:24:33,011 - 	 NCE 	 MSE 	 MASK MSE 	 MAPPING MSE
2021-03-28 10:24:33,011 - 	 4.2963  	 0.1971  	 0.0982 	 0.4562
2021-03-28 10:24:33,011 - -------------------------------
Validation Epoch: 1 	Accuracy: 52.0000	Loss: 592.468270
------------------
2021-03-28 10:24:33,016 - Snapshot saved to /home/shuying/CPAE/logs/cpc/CPAELSTM44_AT/dim12_out12_lr_0.15_bs128_future_sym_flat-2021-03-28_10_22_01-model_best.pth

2021-03-28 10:24:33,017 - Best model updated in 'dim12_out12_lr_0.15_bs128_future_sym_flat.ini'! !!!!!!!!!
2021-03-28 10:24:33,020 - Snapshot saved to /home/shuying/CPAE/logs/cpc/CPAELSTM44_AT/dim12_out12_lr_0.15_bs128_future_sym_flat-2021-03-28_10_22_01-model_best.pth

2021-03-28 10:24:33,020 - model got improved for this run, but did not surpass previous though, please take changes of hyper parameters into consideration
2021-03-28 10:24:33,020 - #### End epoch 1/1000, elapsed time: 149.9760649180971
2021-03-28 10:24:33,020 - 
 --------------------------- epoch 2 ------------------------- 

2021-03-28 10:24:33,020 - weights are [1, 1, 1, 3]
2021-03-28 10:24:39,361 - 	 22.68813 0.00296
2021-03-28 10:26:34,025 - 	 21.46274 0.00395
2021-03-28 10:26:48,745 - 
 ---------------------- mean loss : 22.83834  ---------------------- 

2021-03-28 10:26:48,745 - Starting Validation
2021-03-28 10:27:05,395 - 
                     ------- validation -------            

2021-03-28 10:27:05,395 - 	 NCE 	 MSE 	 MASK MSE 	 MAPPING MSE
2021-03-28 10:27:05,395 - 	 4.1280  	 0.1787  	 0.0971 	 0.4057
2021-03-28 10:27:05,395 - -------------------------------
Validation Epoch: 2 	Accuracy: 52.0000	Loss: 567.433992
------------------
2021-03-28 10:27:05,395 - #### End epoch 2/1000, elapsed time: 152.37519544782117
2021-03-28 10:27:05,395 - 
 --------------------------- epoch 3 ------------------------- 

2021-03-28 10:27:05,395 - weights are [1, 1, 1, 3]
2021-03-28 10:27:13,480 - 	 23.48445 0.00494
2021-03-28 10:29:07,953 - 	 21.40359 0.00593
2021-03-28 10:29:22,592 - 
 ---------------------- mean loss : 22.65781  ---------------------- 

2021-03-28 10:29:22,593 - Starting Validation
2021-03-28 10:29:39,302 - 
                     ------- validation -------            

2021-03-28 10:29:39,302 - 	 NCE 	 MSE 	 MASK MSE 	 MAPPING MSE
2021-03-28 10:29:39,302 - 	 4.1236  	 0.1753  	 0.0952 	 0.3978
2021-03-28 10:29:39,302 - -------------------------------
Validation Epoch: 3 	Accuracy: 52.0000	Loss: 566.259350
------------------
2021-03-28 10:29:39,302 - #### End epoch 3/1000, elapsed time: 153.90717457514256
2021-03-28 10:29:39,303 - 
 --------------------------- epoch 4 ------------------------- 

2021-03-28 10:29:39,303 - weights are [1, 1, 1, 3]
2021-03-28 10:29:48,175 - 	 21.46188 0.00692
2021-03-28 10:31:35,151 - 	 21.36698 0.00791
2021-03-28 10:31:49,825 - 
 ---------------------- mean loss : 22.61889  ---------------------- 

2021-03-28 10:31:49,826 - Starting Validation
2021-03-28 10:32:06,673 - 
                     ------- validation -------            

2021-03-28 10:32:06,674 - 	 NCE 	 MSE 	 MASK MSE 	 MAPPING MSE
2021-03-28 10:32:06,674 - 	 4.1234  	 0.1674  	 0.0809 	 0.3911
2021-03-28 10:32:06,674 - -------------------------------
Validation Epoch: 4 	Accuracy: 52.0000	Loss: 564.936738
------------------
2021-03-28 10:32:06,674 - #### End epoch 4/1000, elapsed time: 147.37129397597164
2021-03-28 10:32:06,674 - 
 --------------------------- epoch 5 ------------------------- 

2021-03-28 10:32:06,674 - weights are [1, 1, 1, 3]
2021-03-28 10:32:15,533 - 	 21.87336 0.00889
2021-03-28 10:34:04,588 - 	 23.58219 0.00988
2021-03-28 10:34:19,443 - 
 ---------------------- mean loss : 22.54627  ---------------------- 

2021-03-28 10:34:19,444 - Starting Validation
2021-03-28 10:34:35,927 - 
                     ------- validation -------            

2021-03-28 10:34:35,928 - 	 NCE 	 MSE 	 MASK MSE 	 MAPPING MSE
2021-03-28 10:34:35,928 - 	 4.1237  	 0.1591  	 0.0453 	 0.3877
2021-03-28 10:34:35,928 - -------------------------------
Validation Epoch: 5 	Accuracy: 52.0000	Loss: 562.732965
------------------
2021-03-28 10:34:35,928 - #### End epoch 5/1000, elapsed time: 149.25414769677445
2021-03-28 10:34:35,928 - 
 --------------------------- epoch 6 ------------------------- 

2021-03-28 10:34:35,928 - weights are [1, 1, 1, 3]
2021-03-28 10:34:42,097 - 	 21.26441 0.01186
2021-03-28 10:36:33,233 - 	 21.47672 0.01383
2021-03-28 10:36:48,214 - 
 ---------------------- mean loss : 22.49867  ---------------------- 

2021-03-28 10:36:48,214 - Starting Validation
2021-03-28 10:37:05,129 - 
                     ------- validation -------            

2021-03-28 10:37:05,130 - 	 NCE 	 MSE 	 MASK MSE 	 MAPPING MSE
2021-03-28 10:37:05,130 - 	 4.1231  	 0.1569  	 0.0386 	 0.3844
2021-03-28 10:37:05,130 - -------------------------------
Validation Epoch: 6 	Accuracy: 52.0000	Loss: 562.083982
------------------
2021-03-28 10:37:05,130 - #### End epoch 6/1000, elapsed time: 149.20186169212684
2021-03-28 10:37:05,130 - 
 --------------------------- epoch 7 ------------------------- 

2021-03-28 10:37:05,130 - weights are [1, 1, 1, 3]
2021-03-28 10:37:12,766 - 	 29.45003 0.01581
