2021-04-01 11:08:29,370 - ===> use benchmark strategy to split train, validation and eval dataset
2021-04-01 11:08:30,888 - ### Model summary below###
 CPAELSTM44(
  (lstm1): LSTM(76, 12, batch_first=True)
  (lstm2): LSTM(12, 12, batch_first=True)
  (lstm3): LSTM(12, 12, batch_first=True)
  (dropout): Dropout(p=0.3, inplace=False)
  (softmax): Softmax(dim=0)
  (lsoftmax): LogSoftmax()
  (fcs): Sequential(
    (0): Linear(in_features=12, out_features=12, bias=True)
    (1): ReLU(inplace=True)
    (2): Linear(in_features=12, out_features=12, bias=True)
  )
  (lstm4): LSTM(12, 76, batch_first=True)
)

2021-04-01 11:08:30,888 - ===> Model total parameter: 34488

2021-04-01 11:08:30,889 - {'data_split': 'benchmark', 'batch_size': 256, 'mode': 0, 'dim': 12, 'bn': False, 'dropout': 0.3, 'task': 'ihm', 'learning_rate': 0.0003, 'epochs': 1000, 'seed': 1, 'log_interval': 5, 'num_workers': 30, 'gru_out': 12, 'sim': 'cosine', 'temperature': 0.07, 'optimizer': 'optim.Adam(filter(lambda p: p.requires_grad, model.parameters()), lr=0.0003, betas=(0.9, 0.98), eps=1e-09,weight_decay=1e-4)', 'adjust_lr': True, 'setting_name': 'dim12_out12_lr_0.0003_bs256_ts30_adam_cos_t0.07', 'run_name': 'dim12_out12_lr_0.0003_bs256_ts30_adam_cos_t0.07-2021-04-01_11_08_29', 'model_type': 'CPAELSTM44', 'resume': False, 'model_best': 'dim12_out12_lr_0.0003_bs256_ts30_adam_cos_t0.07-2021-04-01_11_04_19-model_best.pth', 'save_every': 100, 'lambda': [1, 1, 1, 3], 'time_step': 30, 'sym': False, 'top_path': '/home/shuying/CPAE/', 'scr_data_path': '/home/shuying/cpcSurvival/data', 'logging_dir': '/home/shuying/CPAE/logs/cpc/CPAELSTM44', 'ini_file': '/home/shuying/CPAE/logs/cpc/CPAELSTM44/dim12_out12_lr_0.0003_bs256_ts30_adam_cos_t0.07.ini', 'updated_lr': 0.0003}
2021-04-01 11:08:30,889 - 
 --------------------------- epoch 1 ------------------------- 

2021-04-01 11:08:30,889 - weights are [1, 1, 1, 3]
2021-04-01 11:08:48,782 - 	 31.72991 0.00030
2021-04-01 11:10:49,257 - 
 ---------------------- mean loss : 29.69696  ---------------------- 

2021-04-01 11:10:49,258 - Starting Validation
2021-04-01 11:11:06,408 - 
                     ------- validation -------            

2021-04-01 11:11:06,408 - 	 NCE 	 MSE 	 MASK MSE 	 MAPPING MSE
2021-04-01 11:11:06,408 - 	 5.5041  	 0.2369  	 0.1122 	 0.5492
2021-04-01 11:11:06,408 - -------------------------------
Validation Epoch: 1 	Accuracy: 13.0000	Loss: 378.039997
------------------
2021-04-01 11:11:06,412 - Snapshot saved to /home/shuying/CPAE/logs/cpc/CPAELSTM44/dim12_out12_lr_0.0003_bs256_ts30_adam_cos_t0.07-2021-04-01_11_08_29-model_best.pth

2021-04-01 11:11:06,412 - Best model updated in 'dim12_out12_lr_0.0003_bs256_ts30_adam_cos_t0.07.ini'! !!!!!!!!!
2021-04-01 11:11:06,412 - #### End epoch 1/1000, elapsed time: 155.52390948869288
2021-04-01 11:11:06,413 - 
 --------------------------- epoch 2 ------------------------- 

2021-04-01 11:11:06,413 - weights are [1, 1, 1, 3]
2021-04-01 11:11:24,551 - 	 28.43814 0.00030
2021-04-01 11:13:21,553 - 
 ---------------------- mean loss : 30.57697  ---------------------- 

2021-04-01 11:13:21,554 - Starting Validation
2021-04-01 11:13:39,286 - 
                     ------- validation -------            

2021-04-01 11:13:39,286 - 	 NCE 	 MSE 	 MASK MSE 	 MAPPING MSE
2021-04-01 11:13:39,286 - 	 5.5041  	 0.2405  	 0.1035 	 0.5992
2021-04-01 11:13:39,286 - -------------------------------
Validation Epoch: 2 	Accuracy: 13.0000	Loss: 379.162819
------------------
2021-04-01 11:13:39,286 - #### End epoch 2/1000, elapsed time: 152.87358689215034
2021-04-01 11:13:39,286 - 
 --------------------------- epoch 3 ------------------------- 

2021-04-01 11:13:39,286 - weights are [1, 1, 1, 3]
2021-04-01 11:14:04,975 - 	 28.43277 0.00030
2021-04-01 11:15:59,775 - 
 ---------------------- mean loss : 30.65692  ---------------------- 

2021-04-01 11:15:59,775 - Starting Validation
2021-04-01 11:16:18,797 - 
                     ------- validation -------            

2021-04-01 11:16:18,808 - 	 NCE 	 MSE 	 MASK MSE 	 MAPPING MSE
2021-04-01 11:16:18,808 - 	 5.5041  	 0.2129  	 0.1024 	 0.4883
2021-04-01 11:16:18,808 - -------------------------------
Validation Epoch: 3 	Accuracy: 13.0000	Loss: 375.889194
------------------
2021-04-01 11:16:18,808 - #### End epoch 3/1000, elapsed time: 159.522045917809
2021-04-01 11:16:18,809 - 
 --------------------------- epoch 4 ------------------------- 

2021-04-01 11:16:18,809 - weights are [1, 1, 1, 3]
2021-04-01 11:16:37,568 - 	 28.41236 0.00030
2021-04-01 11:18:31,076 - 
 ---------------------- mean loss : 30.10606  ---------------------- 

2021-04-01 11:18:31,077 - Starting Validation
2021-04-01 11:18:48,880 - 
                     ------- validation -------            

2021-04-01 11:18:48,881 - 	 NCE 	 MSE 	 MASK MSE 	 MAPPING MSE
2021-04-01 11:18:48,881 - 	 5.5041  	 0.2080  	 0.1021 	 0.4711
2021-04-01 11:18:48,881 - -------------------------------
Validation Epoch: 4 	Accuracy: 13.0000	Loss: 375.369659
------------------
2021-04-01 11:18:48,881 - #### End epoch 4/1000, elapsed time: 150.07262802310288
2021-04-01 11:18:48,881 - 
 --------------------------- epoch 5 ------------------------- 

2021-04-01 11:18:48,881 - weights are [1, 1, 1, 3]
2021-04-01 11:19:06,258 - 	 28.87426 0.00030
2021-04-01 11:21:41,570 - 
 ---------------------- mean loss : 30.09219  ---------------------- 

2021-04-01 11:21:41,570 - Starting Validation
2021-04-01 11:22:00,180 - 
                     ------- validation -------            

2021-04-01 11:22:00,181 - 	 NCE 	 MSE 	 MASK MSE 	 MAPPING MSE
2021-04-01 11:22:00,181 - 	 5.5041  	 0.2710  	 0.1013 	 0.7194
2021-04-01 11:22:00,181 - -------------------------------
Validation Epoch: 5 	Accuracy: 13.0000	Loss: 382.624966
------------------
2021-04-01 11:22:00,181 - #### End epoch 5/1000, elapsed time: 191.30001615919173
2021-04-01 11:22:00,181 - 
 --------------------------- epoch 6 ------------------------- 

2021-04-01 11:22:00,181 - weights are [1, 1, 1, 3]
2021-04-01 11:22:20,566 - 	 28.36823 0.00030
2021-04-01 11:24:54,593 - 
 ---------------------- mean loss : 30.10759  ---------------------- 

2021-04-01 11:24:54,595 - Starting Validation
2021-04-01 11:25:14,260 - 
                     ------- validation -------            

2021-04-01 11:25:14,260 - 	 NCE 	 MSE 	 MASK MSE 	 MAPPING MSE
2021-04-01 11:25:14,260 - 	 5.5041  	 0.2427  	 0.1009 	 0.6409
2021-04-01 11:25:14,260 - -------------------------------
Validation Epoch: 6 	Accuracy: 13.0000	Loss: 380.204073
------------------
2021-04-01 11:25:14,260 - #### End epoch 6/1000, elapsed time: 194.07938085962087
2021-04-01 11:25:14,261 - 
 --------------------------- epoch 7 ------------------------- 

2021-04-01 11:25:14,261 - weights are [1, 1, 1, 3]
2021-04-01 11:25:33,274 - 	 29.75586 0.00030
2021-04-01 11:28:02,557 - 
 ---------------------- mean loss : 30.08697  ---------------------- 

2021-04-01 11:28:02,557 - Starting Validation
2021-04-01 11:28:24,356 - 
                     ------- validation -------            

2021-04-01 11:28:24,356 - 	 NCE 	 MSE 	 MASK MSE 	 MAPPING MSE
2021-04-01 11:28:24,356 - 	 5.5041  	 0.2151  	 0.1002 	 0.5089
2021-04-01 11:28:24,356 - -------------------------------
Validation Epoch: 7 	Accuracy: 13.0000	Loss: 376.393625
------------------
2021-04-01 11:28:24,356 - #### End epoch 7/1000, elapsed time: 190.0955527694896
2021-04-01 11:28:24,356 - 
 --------------------------- epoch 8 ------------------------- 

2021-04-01 11:28:24,356 - weights are [1, 1, 1, 3]
2021-04-01 11:28:42,689 - 	 28.32225 0.00030
2021-04-01 11:31:12,771 - 
 ---------------------- mean loss : 30.68943  ---------------------- 

2021-04-01 11:31:12,772 - Starting Validation
2021-04-01 11:31:37,588 - 
                     ------- validation -------            

2021-04-01 11:31:37,588 - 	 NCE 	 MSE 	 MASK MSE 	 MAPPING MSE
2021-04-01 11:31:37,588 - 	 5.5041  	 0.2449  	 0.1005 	 0.6536
2021-04-01 11:31:37,588 - -------------------------------
Validation Epoch: 8 	Accuracy: 13.0000	Loss: 380.551609
------------------
2021-04-01 11:31:37,588 - #### End epoch 8/1000, elapsed time: 193.2322089029476
2021-04-01 11:31:37,589 - 
 --------------------------- epoch 9 ------------------------- 

2021-04-01 11:31:37,589 - weights are [1, 1, 1, 3]
2021-04-01 11:31:53,197 - 	 40.96471 0.00030
2021-04-01 11:34:22,005 - 
 ---------------------- mean loss : 29.65466  ---------------------- 

2021-04-01 11:34:22,005 - Starting Validation
2021-04-01 11:34:45,675 - 
                     ------- validation -------            

2021-04-01 11:34:45,675 - 	 NCE 	 MSE 	 MASK MSE 	 MAPPING MSE
2021-04-01 11:34:45,675 - 	 5.5040  	 0.2075  	 0.0998 	 0.4918
2021-04-01 11:34:45,675 - -------------------------------
Validation Epoch: 9 	Accuracy: 13.0000	Loss: 375.841009
------------------
2021-04-01 11:34:45,675 - #### End epoch 9/1000, elapsed time: 188.08699735626578
2021-04-01 11:34:45,676 - 
 --------------------------- epoch 10 ------------------------- 

2021-04-01 11:34:45,676 - weights are [1, 1, 1, 3]
2021-04-01 11:34:58,625 - 	 29.87033 0.00030
2021-04-01 11:37:27,459 - 
 ---------------------- mean loss : 29.56725  ---------------------- 

2021-04-01 11:37:27,459 - Starting Validation
2021-04-01 11:37:52,871 - 
                     ------- validation -------            

2021-04-01 11:37:52,871 - 	 NCE 	 MSE 	 MASK MSE 	 MAPPING MSE
2021-04-01 11:37:52,871 - 	 5.5040  	 0.1902  	 0.0959 	 0.4168
2021-04-01 11:37:52,871 - -------------------------------
Validation Epoch: 10 	Accuracy: 13.0000	Loss: 373.564768
------------------
2021-04-01 11:37:52,871 - #### End epoch 10/1000, elapsed time: 187.19586705602705
2021-04-01 11:37:52,871 - 
 --------------------------- epoch 11 ------------------------- 

2021-04-01 11:37:52,872 - weights are [1, 1, 1, 3]
2021-04-01 11:38:13,655 - 	 28.66413 0.00030
2021-04-01 11:40:41,028 - 
 ---------------------- mean loss : 29.47377  ---------------------- 

2021-04-01 11:40:41,030 - Starting Validation
2021-04-01 11:41:04,408 - 
                     ------- validation -------            

2021-04-01 11:41:04,408 - 	 NCE 	 MSE 	 MASK MSE 	 MAPPING MSE
2021-04-01 11:41:04,408 - 	 5.5040  	 0.2009  	 0.0958 	 0.4478
2021-04-01 11:41:04,408 - -------------------------------
Validation Epoch: 11 	Accuracy: 15.0000	Loss: 374.504606
------------------
2021-04-01 11:41:04,419 - Snapshot saved to /home/shuying/CPAE/logs/cpc/CPAELSTM44/dim12_out12_lr_0.0003_bs256_ts30_adam_cos_t0.07-2021-04-01_11_08_29-model_best.pth

2021-04-01 11:41:04,420 - Best model updated in 'dim12_out12_lr_0.0003_bs256_ts30_adam_cos_t0.07.ini'! !!!!!!!!!
2021-04-01 11:41:04,420 - #### End epoch 11/1000, elapsed time: 191.54898275248706
2021-04-01 11:41:04,421 - 
 --------------------------- epoch 12 ------------------------- 

2021-04-01 11:41:04,421 - weights are [1, 1, 1, 3]
2021-04-01 11:41:25,918 - 	 28.49969 0.00030
2021-04-01 11:43:52,418 - 
 ---------------------- mean loss : 29.59933  ---------------------- 

2021-04-01 11:43:52,421 - Starting Validation
2021-04-01 11:44:12,379 - 
                     ------- validation -------            

2021-04-01 11:44:12,379 - 	 NCE 	 MSE 	 MASK MSE 	 MAPPING MSE
2021-04-01 11:44:12,379 - 	 5.5038  	 0.1736  	 0.0905 	 0.3624
2021-04-01 11:44:12,379 - -------------------------------
Validation Epoch: 12 	Accuracy: 27.0000	Loss: 371.779610
------------------
2021-04-01 11:44:12,383 - Snapshot saved to /home/shuying/CPAE/logs/cpc/CPAELSTM44/dim12_out12_lr_0.0003_bs256_ts30_adam_cos_t0.07-2021-04-01_11_08_29-model_best.pth

2021-04-01 11:44:12,384 - Best model updated in 'dim12_out12_lr_0.0003_bs256_ts30_adam_cos_t0.07.ini'! !!!!!!!!!
2021-04-01 11:44:12,384 - #### End epoch 12/1000, elapsed time: 187.96367362793535
2021-04-01 11:44:12,384 - 
 --------------------------- epoch 13 ------------------------- 

2021-04-01 11:44:12,384 - weights are [1, 1, 1, 3]
2021-04-01 11:44:30,541 - 	 28.24687 0.00030
2021-04-01 11:46:56,340 - 
 ---------------------- mean loss : 30.44534  ---------------------- 

2021-04-01 11:46:56,340 - Starting Validation
2021-04-01 11:47:18,990 - 
                     ------- validation -------            

2021-04-01 11:47:18,990 - 	 NCE 	 MSE 	 MASK MSE 	 MAPPING MSE
2021-04-01 11:47:18,990 - 	 5.5037  	 0.2391  	 0.0851 	 0.6559
2021-04-01 11:47:18,990 - -------------------------------
Validation Epoch: 13 	Accuracy: 25.0000	Loss: 380.110804
------------------
2021-04-01 11:47:18,994 - Snapshot saved to /home/shuying/CPAE/logs/cpc/CPAELSTM44/dim12_out12_lr_0.0003_bs256_ts30_adam_cos_t0.07-2021-04-01_11_08_29-model_best.pth

2021-04-01 11:47:18,994 - model got improved for this run, but did not surpass previous though, please take changes of hyper parameters into consideration
2021-04-01 11:47:18,994 - #### End epoch 13/1000, elapsed time: 186.6100839721039
2021-04-01 11:47:18,994 - 
 --------------------------- epoch 14 ------------------------- 

2021-04-01 11:47:18,994 - weights are [1, 1, 1, 3]
2021-04-01 11:47:43,909 - 	 28.89761 0.00030
2021-04-01 11:50:11,384 - 
 ---------------------- mean loss : 30.84405  ---------------------- 

2021-04-01 11:50:11,388 - Starting Validation
2021-04-01 11:50:30,156 - 
                     ------- validation -------            

2021-04-01 11:50:30,156 - 	 NCE 	 MSE 	 MASK MSE 	 MAPPING MSE
2021-04-01 11:50:30,156 - 	 5.5035  	 0.2795  	 0.0762 	 0.8207
2021-04-01 11:50:30,156 - -------------------------------
Validation Epoch: 14 	Accuracy: 20.0000	Loss: 384.682636
------------------
2021-04-01 11:50:30,156 - #### End epoch 14/1000, elapsed time: 191.16200231481344
2021-04-01 11:50:30,156 - 
 --------------------------- epoch 15 ------------------------- 

2021-04-01 11:50:30,157 - weights are [1, 1, 1, 3]
2021-04-01 11:50:52,955 - 	 28.23627 0.00030
2021-04-01 11:53:18,838 - 
 ---------------------- mean loss : 29.50176  ---------------------- 

2021-04-01 11:53:18,838 - Starting Validation
2021-04-01 11:53:37,395 - 
                     ------- validation -------            

2021-04-01 11:53:37,395 - 	 NCE 	 MSE 	 MASK MSE 	 MAPPING MSE
2021-04-01 11:53:37,396 - 	 5.5034  	 0.2114  	 0.0643 	 0.5499
2021-04-01 11:53:37,396 - -------------------------------
Validation Epoch: 15 	Accuracy: 25.0000	Loss: 376.442968
------------------
2021-04-01 11:53:37,396 - #### End epoch 15/1000, elapsed time: 187.23940851073712
2021-04-01 11:53:37,396 - 
 --------------------------- epoch 16 ------------------------- 

2021-04-01 11:53:37,396 - weights are [1, 1, 1, 3]
2021-04-01 11:54:00,017 - 	 28.18232 0.00030
2021-04-01 11:56:27,856 - 
 ---------------------- mean loss : 29.57910  ---------------------- 

2021-04-01 11:56:27,858 - Starting Validation
2021-04-01 11:56:47,362 - 
                     ------- validation -------            

2021-04-01 11:56:47,363 - 	 NCE 	 MSE 	 MASK MSE 	 MAPPING MSE
2021-04-01 11:56:47,363 - 	 5.5033  	 0.1968  	 0.0541 	 0.5038
2021-04-01 11:56:47,363 - -------------------------------
Validation Epoch: 16 	Accuracy: 25.0000	Loss: 374.779530
------------------
2021-04-01 11:56:47,363 - #### End epoch 16/1000, elapsed time: 189.96713328920305
2021-04-01 11:56:47,363 - 
 --------------------------- epoch 17 ------------------------- 

2021-04-01 11:56:47,363 - weights are [1, 1, 1, 3]
2021-04-01 11:57:11,920 - 	 28.26163 0.00030
2021-04-01 11:59:38,367 - 
 ---------------------- mean loss : 29.50155  ---------------------- 

2021-04-01 11:59:38,367 - Starting Validation
2021-04-01 11:59:56,935 - 
                     ------- validation -------            

2021-04-01 11:59:56,935 - 	 NCE 	 MSE 	 MASK MSE 	 MAPPING MSE
2021-04-01 11:59:56,936 - 	 5.5032  	 0.1925  	 0.0478 	 0.5087
2021-04-01 11:59:56,936 - -------------------------------
Validation Epoch: 17 	Accuracy: 24.0000	Loss: 374.679869
------------------
2021-04-01 11:59:56,936 - #### End epoch 17/1000, elapsed time: 189.57271912880242
2021-04-01 11:59:56,936 - 
 --------------------------- epoch 18 ------------------------- 

2021-04-01 11:59:56,936 - weights are [1, 1, 1, 3]
2021-04-01 12:00:17,993 - 	 28.17486 0.00030
2021-04-01 12:02:41,260 - 
 ---------------------- mean loss : 30.94886  ---------------------- 

2021-04-01 12:02:41,260 - Starting Validation
2021-04-01 12:03:01,127 - 
                     ------- validation -------            

2021-04-01 12:03:01,127 - 	 NCE 	 MSE 	 MASK MSE 	 MAPPING MSE
2021-04-01 12:03:01,127 - 	 5.5030  	 0.2022  	 0.0628 	 0.5101
2021-04-01 12:03:01,131 - -------------------------------
Validation Epoch: 18 	Accuracy: 25.0000	Loss: 375.219151
------------------
2021-04-01 12:03:01,132 - #### End epoch 18/1000, elapsed time: 184.19583174865693
2021-04-01 12:03:01,132 - 
 --------------------------- epoch 19 ------------------------- 

2021-04-01 12:03:01,132 - weights are [1, 1, 1, 3]
2021-04-01 12:03:22,057 - 	 28.30417 0.00030
2021-04-01 12:05:45,944 - 
 ---------------------- mean loss : 29.93976  ---------------------- 

2021-04-01 12:05:45,944 - Starting Validation
2021-04-01 12:06:06,533 - 
                     ------- validation -------            

2021-04-01 12:06:06,533 - 	 NCE 	 MSE 	 MASK MSE 	 MAPPING MSE
2021-04-01 12:06:06,533 - 	 5.5028  	 0.1716  	 0.0414 	 0.4386
2021-04-01 12:06:06,533 - -------------------------------
Validation Epoch: 19 	Accuracy: 25.0000	Loss: 372.394335
------------------
2021-04-01 12:06:06,533 - #### End epoch 19/1000, elapsed time: 185.40139394905418
2021-04-01 12:06:06,533 - 
 --------------------------- epoch 20 ------------------------- 

2021-04-01 12:06:06,533 - weights are [1, 1, 1, 3]
2021-04-01 12:06:23,727 - 	 28.12021 0.00030
2021-04-01 12:08:46,758 - 
 ---------------------- mean loss : 29.21062  ---------------------- 

2021-04-01 12:08:46,759 - Starting Validation
2021-04-01 12:09:09,491 - 
                     ------- validation -------            

2021-04-01 12:09:09,491 - 	 NCE 	 MSE 	 MASK MSE 	 MAPPING MSE
2021-04-01 12:09:09,491 - 	 5.5026  	 0.1961  	 0.0392 	 0.5716
2021-04-01 12:09:09,491 - -------------------------------
Validation Epoch: 20 	Accuracy: 24.0000	Loss: 376.100258
------------------
2021-04-01 12:09:09,491 - #### End epoch 20/1000, elapsed time: 182.95807303488255
2021-04-01 12:09:09,491 - 
 --------------------------- epoch 21 ------------------------- 

2021-04-01 12:09:09,491 - weights are [1, 1, 1, 3]
2021-04-01 12:09:23,042 - 	 44.98996 0.00030
2021-04-01 12:11:46,529 - 
 ---------------------- mean loss : 30.67077  ---------------------- 

2021-04-01 12:11:46,529 - Starting Validation
2021-04-01 12:12:10,812 - 
                     ------- validation -------            

2021-04-01 12:12:10,813 - 	 NCE 	 MSE 	 MASK MSE 	 MAPPING MSE
2021-04-01 12:12:10,813 - 	 5.5025  	 0.1598  	 0.0387 	 0.3928
2021-04-01 12:12:10,813 - -------------------------------
Validation Epoch: 21 	Accuracy: 25.0000	Loss: 370.961523
------------------
2021-04-01 12:12:10,813 - #### End epoch 21/1000, elapsed time: 181.32169479876757
2021-04-01 12:12:10,813 - 
 --------------------------- epoch 22 ------------------------- 

2021-04-01 12:12:10,813 - weights are [1, 1, 1, 3]
2021-04-01 12:12:29,086 - 	 28.16983 0.00030
2021-04-01 12:14:53,407 - 
 ---------------------- mean loss : 29.66915  ---------------------- 

2021-04-01 12:14:53,409 - Starting Validation
2021-04-01 12:15:18,908 - 
                     ------- validation -------            

2021-04-01 12:15:18,908 - 	 NCE 	 MSE 	 MASK MSE 	 MAPPING MSE
2021-04-01 12:15:18,908 - 	 5.5024  	 0.2126  	 0.0379 	 0.6274
2021-04-01 12:15:18,908 - -------------------------------
Validation Epoch: 22 	Accuracy: 25.0000	Loss: 377.717184
------------------
2021-04-01 12:15:18,908 - #### End epoch 22/1000, elapsed time: 188.09534815046936
2021-04-01 12:15:18,908 - 
 --------------------------- epoch 23 ------------------------- 

2021-04-01 12:15:18,908 - weights are [1, 1, 1, 3]
2021-04-01 12:15:31,148 - 	 28.27735 0.00030
2021-04-01 12:17:56,125 - 
 ---------------------- mean loss : 30.27243  ---------------------- 

2021-04-01 12:17:56,125 - Starting Validation
2021-04-01 12:18:20,000 - 
                     ------- validation -------            

2021-04-01 12:18:20,001 - 	 NCE 	 MSE 	 MASK MSE 	 MAPPING MSE
2021-04-01 12:18:20,001 - 	 5.5022  	 0.2227  	 0.0372 	 0.6664
2021-04-01 12:18:20,001 - -------------------------------
Validation Epoch: 23 	Accuracy: 24.0000	Loss: 378.832003
------------------
2021-04-01 12:18:20,001 - #### End epoch 23/1000, elapsed time: 181.0924238152802
2021-04-01 12:18:20,001 - 
 --------------------------- epoch 24 ------------------------- 

2021-04-01 12:18:20,001 - weights are [1, 1, 1, 3]
2021-04-01 12:18:37,920 - 	 64.40693 0.00030
2021-04-01 12:21:03,229 - 
 ---------------------- mean loss : 29.27651  ---------------------- 

2021-04-01 12:21:03,232 - Starting Validation
2021-04-01 12:21:25,471 - 
                     ------- validation -------            

2021-04-01 12:21:25,471 - 	 NCE 	 MSE 	 MASK MSE 	 MAPPING MSE
2021-04-01 12:21:25,472 - 	 5.5021  	 0.2336  	 0.0463 	 0.6812
2021-04-01 12:21:25,472 - -------------------------------
Validation Epoch: 24 	Accuracy: 24.0000	Loss: 379.587458
------------------
2021-04-01 12:21:25,472 - #### End epoch 24/1000, elapsed time: 185.4708835752681
2021-04-01 12:21:25,472 - 
 --------------------------- epoch 25 ------------------------- 

2021-04-01 12:21:25,472 - weights are [1, 1, 1, 3]
2021-04-01 12:21:42,410 - 	 29.75913 0.00030
2021-04-01 12:24:05,773 - 
 ---------------------- mean loss : 29.72563  ---------------------- 

2021-04-01 12:24:05,774 - Starting Validation
2021-04-01 12:24:23,670 - 
                     ------- validation -------            

2021-04-01 12:24:23,670 - 	 NCE 	 MSE 	 MASK MSE 	 MAPPING MSE
2021-04-01 12:24:23,670 - 	 5.5019  	 0.2004  	 0.0361 	 0.5913
2021-04-01 12:24:23,670 - -------------------------------
Validation Epoch: 25 	Accuracy: 27.0000	Loss: 376.542187
------------------
2021-04-01 12:24:23,670 - #### End epoch 25/1000, elapsed time: 178.19868322182447
2021-04-01 12:24:23,671 - 
 --------------------------- epoch 26 ------------------------- 

2021-04-01 12:24:23,671 - weights are [1, 1, 1, 3]
2021-04-01 12:24:37,946 - 	 28.25338 0.00030
2021-04-01 12:26:59,627 - 
 ---------------------- mean loss : 29.65503  ---------------------- 

2021-04-01 12:26:59,628 - Starting Validation
2021-04-01 12:27:17,494 - 
                     ------- validation -------            

2021-04-01 12:27:17,494 - 	 NCE 	 MSE 	 MASK MSE 	 MAPPING MSE
2021-04-01 12:27:17,496 - 	 5.5018  	 0.2100  	 0.0355 	 0.6402
2021-04-01 12:27:17,497 - -------------------------------
Validation Epoch: 26 	Accuracy: 25.0000	Loss: 377.915659
------------------
2021-04-01 12:27:17,497 - #### End epoch 26/1000, elapsed time: 173.82610747311264
2021-04-01 12:27:17,497 - 
 --------------------------- epoch 27 ------------------------- 

2021-04-01 12:27:17,497 - weights are [1, 1, 1, 3]
2021-04-01 12:27:32,588 - 	 28.11316 0.00030
2021-04-01 12:29:57,503 - 
 ---------------------- mean loss : 30.61380  ---------------------- 

2021-04-01 12:29:57,503 - Starting Validation
2021-04-01 12:30:16,620 - 
                     ------- validation -------            

2021-04-01 12:30:16,620 - 	 NCE 	 MSE 	 MASK MSE 	 MAPPING MSE
2021-04-01 12:30:16,620 - 	 5.5017  	 0.1842  	 0.0344 	 0.5173
2021-04-01 12:30:16,620 - -------------------------------
Validation Epoch: 27 	Accuracy: 26.0000	Loss: 374.351601
------------------
2021-04-01 12:30:16,624 - Snapshot saved to /home/shuying/CPAE/logs/cpc/CPAELSTM44/dim12_out12_lr_0.0003_bs256_ts30_adam_cos_t0.07-2021-04-01_11_08_29-model_best.pth

2021-04-01 12:30:16,624 - model got improved for this run, but did not surpass previous though, please take changes of hyper parameters into consideration
2021-04-01 12:30:16,624 - #### End epoch 27/1000, elapsed time: 179.12695364002138
2021-04-01 12:30:16,624 - 
 --------------------------- epoch 28 ------------------------- 

2021-04-01 12:30:16,624 - weights are [1, 1, 1, 3]
2021-04-01 12:30:29,523 - 	 28.17366 0.00030
2021-04-01 12:32:53,519 - 
 ---------------------- mean loss : 29.79370  ---------------------- 

2021-04-01 12:32:53,522 - Starting Validation
2021-04-01 12:33:13,756 - 
                     ------- validation -------            

2021-04-01 12:33:13,756 - 	 NCE 	 MSE 	 MASK MSE 	 MAPPING MSE
2021-04-01 12:33:13,756 - 	 5.5016  	 0.1767  	 0.0346 	 0.4684
2021-04-01 12:33:13,756 - -------------------------------
Validation Epoch: 28 	Accuracy: 24.0000	Loss: 372.979280
------------------
2021-04-01 12:33:13,756 - #### End epoch 28/1000, elapsed time: 177.132771063596
2021-04-01 12:33:13,757 - 
 --------------------------- epoch 29 ------------------------- 

2021-04-01 12:33:13,757 - weights are [1, 1, 1, 3]
2021-04-01 12:33:27,342 - 	 28.11472 0.00030
2021-04-01 12:35:54,301 - 
 ---------------------- mean loss : 29.38735  ---------------------- 

2021-04-01 12:35:54,302 - Starting Validation
2021-04-01 12:36:12,326 - 
                     ------- validation -------            

2021-04-01 12:36:12,326 - 	 NCE 	 MSE 	 MASK MSE 	 MAPPING MSE
2021-04-01 12:36:12,326 - 	 5.5015  	 0.1966  	 0.0340 	 0.5560
2021-04-01 12:36:12,326 - -------------------------------
Validation Epoch: 29 	Accuracy: 24.0000	Loss: 375.495041
------------------
2021-04-01 12:36:12,326 - #### End epoch 29/1000, elapsed time: 178.5693880878389
2021-04-01 12:36:12,326 - 
 --------------------------- epoch 30 ------------------------- 

2021-04-01 12:36:12,326 - weights are [1, 1, 1, 3]
2021-04-01 12:36:32,184 - 	 28.13343 0.00030
2021-04-01 12:38:56,955 - 
 ---------------------- mean loss : 30.46624  ---------------------- 

2021-04-01 12:38:56,955 - Starting Validation
2021-04-01 12:39:14,419 - 
                     ------- validation -------            

2021-04-01 12:39:14,419 - 	 NCE 	 MSE 	 MASK MSE 	 MAPPING MSE
2021-04-01 12:39:14,419 - 	 5.5014  	 0.1771  	 0.0341 	 0.4862
2021-04-01 12:39:14,419 - -------------------------------
Validation Epoch: 30 	Accuracy: 26.0000	Loss: 373.424738
------------------
2021-04-01 12:39:14,419 - #### End epoch 30/1000, elapsed time: 182.09328308701515
2021-04-01 12:39:14,419 - 
 --------------------------- epoch 31 ------------------------- 

2021-04-01 12:39:14,420 - weights are [1, 1, 1, 3]
2021-04-01 12:39:30,888 - 	 33.89224 0.00030
2021-04-01 12:41:54,057 - 
 ---------------------- mean loss : 30.33011  ---------------------- 

2021-04-01 12:41:54,057 - Starting Validation
2021-04-01 12:42:11,612 - 
                     ------- validation -------            

2021-04-01 12:42:11,613 - 	 NCE 	 MSE 	 MASK MSE 	 MAPPING MSE
2021-04-01 12:42:11,613 - 	 5.5014  	 0.1992  	 0.0339 	 0.5844
2021-04-01 12:42:11,613 - -------------------------------
Validation Epoch: 31 	Accuracy: 27.0000	Loss: 376.257729
------------------
2021-04-01 12:42:11,613 - #### End epoch 31/1000, elapsed time: 177.19344627391547
2021-04-01 12:42:11,613 - 
 --------------------------- epoch 32 ------------------------- 

2021-04-01 12:42:11,613 - weights are [1, 1, 1, 3]
2021-04-01 12:42:25,379 - 	 28.09943 0.00030
2021-04-01 12:44:52,545 - 
 ---------------------- mean loss : 29.64857  ---------------------- 

2021-04-01 12:44:52,545 - Starting Validation
2021-04-01 12:45:10,487 - 
                     ------- validation -------            

2021-04-01 12:45:10,487 - 	 NCE 	 MSE 	 MASK MSE 	 MAPPING MSE
2021-04-01 12:45:10,487 - 	 5.5014  	 0.1575  	 0.0333 	 0.3991
2021-04-01 12:45:10,487 - -------------------------------
Validation Epoch: 32 	Accuracy: 26.0000	Loss: 370.882168
------------------
2021-04-01 12:45:10,487 - #### End epoch 32/1000, elapsed time: 178.8743122536689
2021-04-01 12:45:10,487 - 
 --------------------------- epoch 33 ------------------------- 

2021-04-01 12:45:10,487 - weights are [1, 1, 1, 3]
2021-04-01 12:45:27,773 - 	 28.09355 0.00030
2021-04-01 12:47:47,089 - 
 ---------------------- mean loss : 29.47988  ---------------------- 

2021-04-01 12:47:47,089 - Starting Validation
2021-04-01 12:48:05,132 - 
                     ------- validation -------            

2021-04-01 12:48:05,132 - 	 NCE 	 MSE 	 MASK MSE 	 MAPPING MSE
2021-04-01 12:48:05,132 - 	 5.5014  	 0.1777  	 0.0334 	 0.4923
2021-04-01 12:48:05,132 - -------------------------------
Validation Epoch: 33 	Accuracy: 27.0000	Loss: 373.569714
------------------
2021-04-01 12:48:05,132 - #### End epoch 33/1000, elapsed time: 174.6453231293708
2021-04-01 12:48:05,133 - 
 --------------------------- epoch 34 ------------------------- 

2021-04-01 12:48:05,133 - weights are [1, 1, 1, 3]
2021-04-01 12:48:17,031 - 	 28.09801 0.00030
2021-04-01 12:50:43,987 - 
 ---------------------- mean loss : 29.33038  ---------------------- 

2021-04-01 12:50:43,987 - Starting Validation
2021-04-01 12:51:01,275 - 
                     ------- validation -------            

2021-04-01 12:51:01,275 - 	 NCE 	 MSE 	 MASK MSE 	 MAPPING MSE
2021-04-01 12:51:01,275 - 	 5.5014  	 0.2342  	 0.0446 	 0.6904
2021-04-01 12:51:01,275 - -------------------------------
Validation Epoch: 34 	Accuracy: 24.0000	Loss: 379.741417
------------------
2021-04-01 12:51:01,275 - #### End epoch 34/1000, elapsed time: 176.14248359482735
2021-04-01 12:51:01,275 - 
 --------------------------- epoch 35 ------------------------- 

2021-04-01 12:51:01,275 - weights are [1, 1, 1, 3]
2021-04-01 12:51:17,036 - 	 28.17939 0.00030
2021-04-01 12:53:43,045 - 
 ---------------------- mean loss : 29.40927  ---------------------- 

2021-04-01 12:53:43,046 - Starting Validation
2021-04-01 12:54:00,993 - 
                     ------- validation -------            

2021-04-01 12:54:00,993 - 	 NCE 	 MSE 	 MASK MSE 	 MAPPING MSE
2021-04-01 12:54:00,994 - 	 5.5013  	 0.1896  	 0.0324 	 0.5509
2021-04-01 12:54:00,994 - -------------------------------
Validation Epoch: 35 	Accuracy: 27.0000	Loss: 375.216606
------------------
2021-04-01 12:54:00,994 - #### End epoch 35/1000, elapsed time: 179.71856017690152
2021-04-01 12:54:00,994 - 
 --------------------------- epoch 36 ------------------------- 

2021-04-01 12:54:00,994 - weights are [1, 1, 1, 3]
2021-04-01 12:54:19,334 - 	 32.04769 0.00030
2021-04-01 12:56:41,477 - 
 ---------------------- mean loss : 29.37181  ---------------------- 

2021-04-01 12:56:41,477 - Starting Validation
2021-04-01 12:56:59,481 - 
                     ------- validation -------            

2021-04-01 12:56:59,482 - 	 NCE 	 MSE 	 MASK MSE 	 MAPPING MSE
2021-04-01 12:56:59,482 - 	 5.5012  	 0.2401  	 0.0437 	 0.7227
2021-04-01 12:56:59,482 - -------------------------------
Validation Epoch: 36 	Accuracy: 33.0000	Loss: 380.624941
------------------
2021-04-01 12:56:59,486 - Snapshot saved to /home/shuying/CPAE/logs/cpc/CPAELSTM44/dim12_out12_lr_0.0003_bs256_ts30_adam_cos_t0.07-2021-04-01_11_08_29-model_best.pth

2021-04-01 12:56:59,486 - Best model updated in 'dim12_out12_lr_0.0003_bs256_ts30_adam_cos_t0.07.ini'! !!!!!!!!!
2021-04-01 12:56:59,487 - #### End epoch 36/1000, elapsed time: 178.4928015228361
2021-04-01 12:56:59,487 - 
 --------------------------- epoch 37 ------------------------- 

2021-04-01 12:56:59,487 - weights are [1, 1, 1, 3]
2021-04-01 12:57:11,635 - 	 28.08037 0.00030
2021-04-01 12:59:36,924 - 
 ---------------------- mean loss : 29.34838  ---------------------- 

2021-04-01 12:59:36,925 - Starting Validation
2021-04-01 12:59:55,258 - 
                     ------- validation -------            

2021-04-01 12:59:55,258 - 	 NCE 	 MSE 	 MASK MSE 	 MAPPING MSE
2021-04-01 12:59:55,258 - 	 5.5011  	 0.1547  	 0.0319 	 0.4041
2021-04-01 12:59:55,258 - -------------------------------
Validation Epoch: 37 	Accuracy: 40.0000	Loss: 370.923580
------------------
2021-04-01 12:59:55,261 - Snapshot saved to /home/shuying/CPAE/logs/cpc/CPAELSTM44/dim12_out12_lr_0.0003_bs256_ts30_adam_cos_t0.07-2021-04-01_11_08_29-model_best.pth

2021-04-01 12:59:55,261 - Best model updated in 'dim12_out12_lr_0.0003_bs256_ts30_adam_cos_t0.07.ini'! !!!!!!!!!
2021-04-01 12:59:55,261 - #### End epoch 37/1000, elapsed time: 175.7743839342147
2021-04-01 12:59:55,261 - 
 --------------------------- epoch 38 ------------------------- 

2021-04-01 12:59:55,261 - weights are [1, 1, 1, 3]
2021-04-01 13:00:07,062 - 	 29.66769 0.00030
2021-04-01 13:02:33,254 - 
 ---------------------- mean loss : 29.61559  ---------------------- 

2021-04-01 13:02:33,255 - Starting Validation
2021-04-01 13:02:51,457 - 
                     ------- validation -------            

2021-04-01 13:02:51,457 - 	 NCE 	 MSE 	 MASK MSE 	 MAPPING MSE
2021-04-01 13:02:51,457 - 	 5.5011  	 0.1836  	 0.0320 	 0.5406
2021-04-01 13:02:51,458 - -------------------------------
Validation Epoch: 38 	Accuracy: 54.0000	Loss: 374.844284
------------------
2021-04-01 13:02:51,461 - Snapshot saved to /home/shuying/CPAE/logs/cpc/CPAELSTM44/dim12_out12_lr_0.0003_bs256_ts30_adam_cos_t0.07-2021-04-01_11_08_29-model_best.pth

2021-04-01 13:02:51,462 - Best model updated in 'dim12_out12_lr_0.0003_bs256_ts30_adam_cos_t0.07.ini'! !!!!!!!!!
2021-04-01 13:02:51,462 - #### End epoch 38/1000, elapsed time: 176.2012320421636
2021-04-01 13:02:51,463 - 
 --------------------------- epoch 39 ------------------------- 

2021-04-01 13:02:51,463 - weights are [1, 1, 1, 3]
2021-04-01 13:03:07,198 - 	 28.14582 0.00030
2021-04-01 13:05:30,945 - 
 ---------------------- mean loss : 29.98369  ---------------------- 

2021-04-01 13:05:30,945 - Starting Validation
2021-04-01 13:05:48,531 - 
                     ------- validation -------            

2021-04-01 13:05:48,531 - 	 NCE 	 MSE 	 MASK MSE 	 MAPPING MSE
2021-04-01 13:05:48,532 - 	 5.5012  	 0.2114  	 0.0320 	 0.6045
2021-04-01 13:05:48,532 - -------------------------------
Validation Epoch: 39 	Accuracy: 67.0000	Loss: 376.870857
------------------
2021-04-01 13:05:48,536 - Snapshot saved to /home/shuying/CPAE/logs/cpc/CPAELSTM44/dim12_out12_lr_0.0003_bs256_ts30_adam_cos_t0.07-2021-04-01_11_08_29-model_best.pth

2021-04-01 13:05:48,537 - Best model updated in 'dim12_out12_lr_0.0003_bs256_ts30_adam_cos_t0.07.ini'! !!!!!!!!!
2021-04-01 13:05:48,537 - #### End epoch 39/1000, elapsed time: 177.074413751252
2021-04-01 13:05:48,537 - 
 --------------------------- epoch 40 ------------------------- 

2021-04-01 13:05:48,537 - weights are [1, 1, 1, 3]
2021-04-01 13:06:03,876 - 	 28.26564 0.00030
2021-04-01 13:08:25,912 - 
 ---------------------- mean loss : 30.49662  ---------------------- 

2021-04-01 13:08:25,913 - Starting Validation
2021-04-01 13:08:44,280 - 
                     ------- validation -------            

2021-04-01 13:08:44,280 - 	 NCE 	 MSE 	 MASK MSE 	 MAPPING MSE
2021-04-01 13:08:44,280 - 	 5.5011  	 0.2649  	 0.0420 	 0.8910
2021-04-01 13:08:44,281 - -------------------------------
Validation Epoch: 40 	Accuracy: 66.0000	Loss: 385.275028
------------------
2021-04-01 13:08:44,287 - Snapshot saved to /home/shuying/CPAE/logs/cpc/CPAELSTM44/dim12_out12_lr_0.0003_bs256_ts30_adam_cos_t0.07-2021-04-01_11_08_29-model_best.pth

2021-04-01 13:08:44,288 - model got improved for this run, but did not surpass previous though, please take changes of hyper parameters into consideration
2021-04-01 13:08:44,288 - #### End epoch 40/1000, elapsed time: 175.75092334579676
2021-04-01 13:08:44,288 - 
 --------------------------- epoch 41 ------------------------- 

2021-04-01 13:08:44,288 - weights are [1, 1, 1, 3]
2021-04-01 13:09:00,236 - 	 31.50412 0.00030
2021-04-01 13:11:21,916 - 
 ---------------------- mean loss : 29.26510  ---------------------- 

2021-04-01 13:11:21,918 - Starting Validation
2021-04-01 13:11:40,378 - 
                     ------- validation -------            

2021-04-01 13:11:40,378 - 	 NCE 	 MSE 	 MASK MSE 	 MAPPING MSE
2021-04-01 13:11:40,379 - 	 5.5011  	 0.1619  	 0.0306 	 0.4432
2021-04-01 13:11:40,379 - -------------------------------
Validation Epoch: 41 	Accuracy: 72.0000	Loss: 371.995798
------------------
2021-04-01 13:11:40,382 - Snapshot saved to /home/shuying/CPAE/logs/cpc/CPAELSTM44/dim12_out12_lr_0.0003_bs256_ts30_adam_cos_t0.07-2021-04-01_11_08_29-model_best.pth

2021-04-01 13:11:40,383 - Best model updated in 'dim12_out12_lr_0.0003_bs256_ts30_adam_cos_t0.07.ini'! !!!!!!!!!
2021-04-01 13:11:40,383 - #### End epoch 41/1000, elapsed time: 176.09528064355254
2021-04-01 13:11:40,383 - 
 --------------------------- epoch 42 ------------------------- 

2021-04-01 13:11:40,383 - weights are [1, 1, 1, 3]
2021-04-01 13:11:51,208 - 	 28.37998 0.00030
2021-04-01 13:14:18,029 - 
 ---------------------- mean loss : 30.46988  ---------------------- 

2021-04-01 13:14:18,030 - Starting Validation
2021-04-01 13:14:36,449 - 
                     ------- validation -------            

2021-04-01 13:14:36,450 - 	 NCE 	 MSE 	 MASK MSE 	 MAPPING MSE
2021-04-01 13:14:36,450 - 	 5.5011  	 0.2363  	 0.0300 	 0.8224
2021-04-01 13:14:36,450 - -------------------------------
Validation Epoch: 42 	Accuracy: 64.0000	Loss: 382.806648
------------------
2021-04-01 13:14:36,450 - #### End epoch 42/1000, elapsed time: 176.06669159792364
2021-04-01 13:14:36,450 - 
 --------------------------- epoch 43 ------------------------- 

2021-04-01 13:14:36,450 - weights are [1, 1, 1, 3]
2021-04-01 13:14:49,500 - 	 28.07388 0.00030
2021-04-01 13:17:11,974 - 
 ---------------------- mean loss : 29.14451  ---------------------- 

2021-04-01 13:17:11,975 - Starting Validation
2021-04-01 13:17:29,913 - 
                     ------- validation -------            

2021-04-01 13:17:29,913 - 	 NCE 	 MSE 	 MASK MSE 	 MAPPING MSE
2021-04-01 13:17:29,913 - 	 5.5011  	 0.1853  	 0.0303 	 0.5586
2021-04-01 13:17:29,913 - -------------------------------
Validation Epoch: 43 	Accuracy: 68.0000	Loss: 375.288307
------------------
2021-04-01 13:17:29,918 - Snapshot saved to /home/shuying/CPAE/logs/cpc/CPAELSTM44/dim12_out12_lr_0.0003_bs256_ts30_adam_cos_t0.07-2021-04-01_11_08_29-model_best.pth

2021-04-01 13:17:29,918 - model got improved for this run, but did not surpass previous though, please take changes of hyper parameters into consideration
2021-04-01 13:17:29,918 - #### End epoch 43/1000, elapsed time: 173.46817124355584
2021-04-01 13:17:29,918 - 
 --------------------------- epoch 44 ------------------------- 

2021-04-01 13:17:29,918 - weights are [1, 1, 1, 3]
2021-04-01 13:17:47,288 - 	 36.61428 0.00030
2021-04-01 13:20:12,431 - 
 ---------------------- mean loss : 29.93907  ---------------------- 

2021-04-01 13:20:12,433 - Starting Validation
2021-04-01 13:20:30,262 - 
                     ------- validation -------            

2021-04-01 13:20:30,263 - 	 NCE 	 MSE 	 MASK MSE 	 MAPPING MSE
2021-04-01 13:20:30,263 - 	 5.5011  	 0.2123  	 0.0298 	 0.6746
2021-04-01 13:20:30,263 - -------------------------------
Validation Epoch: 44 	Accuracy: 73.0000	Loss: 378.644474
------------------
2021-04-01 13:20:30,266 - Snapshot saved to /home/shuying/CPAE/logs/cpc/CPAELSTM44/dim12_out12_lr_0.0003_bs256_ts30_adam_cos_t0.07-2021-04-01_11_08_29-model_best.pth

2021-04-01 13:20:30,267 - Best model updated in 'dim12_out12_lr_0.0003_bs256_ts30_adam_cos_t0.07.ini'! !!!!!!!!!
2021-04-01 13:20:30,267 - #### End epoch 44/1000, elapsed time: 180.34879492409527
2021-04-01 13:20:30,267 - 
 --------------------------- epoch 45 ------------------------- 

2021-04-01 13:20:30,267 - weights are [1, 1, 1, 3]
2021-04-01 13:20:44,417 - 	 28.05016 0.00030
2021-04-01 13:23:07,188 - 
 ---------------------- mean loss : 30.55146  ---------------------- 

2021-04-01 13:23:07,190 - Starting Validation
2021-04-01 13:23:25,696 - 
                     ------- validation -------            

2021-04-01 13:23:25,696 - 	 NCE 	 MSE 	 MASK MSE 	 MAPPING MSE
2021-04-01 13:23:25,696 - 	 5.5011  	 0.1681  	 0.0293 	 0.4859
2021-04-01 13:23:25,696 - -------------------------------
Validation Epoch: 45 	Accuracy: 76.0000	Loss: 373.152719
------------------
2021-04-01 13:23:25,700 - Snapshot saved to /home/shuying/CPAE/logs/cpc/CPAELSTM44/dim12_out12_lr_0.0003_bs256_ts30_adam_cos_t0.07-2021-04-01_11_08_29-model_best.pth

2021-04-01 13:23:25,700 - Best model updated in 'dim12_out12_lr_0.0003_bs256_ts30_adam_cos_t0.07.ini'! !!!!!!!!!
2021-04-01 13:23:25,700 - #### End epoch 45/1000, elapsed time: 175.43355828523636
2021-04-01 13:23:25,701 - 
 --------------------------- epoch 46 ------------------------- 

2021-04-01 13:23:25,701 - weights are [1, 1, 1, 3]
2021-04-01 13:23:43,027 - 	 28.05616 0.00030
2021-04-01 13:26:05,702 - 
 ---------------------- mean loss : 29.32574  ---------------------- 

2021-04-01 13:26:05,703 - Starting Validation
2021-04-01 13:26:23,858 - 
                     ------- validation -------            

2021-04-01 13:26:23,859 - 	 NCE 	 MSE 	 MASK MSE 	 MAPPING MSE
2021-04-01 13:26:23,859 - 	 5.5011  	 0.1698  	 0.0296 	 0.5000
2021-04-01 13:26:23,859 - -------------------------------
Validation Epoch: 46 	Accuracy: 54.0000	Loss: 373.548573
------------------
2021-04-01 13:26:23,859 - #### End epoch 46/1000, elapsed time: 178.15828678384423
2021-04-01 13:26:23,859 - 
 --------------------------- epoch 47 ------------------------- 

2021-04-01 13:26:23,859 - weights are [1, 1, 1, 3]
2021-04-01 13:26:35,496 - 	 28.03990 0.00030
2021-04-01 13:29:03,122 - 
 ---------------------- mean loss : 29.38986  ---------------------- 

2021-04-01 13:29:03,122 - Starting Validation
2021-04-01 13:29:21,598 - 
                     ------- validation -------            

2021-04-01 13:29:21,598 - 	 NCE 	 MSE 	 MASK MSE 	 MAPPING MSE
2021-04-01 13:29:21,598 - 	 5.5011  	 0.1655  	 0.0285 	 0.4883
2021-04-01 13:29:21,598 - -------------------------------
Validation Epoch: 47 	Accuracy: 65.0000	Loss: 373.156218
------------------
2021-04-01 13:29:21,598 - #### End epoch 47/1000, elapsed time: 177.7393203591928
2021-04-01 13:29:21,598 - 
 --------------------------- epoch 48 ------------------------- 

2021-04-01 13:29:21,599 - weights are [1, 1, 1, 3]
2021-04-01 13:29:39,077 - 	 28.12789 0.00030
2021-04-01 13:32:07,532 - 
 ---------------------- mean loss : 29.52609  ---------------------- 

2021-04-01 13:32:07,532 - Starting Validation
2021-04-01 13:32:25,540 - 
                     ------- validation -------            

2021-04-01 13:32:25,540 - 	 NCE 	 MSE 	 MASK MSE 	 MAPPING MSE
2021-04-01 13:32:25,540 - 	 5.5010  	 0.1800  	 0.0406 	 0.5200
2021-04-01 13:32:25,540 - -------------------------------
Validation Epoch: 48 	Accuracy: 62.0000	Loss: 374.483501
------------------
2021-04-01 13:32:25,540 - #### End epoch 48/1000, elapsed time: 183.94183201994747
2021-04-01 13:32:25,540 - 
 --------------------------- epoch 49 ------------------------- 

2021-04-01 13:32:25,540 - weights are [1, 1, 1, 3]
2021-04-01 13:32:37,306 - 	 28.14007 0.00030
2021-04-01 13:35:07,415 - 
 ---------------------- mean loss : 29.92102  ---------------------- 

2021-04-01 13:35:07,415 - Starting Validation
2021-04-01 13:35:25,412 - 
                     ------- validation -------            

2021-04-01 13:35:25,412 - 	 NCE 	 MSE 	 MASK MSE 	 MAPPING MSE
2021-04-01 13:35:25,412 - 	 5.5011  	 0.1549  	 0.0285 	 0.4365
2021-04-01 13:35:25,412 - -------------------------------
Validation Epoch: 49 	Accuracy: 54.0000	Loss: 371.674448
------------------
2021-04-01 13:35:25,413 - #### End epoch 49/1000, elapsed time: 179.87242555245757
2021-04-01 13:35:25,413 - 
 --------------------------- epoch 50 ------------------------- 

2021-04-01 13:35:25,413 - weights are [1, 1, 1, 3]
2021-04-01 13:35:40,175 - 	 28.02828 0.00030
2021-04-01 13:38:03,082 - 
 ---------------------- mean loss : 29.99037  ---------------------- 

2021-04-01 13:38:03,085 - Starting Validation
2021-04-01 13:38:20,497 - 
                     ------- validation -------            

2021-04-01 13:38:20,498 - 	 NCE 	 MSE 	 MASK MSE 	 MAPPING MSE
2021-04-01 13:38:20,498 - 	 5.5011  	 0.1933  	 0.0282 	 0.5930
2021-04-01 13:38:20,498 - -------------------------------
Validation Epoch: 50 	Accuracy: 61.0000	Loss: 376.234312
------------------
2021-04-01 13:38:20,498 - #### End epoch 50/1000, elapsed time: 175.08519985992461
2021-04-01 13:38:20,498 - 
 --------------------------- epoch 51 ------------------------- 

2021-04-01 13:38:20,498 - weights are [1, 1, 1, 3]
2021-04-01 13:38:37,595 - 	 28.55312 0.00030
2021-04-01 13:41:01,013 - 
 ---------------------- mean loss : 30.45254  ---------------------- 

2021-04-01 13:41:01,013 - Starting Validation
2021-04-01 13:41:19,532 - 
                     ------- validation -------            

2021-04-01 13:41:19,532 - 	 NCE 	 MSE 	 MASK MSE 	 MAPPING MSE
2021-04-01 13:41:19,532 - 	 5.5011  	 0.1649  	 0.0402 	 0.4510
2021-04-01 13:41:19,532 - -------------------------------
Validation Epoch: 51 	Accuracy: 80.0000	Loss: 372.485758
------------------
2021-04-01 13:41:19,535 - Snapshot saved to /home/shuying/CPAE/logs/cpc/CPAELSTM44/dim12_out12_lr_0.0003_bs256_ts30_adam_cos_t0.07-2021-04-01_11_08_29-model_best.pth

2021-04-01 13:41:19,537 - Best model updated in 'dim12_out12_lr_0.0003_bs256_ts30_adam_cos_t0.07.ini'! !!!!!!!!!
2021-04-01 13:41:19,538 - #### End epoch 51/1000, elapsed time: 179.03963331133127
2021-04-01 13:41:19,538 - 
 --------------------------- epoch 52 ------------------------- 

2021-04-01 13:41:19,538 - weights are [1, 1, 1, 3]
2021-04-01 13:41:37,318 - 	 53.73568 0.00030
2021-04-01 13:44:03,148 - 
 ---------------------- mean loss : 29.86782  ---------------------- 

2021-04-01 13:44:03,150 - Starting Validation
2021-04-01 13:44:21,726 - 
                     ------- validation -------            

2021-04-01 13:44:21,726 - 	 NCE 	 MSE 	 MASK MSE 	 MAPPING MSE
2021-04-01 13:44:21,726 - 	 5.5011  	 0.1789  	 0.0274 	 0.5339
2021-04-01 13:44:21,726 - -------------------------------
Validation Epoch: 52 	Accuracy: 46.0000	Loss: 374.487020
------------------
2021-04-01 13:44:21,726 - #### End epoch 52/1000, elapsed time: 182.1886340258643
2021-04-01 13:44:21,726 - 
 --------------------------- epoch 53 ------------------------- 

2021-04-01 13:44:21,727 - weights are [1, 1, 1, 3]
2021-04-01 13:44:38,749 - 	 27.99407 0.00030
2021-04-01 13:47:05,861 - 
 ---------------------- mean loss : 29.43303  ---------------------- 

2021-04-01 13:47:05,861 - Starting Validation
2021-04-01 13:47:24,751 - 
                     ------- validation -------            

2021-04-01 13:47:24,752 - 	 NCE 	 MSE 	 MASK MSE 	 MAPPING MSE
2021-04-01 13:47:24,752 - 	 5.5011  	 0.1703  	 0.0266 	 0.5044
2021-04-01 13:47:24,752 - -------------------------------
Validation Epoch: 53 	Accuracy: 73.0000	Loss: 373.588642
------------------
2021-04-01 13:47:24,756 - Snapshot saved to /home/shuying/CPAE/logs/cpc/CPAELSTM44/dim12_out12_lr_0.0003_bs256_ts30_adam_cos_t0.07-2021-04-01_11_08_29-model_best.pth

2021-04-01 13:47:24,756 - model got improved for this run, but did not surpass previous though, please take changes of hyper parameters into consideration
2021-04-01 13:47:24,756 - #### End epoch 53/1000, elapsed time: 183.02947979792953
2021-04-01 13:47:24,756 - 
 --------------------------- epoch 54 ------------------------- 

2021-04-01 13:47:24,756 - weights are [1, 1, 1, 3]
2021-04-01 13:47:41,293 - 	 28.04245 0.00030
2021-04-01 13:50:06,640 - 
 ---------------------- mean loss : 29.67602  ---------------------- 

2021-04-01 13:50:06,642 - Starting Validation
2021-04-01 13:50:24,644 - 
                     ------- validation -------            

2021-04-01 13:50:24,644 - 	 NCE 	 MSE 	 MASK MSE 	 MAPPING MSE
2021-04-01 13:50:24,644 - 	 5.5011  	 0.1501  	 0.0268 	 0.4210
2021-04-01 13:50:24,645 - -------------------------------
Validation Epoch: 54 	Accuracy: 69.0000	Loss: 371.164059
------------------
2021-04-01 13:50:24,645 - #### End epoch 54/1000, elapsed time: 179.88879960682243
2021-04-01 13:50:24,645 - 
 --------------------------- epoch 55 ------------------------- 

2021-04-01 13:50:24,645 - weights are [1, 1, 1, 3]
2021-04-01 13:50:38,307 - 	 28.19151 0.00030
2021-04-01 13:53:02,941 - 
 ---------------------- mean loss : 29.48113  ---------------------- 

2021-04-01 13:53:02,941 - Starting Validation
2021-04-01 13:53:21,245 - 
                     ------- validation -------            

2021-04-01 13:53:21,245 - 	 NCE 	 MSE 	 MASK MSE 	 MAPPING MSE
2021-04-01 13:53:21,245 - 	 5.5010  	 0.2270  	 0.0270 	 0.7664
2021-04-01 13:53:21,245 - -------------------------------
Validation Epoch: 55 	Accuracy: 66.0000	Loss: 381.146486
------------------
2021-04-01 13:53:21,245 - #### End epoch 55/1000, elapsed time: 176.60080613195896
2021-04-01 13:53:21,246 - 
 --------------------------- epoch 56 ------------------------- 

2021-04-01 13:53:21,246 - weights are [1, 1, 1, 3]
2021-04-01 13:53:33,974 - 	 28.04542 0.00030
2021-04-01 13:55:59,950 - 
 ---------------------- mean loss : 30.56340  ---------------------- 

2021-04-01 13:55:59,951 - Starting Validation
2021-04-01 13:56:17,941 - 
                     ------- validation -------            

2021-04-01 13:56:17,941 - 	 NCE 	 MSE 	 MASK MSE 	 MAPPING MSE
2021-04-01 13:56:17,942 - 	 5.5010  	 0.2412  	 0.0274 	 0.8445
2021-04-01 13:56:17,942 - -------------------------------
Validation Epoch: 56 	Accuracy: 73.0000	Loss: 383.370573
------------------
2021-04-01 13:56:17,942 - #### End epoch 56/1000, elapsed time: 176.69629947468638
2021-04-01 13:56:17,942 - 
 --------------------------- epoch 57 ------------------------- 

2021-04-01 13:56:17,942 - weights are [1, 1, 1, 3]
2021-04-01 13:56:33,753 - 	 28.01483 0.00030
2021-04-01 13:59:01,379 - 
 ---------------------- mean loss : 31.12020  ---------------------- 

2021-04-01 13:59:01,379 - Starting Validation
2021-04-01 13:59:18,954 - 
                     ------- validation -------            

2021-04-01 13:59:18,954 - 	 NCE 	 MSE 	 MASK MSE 	 MAPPING MSE
2021-04-01 13:59:18,954 - 	 5.5011  	 0.2372  	 0.0271 	 0.7876
2021-04-01 13:59:18,955 - -------------------------------
Validation Epoch: 57 	Accuracy: 66.0000	Loss: 381.834488
------------------
2021-04-01 13:59:18,955 - #### End epoch 57/1000, elapsed time: 181.012691013515
2021-04-01 13:59:18,955 - 
 --------------------------- epoch 58 ------------------------- 

2021-04-01 13:59:18,955 - weights are [1, 1, 1, 3]
2021-04-01 13:59:37,153 - 	 28.05216 0.00030
2021-04-01 14:01:58,896 - 
 ---------------------- mean loss : 29.78312  ---------------------- 

2021-04-01 14:01:58,896 - Starting Validation
2021-04-01 14:02:17,182 - 
                     ------- validation -------            

2021-04-01 14:02:17,182 - 	 NCE 	 MSE 	 MASK MSE 	 MAPPING MSE
2021-04-01 14:02:17,182 - 	 5.5010  	 0.1451  	 0.0264 	 0.3859
2021-04-01 14:02:17,182 - -------------------------------
Validation Epoch: 58 	Accuracy: 53.0000	Loss: 370.169939
------------------
2021-04-01 14:02:17,182 - #### End epoch 58/1000, elapsed time: 178.2278040284291
2021-04-01 14:02:17,183 - 
 --------------------------- epoch 59 ------------------------- 

2021-04-01 14:02:17,183 - weights are [1, 1, 1, 3]
2021-04-01 14:02:32,624 - 	 28.07656 0.00030
2021-04-01 14:04:59,925 - 
 ---------------------- mean loss : 29.86138  ---------------------- 

2021-04-01 14:04:59,926 - Starting Validation
2021-04-01 14:05:18,087 - 
                     ------- validation -------            

2021-04-01 14:05:18,087 - 	 NCE 	 MSE 	 MASK MSE 	 MAPPING MSE
2021-04-01 14:05:18,087 - 	 5.5010  	 0.1940  	 0.0388 	 0.5892
2021-04-01 14:05:18,087 - -------------------------------
Validation Epoch: 59 	Accuracy: 69.0000	Loss: 376.415884
------------------
2021-04-01 14:05:18,087 - #### End epoch 59/1000, elapsed time: 180.90456606354564
2021-04-01 14:05:18,087 - 
 --------------------------- epoch 60 ------------------------- 

2021-04-01 14:05:18,087 - weights are [1, 1, 1, 3]
2021-04-01 14:05:33,264 - 	 28.04566 0.00030
2021-04-01 14:07:57,331 - 
 ---------------------- mean loss : 29.40933  ---------------------- 

2021-04-01 14:07:57,332 - Starting Validation
2021-04-01 14:08:15,572 - 
                     ------- validation -------            

2021-04-01 14:08:15,573 - 	 NCE 	 MSE 	 MASK MSE 	 MAPPING MSE
2021-04-01 14:08:15,573 - 	 5.5010  	 0.1490  	 0.0258 	 0.4253
2021-04-01 14:08:15,573 - -------------------------------
Validation Epoch: 60 	Accuracy: 70.0000	Loss: 371.232525
------------------
2021-04-01 14:08:15,573 - #### End epoch 60/1000, elapsed time: 177.48563395347446
2021-04-01 14:08:15,573 - 
 --------------------------- epoch 61 ------------------------- 

2021-04-01 14:08:15,573 - weights are [1, 1, 1, 3]
2021-04-01 14:08:30,911 - 	 28.08910 0.00030
2021-04-01 14:10:57,205 - 
 ---------------------- mean loss : 29.50978  ---------------------- 

2021-04-01 14:10:57,205 - Starting Validation
2021-04-01 14:11:15,664 - 
                     ------- validation -------            

2021-04-01 14:11:15,664 - 	 NCE 	 MSE 	 MASK MSE 	 MAPPING MSE
2021-04-01 14:11:15,664 - 	 5.5010  	 0.1633  	 0.0259 	 0.4989
2021-04-01 14:11:15,664 - -------------------------------
Validation Epoch: 61 	Accuracy: 78.0000	Loss: 373.334667
------------------
2021-04-01 14:11:15,668 - Snapshot saved to /home/shuying/CPAE/logs/cpc/CPAELSTM44/dim12_out12_lr_0.0003_bs256_ts30_adam_cos_t0.07-2021-04-01_11_08_29-model_best.pth

2021-04-01 14:11:15,668 - model got improved for this run, but did not surpass previous though, please take changes of hyper parameters into consideration
2021-04-01 14:11:15,668 - #### End epoch 61/1000, elapsed time: 180.09554548561573
2021-04-01 14:11:15,669 - 
 --------------------------- epoch 62 ------------------------- 

2021-04-01 14:11:15,669 - weights are [1, 1, 1, 3]
2021-04-01 14:11:31,520 - 	 28.03492 0.00030
2021-04-01 14:13:58,122 - 
 ---------------------- mean loss : 29.21432  ---------------------- 

2021-04-01 14:13:58,123 - Starting Validation
2021-04-01 14:14:16,456 - 
                     ------- validation -------            

2021-04-01 14:14:16,456 - 	 NCE 	 MSE 	 MASK MSE 	 MAPPING MSE
2021-04-01 14:14:16,456 - 	 5.5010  	 0.1705  	 0.0258 	 0.4983
2021-04-01 14:14:16,457 - -------------------------------
Validation Epoch: 62 	Accuracy: 71.0000	Loss: 373.409388
------------------
2021-04-01 14:14:16,457 - #### End epoch 62/1000, elapsed time: 180.78809277154505
2021-04-01 14:14:16,457 - 
 --------------------------- epoch 63 ------------------------- 

2021-04-01 14:14:16,457 - weights are [1, 1, 1, 3]
2021-04-01 14:14:32,595 - 	 28.02933 0.00030
2021-04-01 14:16:59,230 - 
 ---------------------- mean loss : 30.93492  ---------------------- 

2021-04-01 14:16:59,231 - Starting Validation
2021-04-01 14:17:16,870 - 
                     ------- validation -------            

2021-04-01 14:17:16,870 - 	 NCE 	 MSE 	 MASK MSE 	 MAPPING MSE
2021-04-01 14:17:16,870 - 	 5.5011  	 0.1463  	 0.0262 	 0.4137
2021-04-01 14:17:16,870 - -------------------------------
Validation Epoch: 63 	Accuracy: 60.0000	Loss: 370.906153
------------------
2021-04-01 14:17:16,870 - #### End epoch 63/1000, elapsed time: 180.41352048516273
2021-04-01 14:17:16,870 - 
 --------------------------- epoch 64 ------------------------- 

2021-04-01 14:17:16,871 - weights are [1, 1, 1, 3]
2021-04-01 14:17:27,986 - 	 28.24898 0.00030
2021-04-01 14:19:58,041 - 
 ---------------------- mean loss : 29.28393  ---------------------- 

2021-04-01 14:19:58,041 - Starting Validation
2021-04-01 14:20:15,748 - 
                     ------- validation -------            

2021-04-01 14:20:15,748 - 	 NCE 	 MSE 	 MASK MSE 	 MAPPING MSE
2021-04-01 14:20:15,748 - 	 5.5010  	 0.2396  	 0.0257 	 0.8400
2021-04-01 14:20:15,749 - -------------------------------
Validation Epoch: 64 	Accuracy: 58.0000	Loss: 383.188105
------------------
2021-04-01 14:20:15,749 - #### End epoch 64/1000, elapsed time: 178.8783478345722
2021-04-01 14:20:15,749 - 
 --------------------------- epoch 65 ------------------------- 

2021-04-01 14:20:15,749 - weights are [1, 1, 1, 3]
2021-04-01 14:20:33,777 - 	 28.02689 0.00030
2021-04-01 14:23:01,840 - 
 ---------------------- mean loss : 29.18129  ---------------------- 

2021-04-01 14:23:01,840 - Starting Validation
2021-04-01 14:23:20,186 - 
                     ------- validation -------            

2021-04-01 14:23:20,186 - 	 NCE 	 MSE 	 MASK MSE 	 MAPPING MSE
2021-04-01 14:23:20,187 - 	 5.5010  	 0.1850  	 0.0251 	 0.5812
2021-04-01 14:23:20,187 - -------------------------------
Validation Epoch: 65 	Accuracy: 67.0000	Loss: 375.732067
------------------
2021-04-01 14:23:20,187 - #### End epoch 65/1000, elapsed time: 184.4382257964462
2021-04-01 14:23:20,187 - 
 --------------------------- epoch 66 ------------------------- 

2021-04-01 14:23:20,187 - weights are [1, 1, 1, 3]
2021-04-01 14:23:37,679 - 	 28.12806 0.00030
2021-04-01 14:26:02,387 - 
 ---------------------- mean loss : 29.71279  ---------------------- 

2021-04-01 14:26:02,387 - Starting Validation
2021-04-01 14:26:20,918 - 
                     ------- validation -------            

2021-04-01 14:26:20,918 - 	 NCE 	 MSE 	 MASK MSE 	 MAPPING MSE
2021-04-01 14:26:20,918 - 	 5.5010  	 0.2077  	 0.0252 	 0.6553
2021-04-01 14:26:20,918 - -------------------------------
Validation Epoch: 66 	Accuracy: 60.0000	Loss: 377.957603
------------------
2021-04-01 14:26:20,918 - #### End epoch 66/1000, elapsed time: 180.7311950419098
2021-04-01 14:26:20,918 - 
 --------------------------- epoch 67 ------------------------- 

2021-04-01 14:26:20,918 - weights are [1, 1, 1, 3]
2021-04-01 14:26:38,573 - 	 28.59670 0.00030
2021-04-01 14:29:03,370 - 
 ---------------------- mean loss : 29.40730  ---------------------- 

2021-04-01 14:29:03,370 - Starting Validation
2021-04-01 14:29:21,195 - 
                     ------- validation -------            

2021-04-01 14:29:21,195 - 	 NCE 	 MSE 	 MASK MSE 	 MAPPING MSE
2021-04-01 14:29:21,195 - 	 5.5010  	 0.2227  	 0.0375 	 0.6965
2021-04-01 14:29:21,195 - -------------------------------
Validation Epoch: 67 	Accuracy: 59.0000	Loss: 379.544910
------------------
2021-04-01 14:29:21,195 - #### End epoch 67/1000, elapsed time: 180.2769489530474
2021-04-01 14:29:21,195 - 
 --------------------------- epoch 68 ------------------------- 

2021-04-01 14:29:21,195 - weights are [1, 1, 1, 3]
2021-04-01 14:29:39,222 - 	 28.26953 0.00030
2021-04-01 14:32:01,629 - 
 ---------------------- mean loss : 29.29589  ---------------------- 

2021-04-01 14:32:01,629 - Starting Validation
2021-04-01 14:32:19,591 - 
                     ------- validation -------            

2021-04-01 14:32:19,591 - 	 NCE 	 MSE 	 MASK MSE 	 MAPPING MSE
2021-04-01 14:32:19,591 - 	 5.5010  	 0.1752  	 0.0251 	 0.5304
2021-04-01 14:32:19,591 - -------------------------------
Validation Epoch: 68 	Accuracy: 57.0000	Loss: 374.286324
------------------
2021-04-01 14:32:19,591 - #### End epoch 68/1000, elapsed time: 178.396253564395
2021-04-01 14:32:19,592 - 
 --------------------------- epoch 69 ------------------------- 

2021-04-01 14:32:19,592 - weights are [1, 1, 1, 3]
2021-04-01 14:32:37,333 - 	 28.04824 0.00030
2021-04-01 14:35:03,467 - 
 ---------------------- mean loss : 29.85326  ---------------------- 

2021-04-01 14:35:03,467 - Starting Validation
2021-04-01 14:35:21,474 - 
                     ------- validation -------            

2021-04-01 14:35:21,474 - 	 NCE 	 MSE 	 MASK MSE 	 MAPPING MSE
2021-04-01 14:35:21,474 - 	 5.5010  	 0.1839  	 0.0246 	 0.5937
2021-04-01 14:35:21,474 - -------------------------------
Validation Epoch: 69 	Accuracy: 61.0000	Loss: 376.031380
------------------
2021-04-01 14:35:21,474 - #### End epoch 69/1000, elapsed time: 181.8830147003755
2021-04-01 14:35:21,475 - 
 --------------------------- epoch 70 ------------------------- 

2021-04-01 14:35:21,475 - weights are [1, 1, 1, 3]
2021-04-01 14:35:37,574 - 	 28.01559 0.00030
2021-04-01 14:38:04,343 - 
 ---------------------- mean loss : 30.39751  ---------------------- 

2021-04-01 14:38:04,343 - Starting Validation
2021-04-01 14:38:22,232 - 
                     ------- validation -------            

2021-04-01 14:38:22,233 - 	 NCE 	 MSE 	 MASK MSE 	 MAPPING MSE
2021-04-01 14:38:22,233 - 	 5.5010  	 0.1632  	 0.0247 	 0.4833
2021-04-01 14:38:22,233 - -------------------------------
Validation Epoch: 70 	Accuracy: 68.0000	Loss: 372.896309
------------------
2021-04-01 14:38:22,233 - #### End epoch 70/1000, elapsed time: 180.75834974367172
2021-04-01 14:38:22,233 - 
 --------------------------- epoch 71 ------------------------- 

2021-04-01 14:38:22,233 - weights are [1, 1, 1, 3]
2021-04-01 14:38:37,896 - 	 27.98846 0.00030
2021-04-01 14:41:02,723 - 
 ---------------------- mean loss : 29.40146  ---------------------- 

2021-04-01 14:41:02,725 - Starting Validation
2021-04-01 14:41:20,966 - 
                     ------- validation -------            

2021-04-01 14:41:20,966 - 	 NCE 	 MSE 	 MASK MSE 	 MAPPING MSE
2021-04-01 14:41:20,966 - 	 5.5010  	 0.1717  	 0.0370 	 0.4831
2021-04-01 14:41:20,966 - -------------------------------
Validation Epoch: 71 	Accuracy: 73.0000	Loss: 373.321117
------------------
2021-04-01 14:41:20,966 - #### End epoch 71/1000, elapsed time: 178.733350481838
2021-04-01 14:41:20,967 - 
 --------------------------- epoch 72 ------------------------- 

2021-04-01 14:41:20,967 - weights are [1, 1, 1, 3]
2021-04-01 14:41:38,392 - 	 28.05073 0.00030
2021-04-01 14:44:04,618 - 
 ---------------------- mean loss : 30.51995  ---------------------- 

2021-04-01 14:44:04,618 - Starting Validation
2021-04-01 14:44:22,762 - 
                     ------- validation -------            

2021-04-01 14:44:22,762 - 	 NCE 	 MSE 	 MASK MSE 	 MAPPING MSE
2021-04-01 14:44:22,763 - 	 5.5010  	 0.1685  	 0.0244 	 0.5219
2021-04-01 14:44:22,763 - -------------------------------
Validation Epoch: 72 	Accuracy: 68.0000	Loss: 373.962179
------------------
2021-04-01 14:44:22,763 - #### End epoch 72/1000, elapsed time: 181.79634141735733
2021-04-01 14:44:22,763 - 
 --------------------------- epoch 73 ------------------------- 

2021-04-01 14:44:22,763 - weights are [1, 1, 1, 3]
2021-04-01 14:44:33,090 - 	 27.99186 0.00030
2021-04-01 14:46:59,503 - 
 ---------------------- mean loss : 30.18218  ---------------------- 

2021-04-01 14:46:59,503 - Starting Validation
2021-04-01 14:47:17,670 - 
                     ------- validation -------            

2021-04-01 14:47:17,670 - 	 NCE 	 MSE 	 MASK MSE 	 MAPPING MSE
2021-04-01 14:47:17,670 - 	 5.5010  	 0.1383  	 0.0241 	 0.3666
2021-04-01 14:47:17,670 - -------------------------------
Validation Epoch: 73 	Accuracy: 73.0000	Loss: 369.524567
------------------
2021-04-01 14:47:17,670 - #### End epoch 73/1000, elapsed time: 174.90713699534535
2021-04-01 14:47:17,670 - 
 --------------------------- epoch 74 ------------------------- 

2021-04-01 14:47:17,670 - weights are [1, 1, 1, 3]
2021-04-01 14:47:28,463 - 	 28.06980 0.00030
2021-04-01 14:50:01,936 - 
 ---------------------- mean loss : 29.32232  ---------------------- 

2021-04-01 14:50:01,936 - Starting Validation
2021-04-01 14:50:20,200 - 
                     ------- validation -------            

2021-04-01 14:50:20,200 - 	 NCE 	 MSE 	 MASK MSE 	 MAPPING MSE
2021-04-01 14:50:20,200 - 	 5.5010  	 0.1499  	 0.0240 	 0.4508
2021-04-01 14:50:20,200 - -------------------------------
Validation Epoch: 74 	Accuracy: 70.0000	Loss: 371.855093
------------------
2021-04-01 14:50:20,200 - #### End epoch 74/1000, elapsed time: 182.53007788397372
2021-04-01 14:50:20,200 - 
 --------------------------- epoch 75 ------------------------- 

2021-04-01 14:50:20,200 - weights are [1, 1, 1, 3]
2021-04-01 14:50:37,879 - 	 36.43041 0.00030
2021-04-01 14:53:03,914 - 
 ---------------------- mean loss : 29.32314  ---------------------- 

2021-04-01 14:53:03,916 - Starting Validation
2021-04-01 14:53:22,253 - 
                     ------- validation -------            

2021-04-01 14:53:22,254 - 	 NCE 	 MSE 	 MASK MSE 	 MAPPING MSE
2021-04-01 14:53:22,254 - 	 5.5010  	 0.1305  	 0.0240 	 0.3589
2021-04-01 14:53:22,254 - -------------------------------
Validation Epoch: 75 	Accuracy: 69.0000	Loss: 369.214935
------------------
2021-04-01 14:53:22,254 - #### End epoch 75/1000, elapsed time: 182.05398851633072
2021-04-01 14:53:22,254 - 
 --------------------------- epoch 76 ------------------------- 

2021-04-01 14:53:22,254 - weights are [1, 1, 1, 3]
2021-04-01 14:53:39,632 - 	 28.07718 0.00030
2021-04-01 14:56:06,137 - 
 ---------------------- mean loss : 29.16327  ---------------------- 

2021-04-01 14:56:06,138 - Starting Validation
2021-04-01 14:56:23,843 - 
                     ------- validation -------            

2021-04-01 14:56:23,843 - 	 NCE 	 MSE 	 MASK MSE 	 MAPPING MSE
2021-04-01 14:56:23,843 - 	 5.5010  	 0.1503  	 0.0243 	 0.4365
2021-04-01 14:56:23,843 - -------------------------------
Validation Epoch: 76 	Accuracy: 68.0000	Loss: 371.497572
------------------
2021-04-01 14:56:23,843 - #### End epoch 76/1000, elapsed time: 181.58923133276403
2021-04-01 14:56:23,844 - 
 --------------------------- epoch 77 ------------------------- 

2021-04-01 14:56:23,844 - weights are [1, 1, 1, 3]
2021-04-01 14:56:35,742 - 	 28.07573 0.00030
2021-04-01 14:59:03,936 - 
 ---------------------- mean loss : 29.24525  ---------------------- 

2021-04-01 14:59:03,936 - Starting Validation
2021-04-01 14:59:22,326 - 
                     ------- validation -------            

2021-04-01 14:59:22,326 - 	 NCE 	 MSE 	 MASK MSE 	 MAPPING MSE
2021-04-01 14:59:22,327 - 	 5.5010  	 0.1816  	 0.0235 	 0.5793
2021-04-01 14:59:22,327 - -------------------------------
Validation Epoch: 77 	Accuracy: 71.0000	Loss: 375.596815
------------------
2021-04-01 14:59:22,327 - #### End epoch 77/1000, elapsed time: 178.48320144414902
2021-04-01 14:59:22,327 - 
 --------------------------- epoch 78 ------------------------- 

2021-04-01 14:59:22,327 - weights are [1, 1, 1, 3]
2021-04-01 14:59:37,975 - 	 28.11944 0.00030
