2021-04-01 17:42:03,824 - ===> use benchmark strategy to split train, validation and eval dataset
2021-04-01 17:42:05,490 - ### Model summary below###
 CPAELSTM44(
  (lstm1): LSTM(76, 12, batch_first=True)
  (lstm2): LSTM(12, 12, batch_first=True)
  (lstm3): LSTM(12, 12, batch_first=True)
  (dropout): Dropout(p=0.3, inplace=False)
  (softmax): Softmax(dim=0)
  (lsoftmax): LogSoftmax()
  (fcs): Sequential(
    (0): Linear(in_features=12, out_features=12, bias=True)
    (1): ReLU(inplace=True)
    (2): Linear(in_features=12, out_features=12, bias=True)
  )
  (lstm4): LSTM(12, 76, batch_first=True)
)

2021-04-01 17:42:05,490 - ===> Model total parameter: 34488

2021-04-01 17:42:05,490 - {'data_split': 'benchmark', 'batch_size': 256, 'mode': 0, 'dim': 12, 'bn': False, 'dropout': 0.3, 'task': 'ihm', 'learning_rate': 0.0003, 'epochs': 1000, 'seed': 1, 'log_interval': 5, 'num_workers': 30, 'gru_out': 12, 'sim': 'cosine', 'temperature': 0.5, 'optimizer': 'optim.Adam(filter(lambda p: p.requires_grad, model.parameters()), lr=0.0003, betas=(0.9, 0.98), eps=1e-09,weight_decay=1e-4)', 'adjust_lr': True, 'setting_name': 'dim12_out12_lr_0.0003_bs256_ts30_adam_cos_t0.5', 'run_name': 'dim12_out12_lr_0.0003_bs256_ts30_adam_cos_t0.5-2021-04-01_17_42_03', 'model_type': 'CPAELSTM44', 'resume': False, 'model_best': 'dim12_out12_lr_0.0003_bs256_ts30_adam_cos_t0.07-2021-04-01_11_08_29-model_best.pth', 'save_every': 100, 'lambda': [1, 1, 1, 3], 'time_step': 30, 'sym': False, 'top_path': '/home/shuying/CPAE/', 'scr_data_path': '/home/shuying/cpcSurvival/data', 'logging_dir': '/home/shuying/CPAE/logs/cpc/CPAELSTM44', 'ini_file': '/home/shuying/CPAE/logs/cpc/CPAELSTM44/dim12_out12_lr_0.0003_bs256_ts30_adam_cos_t0.5.ini', 'updated_lr': 0.0003}
2021-04-01 17:42:05,490 - 
 --------------------------- epoch 1 ------------------------- 

2021-04-01 17:42:05,490 - weights are [1, 1, 1, 3]
2021-04-01 17:42:46,117 - 	 28.71021 0.00030
2021-04-01 17:45:49,783 - 
 ---------------------- mean loss : 29.99223  ---------------------- 

2021-04-01 17:45:49,785 - Starting Validation
2021-04-01 17:46:12,633 - 
                     ------- validation -------            

2021-04-01 17:46:12,633 - 	 NCE 	 MSE 	 MASK MSE 	 MAPPING MSE
2021-04-01 17:46:12,633 - 	 5.5041  	 0.3152  	 0.1221 	 1.0144
2021-04-01 17:46:12,633 - -------------------------------
Validation Epoch: 1 	Accuracy: 13.0000	Loss: 391.408524
------------------
2021-04-01 17:46:12,636 - Snapshot saved to /home/shuying/CPAE/logs/cpc/CPAELSTM44/dim12_out12_lr_0.0003_bs256_ts30_adam_cos_t0.5-2021-04-01_17_42_03-model_best.pth

2021-04-01 17:46:12,637 - Best model updated in 'dim12_out12_lr_0.0003_bs256_ts30_adam_cos_t0.5.ini'! !!!!!!!!!
2021-04-01 17:46:12,637 - #### End epoch 1/1000, elapsed time: 247.1468786513433
2021-04-01 17:46:12,637 - 
 --------------------------- epoch 2 ------------------------- 

2021-04-01 17:46:12,637 - weights are [1, 1, 1, 3]
2021-04-01 17:46:51,738 - 	 28.63118 0.00030
2021-04-01 17:49:56,846 - 
 ---------------------- mean loss : 29.87732  ---------------------- 

2021-04-01 17:49:56,846 - Starting Validation
2021-04-01 17:50:22,731 - 
                     ------- validation -------            

2021-04-01 17:50:22,732 - 	 NCE 	 MSE 	 MASK MSE 	 MAPPING MSE
2021-04-01 17:50:22,732 - 	 5.5041  	 0.2367  	 0.1056 	 0.5719
2021-04-01 17:50:22,732 - -------------------------------
Validation Epoch: 2 	Accuracy: 13.0000	Loss: 378.456671
------------------
2021-04-01 17:50:22,732 - #### End epoch 2/1000, elapsed time: 250.09456308186054
2021-04-01 17:50:22,732 - 
 --------------------------- epoch 3 ------------------------- 

2021-04-01 17:50:22,732 - weights are [1, 1, 1, 3]
2021-04-01 17:50:57,505 - 	 28.44250 0.00030
