2021-04-01 11:03:45,835 - ===> use benchmark strategy to split train, validation and eval dataset
2021-04-01 11:03:47,272 - ### Model summary below###
 CPAELSTM44(
  (lstm1): LSTM(76, 12, batch_first=True)
  (lstm2): LSTM(12, 12, batch_first=True)
  (lstm3): LSTM(12, 12, batch_first=True)
  (dropout): Dropout(p=0.3, inplace=False)
  (softmax): Softmax(dim=0)
  (lsoftmax): LogSoftmax()
  (fcs): Sequential(
    (0): Linear(in_features=12, out_features=12, bias=True)
    (1): ReLU(inplace=True)
    (2): Linear(in_features=12, out_features=12, bias=True)
  )
  (lstm4): LSTM(12, 76, batch_first=True)
)

2021-04-01 11:03:47,272 - ===> Model total parameter: 34488

2021-04-01 11:03:47,272 - {'data_split': 'benchmark', 'batch_size': 256, 'mode': 0, 'dim': 12, 'bn': False, 'dropout': 0.3, 'task': 'ihm', 'learning_rate': 0.0003, 'epochs': 1000, 'seed': 1, 'log_interval': 5, 'num_workers': 30, 'gru_out': 12, 'sim': 'cosine', 'temperature': 0.07, 'optimizer': 'optim.Adam(filter(lambda p: p.requires_grad, model.parameters()), lr=0.0003, betas=(0.9, 0.98), eps=1e-09,weight_decay=1e-4)', 'adjust_lr': True, 'setting_name': 'dim12_out12_lr_0.0003_bs256_ts30_adam_cos_t0.07', 'run_name': 'dim12_out12_lr_0.0003_bs256_ts30_adam_cos_t0.07-2021-04-01_11_03_45', 'model_type': 'CPAELSTM44', 'resume': False, 'model_best': 'dim12_out12_lr_0.03_bs256_ts30_sgd_cos_t0.07-2021-04-01_09_30_46-model_best.pth', 'save_every': 100, 'lambda': [1, 1, 1, 3], 'time_step': 30, 'sym': False, 'top_path': '/home/shuying/CPAE/', 'scr_data_path': '/home/shuying/cpcSurvival/data', 'logging_dir': '/home/shuying/CPAE/logs/cpc/CPAELSTM44', 'ini_file': '/home/shuying/CPAE/logs/cpc/CPAELSTM44/dim12_out12_lr_0.0003_bs256_ts30_adam_cos_t0.07.ini', 'updated_lr': 0.03}
2021-04-01 11:03:47,272 - 
 --------------------------- epoch 1 ------------------------- 

2021-04-01 11:03:47,272 - weights are [1, 1, 1, 3]
2021-04-01 11:04:02,086 - 	 29.64641 0.00030
