2021-04-01 11:04:19,272 - ===> use benchmark strategy to split train, validation and eval dataset
2021-04-01 11:04:20,697 - ### Model summary below###
 CPAELSTM44(
  (lstm1): LSTM(76, 12, batch_first=True)
  (lstm2): LSTM(12, 12, batch_first=True)
  (lstm3): LSTM(12, 12, batch_first=True)
  (dropout): Dropout(p=0.3, inplace=False)
  (softmax): Softmax(dim=0)
  (lsoftmax): LogSoftmax()
  (fcs): Sequential(
    (0): Linear(in_features=12, out_features=12, bias=True)
    (1): ReLU(inplace=True)
    (2): Linear(in_features=12, out_features=12, bias=True)
  )
  (lstm4): LSTM(12, 76, batch_first=True)
)

2021-04-01 11:04:20,697 - ===> Model total parameter: 34488

2021-04-01 11:04:20,697 - {'data_split': 'benchmark', 'batch_size': 256, 'mode': 0, 'dim': 12, 'bn': False, 'dropout': 0.3, 'task': 'ihm', 'learning_rate': 0.0003, 'epochs': 1000, 'seed': 1, 'log_interval': 5, 'num_workers': 30, 'gru_out': 12, 'sim': 'cosine', 'temperature': 0.07, 'optimizer': 'optim.Adam(filter(lambda p: p.requires_grad, model.parameters()), lr=0.0003, betas=(0.9, 0.98), eps=1e-09,weight_decay=1e-4)', 'adjust_lr': True, 'setting_name': 'dim12_out12_lr_0.0003_bs256_ts30_adam_cos_t0.07', 'run_name': 'dim12_out12_lr_0.0003_bs256_ts30_adam_cos_t0.07-2021-04-01_11_04_19', 'model_type': 'CPAELSTM44', 'resume': False, 'model_best': 'dim12_out12_lr_0.03_bs256_ts30_sgd_cos_t0.07-2021-04-01_09_30_46-model_best.pth', 'save_every': 100, 'lambda': [1, 1, 1, 3], 'time_step': 30, 'sym': False, 'top_path': '/home/shuying/CPAE/', 'scr_data_path': '/home/shuying/cpcSurvival/data', 'logging_dir': '/home/shuying/CPAE/logs/cpc/CPAELSTM44', 'ini_file': '/home/shuying/CPAE/logs/cpc/CPAELSTM44/dim12_out12_lr_0.0003_bs256_ts30_adam_cos_t0.07.ini', 'updated_lr': 0.03}
2021-04-01 11:04:20,697 - 
 --------------------------- epoch 1 ------------------------- 

2021-04-01 11:04:20,697 - weights are [1, 1, 1, 3]
2021-04-01 11:04:33,821 - 	 28.64139 0.00030
2021-04-01 11:05:54,239 - 
 ---------------------- mean loss : 30.24113  ---------------------- 

2021-04-01 11:05:54,241 - Starting Validation
2021-04-01 11:06:08,404 - 
                     ------- validation -------            

2021-04-01 11:06:08,404 - 	 NCE 	 MSE 	 MASK MSE 	 MAPPING MSE
2021-04-01 11:06:08,404 - 	 5.5041  	 0.2522  	 0.1149 	 0.5879
2021-04-01 11:06:08,404 - -------------------------------
Validation Epoch: 1 	Accuracy: 13.0000	Loss: 379.317148
------------------
2021-04-01 11:06:08,408 - Snapshot saved to /home/shuying/CPAE/logs/cpc/CPAELSTM44/dim12_out12_lr_0.0003_bs256_ts30_adam_cos_t0.07-2021-04-01_11_04_19-model_best.pth

2021-04-01 11:06:08,409 - Best model updated in 'dim12_out12_lr_0.0003_bs256_ts30_adam_cos_t0.07.ini'! !!!!!!!!!
2021-04-01 11:06:08,409 - #### End epoch 1/1000, elapsed time: 107.71163637842983
2021-04-01 11:06:08,409 - 
 --------------------------- epoch 2 ------------------------- 

2021-04-01 11:06:08,409 - weights are [1, 1, 1, 3]
2021-04-01 11:06:21,361 - 	 29.71102 0.00030
