2021-04-01 17:42:03,842 - ===> use benchmark strategy to split train, validation and eval dataset
2021-04-01 17:42:05,561 - ### Model summary below###
 CPAELSTM44(
  (lstm1): LSTM(76, 12, batch_first=True)
  (lstm2): LSTM(12, 12, batch_first=True)
  (lstm3): LSTM(12, 12, batch_first=True)
  (dropout): Dropout(p=0.3, inplace=False)
  (softmax): Softmax(dim=0)
  (lsoftmax): LogSoftmax()
  (fcs): Sequential(
    (0): Linear(in_features=12, out_features=12, bias=True)
    (1): ReLU(inplace=True)
    (2): Linear(in_features=12, out_features=12, bias=True)
  )
  (lstm4): LSTM(12, 76, batch_first=True)
)

2021-04-01 17:42:05,561 - ===> Model total parameter: 34488

2021-04-01 17:42:05,561 - {'data_split': 'benchmark', 'batch_size': 256, 'mode': 0, 'dim': 12, 'bn': False, 'dropout': 0.3, 'task': 'ihm', 'learning_rate': 0.0003, 'epochs': 1000, 'seed': 1, 'log_interval': 5, 'num_workers': 30, 'gru_out': 12, 'sim': 'cosine', 'temperature': 1, 'optimizer': 'optim.Adam(filter(lambda p: p.requires_grad, model.parameters()), lr=0.0003, betas=(0.9, 0.98), eps=1e-09,weight_decay=1e-4)', 'adjust_lr': True, 'setting_name': 'dim12_out12_lr_0.0003_bs256_ts30_adam_cos_t1', 'run_name': 'dim12_out12_lr_0.0003_bs256_ts30_adam_cos_t1-2021-04-01_17_42_03', 'model_type': 'CPAELSTM44', 'resume': False, 'model_best': 'dim12_out12_lr_0.0003_bs256_ts30_adam_cos_t0.07-2021-04-01_11_08_29-model_best.pth', 'save_every': 100, 'lambda': [1, 1, 1, 3], 'time_step': 30, 'sym': False, 'top_path': '/home/shuying/CPAE/', 'scr_data_path': '/home/shuying/cpcSurvival/data', 'logging_dir': '/home/shuying/CPAE/logs/cpc/CPAELSTM44', 'ini_file': '/home/shuying/CPAE/logs/cpc/CPAELSTM44/dim12_out12_lr_0.0003_bs256_ts30_adam_cos_t1.ini', 'updated_lr': 0.0003}
2021-04-01 17:42:05,561 - 
 --------------------------- epoch 1 ------------------------- 

2021-04-01 17:42:05,561 - weights are [1, 1, 1, 3]
2021-04-01 17:42:43,242 - 	 28.68817 0.00030
2021-04-01 17:45:49,051 - 
 ---------------------- mean loss : 30.18227  ---------------------- 

2021-04-01 17:45:49,052 - Starting Validation
2021-04-01 17:46:11,977 - 
                     ------- validation -------            

2021-04-01 17:46:11,978 - 	 NCE 	 MSE 	 MASK MSE 	 MAPPING MSE
2021-04-01 17:46:11,978 - 	 5.5040  	 0.3056  	 0.1149 	 0.8863
2021-04-01 17:46:11,978 - -------------------------------
Validation Epoch: 1 	Accuracy: 13.0000	Loss: 387.766073
------------------
2021-04-01 17:46:11,980 - Snapshot saved to /home/shuying/CPAE/logs/cpc/CPAELSTM44/dim12_out12_lr_0.0003_bs256_ts30_adam_cos_t1-2021-04-01_17_42_03-model_best.pth

2021-04-01 17:46:11,981 - Best model updated in 'dim12_out12_lr_0.0003_bs256_ts30_adam_cos_t1.ini'! !!!!!!!!!
2021-04-01 17:46:11,981 - #### End epoch 1/1000, elapsed time: 246.4194941436872
2021-04-01 17:46:11,981 - 
 --------------------------- epoch 2 ------------------------- 

2021-04-01 17:46:11,981 - weights are [1, 1, 1, 3]
2021-04-01 17:46:39,447 - 	 28.60985 0.00030
2021-04-01 17:49:52,883 - 
 ---------------------- mean loss : 29.82517  ---------------------- 

2021-04-01 17:49:52,885 - Starting Validation
2021-04-01 17:50:14,605 - 
                     ------- validation -------            

2021-04-01 17:50:14,605 - 	 NCE 	 MSE 	 MASK MSE 	 MAPPING MSE
2021-04-01 17:50:14,606 - 	 5.5026  	 0.2564  	 0.1048 	 0.6568
2021-04-01 17:50:14,606 - -------------------------------
Validation Epoch: 2 	Accuracy: 13.0000	Loss: 380.805845
------------------
2021-04-01 17:50:14,606 - #### End epoch 2/1000, elapsed time: 242.6249954830855
2021-04-01 17:50:14,606 - 
 --------------------------- epoch 3 ------------------------- 

2021-04-01 17:50:14,606 - weights are [1, 1, 1, 3]
2021-04-01 17:50:47,180 - 	 28.50857 0.00030
