2021-04-01 17:42:03,841 - ===> use benchmark strategy to split train, validation and eval dataset
2021-04-01 17:42:05,576 - ### Model summary below###
 CPAELSTM44(
  (lstm1): LSTM(76, 12, batch_first=True)
  (lstm2): LSTM(12, 12, batch_first=True)
  (lstm3): LSTM(12, 12, batch_first=True)
  (dropout): Dropout(p=0.3, inplace=False)
  (softmax): Softmax(dim=0)
  (lsoftmax): LogSoftmax()
  (fcs): Sequential(
    (0): Linear(in_features=12, out_features=12, bias=True)
    (1): ReLU(inplace=True)
    (2): Linear(in_features=12, out_features=12, bias=True)
  )
  (lstm4): LSTM(12, 76, batch_first=True)
)

2021-04-01 17:42:05,576 - ===> Model total parameter: 34488

2021-04-01 17:42:05,576 - {'data_split': 'benchmark', 'batch_size': 256, 'mode': 0, 'dim': 12, 'bn': False, 'dropout': 0.3, 'task': 'ihm', 'learning_rate': 0.0003, 'epochs': 1000, 'seed': 1, 'log_interval': 5, 'num_workers': 30, 'gru_out': 12, 'sim': 'cosine', 'temperature': 5, 'optimizer': 'optim.Adam(filter(lambda p: p.requires_grad, model.parameters()), lr=0.0003, betas=(0.9, 0.98), eps=1e-09,weight_decay=1e-4)', 'adjust_lr': True, 'setting_name': 'dim12_out12_lr_0.0003_bs256_ts30_adam_cos_t5', 'run_name': 'dim12_out12_lr_0.0003_bs256_ts30_adam_cos_t5-2021-04-01_17_42_03', 'model_type': 'CPAELSTM44', 'resume': False, 'model_best': 'dim12_out12_lr_0.0003_bs256_ts30_adam_cos_t0.07-2021-04-01_11_08_29-model_best.pth', 'save_every': 100, 'lambda': [1, 1, 1, 3], 'time_step': 30, 'sym': False, 'top_path': '/home/shuying/CPAE/', 'scr_data_path': '/home/shuying/cpcSurvival/data', 'logging_dir': '/home/shuying/CPAE/logs/cpc/CPAELSTM44', 'ini_file': '/home/shuying/CPAE/logs/cpc/CPAELSTM44/dim12_out12_lr_0.0003_bs256_ts30_adam_cos_t5.ini', 'updated_lr': 0.0003}
2021-04-01 17:42:05,576 - 
 --------------------------- epoch 1 ------------------------- 

2021-04-01 17:42:05,577 - weights are [1, 1, 1, 3]
2021-04-01 17:42:49,674 - 	 28.56185 0.00030
2021-04-01 17:45:50,490 - 
 ---------------------- mean loss : 30.12635  ---------------------- 

2021-04-01 17:45:50,494 - Starting Validation
2021-04-01 17:46:13,042 - 
                     ------- validation -------            

2021-04-01 17:46:13,042 - 	 NCE 	 MSE 	 MASK MSE 	 MAPPING MSE
2021-04-01 17:46:13,042 - 	 5.4904  	 0.2498  	 0.1217 	 0.5789
2021-04-01 17:46:13,042 - -------------------------------
Validation Epoch: 1 	Accuracy: 13.0000	Loss: 378.342356
------------------
2021-04-01 17:46:13,045 - Snapshot saved to /home/shuying/CPAE/logs/cpc/CPAELSTM44/dim12_out12_lr_0.0003_bs256_ts30_adam_cos_t5-2021-04-01_17_42_03-model_best.pth

2021-04-01 17:46:13,046 - Best model updated in 'dim12_out12_lr_0.0003_bs256_ts30_adam_cos_t5.ini'! !!!!!!!!!
2021-04-01 17:46:13,046 - #### End epoch 1/1000, elapsed time: 247.46972162090242
2021-04-01 17:46:13,046 - 
 --------------------------- epoch 2 ------------------------- 

2021-04-01 17:46:13,046 - weights are [1, 1, 1, 3]
2021-04-01 17:46:54,990 - 	 28.62031 0.00030
2021-04-01 17:49:56,634 - 
 ---------------------- mean loss : 29.58276  ---------------------- 

2021-04-01 17:49:56,635 - Starting Validation
2021-04-01 17:50:21,590 - 
                     ------- validation -------            

2021-04-01 17:50:21,590 - 	 NCE 	 MSE 	 MASK MSE 	 MAPPING MSE
2021-04-01 17:50:21,590 - 	 5.1041  	 0.2355  	 0.1080 	 0.5502
2021-04-01 17:50:21,591 - -------------------------------
Validation Epoch: 2 	Accuracy: 38.0000	Loss: 351.943579
------------------
2021-04-01 17:50:21,594 - Snapshot saved to /home/shuying/CPAE/logs/cpc/CPAELSTM44/dim12_out12_lr_0.0003_bs256_ts30_adam_cos_t5-2021-04-01_17_42_03-model_best.pth

2021-04-01 17:50:21,595 - Best model updated in 'dim12_out12_lr_0.0003_bs256_ts30_adam_cos_t5.ini'! !!!!!!!!!
2021-04-01 17:50:21,595 - #### End epoch 2/1000, elapsed time: 248.54864737764
2021-04-01 17:50:21,595 - 
 --------------------------- epoch 3 ------------------------- 

2021-04-01 17:50:21,595 - weights are [1, 1, 1, 3]
2021-04-01 17:50:55,506 - 	 27.01998 0.00030
