2021-04-01 11:08:29,356 - ===> use benchmark strategy to split train, validation and eval dataset
2021-04-01 11:08:30,880 - ### Model summary below###
 CPAELSTM44(
  (lstm1): LSTM(76, 256, batch_first=True)
  (lstm2): LSTM(256, 256, batch_first=True)
  (lstm3): LSTM(256, 256, batch_first=True)
  (dropout): Dropout(p=0.3, inplace=False)
  (softmax): Softmax(dim=0)
  (lsoftmax): LogSoftmax()
  (fcs): Sequential(
    (0): Linear(in_features=256, out_features=256, bias=True)
    (1): ReLU(inplace=True)
    (2): Linear(in_features=256, out_features=256, bias=True)
  )
  (lstm4): LSTM(256, 76, batch_first=True)
)

2021-04-01 11:08:30,880 - ===> Model total parameter: 1627808

2021-04-01 11:08:30,887 - {'data_split': 'benchmark', 'batch_size': 48, 'n_points': 192, 'n_features': 76, 'time_step': 30, 'mode': 0, 'points_per_hour': 4, 'frame_size': 16, 'n_frames': 12, 'dim': 256, 'bn': False, 'dropout': 0.3, 'task': 'ihm', 'learning_rate': 0.0003, 'epochs': 1000, 'seed': 1, 'log_interval': 30, 'num_workers': 30, 'gru_out': 256, 'optimizer': 'optim.Adam(filter(lambda p: p.requires_grad, model.parameters()), lr=0.0003, betas=(0.9, 0.98), eps=1e-09,weight_decay=1e-4)', 'model_params': None, 'setting_name': 'st_lr_3e-4', 'run_name': 'st_lr_3e-4-2021-04-01_11_08_29', 'model_type': 'CPAELSTM44', 'resume': True, 'model_best': 'st_lr_3e-4-2021-03-31_22_25_10-model_best.pth', 'save_every': 100, 'lambda': [1, 1, 1, 3], 'top_path': '/home/shuying/CPAE/', 'scr_data_path': '/home/shuying/cpcSurvival/data', 'logging_dir': '/home/shuying/CPAE/logs/cpc/CPAELSTM44', 'ini_file': '/home/shuying/CPAE/logs/cpc/CPAELSTM44/st_lr_3e-4.ini'}
2021-04-01 11:08:30,901 - 

Resume from checkpoint: /home/shuying/CPAE/logs/cpc/CPAELSTM44/st_lr_3e-4-2021-03-31_22_25_10-model_best.pth


2021-04-01 11:08:30,901 - 
 --------------------------- epoch 141 ------------------------- 

2021-04-01 11:08:30,901 - weights are [1, 1, 1, 3]
2021-04-01 11:08:37,005 - 	 2.65879 0.00030
2021-04-01 11:09:54,149 - 	 3.28732 0.00030
2021-04-01 11:11:00,381 - 	 3.16998 0.00030
2021-04-01 11:12:15,745 - 	 3.52832 0.00030
2021-04-01 11:12:19,211 - 
 ---------------------- mean loss : 4.53771  ---------------------- 

2021-04-01 11:12:19,211 - Starting Validation
2021-04-01 11:12:39,177 - 
                     ------- validation -------            

2021-04-01 11:12:39,177 - 	 NCE 	 MSE 	 MASK MSE 	 MAPPING MSE
2021-04-01 11:12:39,178 - 	 0.3227  	 0.2077  	 0.0208 	 0.8184
2021-04-01 11:12:39,178 - -------------------------------
Validation Epoch: 141 	Accuracy: 2676.0000	Loss: 237.978874
------------------
2021-04-01 11:12:39,195 - Snapshot saved to /home/shuying/CPAE/logs/cpc/CPAELSTM44/st_lr_3e-4-2021-04-01_11_08_29-model_best.pth

2021-04-01 11:12:39,195 - model got improved for this run, but did not surpass previous though, please take changes of hyper parameters into consideration
2021-04-01 11:12:39,195 - #### End epoch 141/1000, elapsed time: 248.29384648706764
2021-04-01 11:12:39,195 - 
 --------------------------- epoch 142 ------------------------- 

2021-04-01 11:12:39,195 - weights are [1, 1, 1, 3]
2021-04-01 11:12:42,446 - 	 2.30479 0.00030
2021-04-01 11:13:50,430 - 	 2.71246 0.00030
2021-04-01 11:15:05,392 - 	 3.27736 0.00030
2021-04-01 11:16:10,799 - 	 2.68024 0.00030
2021-04-01 11:16:13,794 - 
 ---------------------- mean loss : 4.25881  ---------------------- 

2021-04-01 11:16:13,794 - Starting Validation
2021-04-01 11:16:47,515 - 
                     ------- validation -------            

2021-04-01 11:16:47,515 - 	 NCE 	 MSE 	 MASK MSE 	 MAPPING MSE
2021-04-01 11:16:47,515 - 	 0.2838  	 0.1475  	 0.0176 	 0.5203
2021-04-01 11:16:47,515 - -------------------------------
Validation Epoch: 142 	Accuracy: 2742.0000	Loss: 179.651547
------------------
2021-04-01 11:16:47,515 - #### End epoch 142/1000, elapsed time: 248.32070699706674
2021-04-01 11:16:47,516 - 
 --------------------------- epoch 143 ------------------------- 

2021-04-01 11:16:47,516 - weights are [1, 1, 1, 3]
2021-04-01 11:16:51,434 - 	 4.35559 0.00030
2021-04-01 11:18:01,937 - 	 1.65223 0.00030
2021-04-01 11:19:19,399 - 	 1.85670 0.00030
2021-04-01 11:20:49,401 - 	 4.08235 0.00030
2021-04-01 11:20:53,979 - 
 ---------------------- mean loss : 5.41838  ---------------------- 

2021-04-01 11:20:53,979 - Starting Validation
2021-04-01 11:21:15,568 - 
                     ------- validation -------            

2021-04-01 11:21:15,568 - 	 NCE 	 MSE 	 MASK MSE 	 MAPPING MSE
2021-04-01 11:21:15,568 - 	 0.3132  	 0.1228  	 0.0206 	 0.3974
2021-04-01 11:21:15,568 - -------------------------------
Validation Epoch: 143 	Accuracy: 2708.0000	Loss: 171.696194
------------------
2021-04-01 11:21:15,600 - Snapshot saved to /home/shuying/CPAE/logs/cpc/CPAELSTM44/st_lr_3e-4-2021-04-01_11_08_29-model_best.pth

2021-04-01 11:21:15,600 - model got improved for this run, but did not surpass previous though, please take changes of hyper parameters into consideration
2021-04-01 11:21:15,600 - #### End epoch 143/1000, elapsed time: 268.0844813277945
2021-04-01 11:21:15,600 - 
 --------------------------- epoch 144 ------------------------- 

2021-04-01 11:21:15,600 - weights are [1, 1, 1, 3]
2021-04-01 11:21:20,004 - 	 2.68083 0.00030
2021-04-01 11:22:49,824 - 	 1.69327 0.00030
2021-04-01 11:24:19,329 - 	 2.24928 0.00030
2021-04-01 11:25:45,779 - 	 3.27938 0.00030
2021-04-01 11:25:50,264 - 
 ---------------------- mean loss : 4.30102  ---------------------- 

2021-04-01 11:25:50,265 - Starting Validation
2021-04-01 11:26:11,740 - 
                     ------- validation -------            

2021-04-01 11:26:11,740 - 	 NCE 	 MSE 	 MASK MSE 	 MAPPING MSE
2021-04-01 11:26:11,740 - 	 0.3286  	 0.1457  	 0.0181 	 0.5295
2021-04-01 11:26:11,740 - -------------------------------
Validation Epoch: 144 	Accuracy: 2665.0000	Loss: 196.112451
------------------
2021-04-01 11:26:11,740 - #### End epoch 144/1000, elapsed time: 296.1403235765174
2021-04-01 11:26:11,741 - 
 --------------------------- epoch 145 ------------------------- 

2021-04-01 11:26:11,741 - weights are [1, 1, 1, 3]
2021-04-01 11:26:16,026 - 	 1.93455 0.00030
2021-04-01 11:27:45,215 - 	 3.55304 0.00030
2021-04-01 11:29:18,212 - 	 2.52809 0.00030
2021-04-01 11:30:47,495 - 	 1.66630 0.00030
2021-04-01 11:30:52,003 - 
 ---------------------- mean loss : 4.61497  ---------------------- 

2021-04-01 11:30:52,003 - Starting Validation
2021-04-01 11:31:12,766 - 
                     ------- validation -------            

2021-04-01 11:31:12,768 - 	 NCE 	 MSE 	 MASK MSE 	 MAPPING MSE
2021-04-01 11:31:12,768 - 	 0.3515  	 0.1586  	 0.0181 	 0.5709
2021-04-01 11:31:12,768 - -------------------------------
Validation Epoch: 145 	Accuracy: 2646.0000	Loss: 210.382139
------------------
2021-04-01 11:31:12,768 - #### End epoch 145/1000, elapsed time: 301.02748610265553
2021-04-01 11:31:12,768 - 
 --------------------------- epoch 146 ------------------------- 

2021-04-01 11:31:12,768 - weights are [1, 1, 1, 3]
2021-04-01 11:31:17,125 - 	 3.24458 0.00030
2021-04-01 11:32:53,134 - 	 2.73879 0.00030
2021-04-01 11:34:21,490 - 	 2.23227 0.00030
2021-04-01 11:35:52,071 - 	 3.27029 0.00030
2021-04-01 11:35:56,551 - 
 ---------------------- mean loss : 4.43756  ---------------------- 

2021-04-01 11:35:56,551 - Starting Validation
2021-04-01 11:36:18,261 - 
                     ------- validation -------            

2021-04-01 11:36:18,261 - 	 NCE 	 MSE 	 MASK MSE 	 MAPPING MSE
2021-04-01 11:36:18,261 - 	 0.2948  	 0.1192  	 0.0175 	 0.3849
2021-04-01 11:36:18,261 - -------------------------------
Validation Epoch: 146 	Accuracy: 2722.0000	Loss: 163.048441
------------------
2021-04-01 11:36:18,294 - Snapshot saved to /home/shuying/CPAE/logs/cpc/CPAELSTM44/st_lr_3e-4-2021-04-01_11_08_29-model_best.pth

2021-04-01 11:36:18,294 - model got improved for this run, but did not surpass previous though, please take changes of hyper parameters into consideration
2021-04-01 11:36:18,294 - #### End epoch 146/1000, elapsed time: 305.5264498414472
2021-04-01 11:36:18,295 - 
 --------------------------- epoch 147 ------------------------- 

2021-04-01 11:36:18,295 - weights are [1, 1, 1, 3]
2021-04-01 11:36:22,247 - 	 2.97768 0.00030
2021-04-01 11:37:50,081 - 	 2.52468 0.00030
2021-04-01 11:39:25,511 - 	 3.39580 0.00030
2021-04-01 11:40:52,489 - 	 1.95930 0.00030
2021-04-01 11:40:55,817 - 
 ---------------------- mean loss : 4.35889  ---------------------- 

2021-04-01 11:40:55,817 - Starting Validation
2021-04-01 11:41:31,421 - 
                     ------- validation -------            

2021-04-01 11:41:31,421 - 	 NCE 	 MSE 	 MASK MSE 	 MAPPING MSE
2021-04-01 11:41:31,421 - 	 0.3176  	 0.1241  	 0.0232 	 0.4115
2021-04-01 11:41:31,421 - -------------------------------
Validation Epoch: 147 	Accuracy: 2688.0000	Loss: 175.563786
------------------
2021-04-01 11:41:31,421 - #### End epoch 147/1000, elapsed time: 313.1265870342031
2021-04-01 11:41:31,421 - 
 --------------------------- epoch 148 ------------------------- 

2021-04-01 11:41:31,421 - weights are [1, 1, 1, 3]
2021-04-01 11:41:35,129 - 	 3.18548 0.00030
2021-04-01 11:43:04,874 - 	 4.32313 0.00030
2021-04-01 11:44:38,276 - 	 1.73120 0.00030
2021-04-01 11:46:07,665 - 	 2.57402 0.00030
2021-04-01 11:46:12,251 - 
 ---------------------- mean loss : 5.36232  ---------------------- 

2021-04-01 11:46:12,251 - Starting Validation
2021-04-01 11:46:34,236 - 
                     ------- validation -------            

2021-04-01 11:46:34,236 - 	 NCE 	 MSE 	 MASK MSE 	 MAPPING MSE
2021-04-01 11:46:34,236 - 	 0.3195  	 0.1637  	 0.0176 	 0.5833
2021-04-01 11:46:34,236 - -------------------------------
Validation Epoch: 148 	Accuracy: 2696.0000	Loss: 201.470018
------------------
2021-04-01 11:46:34,236 - #### End epoch 148/1000, elapsed time: 302.8151074182242
2021-04-01 11:46:34,236 - 
 --------------------------- epoch 149 ------------------------- 

2021-04-01 11:46:34,236 - weights are [1, 1, 1, 3]
2021-04-01 11:46:38,428 - 	 2.74149 0.00030
2021-04-01 11:48:10,727 - 	 2.34727 0.00030
2021-04-01 11:49:39,799 - 	 2.35902 0.00030
2021-04-01 11:51:12,101 - 	 2.46872 0.00030
2021-04-01 11:51:16,693 - 
 ---------------------- mean loss : 4.15840  ---------------------- 

2021-04-01 11:51:16,693 - Starting Validation
2021-04-01 11:51:38,915 - 
                     ------- validation -------            

2021-04-01 11:51:38,915 - 	 NCE 	 MSE 	 MASK MSE 	 MAPPING MSE
2021-04-01 11:51:38,915 - 	 0.2975  	 0.2240  	 0.0177 	 0.8595
2021-04-01 11:51:38,916 - -------------------------------
Validation Epoch: 149 	Accuracy: 2707.0000	Loss: 235.686675
------------------
2021-04-01 11:51:38,916 - #### End epoch 149/1000, elapsed time: 304.6793265985325
2021-04-01 11:51:38,916 - 
 --------------------------- epoch 150 ------------------------- 

2021-04-01 11:51:38,916 - weights are [1, 1, 1, 3]
2021-04-01 11:51:42,835 - 	 4.12708 0.00030
2021-04-01 11:53:12,144 - 	 3.06836 0.00030
2021-04-01 11:54:48,089 - 	 2.10565 0.00030
2021-04-01 11:56:16,833 - 	 2.78554 0.00030
2021-04-01 11:56:21,207 - 
 ---------------------- mean loss : 4.39231  ---------------------- 

2021-04-01 11:56:21,207 - Starting Validation
2021-04-01 11:56:43,086 - 
                     ------- validation -------            

2021-04-01 11:56:43,086 - 	 NCE 	 MSE 	 MASK MSE 	 MAPPING MSE
2021-04-01 11:56:43,086 - 	 0.2711  	 0.1412  	 0.0174 	 0.5122
2021-04-01 11:56:43,086 - -------------------------------
Validation Epoch: 150 	Accuracy: 2745.0000	Loss: 173.818881
------------------
2021-04-01 11:56:43,113 - Snapshot saved to /home/shuying/CPAE/logs/cpc/CPAELSTM44/st_lr_3e-4-2021-04-01_11_08_29-model_best.pth

2021-04-01 11:56:43,114 - Best model updated in 'st_lr_3e-4.ini'! !!!!!!!!!
2021-04-01 11:56:43,114 - #### End epoch 150/1000, elapsed time: 304.1983221825212
2021-04-01 11:56:43,114 - 
 --------------------------- epoch 151 ------------------------- 

2021-04-01 11:56:43,114 - weights are [1, 1, 1, 3]
2021-04-01 11:56:48,493 - 	 3.33383 0.00030
2021-04-01 11:58:25,582 - 	 1.63690 0.00030
2021-04-01 11:59:51,053 - 	 3.50174 0.00030
2021-04-01 12:01:27,339 - 	 3.26164 0.00030
2021-04-01 12:01:31,880 - 
 ---------------------- mean loss : 3.83556  ---------------------- 

2021-04-01 12:01:31,880 - Starting Validation
2021-04-01 12:01:54,037 - 
                     ------- validation -------            

2021-04-01 12:01:54,037 - 	 NCE 	 MSE 	 MASK MSE 	 MAPPING MSE
2021-04-01 12:01:54,037 - 	 0.3061  	 0.1973  	 0.0234 	 0.7542
2021-04-01 12:01:54,037 - -------------------------------
Validation Epoch: 151 	Accuracy: 2718.0000	Loss: 223.259054
------------------
2021-04-01 12:01:54,037 - #### End epoch 151/1000, elapsed time: 310.9232194861397
2021-04-01 12:01:54,038 - 
 --------------------------- epoch 152 ------------------------- 

2021-04-01 12:01:54,038 - weights are [1, 1, 1, 3]
2021-04-01 12:01:57,609 - 	 1.83379 0.00030
2021-04-01 12:03:28,783 - 	 1.72641 0.00030
2021-04-01 12:04:56,930 - 	 2.45044 0.00030
2021-04-01 12:06:25,524 - 	 1.30619 0.00030
2021-04-01 12:06:30,013 - 
 ---------------------- mean loss : 4.49579  ---------------------- 

2021-04-01 12:06:30,013 - Starting Validation
2021-04-01 12:06:51,786 - 
                     ------- validation -------            

2021-04-01 12:06:51,786 - 	 NCE 	 MSE 	 MASK MSE 	 MAPPING MSE
2021-04-01 12:06:51,786 - 	 0.3079  	 0.1657  	 0.0177 	 0.5789
2021-04-01 12:06:51,786 - -------------------------------
Validation Epoch: 152 	Accuracy: 2705.0000	Loss: 197.085411
------------------
2021-04-01 12:06:51,786 - #### End epoch 152/1000, elapsed time: 297.7489270456135
2021-04-01 12:06:51,787 - 
 --------------------------- epoch 153 ------------------------- 

2021-04-01 12:06:51,787 - weights are [1, 1, 1, 3]
2021-04-01 12:06:55,483 - 	 3.53081 0.00030
2021-04-01 12:08:25,215 - 	 3.00418 0.00030
2021-04-01 12:09:52,734 - 	 1.64316 0.00030
2021-04-01 12:11:20,915 - 	 1.68517 0.00030
2021-04-01 12:11:25,436 - 
 ---------------------- mean loss : 4.38476  ---------------------- 

2021-04-01 12:11:25,437 - Starting Validation
2021-04-01 12:11:47,318 - 
                     ------- validation -------            

2021-04-01 12:11:47,318 - 	 NCE 	 MSE 	 MASK MSE 	 MAPPING MSE
2021-04-01 12:11:47,319 - 	 0.3159  	 0.1176  	 0.0204 	 0.3790
2021-04-01 12:11:47,319 - -------------------------------
Validation Epoch: 153 	Accuracy: 2680.0000	Loss: 169.736171
------------------
2021-04-01 12:11:47,319 - #### End epoch 153/1000, elapsed time: 295.5322424247861
2021-04-01 12:11:47,319 - 
 --------------------------- epoch 154 ------------------------- 

2021-04-01 12:11:47,319 - weights are [1, 1, 1, 3]
2021-04-01 12:11:51,440 - 	 2.62489 0.00030
2021-04-01 12:13:21,918 - 	 3.26077 0.00030
2021-04-01 12:14:49,915 - 	 2.17484 0.00030
2021-04-01 12:16:20,637 - 	 3.12382 0.00030
2021-04-01 12:16:25,259 - 
 ---------------------- mean loss : 4.39971  ---------------------- 

2021-04-01 12:16:25,259 - Starting Validation
2021-04-01 12:16:47,341 - 
                     ------- validation -------            

2021-04-01 12:16:47,341 - 	 NCE 	 MSE 	 MASK MSE 	 MAPPING MSE
2021-04-01 12:16:47,341 - 	 0.3084  	 0.2142  	 0.0177 	 0.8340
2021-04-01 12:16:47,341 - -------------------------------
Validation Epoch: 154 	Accuracy: 2739.0000	Loss: 235.247628
------------------
2021-04-01 12:16:47,374 - Snapshot saved to /home/shuying/CPAE/logs/cpc/CPAELSTM44/st_lr_3e-4-2021-04-01_11_08_29-model_best.pth

2021-04-01 12:16:47,375 - model got improved for this run, but did not surpass previous though, please take changes of hyper parameters into consideration
2021-04-01 12:16:47,375 - #### End epoch 154/1000, elapsed time: 300.05611602403224
2021-04-01 12:16:47,375 - 
 --------------------------- epoch 155 ------------------------- 

2021-04-01 12:16:47,375 - weights are [1, 1, 1, 3]
2021-04-01 12:16:52,542 - 	 1.79149 0.00030
2021-04-01 12:18:20,509 - 	 2.05277 0.00030
2021-04-01 12:19:49,054 - 	 3.38367 0.00030
2021-04-01 12:21:15,801 - 	 1.84156 0.00030
2021-04-01 12:21:20,151 - 
 ---------------------- mean loss : 4.04098  ---------------------- 

2021-04-01 12:21:20,151 - Starting Validation
2021-04-01 12:21:46,864 - 
                     ------- validation -------            

2021-04-01 12:21:46,864 - 	 NCE 	 MSE 	 MASK MSE 	 MAPPING MSE
2021-04-01 12:21:46,864 - 	 0.2735  	 0.1281  	 0.0174 	 0.4292
2021-04-01 12:21:46,864 - -------------------------------
Validation Epoch: 155 	Accuracy: 2755.0000	Loss: 162.435633
------------------
2021-04-01 12:21:46,896 - Snapshot saved to /home/shuying/CPAE/logs/cpc/CPAELSTM44/st_lr_3e-4-2021-04-01_11_08_29-model_best.pth

2021-04-01 12:21:46,896 - Best model updated in 'st_lr_3e-4.ini'! !!!!!!!!!
2021-04-01 12:21:46,897 - #### End epoch 155/1000, elapsed time: 299.52174432203174
2021-04-01 12:21:46,897 - 
 --------------------------- epoch 156 ------------------------- 

2021-04-01 12:21:46,897 - weights are [1, 1, 1, 3]
2021-04-01 12:21:50,674 - 	 1.72844 0.00030
2021-04-01 12:23:18,421 - 	 2.33962 0.00030
2021-04-01 12:24:46,379 - 	 35.02245 0.00030
2021-04-01 12:26:13,929 - 	 2.79419 0.00030
2021-04-01 12:26:18,520 - 
 ---------------------- mean loss : 4.23209  ---------------------- 

2021-04-01 12:26:18,520 - Starting Validation
2021-04-01 12:26:40,754 - 
                     ------- validation -------            

2021-04-01 12:26:40,755 - 	 NCE 	 MSE 	 MASK MSE 	 MAPPING MSE
2021-04-01 12:26:40,755 - 	 0.2930  	 0.1246  	 0.0176 	 0.4135
2021-04-01 12:26:40,755 - -------------------------------
Validation Epoch: 156 	Accuracy: 2709.0000	Loss: 166.721273
------------------
2021-04-01 12:26:40,755 - #### End epoch 156/1000, elapsed time: 293.8582349186763
2021-04-01 12:26:40,755 - 
 --------------------------- epoch 157 ------------------------- 

2021-04-01 12:26:40,755 - weights are [1, 1, 1, 3]
2021-04-01 12:26:43,898 - 	 3.21077 0.00030
2021-04-01 12:28:13,413 - 	 2.05564 0.00030
2021-04-01 12:29:41,112 - 	 2.81265 0.00030
2021-04-01 12:31:10,478 - 	 1.74132 0.00030
2021-04-01 12:31:14,539 - 
 ---------------------- mean loss : 4.28050  ---------------------- 

2021-04-01 12:31:14,539 - Starting Validation
2021-04-01 12:31:37,431 - 
                     ------- validation -------            

2021-04-01 12:31:37,431 - 	 NCE 	 MSE 	 MASK MSE 	 MAPPING MSE
2021-04-01 12:31:37,431 - 	 0.2883  	 0.1180  	 0.0205 	 0.3863
2021-04-01 12:31:37,431 - -------------------------------
Validation Epoch: 157 	Accuracy: 2722.0000	Loss: 161.388734
------------------
2021-04-01 12:31:37,431 - #### End epoch 157/1000, elapsed time: 296.6763367159292
2021-04-01 12:31:37,431 - 
 --------------------------- epoch 158 ------------------------- 

2021-04-01 12:31:37,432 - weights are [1, 1, 1, 3]
2021-04-01 12:31:45,057 - 	 2.43627 0.00030
2021-04-01 12:33:13,375 - 	 2.45030 0.00030
2021-04-01 12:34:43,782 - 	 2.13238 0.00030
2021-04-01 12:36:09,983 - 	 1.59858 0.00030
2021-04-01 12:36:14,086 - 
 ---------------------- mean loss : 4.13477  ---------------------- 

2021-04-01 12:36:14,086 - Starting Validation
2021-04-01 12:36:42,075 - 
                     ------- validation -------            

2021-04-01 12:36:42,075 - 	 NCE 	 MSE 	 MASK MSE 	 MAPPING MSE
2021-04-01 12:36:42,075 - 	 0.2958  	 0.1246  	 0.0173 	 0.4850
2021-04-01 12:36:42,075 - -------------------------------
Validation Epoch: 158 	Accuracy: 2743.0000	Loss: 177.358291
------------------
2021-04-01 12:36:42,105 - Snapshot saved to /home/shuying/CPAE/logs/cpc/CPAELSTM44/st_lr_3e-4-2021-04-01_11_08_29-model_best.pth

2021-04-01 12:36:42,105 - model got improved for this run, but did not surpass previous though, please take changes of hyper parameters into consideration
2021-04-01 12:36:42,105 - #### End epoch 158/1000, elapsed time: 304.67404562048614
2021-04-01 12:36:42,106 - 
 --------------------------- epoch 159 ------------------------- 

2021-04-01 12:36:42,106 - weights are [1, 1, 1, 3]
2021-04-01 12:36:46,186 - 	 1.77343 0.00030
2021-04-01 12:38:16,272 - 	 1.51756 0.00030
2021-04-01 12:39:45,287 - 	 3.00864 0.00030
2021-04-01 12:41:12,122 - 	 1.71251 0.00030
2021-04-01 12:41:16,212 - 
 ---------------------- mean loss : 3.94564  ---------------------- 

2021-04-01 12:41:16,212 - Starting Validation
2021-04-01 12:41:41,907 - 
                     ------- validation -------            

2021-04-01 12:41:41,907 - 	 NCE 	 MSE 	 MASK MSE 	 MAPPING MSE
2021-04-01 12:41:41,907 - 	 0.2752  	 0.1132  	 0.0202 	 0.3767
2021-04-01 12:41:41,907 - -------------------------------
Validation Epoch: 159 	Accuracy: 2752.0000	Loss: 155.263308
------------------
2021-04-01 12:41:41,940 - Snapshot saved to /home/shuying/CPAE/logs/cpc/CPAELSTM44/st_lr_3e-4-2021-04-01_11_08_29-model_best.pth

2021-04-01 12:41:41,940 - model got improved for this run, but did not surpass previous though, please take changes of hyper parameters into consideration
2021-04-01 12:41:41,940 - #### End epoch 159/1000, elapsed time: 299.8345920499414
2021-04-01 12:41:41,940 - 
 --------------------------- epoch 160 ------------------------- 

2021-04-01 12:41:41,940 - weights are [1, 1, 1, 3]
2021-04-01 12:41:45,837 - 	 3.68813 0.00030
2021-04-01 12:43:13,315 - 	 2.49968 0.00030
2021-04-01 12:44:41,005 - 	 2.78420 0.00030
2021-04-01 12:46:08,238 - 	 3.71150 0.00030
2021-04-01 12:46:12,448 - 
 ---------------------- mean loss : 3.75305  ---------------------- 

2021-04-01 12:46:12,448 - Starting Validation
2021-04-01 12:46:38,519 - 
                     ------- validation -------            

2021-04-01 12:46:38,519 - 	 NCE 	 MSE 	 MASK MSE 	 MAPPING MSE
2021-04-01 12:46:38,519 - 	 0.3327  	 0.1216  	 0.0180 	 0.3859
2021-04-01 12:46:38,519 - -------------------------------
Validation Epoch: 160 	Accuracy: 2660.0000	Loss: 176.327559
------------------
2021-04-01 12:46:38,519 - #### End epoch 160/1000, elapsed time: 296.57931083254516
2021-04-01 12:46:38,520 - 
 --------------------------- epoch 161 ------------------------- 

2021-04-01 12:46:38,520 - weights are [1, 1, 1, 3]
2021-04-01 12:46:42,605 - 	 3.16822 0.00030
2021-04-01 12:48:11,665 - 	 2.88971 0.00030
2021-04-01 12:49:42,208 - 	 2.14999 0.00030
2021-04-01 12:51:09,112 - 	 4.75041 0.00030
2021-04-01 12:51:14,428 - 
 ---------------------- mean loss : 4.02902  ---------------------- 

2021-04-01 12:51:14,428 - Starting Validation
2021-04-01 12:51:36,698 - 
                     ------- validation -------            

2021-04-01 12:51:36,698 - 	 NCE 	 MSE 	 MASK MSE 	 MAPPING MSE
2021-04-01 12:51:36,699 - 	 0.2817  	 0.1167  	 0.0174 	 0.3764
2021-04-01 12:51:36,699 - -------------------------------
Validation Epoch: 161 	Accuracy: 2763.0000	Loss: 157.255275
------------------
2021-04-01 12:51:36,732 - Snapshot saved to /home/shuying/CPAE/logs/cpc/CPAELSTM44/st_lr_3e-4-2021-04-01_11_08_29-model_best.pth

2021-04-01 12:51:36,733 - Best model updated in 'st_lr_3e-4.ini'! !!!!!!!!!
2021-04-01 12:51:36,733 - #### End epoch 161/1000, elapsed time: 298.2138378126547
2021-04-01 12:51:36,733 - 
 --------------------------- epoch 162 ------------------------- 

2021-04-01 12:51:36,734 - weights are [1, 1, 1, 3]
2021-04-01 12:51:40,993 - 	 3.03748 0.00030
2021-04-01 12:53:08,300 - 	 1.70562 0.00030
2021-04-01 12:54:38,078 - 	 1.89918 0.00030
2021-04-01 12:56:04,442 - 	 1.54359 0.00030
2021-04-01 12:56:09,842 - 
 ---------------------- mean loss : 5.18227  ---------------------- 

2021-04-01 12:56:09,842 - Starting Validation
2021-04-01 12:56:34,620 - 
                     ------- validation -------            

2021-04-01 12:56:34,620 - 	 NCE 	 MSE 	 MASK MSE 	 MAPPING MSE
2021-04-01 12:56:34,620 - 	 0.2715  	 0.1238  	 0.0174 	 0.4183
2021-04-01 12:56:34,620 - -------------------------------
Validation Epoch: 162 	Accuracy: 2729.0000	Loss: 159.965366
------------------
2021-04-01 12:56:34,620 - #### End epoch 162/1000, elapsed time: 297.8870291793719
2021-04-01 12:56:34,621 - 
 --------------------------- epoch 163 ------------------------- 

2021-04-01 12:56:34,621 - weights are [1, 1, 1, 3]
2021-04-01 12:56:38,993 - 	 1.25243 0.00030
2021-04-01 12:58:06,288 - 	 1.74986 0.00030
2021-04-01 12:59:36,082 - 	 1.40903 0.00030
2021-04-01 13:01:03,099 - 	 2.74626 0.00030
2021-04-01 13:01:07,415 - 
 ---------------------- mean loss : 3.79337  ---------------------- 

2021-04-01 13:01:07,415 - Starting Validation
2021-04-01 13:01:34,638 - 
                     ------- validation -------            

2021-04-01 13:01:34,638 - 	 NCE 	 MSE 	 MASK MSE 	 MAPPING MSE
2021-04-01 13:01:34,638 - 	 0.2889  	 0.1985  	 0.0205 	 0.7179
2021-04-01 13:01:34,638 - -------------------------------
Validation Epoch: 163 	Accuracy: 2713.0000	Loss: 212.134005
------------------
2021-04-01 13:01:34,638 - #### End epoch 163/1000, elapsed time: 300.0176106477156
2021-04-01 13:01:34,638 - 
 --------------------------- epoch 164 ------------------------- 

2021-04-01 13:01:34,638 - weights are [1, 1, 1, 3]
2021-04-01 13:01:38,397 - 	 1.28047 0.00030
2021-04-01 13:03:06,894 - 	 1.68565 0.00030
2021-04-01 13:04:36,133 - 	 1.92153 0.00030
2021-04-01 13:06:05,050 - 	 3.16535 0.00030
2021-04-01 13:06:09,617 - 
 ---------------------- mean loss : 4.25074  ---------------------- 

2021-04-01 13:06:09,617 - Starting Validation
2021-04-01 13:06:31,625 - 
                     ------- validation -------            

2021-04-01 13:06:31,626 - 	 NCE 	 MSE 	 MASK MSE 	 MAPPING MSE
2021-04-01 13:06:31,626 - 	 0.3108  	 0.1688  	 0.0174 	 0.6244
2021-04-01 13:06:31,626 - -------------------------------
Validation Epoch: 164 	Accuracy: 2714.0000	Loss: 204.424321
------------------
2021-04-01 13:06:31,626 - #### End epoch 164/1000, elapsed time: 296.9878821345046
2021-04-01 13:06:31,626 - 
 --------------------------- epoch 165 ------------------------- 

2021-04-01 13:06:31,626 - weights are [1, 1, 1, 3]
2021-04-01 13:06:35,533 - 	 2.57047 0.00030
2021-04-01 13:08:04,237 - 	 3.13383 0.00030
2021-04-01 13:09:33,986 - 	 2.54016 0.00030
2021-04-01 13:11:01,301 - 	 3.37144 0.00030
2021-04-01 13:11:05,863 - 
 ---------------------- mean loss : 4.22243  ---------------------- 

2021-04-01 13:11:05,863 - Starting Validation
2021-04-01 13:11:27,472 - 
                     ------- validation -------            

2021-04-01 13:11:27,472 - 	 NCE 	 MSE 	 MASK MSE 	 MAPPING MSE
2021-04-01 13:11:27,472 - 	 0.2986  	 0.1876  	 0.0174 	 0.6914
2021-04-01 13:11:27,472 - -------------------------------
Validation Epoch: 165 	Accuracy: 2712.0000	Loss: 210.668581
------------------
2021-04-01 13:11:27,472 - #### End epoch 165/1000, elapsed time: 295.8463880494237
2021-04-01 13:11:27,473 - 
 --------------------------- epoch 166 ------------------------- 

2021-04-01 13:11:27,473 - weights are [1, 1, 1, 3]
2021-04-01 13:11:31,066 - 	 1.84379 0.00030
2021-04-01 13:12:59,491 - 	 1.91903 0.00030
2021-04-01 13:14:29,067 - 	 3.05509 0.00030
2021-04-01 13:15:57,277 - 	 1.94450 0.00030
2021-04-01 13:16:01,371 - 
 ---------------------- mean loss : 4.00232  ---------------------- 

2021-04-01 13:16:01,371 - Starting Validation
2021-04-01 13:16:27,290 - 
                     ------- validation -------            

2021-04-01 13:16:27,290 - 	 NCE 	 MSE 	 MASK MSE 	 MAPPING MSE
2021-04-01 13:16:27,291 - 	 0.2707  	 0.2074  	 0.0175 	 0.8305
2021-04-01 13:16:27,291 - -------------------------------
Validation Epoch: 166 	Accuracy: 2738.0000	Loss: 221.450571
------------------
2021-04-01 13:16:27,291 - #### End epoch 166/1000, elapsed time: 299.81829977501184
2021-04-01 13:16:27,291 - 
 --------------------------- epoch 167 ------------------------- 

2021-04-01 13:16:27,291 - weights are [1, 1, 1, 3]
2021-04-01 13:16:31,306 - 	 2.15032 0.00030
2021-04-01 13:18:02,305 - 	 1.61314 0.00030
2021-04-01 13:19:28,547 - 	 1.88268 0.00030
2021-04-01 13:20:59,373 - 	 2.09875 0.00030
2021-04-01 13:21:03,922 - 
 ---------------------- mean loss : 4.18412  ---------------------- 

2021-04-01 13:21:03,922 - Starting Validation
2021-04-01 13:21:25,810 - 
                     ------- validation -------            

2021-04-01 13:21:25,810 - 	 NCE 	 MSE 	 MASK MSE 	 MAPPING MSE
2021-04-01 13:21:25,810 - 	 0.2996  	 0.1562  	 0.0202 	 0.5556
2021-04-01 13:21:25,810 - -------------------------------
Validation Epoch: 167 	Accuracy: 2712.0000	Loss: 190.804447
------------------
2021-04-01 13:21:25,810 - #### End epoch 167/1000, elapsed time: 298.51975119300187
2021-04-01 13:21:25,811 - 
 --------------------------- epoch 168 ------------------------- 

2021-04-01 13:21:25,811 - weights are [1, 1, 1, 3]
2021-04-01 13:21:29,412 - 	 2.16097 0.00030
2021-04-01 13:22:57,087 - 	 2.66414 0.00030
2021-04-01 13:24:24,683 - 	 2.45531 0.00030
2021-04-01 13:25:52,485 - 	 2.66071 0.00030
2021-04-01 13:25:57,013 - 
 ---------------------- mean loss : 4.15555  ---------------------- 

2021-04-01 13:25:57,014 - Starting Validation
2021-04-01 13:26:18,155 - 
                     ------- validation -------            

2021-04-01 13:26:18,155 - 	 NCE 	 MSE 	 MASK MSE 	 MAPPING MSE
2021-04-01 13:26:18,156 - 	 0.2837  	 0.2120  	 0.0172 	 0.8272
2021-04-01 13:26:18,156 - -------------------------------
Validation Epoch: 168 	Accuracy: 2747.0000	Loss: 225.692276
------------------
2021-04-01 13:26:18,156 - #### End epoch 168/1000, elapsed time: 292.34514298290014
2021-04-01 13:26:18,156 - 
 --------------------------- epoch 169 ------------------------- 

2021-04-01 13:26:18,156 - weights are [1, 1, 1, 3]
2021-04-01 13:26:22,066 - 	 3.79822 0.00030
2021-04-01 13:27:52,668 - 	 2.12880 0.00030
2021-04-01 13:29:21,653 - 	 3.34715 0.00030
2021-04-01 13:30:51,145 - 	 1.85828 0.00030
2021-04-01 13:30:55,940 - 
 ---------------------- mean loss : 4.00176  ---------------------- 

2021-04-01 13:30:55,940 - Starting Validation
2021-04-01 13:31:21,701 - 
                     ------- validation -------            

2021-04-01 13:31:21,702 - 	 NCE 	 MSE 	 MASK MSE 	 MAPPING MSE
2021-04-01 13:31:21,703 - 	 0.2918  	 0.1884  	 0.0232 	 0.6808
2021-04-01 13:31:21,703 - -------------------------------
Validation Epoch: 169 	Accuracy: 2725.0000	Loss: 207.754339
------------------
2021-04-01 13:31:21,703 - #### End epoch 169/1000, elapsed time: 303.54702332336456
2021-04-01 13:31:21,703 - 
 --------------------------- epoch 170 ------------------------- 

2021-04-01 13:31:21,703 - weights are [1, 1, 1, 3]
2021-04-01 13:31:27,139 - 	 2.51770 0.00030
2021-04-01 13:32:57,270 - 	 2.69852 0.00030
2021-04-01 13:34:26,168 - 	 16.97860 0.00030
2021-04-01 13:35:53,694 - 	 3.34863 0.00030
2021-04-01 13:35:58,161 - 
 ---------------------- mean loss : 4.34668  ---------------------- 

2021-04-01 13:35:58,161 - Starting Validation
2021-04-01 13:36:19,915 - 
                     ------- validation -------            

2021-04-01 13:36:19,915 - 	 NCE 	 MSE 	 MASK MSE 	 MAPPING MSE
2021-04-01 13:36:19,915 - 	 0.2799  	 0.1732  	 0.0173 	 0.5814
2021-04-01 13:36:19,915 - -------------------------------
Validation Epoch: 170 	Accuracy: 2760.0000	Loss: 188.359431
------------------
2021-04-01 13:36:19,946 - Snapshot saved to /home/shuying/CPAE/logs/cpc/CPAELSTM44/st_lr_3e-4-2021-04-01_11_08_29-model_best.pth

2021-04-01 13:36:19,946 - model got improved for this run, but did not surpass previous though, please take changes of hyper parameters into consideration
2021-04-01 13:36:19,946 - #### End epoch 170/1000, elapsed time: 298.2429961822927
2021-04-01 13:36:19,946 - 
 --------------------------- epoch 171 ------------------------- 

2021-04-01 13:36:19,946 - weights are [1, 1, 1, 3]
2021-04-01 13:36:23,664 - 	 2.27455 0.00030
2021-04-01 13:37:52,946 - 	 1.65880 0.00030
2021-04-01 13:39:21,584 - 	 2.34555 0.00030
2021-04-01 13:40:47,521 - 	 3.93799 0.00030
2021-04-01 13:40:52,079 - 
 ---------------------- mean loss : 3.75367  ---------------------- 

2021-04-01 13:40:52,079 - Starting Validation
2021-04-01 13:41:13,814 - 
                     ------- validation -------            

2021-04-01 13:41:13,814 - 	 NCE 	 MSE 	 MASK MSE 	 MAPPING MSE
2021-04-01 13:41:13,814 - 	 0.3246  	 0.2015  	 0.0207 	 0.7024
2021-04-01 13:41:13,814 - -------------------------------
Validation Epoch: 171 	Accuracy: 2666.0000	Loss: 222.387550
------------------
2021-04-01 13:41:13,814 - #### End epoch 171/1000, elapsed time: 293.86834740731865
2021-04-01 13:41:13,814 - 
 --------------------------- epoch 172 ------------------------- 

2021-04-01 13:41:13,815 - weights are [1, 1, 1, 3]
2021-04-01 13:41:18,124 - 	 2.03721 0.00030
2021-04-01 13:42:46,148 - 	 2.13088 0.00030
2021-04-01 13:44:15,793 - 	 2.05117 0.00030
2021-04-01 13:45:43,532 - 	 2.75502 0.00030
2021-04-01 13:45:48,668 - 
 ---------------------- mean loss : 4.18363  ---------------------- 

2021-04-01 13:45:48,669 - Starting Validation
2021-04-01 13:46:15,593 - 
                     ------- validation -------            

2021-04-01 13:46:15,593 - 	 NCE 	 MSE 	 MASK MSE 	 MAPPING MSE
2021-04-01 13:46:15,593 - 	 0.2984  	 0.1315  	 0.0173 	 0.4696
2021-04-01 13:46:15,593 - -------------------------------
Validation Epoch: 172 	Accuracy: 2720.0000	Loss: 176.645556
------------------
2021-04-01 13:46:15,593 - #### End epoch 172/1000, elapsed time: 301.77886968664825
2021-04-01 13:46:15,593 - 
 --------------------------- epoch 173 ------------------------- 

2021-04-01 13:46:15,593 - weights are [1, 1, 1, 3]
2021-04-01 13:46:20,980 - 	 1.76556 0.00030
2021-04-01 13:47:51,023 - 	 4.49960 0.00030
2021-04-01 13:49:20,681 - 	 2.38645 0.00030
2021-04-01 13:50:48,616 - 	 3.23967 0.00030
2021-04-01 13:50:53,222 - 
 ---------------------- mean loss : 3.97975  ---------------------- 

2021-04-01 13:50:53,223 - Starting Validation
2021-04-01 13:51:15,436 - 
                     ------- validation -------            

2021-04-01 13:51:15,436 - 	 NCE 	 MSE 	 MASK MSE 	 MAPPING MSE
2021-04-01 13:51:15,436 - 	 0.2797  	 0.1770  	 0.0197 	 0.6317
2021-04-01 13:51:15,436 - -------------------------------
Validation Epoch: 173 	Accuracy: 2795.0000	Loss: 195.747230
------------------
2021-04-01 13:51:15,467 - Snapshot saved to /home/shuying/CPAE/logs/cpc/CPAELSTM44/st_lr_3e-4-2021-04-01_11_08_29-model_best.pth

2021-04-01 13:51:15,468 - Best model updated in 'st_lr_3e-4.ini'! !!!!!!!!!
2021-04-01 13:51:15,468 - #### End epoch 173/1000, elapsed time: 299.8747948743403
2021-04-01 13:51:15,468 - 
 --------------------------- epoch 174 ------------------------- 

2021-04-01 13:51:15,468 - weights are [1, 1, 1, 3]
2021-04-01 13:51:19,282 - 	 2.14312 0.00030
2021-04-01 13:52:48,748 - 	 1.73968 0.00030
2021-04-01 13:54:16,320 - 	 1.38532 0.00030
2021-04-01 13:55:45,929 - 	 1.48742 0.00030
2021-04-01 13:55:50,427 - 
 ---------------------- mean loss : 4.11780  ---------------------- 

2021-04-01 13:55:50,428 - Starting Validation
2021-04-01 13:56:11,961 - 
                     ------- validation -------            

2021-04-01 13:56:11,962 - 	 NCE 	 MSE 	 MASK MSE 	 MAPPING MSE
2021-04-01 13:56:11,962 - 	 0.2907  	 0.1651  	 0.0258 	 0.5819
2021-04-01 13:56:11,962 - -------------------------------
Validation Epoch: 174 	Accuracy: 2736.0000	Loss: 192.714830
------------------
2021-04-01 13:56:11,962 - #### End epoch 174/1000, elapsed time: 296.49381633102894
2021-04-01 13:56:11,962 - 
 --------------------------- epoch 175 ------------------------- 

2021-04-01 13:56:11,962 - weights are [1, 1, 1, 3]
2021-04-01 13:56:15,700 - 	 2.12709 0.00030
2021-04-01 13:57:46,361 - 	 4.77536 0.00030
2021-04-01 13:59:16,191 - 	 2.22222 0.00030
2021-04-01 14:00:45,300 - 	 2.46432 0.00030
2021-04-01 14:00:49,524 - 
 ---------------------- mean loss : 4.10938  ---------------------- 

2021-04-01 14:00:49,524 - Starting Validation
2021-04-01 14:01:15,667 - 
                     ------- validation -------            

2021-04-01 14:01:15,667 - 	 NCE 	 MSE 	 MASK MSE 	 MAPPING MSE
2021-04-01 14:01:15,667 - 	 0.2627  	 0.1056  	 0.0172 	 0.3417
2021-04-01 14:01:15,667 - -------------------------------
Validation Epoch: 175 	Accuracy: 2758.0000	Loss: 145.302575
------------------
2021-04-01 14:01:15,667 - #### End epoch 175/1000, elapsed time: 303.70556083042175
2021-04-01 14:01:15,668 - 
 --------------------------- epoch 176 ------------------------- 

2021-04-01 14:01:15,668 - weights are [1, 1, 1, 3]
2021-04-01 14:01:19,325 - 	 3.80163 0.00030
2021-04-01 14:02:48,343 - 	 1.60266 0.00030
2021-04-01 14:04:16,868 - 	 4.08013 0.00030
2021-04-01 14:05:44,341 - 	 3.83630 0.00030
2021-04-01 14:05:48,818 - 
 ---------------------- mean loss : 4.10476  ---------------------- 

2021-04-01 14:05:48,819 - Starting Validation
2021-04-01 14:06:10,705 - 
                     ------- validation -------            

2021-04-01 14:06:10,705 - 	 NCE 	 MSE 	 MASK MSE 	 MAPPING MSE
2021-04-01 14:06:10,705 - 	 0.2936  	 0.1488  	 0.0201 	 0.5264
2021-04-01 14:06:10,705 - -------------------------------
Validation Epoch: 176 	Accuracy: 2717.0000	Loss: 184.258965
------------------
2021-04-01 14:06:10,705 - #### End epoch 176/1000, elapsed time: 295.0375540535897
2021-04-01 14:06:10,705 - 
 --------------------------- epoch 177 ------------------------- 

2021-04-01 14:06:10,705 - weights are [1, 1, 1, 3]
2021-04-01 14:06:14,338 - 	 2.46292 0.00030
2021-04-01 14:07:44,295 - 	 2.06384 0.00030
2021-04-01 14:09:12,936 - 	 2.21533 0.00030
2021-04-01 14:10:41,758 - 	 2.01529 0.00030
2021-04-01 14:10:46,327 - 
 ---------------------- mean loss : 4.09065  ---------------------- 

2021-04-01 14:10:46,327 - Starting Validation
2021-04-01 14:11:08,390 - 
                     ------- validation -------            

2021-04-01 14:11:08,391 - 	 NCE 	 MSE 	 MASK MSE 	 MAPPING MSE
2021-04-01 14:11:08,391 - 	 0.2865  	 0.1295  	 0.0174 	 0.4489
2021-04-01 14:11:08,391 - -------------------------------
Validation Epoch: 177 	Accuracy: 2748.0000	Loss: 169.640970
------------------
2021-04-01 14:11:08,391 - #### End epoch 177/1000, elapsed time: 297.686202689074
2021-04-01 14:11:08,392 - 
 --------------------------- epoch 178 ------------------------- 

2021-04-01 14:11:08,392 - weights are [1, 1, 1, 3]
2021-04-01 14:11:12,555 - 	 2.16531 0.00030
2021-04-01 14:12:42,663 - 	 4.15590 0.00030
2021-04-01 14:14:09,950 - 	 2.01407 0.00030
2021-04-01 14:15:36,999 - 	 2.72614 0.00030
2021-04-01 14:15:41,426 - 
 ---------------------- mean loss : 3.76466  ---------------------- 

2021-04-01 14:15:41,430 - Starting Validation
2021-04-01 14:16:09,458 - 
                     ------- validation -------            

2021-04-01 14:16:09,458 - 	 NCE 	 MSE 	 MASK MSE 	 MAPPING MSE
2021-04-01 14:16:09,458 - 	 0.2936  	 0.2257  	 0.0174 	 0.8747
2021-04-01 14:16:09,458 - -------------------------------
Validation Epoch: 178 	Accuracy: 2696.0000	Loss: 236.507540
------------------
2021-04-01 14:16:09,458 - #### End epoch 178/1000, elapsed time: 301.0666367225349
2021-04-01 14:16:09,458 - 
 --------------------------- epoch 179 ------------------------- 

2021-04-01 14:16:09,458 - weights are [1, 1, 1, 3]
2021-04-01 14:16:15,123 - 	 1.54339 0.00030
2021-04-01 14:17:43,297 - 	 3.11681 0.00030
2021-04-01 14:19:11,153 - 	 2.32917 0.00030
2021-04-01 14:20:39,635 - 	 3.07935 0.00030
2021-04-01 14:20:44,253 - 
 ---------------------- mean loss : 4.27605  ---------------------- 

2021-04-01 14:20:44,253 - Starting Validation
2021-04-01 14:21:06,008 - 
                     ------- validation -------            

2021-04-01 14:21:06,008 - 	 NCE 	 MSE 	 MASK MSE 	 MAPPING MSE
2021-04-01 14:21:06,008 - 	 0.2778  	 0.2165  	 0.0173 	 0.8138
2021-04-01 14:21:06,009 - -------------------------------
Validation Epoch: 179 	Accuracy: 2729.0000	Loss: 222.220613
------------------
2021-04-01 14:21:06,009 - #### End epoch 179/1000, elapsed time: 296.55049406643957
2021-04-01 14:21:06,009 - 
 --------------------------- epoch 180 ------------------------- 

2021-04-01 14:21:06,009 - weights are [1, 1, 1, 3]
2021-04-01 14:21:09,579 - 	 2.43524 0.00030
2021-04-01 14:22:37,711 - 	 1.94008 0.00030
2021-04-01 14:24:05,491 - 	 2.72657 0.00030
2021-04-01 14:25:33,899 - 	 2.21007 0.00030
2021-04-01 14:25:38,406 - 
 ---------------------- mean loss : 4.09495  ---------------------- 

2021-04-01 14:25:38,407 - Starting Validation
2021-04-01 14:26:00,302 - 
                     ------- validation -------            

2021-04-01 14:26:00,303 - 	 NCE 	 MSE 	 MASK MSE 	 MAPPING MSE
2021-04-01 14:26:00,303 - 	 0.2881  	 0.1805  	 0.0230 	 0.6520
2021-04-01 14:26:00,303 - -------------------------------
Validation Epoch: 180 	Accuracy: 2739.0000	Loss: 202.027322
------------------
2021-04-01 14:26:00,303 - #### End epoch 180/1000, elapsed time: 294.29450202174485
2021-04-01 14:26:00,303 - 
 --------------------------- epoch 181 ------------------------- 

2021-04-01 14:26:00,304 - weights are [1, 1, 1, 3]
2021-04-01 14:26:03,397 - 	 2.04595 0.00030
2021-04-01 14:27:31,138 - 	 1.84073 0.00030
2021-04-01 14:29:01,091 - 	 1.98556 0.00030
2021-04-01 14:30:28,419 - 	 1.18170 0.00030
2021-04-01 14:30:32,727 - 
 ---------------------- mean loss : 4.17970  ---------------------- 

2021-04-01 14:30:32,727 - Starting Validation
2021-04-01 14:31:00,145 - 
                     ------- validation -------            

2021-04-01 14:31:00,145 - 	 NCE 	 MSE 	 MASK MSE 	 MAPPING MSE
2021-04-01 14:31:00,145 - 	 0.3067  	 0.1393  	 0.0202 	 0.4588
2021-04-01 14:31:00,145 - -------------------------------
Validation Epoch: 181 	Accuracy: 2712.0000	Loss: 178.898927
------------------
2021-04-01 14:31:00,146 - #### End epoch 181/1000, elapsed time: 299.8423290979117
2021-04-01 14:31:00,146 - 
 --------------------------- epoch 182 ------------------------- 

2021-04-01 14:31:00,146 - weights are [1, 1, 1, 3]
2021-04-01 14:31:03,840 - 	 4.96428 0.00030
2021-04-01 14:32:34,375 - 	 2.38139 0.00030
2021-04-01 14:34:01,302 - 	 2.12236 0.00030
2021-04-01 14:35:31,130 - 	 1.35150 0.00030
2021-04-01 14:35:35,850 - 
 ---------------------- mean loss : 4.00983  ---------------------- 

2021-04-01 14:35:35,850 - Starting Validation
2021-04-01 14:35:57,825 - 
                     ------- validation -------            

2021-04-01 14:35:57,825 - 	 NCE 	 MSE 	 MASK MSE 	 MAPPING MSE
2021-04-01 14:35:57,825 - 	 0.3073  	 0.1532  	 0.0172 	 0.5479
2021-04-01 14:35:57,825 - -------------------------------
Validation Epoch: 182 	Accuracy: 2727.0000	Loss: 191.749358
------------------
2021-04-01 14:35:57,825 - #### End epoch 182/1000, elapsed time: 297.6794153265655
2021-04-01 14:35:57,825 - 
 --------------------------- epoch 183 ------------------------- 

2021-04-01 14:35:57,825 - weights are [1, 1, 1, 3]
2021-04-01 14:36:02,059 - 	 2.84940 0.00030
2021-04-01 14:37:29,760 - 	 2.99544 0.00030
2021-04-01 14:38:57,583 - 	 2.65445 0.00030
2021-04-01 14:40:24,408 - 	 2.94647 0.00030
2021-04-01 14:40:28,942 - 
 ---------------------- mean loss : 3.83599  ---------------------- 

2021-04-01 14:40:28,943 - Starting Validation
2021-04-01 14:40:50,799 - 
                     ------- validation -------            

2021-04-01 14:40:50,799 - 	 NCE 	 MSE 	 MASK MSE 	 MAPPING MSE
2021-04-01 14:40:50,799 - 	 0.2519  	 0.1502  	 0.0169 	 0.5462
2021-04-01 14:40:50,799 - -------------------------------
Validation Epoch: 183 	Accuracy: 2795.0000	Loss: 172.440724
------------------
2021-04-01 14:40:50,799 - #### End epoch 183/1000, elapsed time: 292.9738526213914
2021-04-01 14:40:50,799 - 
 --------------------------- epoch 184 ------------------------- 

2021-04-01 14:40:50,799 - weights are [1, 1, 1, 3]
2021-04-01 14:40:55,062 - 	 1.65652 0.00030
2021-04-01 14:42:21,974 - 	 1.73987 0.00030
2021-04-01 14:43:51,161 - 	 2.38830 0.00030
2021-04-01 14:45:17,268 - 	 2.77003 0.00030
2021-04-01 14:45:21,628 - 
 ---------------------- mean loss : 3.76836  ---------------------- 

2021-04-01 14:45:21,628 - Starting Validation
2021-04-01 14:45:49,652 - 
                     ------- validation -------            

2021-04-01 14:45:49,652 - 	 NCE 	 MSE 	 MASK MSE 	 MAPPING MSE
2021-04-01 14:45:49,652 - 	 0.2841  	 0.1749  	 0.0225 	 0.6207
2021-04-01 14:45:49,652 - -------------------------------
Validation Epoch: 184 	Accuracy: 2733.0000	Loss: 195.960971
------------------
2021-04-01 14:45:49,652 - #### End epoch 184/1000, elapsed time: 298.8535357574001
2021-04-01 14:45:49,653 - 
 --------------------------- epoch 185 ------------------------- 

2021-04-01 14:45:49,653 - weights are [1, 1, 1, 3]
2021-04-01 14:45:54,042 - 	 1.59226 0.00030
2021-04-01 14:47:23,564 - 	 3.01026 0.00030
2021-04-01 14:48:52,930 - 	 1.84585 0.00030
2021-04-01 14:50:21,028 - 	 2.25081 0.00030
2021-04-01 14:50:26,148 - 
 ---------------------- mean loss : 3.83777  ---------------------- 

2021-04-01 14:50:26,148 - Starting Validation
2021-04-01 14:50:52,165 - 
                     ------- validation -------            

2021-04-01 14:50:52,165 - 	 NCE 	 MSE 	 MASK MSE 	 MAPPING MSE
2021-04-01 14:50:52,165 - 	 0.2691  	 0.1038  	 0.0171 	 0.3203
2021-04-01 14:50:52,165 - -------------------------------
Validation Epoch: 185 	Accuracy: 2745.0000	Loss: 144.446980
------------------
2021-04-01 14:50:52,165 - #### End epoch 185/1000, elapsed time: 302.51295869238675
2021-04-01 14:50:52,166 - 
 --------------------------- epoch 186 ------------------------- 

2021-04-01 14:50:52,166 - weights are [1, 1, 1, 3]
2021-04-01 14:50:56,488 - 	 1.83830 0.00030
2021-04-01 14:52:26,468 - 	 2.63517 0.00030
2021-04-01 14:53:55,832 - 	 3.50775 0.00030
2021-04-01 14:55:25,915 - 	 2.68639 0.00030
2021-04-01 14:55:30,366 - 
 ---------------------- mean loss : 3.98358  ---------------------- 

2021-04-01 14:55:30,367 - Starting Validation
2021-04-01 14:55:52,308 - 
                     ------- validation -------            

2021-04-01 14:55:52,308 - 	 NCE 	 MSE 	 MASK MSE 	 MAPPING MSE
2021-04-01 14:55:52,308 - 	 0.2841  	 0.1151  	 0.0170 	 0.3828
2021-04-01 14:55:52,308 - -------------------------------
Validation Epoch: 186 	Accuracy: 2738.0000	Loss: 158.780519
------------------
2021-04-01 14:55:52,308 - #### End epoch 186/1000, elapsed time: 300.14261078089476
2021-04-01 14:55:52,308 - 
 --------------------------- epoch 187 ------------------------- 

2021-04-01 14:55:52,308 - weights are [1, 1, 1, 3]
2021-04-01 14:55:56,400 - 	 11.04878 0.00030
2021-04-01 14:57:23,165 - 	 1.48064 0.00030
2021-04-01 14:58:53,860 - 	 3.67536 0.00030
2021-04-01 15:00:20,924 - 	 1.52052 0.00030
2021-04-01 15:00:25,914 - 
 ---------------------- mean loss : 4.21506  ---------------------- 

2021-04-01 15:00:25,916 - Starting Validation
2021-04-01 15:00:43,289 - 
                     ------- validation -------            

2021-04-01 15:00:43,289 - 	 NCE 	 MSE 	 MASK MSE 	 MAPPING MSE
2021-04-01 15:00:43,289 - 	 0.2907  	 0.1593  	 0.0175 	 0.5763
2021-04-01 15:00:43,289 - -------------------------------
Validation Epoch: 187 	Accuracy: 2721.0000	Loss: 190.438177
------------------
2021-04-01 15:00:43,289 - #### End epoch 187/1000, elapsed time: 290.9807581342757
2021-04-01 15:00:43,289 - 
 --------------------------- epoch 188 ------------------------- 

2021-04-01 15:00:43,289 - weights are [1, 1, 1, 3]
2021-04-01 15:00:46,944 - 	 3.19352 0.00030
2021-04-01 15:01:17,166 - 	 1.96449 0.00030
2021-04-01 15:01:47,147 - 	 2.46530 0.00030
2021-04-01 15:02:16,634 - 	 1.61785 0.00030
2021-04-01 15:02:18,079 - 
 ---------------------- mean loss : 3.94243  ---------------------- 

2021-04-01 15:02:18,079 - Starting Validation
2021-04-01 15:02:34,053 - 
                     ------- validation -------            

2021-04-01 15:02:34,053 - 	 NCE 	 MSE 	 MASK MSE 	 MAPPING MSE
2021-04-01 15:02:34,053 - 	 0.2644  	 0.1516  	 0.0197 	 0.5642
2021-04-01 15:02:34,053 - -------------------------------
Validation Epoch: 188 	Accuracy: 2766.0000	Loss: 179.612780
------------------
2021-04-01 15:02:34,083 - Snapshot saved to /home/shuying/CPAE/logs/cpc/CPAELSTM44/st_lr_3e-4-2021-04-01_11_08_29-model_best.pth

2021-04-01 15:02:34,083 - model got improved for this run, but did not surpass previous though, please take changes of hyper parameters into consideration
2021-04-01 15:02:34,084 - #### End epoch 188/1000, elapsed time: 110.79450694005936
2021-04-01 15:02:34,084 - 
 --------------------------- epoch 189 ------------------------- 

2021-04-01 15:02:34,084 - weights are [1, 1, 1, 3]
2021-04-01 15:02:37,650 - 	 2.73287 0.00030
2021-04-01 15:03:07,796 - 	 1.79621 0.00030
2021-04-01 15:03:37,988 - 	 2.93336 0.00030
2021-04-01 15:04:07,115 - 	 16.16355 0.00030
2021-04-01 15:04:08,672 - 
 ---------------------- mean loss : 4.56496  ---------------------- 

2021-04-01 15:04:08,672 - Starting Validation
2021-04-01 15:04:29,431 - 
                     ------- validation -------            

2021-04-01 15:04:29,431 - 	 NCE 	 MSE 	 MASK MSE 	 MAPPING MSE
2021-04-01 15:04:29,431 - 	 0.2759  	 0.1215  	 0.0171 	 0.4100
2021-04-01 15:04:29,431 - -------------------------------
Validation Epoch: 189 	Accuracy: 2754.0000	Loss: 160.157977
------------------
2021-04-01 15:04:29,431 - #### End epoch 189/1000, elapsed time: 115.34748462866992
2021-04-01 15:04:29,431 - 
 --------------------------- epoch 190 ------------------------- 

2021-04-01 15:04:29,431 - weights are [1, 1, 1, 3]
2021-04-01 15:04:32,667 - 	 1.79320 0.00030
2021-04-01 15:05:45,118 - 	 4.22414 0.00030
2021-04-01 15:06:57,625 - 	 1.68033 0.00030
2021-04-01 15:08:10,290 - 	 2.01025 0.00030
2021-04-01 15:08:13,897 - 
 ---------------------- mean loss : 4.08447  ---------------------- 

2021-04-01 15:08:13,898 - Starting Validation
2021-04-01 15:08:35,928 - 
                     ------- validation -------            

2021-04-01 15:08:35,928 - 	 NCE 	 MSE 	 MASK MSE 	 MAPPING MSE
2021-04-01 15:08:35,929 - 	 0.2669  	 0.1849  	 0.0169 	 0.7061
2021-04-01 15:08:35,929 - -------------------------------
Validation Epoch: 190 	Accuracy: 2792.0000	Loss: 201.641988
------------------
2021-04-01 15:08:35,959 - Snapshot saved to /home/shuying/CPAE/logs/cpc/CPAELSTM44/st_lr_3e-4-2021-04-01_11_08_29-model_best.pth

2021-04-01 15:08:35,959 - model got improved for this run, but did not surpass previous though, please take changes of hyper parameters into consideration
2021-04-01 15:08:35,959 - #### End epoch 190/1000, elapsed time: 246.52812825050205
2021-04-01 15:08:35,960 - 
 --------------------------- epoch 191 ------------------------- 

2021-04-01 15:08:35,960 - weights are [1, 1, 1, 3]
2021-04-01 15:08:38,961 - 	 2.29582 0.00030
2021-04-01 15:09:53,537 - 	 1.83417 0.00030
2021-04-01 15:11:06,182 - 	 1.86427 0.00030
2021-04-01 15:12:18,663 - 	 1.71463 0.00030
2021-04-01 15:12:22,305 - 
 ---------------------- mean loss : 4.00585  ---------------------- 

2021-04-01 15:12:22,306 - Starting Validation
2021-04-01 15:12:45,277 - 
                     ------- validation -------            

2021-04-01 15:12:45,277 - 	 NCE 	 MSE 	 MASK MSE 	 MAPPING MSE
2021-04-01 15:12:45,277 - 	 0.2390  	 0.1157  	 0.0168 	 0.3788
2021-04-01 15:12:45,277 - -------------------------------
Validation Epoch: 191 	Accuracy: 2780.0000	Loss: 142.937297
------------------
2021-04-01 15:12:45,277 - #### End epoch 191/1000, elapsed time: 249.3179908907041
2021-04-01 15:12:45,278 - 
 --------------------------- epoch 192 ------------------------- 

2021-04-01 15:12:45,278 - weights are [1, 1, 1, 3]
2021-04-01 15:12:48,125 - 	 1.55014 0.00030
2021-04-01 15:13:59,917 - 	 2.29077 0.00030
2021-04-01 15:15:12,723 - 	 1.86038 0.00030
2021-04-01 15:16:25,489 - 	 3.15845 0.00030
2021-04-01 15:16:29,132 - 
 ---------------------- mean loss : 3.55407  ---------------------- 

2021-04-01 15:16:29,132 - Starting Validation
2021-04-01 15:16:48,811 - 
                     ------- validation -------            

2021-04-01 15:16:48,811 - 	 NCE 	 MSE 	 MASK MSE 	 MAPPING MSE
2021-04-01 15:16:48,812 - 	 0.2842  	 0.1457  	 0.0172 	 0.5354
2021-04-01 15:16:48,812 - -------------------------------
Validation Epoch: 192 	Accuracy: 2708.0000	Loss: 181.664445
------------------
2021-04-01 15:16:48,812 - #### End epoch 192/1000, elapsed time: 243.53427081741393
2021-04-01 15:16:48,812 - 
 --------------------------- epoch 193 ------------------------- 

2021-04-01 15:16:48,812 - weights are [1, 1, 1, 3]
2021-04-01 15:16:52,749 - 	 2.98874 0.00030
2021-04-01 15:18:02,738 - 	 2.84095 0.00030
2021-04-01 15:19:15,469 - 	 1.66095 0.00030
2021-04-01 15:20:27,814 - 	 2.84907 0.00030
2021-04-01 15:20:31,484 - 
 ---------------------- mean loss : 3.62706  ---------------------- 

2021-04-01 15:20:31,485 - Starting Validation
2021-04-01 15:20:52,069 - 
                     ------- validation -------            

2021-04-01 15:20:52,069 - 	 NCE 	 MSE 	 MASK MSE 	 MAPPING MSE
2021-04-01 15:20:52,069 - 	 0.2635  	 0.1221  	 0.0198 	 0.4071
2021-04-01 15:20:52,069 - -------------------------------
Validation Epoch: 193 	Accuracy: 2773.0000	Loss: 155.946624
------------------
2021-04-01 15:20:52,069 - #### End epoch 193/1000, elapsed time: 243.25745106488466
2021-04-01 15:20:52,069 - 
 --------------------------- epoch 194 ------------------------- 

2021-04-01 15:20:52,069 - weights are [1, 1, 1, 3]
2021-04-01 15:20:55,910 - 	 4.18938 0.00030
2021-04-01 15:22:06,303 - 	 2.34831 0.00030
2021-04-01 15:23:18,802 - 	 2.53210 0.00030
2021-04-01 15:24:31,629 - 	 1.63189 0.00030
2021-04-01 15:24:35,243 - 
 ---------------------- mean loss : 3.94456  ---------------------- 

2021-04-01 15:24:35,244 - Starting Validation
2021-04-01 15:24:56,120 - 
                     ------- validation -------            

2021-04-01 15:24:56,120 - 	 NCE 	 MSE 	 MASK MSE 	 MAPPING MSE
2021-04-01 15:24:56,120 - 	 0.2757  	 0.1400  	 0.0170 	 0.4940
2021-04-01 15:24:56,120 - -------------------------------
Validation Epoch: 194 	Accuracy: 2751.0000	Loss: 172.756675
------------------
2021-04-01 15:24:56,120 - #### End epoch 194/1000, elapsed time: 244.0512319561094
2021-04-01 15:24:56,121 - 
 --------------------------- epoch 195 ------------------------- 

2021-04-01 15:24:56,121 - weights are [1, 1, 1, 3]
2021-04-01 15:24:59,400 - 	 2.30275 0.00030
2021-04-01 15:26:07,837 - 	 1.77111 0.00030
2021-04-01 15:27:21,374 - 	 3.78120 0.00030
2021-04-01 15:28:34,274 - 	 1.67820 0.00030
2021-04-01 15:28:37,943 - 
 ---------------------- mean loss : 3.77279  ---------------------- 

2021-04-01 15:28:37,943 - Starting Validation
2021-04-01 15:28:58,883 - 
                     ------- validation -------            

2021-04-01 15:28:58,883 - 	 NCE 	 MSE 	 MASK MSE 	 MAPPING MSE
2021-04-01 15:28:58,883 - 	 0.2543  	 0.1635  	 0.0170 	 0.5778
2021-04-01 15:28:58,883 - -------------------------------
Validation Epoch: 195 	Accuracy: 2773.0000	Loss: 178.477386
------------------
2021-04-01 15:28:58,884 - #### End epoch 195/1000, elapsed time: 242.763058334589
2021-04-01 15:28:58,884 - 
 --------------------------- epoch 196 ------------------------- 

2021-04-01 15:28:58,884 - weights are [1, 1, 1, 3]
2021-04-01 15:29:03,417 - 	 1.94469 0.00030
2021-04-01 15:30:16,142 - 	 2.83356 0.00030
2021-04-01 15:31:26,804 - 	 2.10956 0.00030
2021-04-01 15:32:39,823 - 	 2.16526 0.00030
2021-04-01 15:32:43,404 - 
 ---------------------- mean loss : 3.94615  ---------------------- 

2021-04-01 15:32:43,405 - Starting Validation
2021-04-01 15:33:04,074 - 
                     ------- validation -------            

2021-04-01 15:33:04,074 - 	 NCE 	 MSE 	 MASK MSE 	 MAPPING MSE
2021-04-01 15:33:04,074 - 	 0.2707  	 0.1259  	 0.0199 	 0.4269
2021-04-01 15:33:04,074 - -------------------------------
Validation Epoch: 196 	Accuracy: 2753.0000	Loss: 161.369399
------------------
2021-04-01 15:33:04,074 - #### End epoch 196/1000, elapsed time: 245.19038078840822
2021-04-01 15:33:04,074 - 
 --------------------------- epoch 197 ------------------------- 

2021-04-01 15:33:04,074 - weights are [1, 1, 1, 3]
2021-04-01 15:33:08,489 - 	 2.84883 0.00030
2021-04-01 15:34:21,235 - 	 2.66137 0.00030
2021-04-01 15:35:29,624 - 	 2.56680 0.00030
2021-04-01 15:36:42,272 - 	 2.28275 0.00030
2021-04-01 15:36:46,013 - 
 ---------------------- mean loss : 4.08439  ---------------------- 

2021-04-01 15:36:46,013 - Starting Validation
2021-04-01 15:37:06,595 - 
                     ------- validation -------            

2021-04-01 15:37:06,595 - 	 NCE 	 MSE 	 MASK MSE 	 MAPPING MSE
2021-04-01 15:37:06,595 - 	 0.2582  	 0.1567  	 0.0197 	 0.5707
2021-04-01 15:37:06,595 - -------------------------------
Validation Epoch: 197 	Accuracy: 2768.0000	Loss: 178.739542
------------------
2021-04-01 15:37:06,595 - #### End epoch 197/1000, elapsed time: 242.52108594961464
2021-04-01 15:37:06,595 - 
 --------------------------- epoch 198 ------------------------- 

2021-04-01 15:37:06,595 - weights are [1, 1, 1, 3]
2021-04-01 15:37:10,869 - 	 2.33922 0.00030
2021-04-01 15:38:23,712 - 	 2.18901 0.00030
2021-04-01 15:39:33,529 - 	 4.67383 0.00030
2021-04-01 15:40:46,380 - 	 2.87170 0.00030
2021-04-01 15:40:50,025 - 
 ---------------------- mean loss : 3.67259  ---------------------- 

2021-04-01 15:40:50,026 - Starting Validation
2021-04-01 15:41:10,818 - 
                     ------- validation -------            

2021-04-01 15:41:10,818 - 	 NCE 	 MSE 	 MASK MSE 	 MAPPING MSE
2021-04-01 15:41:10,818 - 	 0.2831  	 0.1745  	 0.0200 	 0.6207
2021-04-01 15:41:10,818 - -------------------------------
Validation Epoch: 198 	Accuracy: 2752.0000	Loss: 195.253443
------------------
2021-04-01 15:41:10,818 - #### End epoch 198/1000, elapsed time: 244.223199586384
2021-04-01 15:41:10,819 - 
 --------------------------- epoch 199 ------------------------- 

2021-04-01 15:41:10,819 - weights are [1, 1, 1, 3]
2021-04-01 15:41:14,817 - 	 2.52602 0.00030
2021-04-01 15:42:27,690 - 	 2.57554 0.00030
2021-04-01 15:43:37,873 - 	 2.50897 0.00030
2021-04-01 15:44:50,216 - 	 3.38159 0.00030
2021-04-01 15:44:53,910 - 
 ---------------------- mean loss : 5.16795  ---------------------- 

2021-04-01 15:44:53,910 - Starting Validation
2021-04-01 15:45:14,468 - 
                     ------- validation -------            

2021-04-01 15:45:14,468 - 	 NCE 	 MSE 	 MASK MSE 	 MAPPING MSE
2021-04-01 15:45:14,469 - 	 0.2779  	 0.2261  	 0.0170 	 0.8561
2021-04-01 15:45:14,469 - -------------------------------
Validation Epoch: 199 	Accuracy: 2724.0000	Loss: 228.611790
------------------
2021-04-01 15:45:14,469 - #### End epoch 199/1000, elapsed time: 243.65025809314102
2021-04-01 15:45:14,469 - 
 --------------------------- epoch 200 ------------------------- 

2021-04-01 15:45:14,469 - weights are [1, 1, 1, 3]
2021-04-01 15:45:17,551 - 	 2.13089 0.00030
2021-04-01 15:46:31,322 - 	 3.41731 0.00030
2021-04-01 15:47:42,798 - 	 2.01009 0.00030
2021-04-01 15:48:53,599 - 	 1.50507 0.00030
2021-04-01 15:48:57,348 - 
 ---------------------- mean loss : 3.84991  ---------------------- 

2021-04-01 15:48:57,349 - Starting Validation
2021-04-01 15:49:17,756 - 
                     ------- validation -------            

2021-04-01 15:49:17,756 - 	 NCE 	 MSE 	 MASK MSE 	 MAPPING MSE
2021-04-01 15:49:17,756 - 	 0.2592  	 0.1310  	 0.0170 	 0.4594
2021-04-01 15:49:17,756 - -------------------------------
Validation Epoch: 200 	Accuracy: 2767.0000	Loss: 161.828436
------------------
2021-04-01 15:49:17,772 - Snapshot saved to /home/shuying/CPAE/logs/cpc/CPAELSTM44/st_lr_3e-4-2021-04-01_11_08_29_epoch_200-model_best.pth

2021-04-01 15:49:17,772 - Save this model as st_lr_3e-4-2021-04-01_11_08_29 _epoch_200-model_best.pth
2021-04-01 15:49:17,772 - #### End epoch 200/1000, elapsed time: 243.3036190122366
2021-04-01 15:49:17,772 - 
 --------------------------- epoch 201 ------------------------- 

2021-04-01 15:49:17,773 - weights are [1, 1, 1, 3]
2021-04-01 15:49:20,948 - 	 2.99889 0.00030
2021-04-01 15:50:33,668 - 	 3.08873 0.00030
2021-04-01 15:51:45,962 - 	 1.81086 0.00030
2021-04-01 15:52:55,516 - 	 4.65200 0.00030
2021-04-01 15:52:59,188 - 
 ---------------------- mean loss : 5.09352  ---------------------- 

2021-04-01 15:52:59,188 - Starting Validation
2021-04-01 15:53:20,040 - 
                     ------- validation -------            

2021-04-01 15:53:20,040 - 	 NCE 	 MSE 	 MASK MSE 	 MAPPING MSE
2021-04-01 15:53:20,040 - 	 0.2569  	 0.1432  	 0.0197 	 0.4869
2021-04-01 15:53:20,040 - -------------------------------
Validation Epoch: 201 	Accuracy: 2769.0000	Loss: 165.993708
------------------
2021-04-01 15:53:20,040 - #### End epoch 201/1000, elapsed time: 242.26777032297105
2021-04-01 15:53:20,040 - 
 --------------------------- epoch 202 ------------------------- 

2021-04-01 15:53:20,040 - weights are [1, 1, 1, 3]
2021-04-01 15:53:23,871 - 	 1.86437 0.00030
2021-04-01 15:54:36,228 - 	 2.23233 0.00030
2021-04-01 15:55:48,946 - 	 2.52557 0.00030
2021-04-01 15:56:58,012 - 	 2.75021 0.00030
2021-04-01 15:57:01,770 - 
 ---------------------- mean loss : 4.64087  ---------------------- 

2021-04-01 15:57:01,770 - Starting Validation
2021-04-01 15:57:22,058 - 
                     ------- validation -------            

2021-04-01 15:57:22,058 - 	 NCE 	 MSE 	 MASK MSE 	 MAPPING MSE
2021-04-01 15:57:22,058 - 	 0.2676  	 0.1523  	 0.0171 	 0.5467
2021-04-01 15:57:22,058 - -------------------------------
Validation Epoch: 202 	Accuracy: 2753.0000	Loss: 178.005042
------------------
2021-04-01 15:57:22,058 - #### End epoch 202/1000, elapsed time: 242.018155134283
2021-04-01 15:57:22,059 - 
 --------------------------- epoch 203 ------------------------- 

2021-04-01 15:57:22,059 - weights are [1, 1, 1, 3]
2021-04-01 15:57:25,974 - 	 1.67353 0.00030
2021-04-01 15:58:38,926 - 	 1.96943 0.00030
2021-04-01 15:59:51,585 - 	 3.44518 0.00030
2021-04-01 16:01:00,466 - 	 1.17425 0.00030
2021-04-01 16:01:03,542 - 
 ---------------------- mean loss : 4.12776  ---------------------- 

2021-04-01 16:01:03,542 - Starting Validation
2021-04-01 16:01:25,679 - 
                     ------- validation -------            

2021-04-01 16:01:25,679 - 	 NCE 	 MSE 	 MASK MSE 	 MAPPING MSE
2021-04-01 16:01:25,679 - 	 0.2896  	 0.1648  	 0.0170 	 0.5788
2021-04-01 16:01:25,679 - -------------------------------
Validation Epoch: 203 	Accuracy: 2737.0000	Loss: 190.705174
------------------
2021-04-01 16:01:25,679 - #### End epoch 203/1000, elapsed time: 243.62075686268508
2021-04-01 16:01:25,679 - 
 --------------------------- epoch 204 ------------------------- 

2021-04-01 16:01:25,679 - weights are [1, 1, 1, 3]
2021-04-01 16:01:29,733 - 	 1.65918 0.00030
2021-04-01 16:02:42,529 - 	 3.80378 0.00030
2021-04-01 16:03:55,310 - 	 2.49990 0.00030
2021-04-01 16:05:07,213 - 	 4.33523 0.00030
2021-04-01 16:05:10,092 - 
 ---------------------- mean loss : 4.12051  ---------------------- 

2021-04-01 16:05:10,092 - Starting Validation
2021-04-01 16:05:31,834 - 
                     ------- validation -------            

2021-04-01 16:05:31,834 - 	 NCE 	 MSE 	 MASK MSE 	 MAPPING MSE
2021-04-01 16:05:31,834 - 	 0.2719  	 0.1891  	 0.0169 	 0.6994
2021-04-01 16:05:31,834 - -------------------------------
Validation Epoch: 204 	Accuracy: 2751.0000	Loss: 202.730807
------------------
2021-04-01 16:05:31,834 - #### End epoch 204/1000, elapsed time: 246.1552000734955
2021-04-01 16:05:31,835 - 
 --------------------------- epoch 205 ------------------------- 

2021-04-01 16:05:31,835 - weights are [1, 1, 1, 3]
2021-04-01 16:05:36,144 - 	 4.35622 0.00030
2021-04-01 16:06:48,904 - 	 1.76925 0.00030
2021-04-01 16:08:01,753 - 	 1.83021 0.00030
2021-04-01 16:09:14,408 - 	 1.60759 0.00030
2021-04-01 16:09:18,070 - 
 ---------------------- mean loss : 3.65269  ---------------------- 

2021-04-01 16:09:18,070 - Starting Validation
2021-04-01 16:09:40,437 - 
                     ------- validation -------            

2021-04-01 16:09:40,437 - 	 NCE 	 MSE 	 MASK MSE 	 MAPPING MSE
2021-04-01 16:09:40,437 - 	 0.2615  	 0.1332  	 0.0167 	 0.4593
2021-04-01 16:09:40,437 - -------------------------------
Validation Epoch: 205 	Accuracy: 2767.0000	Loss: 162.711352
------------------
2021-04-01 16:09:40,437 - #### End epoch 205/1000, elapsed time: 248.60263052023947
2021-04-01 16:09:40,437 - 
 --------------------------- epoch 206 ------------------------- 

2021-04-01 16:09:40,437 - weights are [1, 1, 1, 3]
2021-04-01 16:09:43,898 - 	 2.57918 0.00030
2021-04-01 16:10:57,681 - 	 246.10068 0.00030
2021-04-01 16:12:10,740 - 	 2.54923 0.00030
2021-04-01 16:13:23,117 - 	 4.51888 0.00030
2021-04-01 16:13:26,797 - 
 ---------------------- mean loss : 4.18844  ---------------------- 

2021-04-01 16:13:26,797 - Starting Validation
2021-04-01 16:13:48,171 - 
                     ------- validation -------            

2021-04-01 16:13:48,171 - 	 NCE 	 MSE 	 MASK MSE 	 MAPPING MSE
2021-04-01 16:13:48,171 - 	 0.2943  	 0.2056  	 0.0170 	 0.8056
2021-04-01 16:13:48,171 - -------------------------------
Validation Epoch: 206 	Accuracy: 2711.0000	Loss: 225.910225
------------------
2021-04-01 16:13:48,171 - #### End epoch 206/1000, elapsed time: 247.73390334192663
2021-04-01 16:13:48,171 - 
 --------------------------- epoch 207 ------------------------- 

2021-04-01 16:13:48,171 - weights are [1, 1, 1, 3]
2021-04-01 16:13:51,439 - 	 2.02854 0.00030
2021-04-01 16:15:00,941 - 	 2.94057 0.00030
2021-04-01 16:16:13,776 - 	 13.65835 0.00030
2021-04-01 16:17:26,719 - 	 2.34955 0.00030
2021-04-01 16:17:30,302 - 
 ---------------------- mean loss : 3.83323  ---------------------- 

2021-04-01 16:17:30,302 - Starting Validation
2021-04-01 16:17:50,574 - 
                     ------- validation -------            

2021-04-01 16:17:50,575 - 	 NCE 	 MSE 	 MASK MSE 	 MAPPING MSE
2021-04-01 16:17:50,575 - 	 0.2700  	 0.1191  	 0.0197 	 0.3932
2021-04-01 16:17:50,575 - -------------------------------
Validation Epoch: 207 	Accuracy: 2753.0000	Loss: 156.069390
------------------
2021-04-01 16:17:50,575 - #### End epoch 207/1000, elapsed time: 242.40383609663695
2021-04-01 16:17:50,575 - 
 --------------------------- epoch 208 ------------------------- 

2021-04-01 16:17:50,575 - weights are [1, 1, 1, 3]
2021-04-01 16:17:53,839 - 	 1.76331 0.00030
2021-04-01 16:19:03,786 - 	 1.49834 0.00030
2021-04-01 16:20:16,538 - 	 4.24609 0.00030
2021-04-01 16:21:29,222 - 	 3.75188 0.00030
2021-04-01 16:21:32,843 - 
 ---------------------- mean loss : 4.41041  ---------------------- 

2021-04-01 16:21:32,844 - Starting Validation
2021-04-01 16:21:53,186 - 
                     ------- validation -------            

2021-04-01 16:21:53,187 - 	 NCE 	 MSE 	 MASK MSE 	 MAPPING MSE
2021-04-01 16:21:53,187 - 	 0.2724  	 0.1854  	 0.0168 	 0.7010
2021-04-01 16:21:53,187 - -------------------------------
Validation Epoch: 208 	Accuracy: 2764.0000	Loss: 202.827328
------------------
2021-04-01 16:21:53,187 - #### End epoch 208/1000, elapsed time: 242.61194325610995
2021-04-01 16:21:53,187 - 
 --------------------------- epoch 209 ------------------------- 

2021-04-01 16:21:53,187 - weights are [1, 1, 1, 3]
2021-04-01 16:21:56,507 - 	 1.70609 0.00030
2021-04-01 16:23:06,709 - 	 2.11289 0.00030
2021-04-01 16:24:19,416 - 	 2.20602 0.00030
2021-04-01 16:25:32,118 - 	 1.60398 0.00030
2021-04-01 16:25:35,850 - 
 ---------------------- mean loss : 4.05973  ---------------------- 

2021-04-01 16:25:35,850 - Starting Validation
2021-04-01 16:25:56,328 - 
                     ------- validation -------            

2021-04-01 16:25:56,328 - 	 NCE 	 MSE 	 MASK MSE 	 MAPPING MSE
2021-04-01 16:25:56,328 - 	 0.2968  	 0.1166  	 0.0169 	 0.4030
2021-04-01 16:25:56,328 - -------------------------------
Validation Epoch: 209 	Accuracy: 2702.0000	Loss: 165.949986
------------------
2021-04-01 16:25:56,328 - #### End epoch 209/1000, elapsed time: 243.1413626037538
2021-04-01 16:25:56,329 - 
 --------------------------- epoch 210 ------------------------- 

2021-04-01 16:25:56,329 - weights are [1, 1, 1, 3]
2021-04-01 16:25:59,879 - 	 2.44424 0.00030
2021-04-01 16:27:09,569 - 	 2.98723 0.00030
2021-04-01 16:28:22,589 - 	 4.40167 0.00030
2021-04-01 16:29:35,462 - 	 3.21748 0.00030
2021-04-01 16:29:39,128 - 
 ---------------------- mean loss : 4.47497  ---------------------- 

2021-04-01 16:29:39,128 - Starting Validation
2021-04-01 16:29:59,748 - 
                     ------- validation -------            

2021-04-01 16:29:59,749 - 	 NCE 	 MSE 	 MASK MSE 	 MAPPING MSE
2021-04-01 16:29:59,749 - 	 0.2635  	 0.1780  	 0.0169 	 0.6407
2021-04-01 16:29:59,749 - -------------------------------
Validation Epoch: 210 	Accuracy: 2764.0000	Loss: 191.137481
------------------
2021-04-01 16:29:59,749 - #### End epoch 210/1000, elapsed time: 243.42032559029758
2021-04-01 16:29:59,749 - 
 --------------------------- epoch 211 ------------------------- 

2021-04-01 16:29:59,749 - weights are [1, 1, 1, 3]
2021-04-01 16:30:02,880 - 	 1.98029 0.00030
2021-04-01 16:31:16,195 - 	 2.62530 0.00030
2021-04-01 16:32:25,754 - 	 1.91739 0.00030
2021-04-01 16:33:37,982 - 	 1.96535 0.00030
2021-04-01 16:33:41,768 - 
 ---------------------- mean loss : 3.93812  ---------------------- 

2021-04-01 16:33:41,768 - Starting Validation
2021-04-01 16:34:01,982 - 
                     ------- validation -------            

2021-04-01 16:34:01,982 - 	 NCE 	 MSE 	 MASK MSE 	 MAPPING MSE
2021-04-01 16:34:01,983 - 	 0.2896  	 0.1931  	 0.0199 	 0.7354
2021-04-01 16:34:01,983 - -------------------------------
Validation Epoch: 211 	Accuracy: 2723.0000	Loss: 214.311987
------------------
2021-04-01 16:34:01,983 - #### End epoch 211/1000, elapsed time: 242.2339744027704
2021-04-01 16:34:01,983 - 
 --------------------------- epoch 212 ------------------------- 

2021-04-01 16:34:01,983 - weights are [1, 1, 1, 3]
2021-04-01 16:34:06,110 - 	 3.09390 0.00030
2021-04-01 16:35:18,693 - 	 2.04899 0.00030
2021-04-01 16:36:28,408 - 	 1.39913 0.00030
2021-04-01 16:37:40,962 - 	 1.25157 0.00030
2021-04-01 16:37:44,713 - 
 ---------------------- mean loss : 3.69878  ---------------------- 

2021-04-01 16:37:44,713 - Starting Validation
2021-04-01 16:38:04,935 - 
                     ------- validation -------            

2021-04-01 16:38:04,935 - 	 NCE 	 MSE 	 MASK MSE 	 MAPPING MSE
2021-04-01 16:38:04,936 - 	 0.2715  	 0.1295  	 0.0224 	 0.4138
2021-04-01 16:38:04,936 - -------------------------------
Validation Epoch: 212 	Accuracy: 2742.0000	Loss: 160.446762
------------------
2021-04-01 16:38:04,936 - #### End epoch 212/1000, elapsed time: 242.95290657598525
2021-04-01 16:38:04,936 - 
 --------------------------- epoch 213 ------------------------- 

2021-04-01 16:38:04,936 - weights are [1, 1, 1, 3]
2021-04-01 16:38:08,779 - 	 4.05250 0.00030
2021-04-01 16:39:21,544 - 	 2.49769 0.00030
2021-04-01 16:40:31,570 - 	 1.98467 0.00030
2021-04-01 16:41:44,292 - 	 2.34771 0.00030
2021-04-01 16:41:47,956 - 
 ---------------------- mean loss : 5.00734  ---------------------- 

2021-04-01 16:41:47,956 - Starting Validation
2021-04-01 16:42:08,405 - 
                     ------- validation -------            

2021-04-01 16:42:08,405 - 	 NCE 	 MSE 	 MASK MSE 	 MAPPING MSE
2021-04-01 16:42:08,405 - 	 0.2627  	 0.1370  	 0.0197 	 0.4758
2021-04-01 16:42:08,405 - -------------------------------
Validation Epoch: 213 	Accuracy: 2769.0000	Loss: 166.002495
------------------
2021-04-01 16:42:08,405 - #### End epoch 213/1000, elapsed time: 243.46952328644693
2021-04-01 16:42:08,406 - 
 --------------------------- epoch 214 ------------------------- 

2021-04-01 16:42:08,406 - weights are [1, 1, 1, 3]
2021-04-01 16:42:11,501 - 	 2.72120 0.00030
2021-04-01 16:43:24,826 - 	 2.29962 0.00030
2021-04-01 16:44:34,727 - 	 1.98576 0.00030
2021-04-01 16:45:46,770 - 	 2.49012 0.00030
2021-04-01 16:45:50,432 - 
 ---------------------- mean loss : 3.55349  ---------------------- 

2021-04-01 16:45:50,432 - Starting Validation
2021-04-01 16:46:10,924 - 
                     ------- validation -------            

2021-04-01 16:46:10,925 - 	 NCE 	 MSE 	 MASK MSE 	 MAPPING MSE
2021-04-01 16:46:10,925 - 	 0.2869  	 0.1380  	 0.0168 	 0.4861
2021-04-01 16:46:10,925 - -------------------------------
Validation Epoch: 214 	Accuracy: 2741.0000	Loss: 175.334366
------------------
2021-04-01 16:46:10,925 - #### End epoch 214/1000, elapsed time: 242.519551275298
2021-04-01 16:46:10,925 - 
 --------------------------- epoch 215 ------------------------- 

2021-04-01 16:46:10,925 - weights are [1, 1, 1, 3]
2021-04-01 16:46:13,807 - 	 2.19101 0.00030
2021-04-01 16:47:26,660 - 	 2.90126 0.00030
2021-04-01 16:48:39,005 - 	 2.75939 0.00030
2021-04-01 16:49:48,648 - 	 2.26055 0.00030
2021-04-01 16:49:52,440 - 
 ---------------------- mean loss : 4.52567  ---------------------- 

2021-04-01 16:49:52,440 - Starting Validation
2021-04-01 16:50:13,089 - 
                     ------- validation -------            

2021-04-01 16:50:13,089 - 	 NCE 	 MSE 	 MASK MSE 	 MAPPING MSE
2021-04-01 16:50:13,089 - 	 0.2754  	 0.1676  	 0.0224 	 0.5772
2021-04-01 16:50:13,089 - -------------------------------
Validation Epoch: 215 	Accuracy: 2737.0000	Loss: 186.582639
------------------
2021-04-01 16:50:13,090 - #### End epoch 215/1000, elapsed time: 242.16453279927373
2021-04-01 16:50:13,090 - 
 --------------------------- epoch 216 ------------------------- 

2021-04-01 16:50:13,090 - weights are [1, 1, 1, 3]
2021-04-01 16:50:17,558 - 	 2.26330 0.00030
2021-04-01 16:51:30,389 - 	 2.22499 0.00030
2021-04-01 16:52:42,978 - 	 3.29271 0.00030
2021-04-01 16:53:51,131 - 	 2.08431 0.00030
2021-04-01 16:53:54,813 - 
 ---------------------- mean loss : 3.91905  ---------------------- 

2021-04-01 16:53:54,813 - Starting Validation
2021-04-01 16:54:15,460 - 
                     ------- validation -------            

2021-04-01 16:54:15,460 - 	 NCE 	 MSE 	 MASK MSE 	 MAPPING MSE
2021-04-01 16:54:15,460 - 	 0.2798  	 0.1641  	 0.0197 	 0.5794
2021-04-01 16:54:15,460 - -------------------------------
Validation Epoch: 216 	Accuracy: 2751.0000	Loss: 187.767246
------------------
2021-04-01 16:54:15,460 - #### End epoch 216/1000, elapsed time: 242.37086946051568
2021-04-01 16:54:15,461 - 
 --------------------------- epoch 217 ------------------------- 

2021-04-01 16:54:15,461 - weights are [1, 1, 1, 3]
2021-04-01 16:54:19,457 - 	 3.17999 0.00030
2021-04-01 16:55:32,378 - 	 2.00039 0.00030
2021-04-01 16:56:45,072 - 	 1.73485 0.00030
2021-04-01 16:57:53,519 - 	 2.98015 0.00030
2021-04-01 16:57:57,196 - 
 ---------------------- mean loss : 3.93316  ---------------------- 

2021-04-01 16:57:57,197 - Starting Validation
2021-04-01 16:58:17,918 - 
                     ------- validation -------            

2021-04-01 16:58:17,918 - 	 NCE 	 MSE 	 MASK MSE 	 MAPPING MSE
2021-04-01 16:58:17,918 - 	 0.2393  	 0.1290  	 0.0166 	 0.4607
2021-04-01 16:58:17,918 - -------------------------------
Validation Epoch: 217 	Accuracy: 2812.0000	Loss: 155.047196
------------------
2021-04-01 16:58:17,955 - Snapshot saved to /home/shuying/CPAE/logs/cpc/CPAELSTM44/st_lr_3e-4-2021-04-01_11_08_29-model_best.pth

2021-04-01 16:58:17,956 - Best model updated in 'st_lr_3e-4.ini'! !!!!!!!!!
2021-04-01 16:58:17,956 - #### End epoch 217/1000, elapsed time: 242.49595841392875
2021-04-01 16:58:17,957 - 
 --------------------------- epoch 218 ------------------------- 

2021-04-01 16:58:17,957 - weights are [1, 1, 1, 3]
2021-04-01 16:58:20,971 - 	 2.19393 0.00030
2021-04-01 16:59:34,374 - 	 1.08131 0.00030
2021-04-01 17:00:47,201 - 	 48.18094 0.00030
2021-04-01 17:01:56,161 - 	 2.33766 0.00030
2021-04-01 17:01:58,922 - 
 ---------------------- mean loss : 5.32126  ---------------------- 

2021-04-01 17:01:58,922 - Starting Validation
2021-04-01 17:02:21,855 - 
                     ------- validation -------            

2021-04-01 17:02:21,855 - 	 NCE 	 MSE 	 MASK MSE 	 MAPPING MSE
2021-04-01 17:02:21,855 - 	 0.2638  	 0.1325  	 0.0194 	 0.4438
2021-04-01 17:02:21,855 - -------------------------------
Validation Epoch: 218 	Accuracy: 2753.0000	Loss: 161.695352
------------------
2021-04-01 17:02:21,855 - #### End epoch 218/1000, elapsed time: 243.89841969497502
2021-04-01 17:02:21,855 - 
 --------------------------- epoch 219 ------------------------- 

2021-04-01 17:02:21,855 - weights are [1, 1, 1, 3]
2021-04-01 17:02:25,114 - 	 1.75327 0.00030
2021-04-01 17:03:38,481 - 	 2.71158 0.00030
2021-04-01 17:04:51,243 - 	 3.40877 0.00030
2021-04-01 17:06:03,889 - 	 1.56513 0.00030
2021-04-01 17:06:06,732 - 
 ---------------------- mean loss : 3.56349  ---------------------- 

2021-04-01 17:06:06,733 - Starting Validation
2021-04-01 17:06:28,773 - 
                     ------- validation -------            

2021-04-01 17:06:28,773 - 	 NCE 	 MSE 	 MASK MSE 	 MAPPING MSE
2021-04-01 17:06:28,774 - 	 0.2703  	 0.1688  	 0.0225 	 0.5814
2021-04-01 17:06:28,774 - -------------------------------
Validation Epoch: 219 	Accuracy: 2741.0000	Loss: 185.518633
------------------
2021-04-01 17:06:28,774 - #### End epoch 219/1000, elapsed time: 246.91869202814996
2021-04-01 17:06:28,774 - 
 --------------------------- epoch 220 ------------------------- 

2021-04-01 17:06:28,774 - weights are [1, 1, 1, 3]
2021-04-01 17:06:32,074 - 	 2.63393 0.00030
2021-04-01 17:07:44,962 - 	 2.35247 0.00030
2021-04-01 17:08:57,664 - 	 2.07335 0.00030
2021-04-01 17:10:10,032 - 	 3.07258 0.00030
2021-04-01 17:10:13,672 - 
 ---------------------- mean loss : 4.02951  ---------------------- 

2021-04-01 17:10:13,672 - Starting Validation
2021-04-01 17:10:35,630 - 
                     ------- validation -------            

2021-04-01 17:10:35,630 - 	 NCE 	 MSE 	 MASK MSE 	 MAPPING MSE
2021-04-01 17:10:35,630 - 	 0.2562  	 0.1189  	 0.0168 	 0.3995
2021-04-01 17:10:35,630 - -------------------------------
Validation Epoch: 220 	Accuracy: 2778.0000	Loss: 151.793236
------------------
2021-04-01 17:10:35,630 - #### End epoch 220/1000, elapsed time: 246.85654969885945
2021-04-01 17:10:35,631 - 
 --------------------------- epoch 221 ------------------------- 

2021-04-01 17:10:35,631 - weights are [1, 1, 1, 3]
2021-04-01 17:10:38,881 - 	 1.88124 0.00030
2021-04-01 17:11:50,608 - 	 2.53032 0.00030
2021-04-01 17:13:03,179 - 	 1.37098 0.00030
2021-04-01 17:14:15,425 - 	 2.30064 0.00030
2021-04-01 17:14:19,031 - 
 ---------------------- mean loss : 4.05435  ---------------------- 

2021-04-01 17:14:19,033 - Starting Validation
2021-04-01 17:14:38,939 - 
                     ------- validation -------            

2021-04-01 17:14:38,940 - 	 NCE 	 MSE 	 MASK MSE 	 MAPPING MSE
2021-04-01 17:14:38,940 - 	 0.2555  	 0.1141  	 0.0167 	 0.3853
2021-04-01 17:14:38,940 - -------------------------------
Validation Epoch: 221 	Accuracy: 2775.0000	Loss: 149.307320
------------------
2021-04-01 17:14:38,940 - #### End epoch 221/1000, elapsed time: 243.30960037652403
2021-04-01 17:14:38,940 - 
 --------------------------- epoch 222 ------------------------- 

2021-04-01 17:14:38,940 - weights are [1, 1, 1, 3]
2021-04-01 17:14:42,931 - 	 1.55319 0.00030
2021-04-01 17:15:53,269 - 	 2.61313 0.00030
2021-04-01 17:17:05,713 - 	 10.77776 0.00030
2021-04-01 17:18:18,271 - 	 2.61312 0.00030
2021-04-01 17:18:21,998 - 
 ---------------------- mean loss : 4.29534  ---------------------- 

2021-04-01 17:18:21,998 - Starting Validation
2021-04-01 17:18:42,561 - 
                     ------- validation -------            

2021-04-01 17:18:42,561 - 	 NCE 	 MSE 	 MASK MSE 	 MAPPING MSE
2021-04-01 17:18:42,561 - 	 0.2734  	 0.1812  	 0.0167 	 0.6350
2021-04-01 17:18:42,562 - -------------------------------
Validation Epoch: 222 	Accuracy: 2755.0000	Loss: 193.912967
------------------
2021-04-01 17:18:42,562 - #### End epoch 222/1000, elapsed time: 243.62157899979502
2021-04-01 17:18:42,562 - 
 --------------------------- epoch 223 ------------------------- 

2021-04-01 17:18:42,562 - weights are [1, 1, 1, 3]
2021-04-01 17:18:46,786 - 	 1.59851 0.00030
2021-04-01 17:19:55,933 - 	 2.72285 0.00030
2021-04-01 17:21:08,484 - 	 2.37937 0.00030
2021-04-01 17:22:20,841 - 	 1.12175 0.00030
2021-04-01 17:22:24,589 - 
 ---------------------- mean loss : 4.43463  ---------------------- 

2021-04-01 17:22:24,589 - Starting Validation
2021-04-01 17:22:45,281 - 
                     ------- validation -------            

2021-04-01 17:22:45,281 - 	 NCE 	 MSE 	 MASK MSE 	 MAPPING MSE
2021-04-01 17:22:45,282 - 	 0.2331  	 0.2299  	 0.0166 	 0.9082
2021-04-01 17:22:45,282 - -------------------------------
Validation Epoch: 223 	Accuracy: 2800.0000	Loss: 220.646015
------------------
2021-04-01 17:22:45,315 - Snapshot saved to /home/shuying/CPAE/logs/cpc/CPAELSTM44/st_lr_3e-4-2021-04-01_11_08_29-model_best.pth

2021-04-01 17:22:45,315 - model got improved for this run, but did not surpass previous though, please take changes of hyper parameters into consideration
2021-04-01 17:22:45,315 - #### End epoch 223/1000, elapsed time: 242.75349578261375
2021-04-01 17:22:45,315 - 
 --------------------------- epoch 224 ------------------------- 

2021-04-01 17:22:45,315 - weights are [1, 1, 1, 3]
2021-04-01 17:22:49,181 - 	 3.39955 0.00030
2021-04-01 17:23:58,387 - 	 1.43326 0.00030
2021-04-01 17:25:11,039 - 	 1.78551 0.00030
