2021-04-01 15:04:16,938 - ===> use benchmark strategy to split train, validation and eval dataset
2021-04-01 15:04:18,676 - ### Model summary below###
 CPAELSTM44(
  (lstm1): LSTM(76, 256, batch_first=True)
  (lstm2): LSTM(256, 256, batch_first=True)
  (lstm3): LSTM(256, 256, batch_first=True)
  (dropout): Dropout(p=0.3, inplace=False)
  (softmax): Softmax(dim=0)
  (lsoftmax): LogSoftmax()
  (fcs): Sequential(
    (0): Linear(in_features=256, out_features=256, bias=True)
    (1): ReLU(inplace=True)
    (2): Linear(in_features=256, out_features=256, bias=True)
  )
  (lstm4): LSTM(256, 76, batch_first=True)
  (W_pred): Linear(in_features=256, out_features=256, bias=True)
)

2021-04-01 15:04:18,676 - ===> Model total parameter: 1693600

2021-04-01 15:04:18,676 - {'data_split': 'benchmark', 'batch_size': 48, 'n_points': 192, 'n_features': 76, 'time_step': 30, 'mode': 0, 'points_per_hour': 4, 'frame_size': 16, 'n_frames': 12, 'dim': 256, 'bn': False, 'dropout': 0.3, 'task': 'ihm', 'learning_rate': 0.0003, 'epochs': 1000, 'seed': 1, 'log_interval': 30, 'num_workers': 30, 'gru_out': 256, 'optimizer': 'optim.Adam(filter(lambda p: p.requires_grad, model.parameters()), lr=0.0003, betas=(0.9, 0.98), eps=1e-09,weight_decay=1e-4)', 'model_params': None, 'setting_name': 'st_lr_3e-4_future_cos_t0.07', 'run_name': 'st_lr_3e-4_future_cos_t0.07-2021-04-01_15_04_16', 'model_type': 'CPAELSTM44', 'resume': False, 'model_best': 'st_lr_3e-4-2021-04-01_11_08_29-model_best.pth', 'save_every': 100, 'lambda': [1, 1, 1, 3], 'top_path': '/home/shuying/CPAE/', 'scr_data_path': '/home/shuying/cpcSurvival/data', 'logging_dir': '/home/shuying/CPAE/logs/cpc/CPAELSTM44', 'ini_file': '/home/shuying/CPAE/logs/cpc/CPAELSTM44/st_lr_3e-4_future_cos_t0.07.ini', 'updated_lr': 0.0003, 'sim': 'cosine', 'temperature': 0.07, 'adjust_lr': True, 'pred_mode': 'future', 't_range': (0.5, 0.8)}
2021-04-01 15:04:18,677 - 
 --------------------------- epoch 1 ------------------------- 

2021-04-01 15:04:18,677 - weights are [1, 1, 1, 3]
2021-04-01 15:04:23,559 - 	 20.29255 0.00030
2021-04-01 15:05:40,518 - 	 19.93787 0.00030
2021-04-01 15:06:57,535 - 	 19.69685 0.00030
2021-04-01 15:08:14,189 - 	 19.63697 0.00030
2021-04-01 15:08:17,689 - 
 ---------------------- mean loss : 21.44729  ---------------------- 

2021-04-01 15:08:17,689 - Starting Validation
2021-04-01 15:08:40,327 - 
                     ------- validation -------            

2021-04-01 15:08:40,327 - 	 NCE 	 MSE 	 MASK MSE 	 MAPPING MSE
2021-04-01 15:08:40,327 - 	 3.8378  	 0.1570  	 0.0300 	 0.4936
2021-04-01 15:08:40,327 - -------------------------------
Validation Epoch: 1 	Accuracy: 131.0000	Loss: 1386.736515
------------------
2021-04-01 15:08:40,346 - Snapshot saved to /home/shuying/CPAE/logs/cpc/CPAELSTM44/st_lr_3e-4_future_cos_t0.07-2021-04-01_15_04_16-model_best.pth

2021-04-01 15:08:40,346 - Best model updated in 'st_lr_3e-4_future_cos_t0.07.ini'! !!!!!!!!!
2021-04-01 15:08:40,346 - #### End epoch 1/1000, elapsed time: 261.6699159229174
2021-04-01 15:08:40,347 - 
 --------------------------- epoch 2 ------------------------- 

2021-04-01 15:08:40,347 - weights are [1, 1, 1, 3]
2021-04-01 15:08:45,549 - 	 20.56775 0.00030
2021-04-01 15:10:03,134 - 	 19.63791 0.00030
2021-04-01 15:11:20,628 - 	 19.58922 0.00030
2021-04-01 15:12:36,382 - 	 19.55151 0.00030
2021-04-01 15:12:39,602 - 
 ---------------------- mean loss : 21.48092  ---------------------- 

2021-04-01 15:12:39,602 - Starting Validation
2021-04-01 15:13:02,564 - 
                     ------- validation -------            

2021-04-01 15:13:02,564 - 	 NCE 	 MSE 	 MASK MSE 	 MAPPING MSE
2021-04-01 15:13:02,564 - 	 3.8362  	 0.1385  	 0.0214 	 0.4472
2021-04-01 15:13:02,564 - -------------------------------
Validation Epoch: 2 	Accuracy: 143.0000	Loss: 1377.446819
------------------
2021-04-01 15:13:02,585 - Snapshot saved to /home/shuying/CPAE/logs/cpc/CPAELSTM44/st_lr_3e-4_future_cos_t0.07-2021-04-01_15_04_16-model_best.pth

2021-04-01 15:13:02,586 - Best model updated in 'st_lr_3e-4_future_cos_t0.07.ini'! !!!!!!!!!
2021-04-01 15:13:02,589 - #### End epoch 2/1000, elapsed time: 262.239931659773
2021-04-01 15:13:02,590 - 
 --------------------------- epoch 3 ------------------------- 

2021-04-01 15:13:02,590 - weights are [1, 1, 1, 3]
2021-04-01 15:13:08,484 - 	 19.56098 0.00030
2021-04-01 15:14:25,964 - 	 19.56009 0.00030
2021-04-01 15:15:43,277 - 	 19.70498 0.00030
2021-04-01 15:16:57,328 - 	 19.57220 0.00030
2021-04-01 15:17:01,150 - 
 ---------------------- mean loss : 21.56129  ---------------------- 

2021-04-01 15:17:01,151 - Starting Validation
2021-04-01 15:17:23,839 - 
                     ------- validation -------            

2021-04-01 15:17:23,840 - 	 NCE 	 MSE 	 MASK MSE 	 MAPPING MSE
2021-04-01 15:17:23,840 - 	 3.8361  	 0.2266  	 0.0161 	 0.8727
2021-04-01 15:17:23,840 - -------------------------------
Validation Epoch: 3 	Accuracy: 139.0000	Loss: 1440.571314
------------------
2021-04-01 15:17:23,868 - Snapshot saved to /home/shuying/CPAE/logs/cpc/CPAELSTM44/st_lr_3e-4_future_cos_t0.07-2021-04-01_15_04_16-model_best.pth

2021-04-01 15:17:23,868 - model got improved for this run, but did not surpass previous though, please take changes of hyper parameters into consideration
2021-04-01 15:17:23,868 - #### End epoch 3/1000, elapsed time: 261.27880258858204
2021-04-01 15:17:23,869 - 
 --------------------------- epoch 4 ------------------------- 

2021-04-01 15:17:23,869 - weights are [1, 1, 1, 3]
2021-04-01 15:17:28,555 - 	 21.70559 0.00030
2021-04-01 15:18:46,332 - 	 19.55072 0.00030
2021-04-01 15:20:03,645 - 	 19.55278 0.00030
2021-04-01 15:21:18,697 - 	 19.55359 0.00030
2021-04-01 15:21:22,508 - 
 ---------------------- mean loss : 21.24050  ---------------------- 

2021-04-01 15:21:22,508 - Starting Validation
2021-04-01 15:21:44,987 - 
                     ------- validation -------            

2021-04-01 15:21:44,987 - 	 NCE 	 MSE 	 MASK MSE 	 MAPPING MSE
2021-04-01 15:21:44,987 - 	 3.8361  	 0.1204  	 0.0139 	 0.4443
2021-04-01 15:21:44,987 - -------------------------------
Validation Epoch: 4 	Accuracy: 136.0000	Loss: 1374.767853
------------------
2021-04-01 15:21:44,987 - #### End epoch 4/1000, elapsed time: 261.11864155717194
2021-04-01 15:21:44,987 - 
 --------------------------- epoch 5 ------------------------- 

2021-04-01 15:21:44,987 - weights are [1, 1, 1, 3]
2021-04-01 15:21:49,256 - 	 19.54878 0.00030
2021-04-01 15:23:07,816 - 	 19.71630 0.00030
2021-04-01 15:24:25,369 - 	 19.55632 0.00030
2021-04-01 15:25:40,730 - 	 19.53492 0.00030
2021-04-01 15:25:44,548 - 
 ---------------------- mean loss : 20.91382  ---------------------- 

2021-04-01 15:25:44,548 - Starting Validation
2021-04-01 15:26:07,013 - 
                     ------- validation -------            

2021-04-01 15:26:07,013 - 	 NCE 	 MSE 	 MASK MSE 	 MAPPING MSE
2021-04-01 15:26:07,013 - 	 3.8361  	 0.1267  	 0.0121 	 0.4138
2021-04-01 15:26:07,013 - -------------------------------
Validation Epoch: 5 	Accuracy: 137.0000	Loss: 1370.810874
------------------
2021-04-01 15:26:07,013 - #### End epoch 5/1000, elapsed time: 262.026160123758
2021-04-01 15:26:07,013 - 
 --------------------------- epoch 6 ------------------------- 

2021-04-01 15:26:07,013 - weights are [1, 1, 1, 3]
2021-04-01 15:26:11,807 - 	 19.59304 0.00030
2021-04-01 15:27:29,867 - 	 19.65803 0.00030
2021-04-01 15:28:46,478 - 	 19.61690 0.00030
2021-04-01 15:30:02,183 - 	 19.63084 0.00030
2021-04-01 15:30:06,130 - 
 ---------------------- mean loss : 21.63499  ---------------------- 

2021-04-01 15:30:06,131 - Starting Validation
2021-04-01 15:30:27,844 - 
                     ------- validation -------            

2021-04-01 15:30:27,845 - 	 NCE 	 MSE 	 MASK MSE 	 MAPPING MSE
2021-04-01 15:30:27,845 - 	 3.8361  	 0.1726  	 0.0112 	 0.6437
2021-04-01 15:30:27,845 - -------------------------------
Validation Epoch: 6 	Accuracy: 136.0000	Loss: 1405.079656
------------------
2021-04-01 15:30:27,845 - #### End epoch 6/1000, elapsed time: 260.8315537618473
2021-04-01 15:30:27,845 - 
 --------------------------- epoch 7 ------------------------- 

2021-04-01 15:30:27,845 - weights are [1, 1, 1, 3]
2021-04-01 15:30:32,444 - 	 19.53138 0.00030
2021-04-01 15:31:50,726 - 	 19.53343 0.00030
2021-04-01 15:33:05,566 - 	 19.54578 0.00030
2021-04-01 15:34:22,912 - 	 19.67355 0.00030
2021-04-01 15:34:26,769 - 
 ---------------------- mean loss : 20.78632  ---------------------- 

2021-04-01 15:34:26,769 - Starting Validation
2021-04-01 15:34:49,020 - 
                     ------- validation -------            

2021-04-01 15:34:49,020 - 	 NCE 	 MSE 	 MASK MSE 	 MAPPING MSE
2021-04-01 15:34:49,020 - 	 3.8361  	 0.1774  	 0.0102 	 0.8131
2021-04-01 15:34:49,020 - -------------------------------
Validation Epoch: 7 	Accuracy: 136.0000	Loss: 1428.291302
------------------
2021-04-01 15:34:49,020 - #### End epoch 7/1000, elapsed time: 261.1752306185663
2021-04-01 15:34:49,020 - 
 --------------------------- epoch 8 ------------------------- 

2021-04-01 15:34:49,020 - weights are [1, 1, 1, 3]
2021-04-01 15:34:53,745 - 	 19.59434 0.00030
2021-04-01 15:36:11,942 - 	 19.62565 0.00030
2021-04-01 15:37:27,652 - 	 19.55542 0.00030
2021-04-01 15:38:44,936 - 	 19.56577 0.00030
2021-04-01 15:38:48,401 - 
 ---------------------- mean loss : 21.28007  ---------------------- 

2021-04-01 15:38:48,401 - Starting Validation
2021-04-01 15:39:10,715 - 
                     ------- validation -------            

2021-04-01 15:39:10,715 - 	 NCE 	 MSE 	 MASK MSE 	 MAPPING MSE
2021-04-01 15:39:10,715 - 	 3.8361  	 0.1287  	 0.0099 	 0.4606
2021-04-01 15:39:10,715 - -------------------------------
Validation Epoch: 8 	Accuracy: 137.0000	Loss: 1377.005391
------------------
2021-04-01 15:39:10,715 - #### End epoch 8/1000, elapsed time: 261.6949311355129
2021-04-01 15:39:10,715 - 
 --------------------------- epoch 9 ------------------------- 

2021-04-01 15:39:10,715 - weights are [1, 1, 1, 3]
2021-04-01 15:39:15,581 - 	 19.51421 0.00030
2021-04-01 15:40:33,666 - 	 19.51672 0.00030
2021-04-01 15:41:49,366 - 	 19.53375 0.00030
2021-04-01 15:43:06,618 - 	 19.50473 0.00030
2021-04-01 15:43:10,364 - 
 ---------------------- mean loss : 21.29247  ---------------------- 

2021-04-01 15:43:10,364 - Starting Validation
2021-04-01 15:43:32,997 - 
                     ------- validation -------            

2021-04-01 15:43:32,997 - 	 NCE 	 MSE 	 MASK MSE 	 MAPPING MSE
2021-04-01 15:43:32,997 - 	 3.8361  	 0.1475  	 0.0125 	 0.8680
2021-04-01 15:43:32,997 - -------------------------------
Validation Epoch: 9 	Accuracy: 140.0000	Loss: 1434.051378
------------------
2021-04-01 15:43:33,029 - Snapshot saved to /home/shuying/CPAE/logs/cpc/CPAELSTM44/st_lr_3e-4_future_cos_t0.07-2021-04-01_15_04_16-model_best.pth

2021-04-01 15:43:33,030 - model got improved for this run, but did not surpass previous though, please take changes of hyper parameters into consideration
2021-04-01 15:43:33,030 - #### End epoch 9/1000, elapsed time: 262.31456136796623
2021-04-01 15:43:33,030 - 
 --------------------------- epoch 10 ------------------------- 

2021-04-01 15:43:33,030 - weights are [1, 1, 1, 3]
2021-04-01 15:43:38,220 - 	 19.55353 0.00030
2021-04-01 15:44:55,599 - 	 19.48613 0.00030
2021-04-01 15:46:11,601 - 	 19.55152 0.00030
2021-04-01 15:47:28,842 - 	 19.51553 0.00030
2021-04-01 15:47:32,663 - 
 ---------------------- mean loss : 21.12712  ---------------------- 

2021-04-01 15:47:32,663 - Starting Validation
2021-04-01 15:47:55,410 - 
                     ------- validation -------            

2021-04-01 15:47:55,410 - 	 NCE 	 MSE 	 MASK MSE 	 MAPPING MSE
2021-04-01 15:47:55,411 - 	 3.8361  	 0.1121  	 0.0088 	 0.3848
2021-04-01 15:47:55,411 - -------------------------------
Validation Epoch: 10 	Accuracy: 142.0000	Loss: 1365.406816
------------------
2021-04-01 15:47:55,445 - Snapshot saved to /home/shuying/CPAE/logs/cpc/CPAELSTM44/st_lr_3e-4_future_cos_t0.07-2021-04-01_15_04_16-model_best.pth

2021-04-01 15:47:55,445 - model got improved for this run, but did not surpass previous though, please take changes of hyper parameters into consideration
2021-04-01 15:47:55,445 - #### End epoch 10/1000, elapsed time: 262.4152943007648
2021-04-01 15:47:55,445 - 
 --------------------------- epoch 11 ------------------------- 

2021-04-01 15:47:55,445 - weights are [1, 1, 1, 3]
2021-04-01 15:48:00,803 - 	 19.54126 0.00030
2021-04-01 15:49:16,894 - 	 19.50476 0.00030
2021-04-01 15:50:34,164 - 	 19.56641 0.00030
2021-04-01 15:51:51,145 - 	 19.54015 0.00030
2021-04-01 15:51:54,896 - 
 ---------------------- mean loss : 21.02589  ---------------------- 

2021-04-01 15:51:54,896 - Starting Validation
2021-04-01 15:52:17,468 - 
                     ------- validation -------            

2021-04-01 15:52:17,468 - 	 NCE 	 MSE 	 MASK MSE 	 MAPPING MSE
2021-04-01 15:52:17,468 - 	 3.8361  	 0.1486  	 0.0084 	 0.5545
2021-04-01 15:52:17,468 - -------------------------------
Validation Epoch: 11 	Accuracy: 141.0000	Loss: 1390.907739
------------------
2021-04-01 15:52:17,468 - #### End epoch 11/1000, elapsed time: 262.02324456349015
2021-04-01 15:52:17,469 - 
 --------------------------- epoch 12 ------------------------- 

2021-04-01 15:52:17,469 - weights are [1, 1, 1, 3]
2021-04-01 15:52:22,853 - 	 19.57316 0.00030
2021-04-01 15:53:38,819 - 	 19.56256 0.00030
2021-04-01 15:54:56,323 - 	 19.54676 0.00030
2021-04-01 15:56:13,412 - 	 28.98230 0.00030
2021-04-01 15:56:16,843 - 
 ---------------------- mean loss : 21.22696  ---------------------- 

2021-04-01 15:56:16,843 - Starting Validation
2021-04-01 15:56:39,177 - 
                     ------- validation -------            

2021-04-01 15:56:39,177 - 	 NCE 	 MSE 	 MASK MSE 	 MAPPING MSE
2021-04-01 15:56:39,177 - 	 3.8361  	 0.1469  	 0.0141 	 0.5217
2021-04-01 15:56:39,177 - -------------------------------
Validation Epoch: 12 	Accuracy: 137.0000	Loss: 1387.122526
------------------
2021-04-01 15:56:39,177 - #### End epoch 12/1000, elapsed time: 261.70881913695484
2021-04-01 15:56:39,177 - 
 --------------------------- epoch 13 ------------------------- 

2021-04-01 15:56:39,177 - weights are [1, 1, 1, 3]
2021-04-01 15:56:43,414 - 	 19.53715 0.00030
2021-04-01 15:57:59,832 - 	 19.61408 0.00030
2021-04-01 15:59:17,262 - 	 19.50497 0.00030
2021-04-01 16:00:34,245 - 	 19.61446 0.00030
2021-04-01 16:00:38,276 - 
 ---------------------- mean loss : 21.44436  ---------------------- 

2021-04-01 16:00:38,277 - Starting Validation
2021-04-01 16:01:00,471 - 
                     ------- validation -------            

2021-04-01 16:01:00,471 - 	 NCE 	 MSE 	 MASK MSE 	 MAPPING MSE
2021-04-01 16:01:00,471 - 	 3.8361  	 0.1212  	 0.0073 	 0.4156
2021-04-01 16:01:00,471 - -------------------------------
Validation Epoch: 13 	Accuracy: 136.0000	Loss: 1370.019830
------------------
2021-04-01 16:01:00,471 - #### End epoch 13/1000, elapsed time: 261.2941570272669
2021-04-01 16:01:00,472 - 
 --------------------------- epoch 14 ------------------------- 

2021-04-01 16:01:00,472 - weights are [1, 1, 1, 3]
2021-04-01 16:01:05,963 - 	 19.52149 0.00030
2021-04-01 16:02:21,640 - 	 19.62506 0.00030
2021-04-01 16:03:39,041 - 	 19.61737 0.00030
2021-04-01 16:04:56,478 - 	 19.49648 0.00030
2021-04-01 16:05:00,313 - 
 ---------------------- mean loss : 21.53961  ---------------------- 

2021-04-01 16:05:00,313 - Starting Validation
2021-04-01 16:05:22,629 - 
                     ------- validation -------            

2021-04-01 16:05:22,629 - 	 NCE 	 MSE 	 MASK MSE 	 MAPPING MSE
2021-04-01 16:05:22,629 - 	 3.8361  	 0.1273  	 0.0132 	 0.4460
2021-04-01 16:05:22,629 - -------------------------------
Validation Epoch: 14 	Accuracy: 137.0000	Loss: 1375.380371
------------------
2021-04-01 16:05:22,629 - #### End epoch 14/1000, elapsed time: 262.15756124351174
2021-04-01 16:05:22,629 - 
 --------------------------- epoch 15 ------------------------- 

2021-04-01 16:05:22,629 - weights are [1, 1, 1, 3]
2021-04-01 16:05:26,580 - 	 19.65610 0.00030
2021-04-01 16:06:44,117 - 	 19.53288 0.00030
2021-04-01 16:08:01,267 - 	 19.52450 0.00030
2021-04-01 16:09:18,174 - 	 21.62635 0.00030
2021-04-01 16:09:21,867 - 
 ---------------------- mean loss : 21.38628  ---------------------- 

2021-04-01 16:09:21,867 - Starting Validation
2021-04-01 16:09:44,371 - 
                     ------- validation -------            

2021-04-01 16:09:44,371 - 	 NCE 	 MSE 	 MASK MSE 	 MAPPING MSE
2021-04-01 16:09:44,371 - 	 3.8361  	 0.1004  	 0.0098 	 0.3214
2021-04-01 16:09:44,371 - -------------------------------
Validation Epoch: 15 	Accuracy: 138.0000	Loss: 1356.129828
------------------
2021-04-01 16:09:44,372 - #### End epoch 15/1000, elapsed time: 261.74245346244425
2021-04-01 16:09:44,372 - 
 --------------------------- epoch 16 ------------------------- 

2021-04-01 16:09:44,372 - weights are [1, 1, 1, 3]
2021-04-01 16:09:47,759 - 	 19.88840 0.00030
2021-04-01 16:11:06,179 - 	 19.51923 0.00030
2021-04-01 16:12:23,632 - 	 19.53760 0.00030
2021-04-01 16:13:39,769 - 	 19.50663 0.00030
2021-04-01 16:13:43,362 - 
 ---------------------- mean loss : 21.24177  ---------------------- 

2021-04-01 16:13:43,362 - Starting Validation
2021-04-01 16:14:06,718 - 
                     ------- validation -------            

2021-04-01 16:14:06,718 - 	 NCE 	 MSE 	 MASK MSE 	 MAPPING MSE
2021-04-01 16:14:06,719 - 	 3.8361  	 0.1185  	 0.0098 	 0.4057
2021-04-01 16:14:06,719 - -------------------------------
Validation Epoch: 16 	Accuracy: 138.0000	Loss: 1368.819177
------------------
2021-04-01 16:14:06,719 - #### End epoch 16/1000, elapsed time: 262.3470097882673
2021-04-01 16:14:06,719 - 
 --------------------------- epoch 17 ------------------------- 

2021-04-01 16:14:06,719 - weights are [1, 1, 1, 3]
2021-04-01 16:14:10,369 - 	 19.53921 0.00030
2021-04-01 16:15:28,927 - 	 19.52017 0.00030
2021-04-01 16:16:46,100 - 	 20.44614 0.00030
2021-04-01 16:18:00,920 - 	 19.54977 0.00030
2021-04-01 16:18:04,834 - 
 ---------------------- mean loss : 21.43167  ---------------------- 

2021-04-01 16:18:04,835 - Starting Validation
2021-04-01 16:18:27,373 - 
                     ------- validation -------            

2021-04-01 16:18:27,373 - 	 NCE 	 MSE 	 MASK MSE 	 MAPPING MSE
2021-04-01 16:18:27,374 - 	 3.8361  	 0.1181  	 0.0063 	 0.4184
2021-04-01 16:18:27,374 - -------------------------------
Validation Epoch: 17 	Accuracy: 142.0000	Loss: 1370.048865
------------------
2021-04-01 16:18:27,374 - #### End epoch 17/1000, elapsed time: 260.65496905799955
2021-04-01 16:18:27,374 - 
 --------------------------- epoch 18 ------------------------- 

2021-04-01 16:18:27,374 - weights are [1, 1, 1, 3]
2021-04-01 16:18:33,137 - 	 19.49506 0.00030
2021-04-01 16:19:50,598 - 	 19.53161 0.00030
2021-04-01 16:21:07,687 - 	 19.52365 0.00030
2021-04-01 16:22:23,126 - 	 19.54146 0.00030
2021-04-01 16:22:26,953 - 
 ---------------------- mean loss : 21.37218  ---------------------- 

2021-04-01 16:22:26,953 - Starting Validation
2021-04-01 16:22:49,346 - 
                     ------- validation -------            

2021-04-01 16:22:49,346 - 	 NCE 	 MSE 	 MASK MSE 	 MAPPING MSE
2021-04-01 16:22:49,346 - 	 3.8361  	 0.1179  	 0.0062 	 0.4108
2021-04-01 16:22:49,346 - -------------------------------
Validation Epoch: 18 	Accuracy: 132.0000	Loss: 1368.983314
------------------
2021-04-01 16:22:49,346 - #### End epoch 18/1000, elapsed time: 261.97242767363787
2021-04-01 16:22:49,346 - 
 --------------------------- epoch 19 ------------------------- 

2021-04-01 16:22:49,346 - weights are [1, 1, 1, 3]
2021-04-01 16:22:53,820 - 	 20.09329 0.00030
2021-04-01 16:24:11,331 - 	 19.50263 0.00030
2021-04-01 16:25:28,740 - 	 19.64078 0.00030
2021-04-01 16:26:44,112 - 	 19.48464 0.00030
2021-04-01 16:26:48,008 - 
 ---------------------- mean loss : 21.04100  ---------------------- 

2021-04-01 16:26:48,008 - Starting Validation
2021-04-01 16:27:10,260 - 
                     ------- validation -------            

2021-04-01 16:27:10,260 - 	 NCE 	 MSE 	 MASK MSE 	 MAPPING MSE
2021-04-01 16:27:10,260 - 	 3.8361  	 0.1162  	 0.0062 	 0.4216
2021-04-01 16:27:10,260 - -------------------------------
Validation Epoch: 19 	Accuracy: 139.0000	Loss: 1370.346679
------------------
2021-04-01 16:27:10,260 - #### End epoch 19/1000, elapsed time: 260.9143636627123
2021-04-01 16:27:10,261 - 
 --------------------------- epoch 20 ------------------------- 

2021-04-01 16:27:10,261 - weights are [1, 1, 1, 3]
2021-04-01 16:27:13,993 - 	 19.52116 0.00030
2021-04-01 16:28:32,538 - 	 19.50894 0.00030
2021-04-01 16:29:49,535 - 	 19.47359 0.00030
2021-04-01 16:31:05,851 - 	 19.51808 0.00030
2021-04-01 16:31:09,737 - 
 ---------------------- mean loss : 21.13299  ---------------------- 

2021-04-01 16:31:09,737 - Starting Validation
2021-04-01 16:31:32,108 - 
                     ------- validation -------            

2021-04-01 16:31:32,108 - 	 NCE 	 MSE 	 MASK MSE 	 MAPPING MSE
2021-04-01 16:31:32,108 - 	 3.8361  	 0.1211  	 0.0060 	 0.4277
2021-04-01 16:31:32,109 - -------------------------------
Validation Epoch: 20 	Accuracy: 137.0000	Loss: 1371.470476
------------------
2021-04-01 16:31:32,109 - #### End epoch 20/1000, elapsed time: 261.8480162471533
2021-04-01 16:31:32,109 - 
 --------------------------- epoch 21 ------------------------- 

2021-04-01 16:31:32,109 - weights are [1, 1, 1, 3]
2021-04-01 16:31:36,014 - 	 19.53616 0.00030
2021-04-01 16:32:54,361 - 	 19.58178 0.00030
2021-04-01 16:34:10,210 - 	 19.50451 0.00030
2021-04-01 16:35:27,193 - 	 77.04373 0.00030
2021-04-01 16:35:31,104 - 
 ---------------------- mean loss : 21.80646  ---------------------- 

2021-04-01 16:35:31,104 - Starting Validation
2021-04-01 16:35:53,361 - 
                     ------- validation -------            

2021-04-01 16:35:53,361 - 	 NCE 	 MSE 	 MASK MSE 	 MAPPING MSE
2021-04-01 16:35:53,361 - 	 3.8361  	 0.1222  	 0.0096 	 0.4088
2021-04-01 16:35:53,361 - -------------------------------
Validation Epoch: 21 	Accuracy: 144.0000	Loss: 1369.468034
------------------
2021-04-01 16:35:53,392 - Snapshot saved to /home/shuying/CPAE/logs/cpc/CPAELSTM44/st_lr_3e-4_future_cos_t0.07-2021-04-01_15_04_16-model_best.pth

2021-04-01 16:35:53,393 - Best model updated in 'st_lr_3e-4_future_cos_t0.07.ini'! !!!!!!!!!
2021-04-01 16:35:53,393 - #### End epoch 21/1000, elapsed time: 261.28461962286383
2021-04-01 16:35:53,393 - 
 --------------------------- epoch 22 ------------------------- 

2021-04-01 16:35:53,394 - weights are [1, 1, 1, 3]
2021-04-01 16:35:58,144 - 	 19.47070 0.00030
2021-04-01 16:37:15,977 - 	 20.01910 0.00030
2021-04-01 16:38:31,841 - 	 19.50351 0.00030
2021-04-01 16:39:48,869 - 	 19.48750 0.00030
2021-04-01 16:39:52,692 - 
 ---------------------- mean loss : 20.88881  ---------------------- 

2021-04-01 16:39:52,692 - Starting Validation
2021-04-01 16:40:15,359 - 
                     ------- validation -------            

2021-04-01 16:40:15,359 - 	 NCE 	 MSE 	 MASK MSE 	 MAPPING MSE
2021-04-01 16:40:15,359 - 	 3.8361  	 0.1451  	 0.0061 	 0.5316
2021-04-01 16:40:15,360 - -------------------------------
Validation Epoch: 22 	Accuracy: 136.0000	Loss: 1387.270061
------------------
2021-04-01 16:40:15,360 - #### End epoch 22/1000, elapsed time: 261.966274311766
2021-04-01 16:40:15,360 - 
 --------------------------- epoch 23 ------------------------- 

2021-04-01 16:40:15,360 - weights are [1, 1, 1, 3]
2021-04-01 16:40:20,488 - 	 19.51850 0.00030
2021-04-01 16:41:38,112 - 	 19.91494 0.00030
2021-04-01 16:42:53,576 - 	 19.58789 0.00030
2021-04-01 16:44:10,703 - 	 19.47617 0.00030
2021-04-01 16:44:14,594 - 
 ---------------------- mean loss : 20.87211  ---------------------- 

2021-04-01 16:44:14,594 - Starting Validation
2021-04-01 16:44:37,022 - 
                     ------- validation -------            

2021-04-01 16:44:37,022 - 	 NCE 	 MSE 	 MASK MSE 	 MAPPING MSE
2021-04-01 16:44:37,023 - 	 3.8361  	 0.1652  	 0.0060 	 0.6269
2021-04-01 16:44:37,023 - -------------------------------
Validation Epoch: 23 	Accuracy: 137.0000	Loss: 1401.573144
------------------
2021-04-01 16:44:37,023 - #### End epoch 23/1000, elapsed time: 261.66305231582373
2021-04-01 16:44:37,023 - 
 --------------------------- epoch 24 ------------------------- 

2021-04-01 16:44:37,023 - weights are [1, 1, 1, 3]
2021-04-01 16:44:42,153 - 	 19.60968 0.00030
2021-04-01 16:45:59,070 - 	 19.79425 0.00030
2021-04-01 16:47:15,693 - 	 19.49933 0.00030
2021-04-01 16:48:32,928 - 	 19.47889 0.00030
2021-04-01 16:48:36,425 - 
 ---------------------- mean loss : 21.47954  ---------------------- 

2021-04-01 16:48:36,426 - Starting Validation
2021-04-01 16:48:58,877 - 
                     ------- validation -------            

2021-04-01 16:48:58,877 - 	 NCE 	 MSE 	 MASK MSE 	 MAPPING MSE
2021-04-01 16:48:58,877 - 	 3.8361  	 0.1608  	 0.0060 	 0.6072
2021-04-01 16:48:58,877 - -------------------------------
Validation Epoch: 24 	Accuracy: 141.0000	Loss: 1398.593838
------------------
2021-04-01 16:48:58,877 - #### End epoch 24/1000, elapsed time: 261.85424724407494
2021-04-01 16:48:58,877 - 
 --------------------------- epoch 25 ------------------------- 

2021-04-01 16:48:58,877 - weights are [1, 1, 1, 3]
2021-04-01 16:49:04,319 - 	 19.47299 0.00030
2021-04-01 16:50:19,567 - 	 19.52177 0.00030
2021-04-01 16:51:36,888 - 	 19.50848 0.00030
2021-04-01 16:52:54,150 - 	 19.48705 0.00030
2021-04-01 16:52:57,540 - 
 ---------------------- mean loss : 20.72948  ---------------------- 

2021-04-01 16:52:57,541 - Starting Validation
2021-04-01 16:53:20,379 - 
                     ------- validation -------            

2021-04-01 16:53:20,380 - 	 NCE 	 MSE 	 MASK MSE 	 MAPPING MSE
2021-04-01 16:53:20,380 - 	 3.8361  	 0.1199  	 0.0060 	 0.4085
2021-04-01 16:53:20,380 - -------------------------------
Validation Epoch: 25 	Accuracy: 138.0000	Loss: 1368.788489
------------------
2021-04-01 16:53:20,380 - #### End epoch 25/1000, elapsed time: 261.5028234263882
2021-04-01 16:53:20,380 - 
 --------------------------- epoch 26 ------------------------- 

2021-04-01 16:53:20,380 - weights are [1, 1, 1, 3]
2021-04-01 16:53:25,086 - 	 19.54111 0.00030
2021-04-01 16:54:40,496 - 	 19.55235 0.00030
2021-04-01 16:55:57,878 - 	 19.49775 0.00030
2021-04-01 16:57:15,026 - 	 19.52386 0.00030
2021-04-01 16:57:18,463 - 
 ---------------------- mean loss : 21.04940  ---------------------- 

2021-04-01 16:57:18,463 - Starting Validation
2021-04-01 16:57:39,916 - 
                     ------- validation -------            

2021-04-01 16:57:39,916 - 	 NCE 	 MSE 	 MASK MSE 	 MAPPING MSE
2021-04-01 16:57:39,916 - 	 3.8361  	 0.1698  	 0.0059 	 0.6210
2021-04-01 16:57:39,916 - -------------------------------
Validation Epoch: 26 	Accuracy: 137.0000	Loss: 1401.067328
------------------
2021-04-01 16:57:39,916 - #### End epoch 26/1000, elapsed time: 259.5360553730279
2021-04-01 16:57:39,916 - 
 --------------------------- epoch 27 ------------------------- 

2021-04-01 16:57:39,916 - weights are [1, 1, 1, 3]
2021-04-01 16:57:44,768 - 	 19.52897 0.00030
2021-04-01 16:59:00,096 - 	 19.46036 0.00030
2021-04-01 17:00:17,472 - 	 19.51441 0.00030
2021-04-01 17:01:34,588 - 	 19.57610 0.00030
2021-04-01 17:01:38,044 - 
 ---------------------- mean loss : 21.97447  ---------------------- 

2021-04-01 17:01:38,044 - Starting Validation
2021-04-01 17:01:59,621 - 
                     ------- validation -------            

2021-04-01 17:01:59,621 - 	 NCE 	 MSE 	 MASK MSE 	 MAPPING MSE
2021-04-01 17:01:59,621 - 	 3.8361  	 0.1632  	 0.0090 	 0.5856
2021-04-01 17:01:59,621 - -------------------------------
Validation Epoch: 27 	Accuracy: 137.0000	Loss: 1396.223348
------------------
2021-04-01 17:01:59,621 - #### End epoch 27/1000, elapsed time: 259.70526449847966
2021-04-01 17:01:59,622 - 
 --------------------------- epoch 28 ------------------------- 

2021-04-01 17:01:59,622 - weights are [1, 1, 1, 3]
2021-04-01 17:02:05,586 - 	 19.50129 0.00030
2021-04-01 17:03:21,974 - 	 19.52646 0.00030
2021-04-01 17:04:39,160 - 	 20.62930 0.00030
2021-04-01 17:05:56,353 - 	 19.47331 0.00030
2021-04-01 17:05:59,825 - 
 ---------------------- mean loss : 21.10197  ---------------------- 

2021-04-01 17:05:59,825 - Starting Validation
2021-04-01 17:06:22,133 - 
                     ------- validation -------            

2021-04-01 17:06:22,134 - 	 NCE 	 MSE 	 MASK MSE 	 MAPPING MSE
2021-04-01 17:06:22,134 - 	 3.8361  	 0.1157  	 0.0091 	 0.3901
2021-04-01 17:06:22,134 - -------------------------------
Validation Epoch: 28 	Accuracy: 142.0000	Loss: 1366.422726
------------------
2021-04-01 17:06:22,134 - #### End epoch 28/1000, elapsed time: 262.51243210956454
2021-04-01 17:06:22,134 - 
 --------------------------- epoch 29 ------------------------- 

2021-04-01 17:06:22,134 - weights are [1, 1, 1, 3]
2021-04-01 17:06:26,676 - 	 19.49895 0.00030
2021-04-01 17:07:44,232 - 	 19.51287 0.00030
2021-04-01 17:09:01,586 - 	 19.62229 0.00030
2021-04-01 17:10:17,955 - 	 19.47643 0.00030
2021-04-01 17:10:21,107 - 
 ---------------------- mean loss : 20.86223  ---------------------- 

2021-04-01 17:10:21,107 - Starting Validation
2021-04-01 17:10:44,312 - 
                     ------- validation -------            

2021-04-01 17:10:44,312 - 	 NCE 	 MSE 	 MASK MSE 	 MAPPING MSE
2021-04-01 17:10:44,313 - 	 3.8361  	 0.2085  	 0.0058 	 0.8178
2021-04-01 17:10:44,313 - -------------------------------
Validation Epoch: 29 	Accuracy: 137.0000	Loss: 1430.452010
------------------
2021-04-01 17:10:44,313 - #### End epoch 29/1000, elapsed time: 262.1790603864938
2021-04-01 17:10:44,313 - 
 --------------------------- epoch 30 ------------------------- 

2021-04-01 17:10:44,313 - weights are [1, 1, 1, 3]
2021-04-01 17:10:49,287 - 	 19.51530 0.00030
2021-04-01 17:12:06,815 - 	 19.57944 0.00030
2021-04-01 17:13:23,815 - 	 19.54191 0.00030
2021-04-01 17:14:38,882 - 	 19.50729 0.00030
2021-04-01 17:14:42,768 - 
 ---------------------- mean loss : 21.34768  ---------------------- 

2021-04-01 17:14:42,771 - Starting Validation
2021-04-01 17:15:04,519 - 
                     ------- validation -------            

2021-04-01 17:15:04,519 - 	 NCE 	 MSE 	 MASK MSE 	 MAPPING MSE
2021-04-01 17:15:04,519 - 	 3.8361  	 0.1561  	 0.0057 	 0.5751
2021-04-01 17:15:04,519 - -------------------------------
Validation Epoch: 30 	Accuracy: 137.0000	Loss: 1393.871399
------------------
2021-04-01 17:15:04,520 - #### End epoch 30/1000, elapsed time: 260.2064999146387
2021-04-01 17:15:04,520 - 
 --------------------------- epoch 31 ------------------------- 

2021-04-01 17:15:04,520 - weights are [1, 1, 1, 3]
2021-04-01 17:15:09,691 - 	 20.08297 0.00030
2021-04-01 17:16:27,123 - 	 19.47567 0.00030
2021-04-01 17:17:44,549 - 	 19.53033 0.00030
2021-04-01 17:19:00,071 - 	 19.48502 0.00030
2021-04-01 17:19:03,563 - 
 ---------------------- mean loss : 21.20912  ---------------------- 

2021-04-01 17:19:03,566 - Starting Validation
2021-04-01 17:19:26,191 - 
                     ------- validation -------            

2021-04-01 17:19:26,191 - 	 NCE 	 MSE 	 MASK MSE 	 MAPPING MSE
2021-04-01 17:19:26,191 - 	 3.8361  	 0.1298  	 0.0059 	 0.4803
2021-04-01 17:19:26,191 - -------------------------------
Validation Epoch: 31 	Accuracy: 137.0000	Loss: 1379.198812
------------------
2021-04-01 17:19:26,191 - #### End epoch 31/1000, elapsed time: 261.6715423213318
2021-04-01 17:19:26,191 - 
 --------------------------- epoch 32 ------------------------- 

2021-04-01 17:19:26,191 - weights are [1, 1, 1, 3]
2021-04-01 17:19:30,156 - 	 19.74438 0.00030
2021-04-01 17:20:47,592 - 	 19.54895 0.00030
2021-04-01 17:22:04,688 - 	 19.46832 0.00030
2021-04-01 17:23:20,080 - 	 19.53244 0.00030
2021-04-01 17:23:23,699 - 
 ---------------------- mean loss : 21.20874  ---------------------- 

2021-04-01 17:23:23,700 - Starting Validation
2021-04-01 17:23:45,009 - 
                     ------- validation -------            

2021-04-01 17:23:45,009 - 	 NCE 	 MSE 	 MASK MSE 	 MAPPING MSE
2021-04-01 17:23:45,009 - 	 3.8361  	 0.2003  	 0.0124 	 0.7336
2021-04-01 17:23:45,009 - -------------------------------
Validation Epoch: 32 	Accuracy: 133.0000	Loss: 1419.348194
------------------
2021-04-01 17:23:45,009 - #### End epoch 32/1000, elapsed time: 258.8182025589049
2021-04-01 17:23:45,010 - 
 --------------------------- epoch 33 ------------------------- 

2021-04-01 17:23:45,010 - weights are [1, 1, 1, 3]
2021-04-01 17:23:50,167 - 	 19.51859 0.00030
2021-04-01 17:25:07,510 - 	 19.52742 0.00030
