2021-04-01 10:50:46,020 - ===> use benchmark strategy to split train, validation and eval dataset
2021-04-01 10:50:47,420 - ### Model summary below###
 CPAELSTM44(
  (lstm1): LSTM(76, 256, batch_first=True)
  (lstm2): LSTM(256, 256, batch_first=True)
  (lstm3): LSTM(256, 256, batch_first=True)
  (dropout): Dropout(p=0.3, inplace=False)
  (softmax): Softmax(dim=0)
  (lsoftmax): LogSoftmax()
  (fcs): Sequential(
    (0): Linear(in_features=256, out_features=256, bias=True)
    (1): ReLU(inplace=True)
    (2): Linear(in_features=256, out_features=256, bias=True)
  )
  (lstm4): LSTM(256, 76, batch_first=True)
)

2021-04-01 10:50:47,421 - ===> Model total parameter: 1627808

2021-04-01 10:50:47,421 - {'data_split': 'benchmark', 'batch_size': 48, 'n_points': 192, 'n_features': 76, 'time_step': 30, 'mode': 0, 'points_per_hour': 4, 'frame_size': 16, 'n_frames': 12, 'dim': 256, 'bn': False, 'dropout': 0.3, 'task': 'ihm', 'learning_rate': 0.0003, 'epochs': 1000, 'seed': 1, 'log_interval': 30, 'num_workers': 30, 'gru_out': 256, 'optimizer': 'optim.Adam(filter(lambda p: p.requires_grad, model.parameters()), lr=0.0003, betas=(0.9, 0.98), eps=1e-09,weight_decay=1e-4)', 'model_params': None, 'setting_name': 'st_lr_3e-4', 'run_name': 'st_lr_3e-4-2021-04-01_10_50_46', 'model_type': 'CPAELSTM44', 'resume': True, 'model_best': 'st_lr_3e-4-2021-03-31_22_25_10-model_best.pth', 'save_every': 100, 'lambda': [1, 1, 1, 3], 'top_path': '/home/shuying/CPAE/', 'scr_data_path': '/home/shuying/cpcSurvival/data', 'logging_dir': '/home/shuying/CPAE/logs/cpc/CPAELSTM44', 'ini_file': '/home/shuying/CPAE/logs/cpc/CPAELSTM44/st_lr_3e-4.ini'}
2021-04-01 10:50:47,443 - 

Resume from checkpoint: /home/shuying/CPAE/logs/cpc/CPAELSTM44/st_lr_3e-4-2021-03-31_22_25_10-model_best.pth


2021-04-01 10:50:47,443 - 
 --------------------------- epoch 141 ------------------------- 

2021-04-01 10:50:47,443 - weights are [1, 1, 1, 3]
2021-04-01 10:50:51,229 - 	 2.97556 0.00030
2021-04-01 10:51:39,280 - 	 2.67144 0.00030
2021-04-01 10:52:26,087 - 	 4.94857 0.00030
2021-04-01 10:53:14,686 - 	 2.93438 0.00030
2021-04-01 10:53:17,087 - 
 ---------------------- mean loss : 5.11956  ---------------------- 

2021-04-01 10:53:17,088 - Starting Validation
2021-04-01 10:53:34,615 - 
                     ------- validation -------            

2021-04-01 10:53:34,616 - 	 NCE 	 MSE 	 MASK MSE 	 MAPPING MSE
2021-04-01 10:53:34,616 - 	 0.3193  	 0.1843  	 0.0206 	 0.6346
2021-04-01 10:53:34,616 - -------------------------------
Validation Epoch: 141 	Accuracy: 2703.0000	Loss: 210.200759
------------------
2021-04-01 10:53:34,629 - Snapshot saved to /home/shuying/CPAE/logs/cpc/CPAELSTM44/st_lr_3e-4-2021-04-01_10_50_46-model_best.pth

2021-04-01 10:53:34,629 - model got improved for this run, but did not surpass previous though, please take changes of hyper parameters into consideration
2021-04-01 10:53:34,629 - #### End epoch 141/1000, elapsed time: 167.18572914414108
2021-04-01 10:53:34,629 - 
 --------------------------- epoch 142 ------------------------- 

2021-04-01 10:53:34,629 - weights are [1, 1, 1, 3]
2021-04-01 10:53:38,925 - 	 2.02550 0.00030
