2021-04-01 18:07:17,762 - ===> use benchmark strategy to split train, validation and eval dataset
2021-04-01 18:07:19,207 - ### Model summary below###
 CPAELSTM44(
  (lstm1): LSTM(76, 256, batch_first=True)
  (lstm2): LSTM(256, 256, batch_first=True)
  (lstm3): LSTM(256, 256, batch_first=True)
  (dropout): Dropout(p=0.3, inplace=False)
  (softmax): Softmax(dim=0)
  (lsoftmax): LogSoftmax()
  (fcs): Sequential(
    (0): Linear(in_features=256, out_features=256, bias=True)
    (1): ReLU(inplace=True)
    (2): Linear(in_features=256, out_features=256, bias=True)
  )
  (lstm4): LSTM(256, 76, batch_first=True)
)

2021-04-01 18:07:19,208 - ===> Model total parameter: 1627808

2021-04-01 18:07:19,208 - {'data_split': 'benchmark', 'batch_size': 48, 'n_points': 192, 'n_features': 76, 'time_step': 30, 'mode': 0, 'points_per_hour': 4, 'frame_size': 16, 'n_frames': 12, 'dim': 256, 'bn': False, 'dropout': 0.3, 'task': 'ihm', 'learning_rate': 0.0003, 'epochs': 1000, 'seed': 1, 'log_interval': 30, 'num_workers': 30, 'gru_out': 256, 'optimizer': 'optim.Adam(filter(lambda p: p.requires_grad, model.parameters()), lr=0.0003, betas=(0.9, 0.98), eps=1e-09,weight_decay=1e-4)', 'model_params': None, 'setting_name': 'st_lr_3e-4_ts30_cos_t1', 'run_name': 'st_lr_3e-4_ts30_cos_t1-2021-04-01_18_07_17', 'model_type': 'CPAELSTM44', 'resume': False, 'model_best': 'st_lr_3e-4_ts30_cos_t1-2021-04-01_17_54_23-model_best.pth', 'save_every': 100, 'lambda': [1, 1, 1, 3], 'top_path': '/home/shuying/CPAE/', 'scr_data_path': '/home/shuying/cpcSurvival/data', 'logging_dir': '/home/shuying/CPAE/logs/cpc/CPAELSTM44', 'ini_file': '/home/shuying/CPAE/logs/cpc/CPAELSTM44/st_lr_3e-4_ts30_cos_t1.ini', 'updated_lr': 0.0003, 'sim': 'cosine', 'temperature': 1, 'adjust_lr': True}
2021-04-01 18:07:19,208 - 
 --------------------------- epoch 1 ------------------------- 

2021-04-01 18:07:19,208 - weights are [1, 1, 1, 3]
2021-04-01 18:07:24,209 - 	 20.30743 0.00030
2021-04-01 18:08:17,106 - 	 18.69403 0.00030
2021-04-01 18:09:08,382 - 	 16.86447 0.00030
2021-04-01 18:10:00,300 - 	 16.85619 0.00030
2021-04-01 18:10:02,745 - 
 ---------------------- mean loss : 19.66282  ---------------------- 

2021-04-01 18:10:02,745 - Starting Validation
2021-04-01 18:10:23,204 - 
                     ------- validation -------            

2021-04-01 18:10:23,204 - 	 NCE 	 MSE 	 MASK MSE 	 MAPPING MSE
2021-04-01 18:10:23,204 - 	 3.1828  	 0.1842  	 0.1004 	 0.4668
2021-04-01 18:10:23,204 - -------------------------------
Validation Epoch: 1 	Accuracy: 258.0000	Loss: 1171.821419
------------------
2021-04-01 18:10:23,219 - Snapshot saved to /home/shuying/CPAE/logs/cpc/CPAELSTM44/st_lr_3e-4_ts30_cos_t1-2021-04-01_18_07_17-model_best.pth

2021-04-01 18:10:23,219 - Best model updated in 'st_lr_3e-4_ts30_cos_t1.ini'! !!!!!!!!!
2021-04-01 18:10:23,219 - #### End epoch 1/1000, elapsed time: 184.0118127465248
2021-04-01 18:10:23,220 - 
 --------------------------- epoch 2 ------------------------- 

2021-04-01 18:10:23,220 - weights are [1, 1, 1, 3]
2021-04-01 18:10:27,328 - 	 17.17175 0.00030
2021-04-01 18:11:21,741 - 	 17.15822 0.00030
2021-04-01 18:12:13,552 - 	 16.93702 0.00030
2021-04-01 18:13:04,956 - 	 16.63050 0.00030
2021-04-01 18:13:07,314 - 
 ---------------------- mean loss : 18.42176  ---------------------- 

2021-04-01 18:13:07,314 - Starting Validation
2021-04-01 18:13:27,038 - 
                     ------- validation -------            

2021-04-01 18:13:27,038 - 	 NCE 	 MSE 	 MASK MSE 	 MAPPING MSE
2021-04-01 18:13:27,038 - 	 3.1776  	 0.1551  	 0.0796 	 0.4316
2021-04-01 18:13:27,038 - -------------------------------
Validation Epoch: 2 	Accuracy: 251.0000	Loss: 1160.449348
------------------
2021-04-01 18:13:27,072 - Snapshot saved to /home/shuying/CPAE/logs/cpc/CPAELSTM44/st_lr_3e-4_ts30_cos_t1-2021-04-01_18_07_17-model_best.pth

2021-04-01 18:13:27,072 - model got improved for this run, but did not surpass previous though, please take changes of hyper parameters into consideration
2021-04-01 18:13:27,072 - #### End epoch 2/1000, elapsed time: 183.85265332926065
2021-04-01 18:13:27,072 - 
 --------------------------- epoch 3 ------------------------- 

2021-04-01 18:13:27,073 - weights are [1, 1, 1, 3]
2021-04-01 18:13:31,453 - 	 16.60117 0.00030
2021-04-01 18:14:23,615 - 	 16.43850 0.00030
2021-04-01 18:15:14,684 - 	 17.29751 0.00030
2021-04-01 18:16:05,851 - 	 16.39899 0.00030
2021-04-01 18:16:08,459 - 
 ---------------------- mean loss : 18.42568  ---------------------- 

2021-04-01 18:16:08,459 - Starting Validation
2021-04-01 18:16:28,466 - 
                     ------- validation -------            

2021-04-01 18:16:28,466 - 	 NCE 	 MSE 	 MASK MSE 	 MAPPING MSE
2021-04-01 18:16:28,466 - 	 3.1755  	 0.1381  	 0.0317 	 0.4147
2021-04-01 18:16:28,466 - -------------------------------
Validation Epoch: 3 	Accuracy: 253.0000	Loss: 1149.754379
------------------
2021-04-01 18:16:28,496 - Snapshot saved to /home/shuying/CPAE/logs/cpc/CPAELSTM44/st_lr_3e-4_ts30_cos_t1-2021-04-01_18_07_17-model_best.pth

2021-04-01 18:16:28,496 - model got improved for this run, but did not surpass previous though, please take changes of hyper parameters into consideration
2021-04-01 18:16:28,496 - #### End epoch 3/1000, elapsed time: 181.42384155653417
2021-04-01 18:16:28,496 - 
 --------------------------- epoch 4 ------------------------- 

2021-04-01 18:16:28,496 - weights are [1, 1, 1, 3]
2021-04-01 18:16:33,175 - 	 16.69079 0.00030
2021-04-01 18:17:27,577 - 	 16.58377 0.00030
