2021-03-31 22:25:10,366 - ===> use benchmark strategy to split train, validation and eval dataset
2021-03-31 22:25:13,917 - ### Model summary below###
 CPAELSTM44(
  (lstm1): LSTM(76, 256, batch_first=True)
  (lstm2): LSTM(256, 256, batch_first=True)
  (lstm3): LSTM(256, 256, batch_first=True)
  (dropout): Dropout(p=0.3, inplace=False)
  (softmax): Softmax(dim=0)
  (lsoftmax): LogSoftmax()
  (fcs): Sequential(
    (0): Linear(in_features=256, out_features=256, bias=True)
    (1): ReLU(inplace=True)
    (2): Linear(in_features=256, out_features=256, bias=True)
  )
  (lstm4): LSTM(256, 76, batch_first=True)
)

2021-03-31 22:25:13,918 - ===> Model total parameter: 1627808

2021-03-31 22:25:13,918 - {'data_split': 'benchmark', 'batch_size': 48, 'n_points': 192, 'n_features': 76, 'time_step': 30, 'mode': 0, 'points_per_hour': 4, 'frame_size': 16, 'n_frames': 12, 'dim': 256, 'bn': False, 'dropout': 0.3, 'task': 'ihm', 'learning_rate': 0.1, 'epochs': 1000, 'seed': 1, 'log_interval': 30, 'num_workers': 30, 'gru_out': 256, 'optimizer': 'optim.Adam(filter(lambda p: p.requires_grad, model.parameters()), lr=0.1, betas=(0.9, 0.98), eps=1e-09,weight_decay=1e-4)', 'model_params': None, 'setting_name': 'st_lr_1e-1', 'run_name': 'st_lr_1e-1-2021-03-31_22_25_10', 'model_type': 'CPAELSTM44', 'resume': False, 'model_best': 'st.pth', 'save_every': 100, 'lambda': [1, 1, 1, 3], 'top_path': '/home/shuying/CPAE/', 'scr_data_path': '/home/shuying/cpcSurvival/data', 'logging_dir': '/home/shuying/CPAE/logs/cpc/CPAELSTM44', 'ini_file': '/home/shuying/CPAE/logs/cpc/CPAELSTM44/st_lr_1e-1.ini'}
2021-03-31 22:25:13,918 - 
 --------------------------- epoch 1 ------------------------- 

2021-03-31 22:25:13,918 - weights are [1, 1, 1, 3]
2021-03-31 22:25:22,868 - 	 20.34447 0.10000
2021-03-31 22:27:16,833 - 	 2434891589454135296.00000 0.10000
2021-03-31 22:29:09,487 - 	 105983145572040704.00000 0.10000
2021-03-31 22:31:02,906 - 	 67963215046229622784.00000 0.10000
2021-03-31 22:31:08,600 - 
 ---------------------- mean loss : 429579461678267498496.00000  ---------------------- 

2021-03-31 22:31:08,600 - Starting Validation
2021-03-31 22:31:40,133 - 
                     ------- validation -------            

2021-03-31 22:31:40,134 - 	 NCE 	 MSE 	 MASK MSE 	 MAPPING MSE
2021-03-31 22:31:40,134 - 	 45248984708451819520.0000  	 0.2685  	 0.1378 	 0.6235
2021-03-31 22:31:40,134 - -------------------------------
Validation Epoch: 1 	Accuracy: 72.0000	Loss: 15384654807470687911936.000000
------------------
2021-03-31 22:31:40,152 - Snapshot saved to /home/shuying/CPAE/logs/cpc/CPAELSTM44/st_lr_1e-1-2021-03-31_22_25_10-model_best.pth

2021-03-31 22:31:40,153 - Best model updated in 'st_lr_1e-1.ini'! !!!!!!!!!
2021-03-31 22:31:40,174 - Snapshot saved to /home/shuying/CPAE/logs/cpc/CPAELSTM44/st_lr_1e-1-2021-03-31_22_25_10-model_best.pth

2021-03-31 22:31:40,175 - model got improved for this run, but did not surpass previous though, please take changes of hyper parameters into consideration
2021-03-31 22:31:40,175 - #### End epoch 1/1000, elapsed time: 386.25698557589203
2021-03-31 22:31:40,175 - 
 --------------------------- epoch 2 ------------------------- 

2021-03-31 22:31:40,175 - weights are [1, 1, 1, 3]
2021-03-31 22:31:50,021 - 	 287444973005758791680.00000 0.10000
2021-03-31 22:33:45,483 - 	 595410069948049915904.00000 0.10000
2021-03-31 22:35:39,121 - 	 374196071001378258944.00000 0.10000
2021-03-31 22:37:32,780 - 	 472283344985600819200.00000 0.10000
2021-03-31 22:37:37,901 - 
 ---------------------- mean loss : 702463789450771431424.00000  ---------------------- 

2021-03-31 22:37:37,901 - Starting Validation
2021-03-31 22:38:09,147 - 
                     ------- validation -------            

2021-03-31 22:38:09,147 - 	 NCE 	 MSE 	 MASK MSE 	 MAPPING MSE
2021-03-31 22:38:09,147 - 	 1078716332330580443136.0000  	 0.3001  	 0.1219 	 0.7853
2021-03-31 22:38:09,147 - -------------------------------
Validation Epoch: 2 	Accuracy: 71.0000	Loss: 366763552911033500696576.000000
------------------
2021-03-31 22:38:09,147 - #### End epoch 2/1000, elapsed time: 388.9726255526766
2021-03-31 22:38:09,148 - 
 --------------------------- epoch 3 ------------------------- 

2021-03-31 22:38:09,148 - weights are [1, 1, 1, 3]
2021-03-31 22:38:18,792 - 	 650167789704875868160.00000 0.10000
2021-03-31 22:40:13,074 - 	 4697420763058663325696.00000 0.10000
2021-03-31 22:42:06,774 - 	 501814784748408537088.00000 0.10000
2021-03-31 22:44:00,407 - 	 547245127464485126144.00000 0.10000
2021-03-31 22:44:05,676 - 
 ---------------------- mean loss : 954295451363574808576.00000  ---------------------- 

2021-03-31 22:44:05,677 - Starting Validation
2021-03-31 22:44:36,839 - 
                     ------- validation -------            

2021-03-31 22:44:36,839 - 	 NCE 	 MSE 	 MASK MSE 	 MAPPING MSE
2021-03-31 22:44:36,839 - 	 90671978418162663424.0000  	 0.2441  	 0.1037 	 0.6537
2021-03-31 22:44:36,839 - -------------------------------
Validation Epoch: 3 	Accuracy: 69.0000	Loss: 30828472576413397942272.000000
------------------
2021-03-31 22:44:36,839 - #### End epoch 3/1000, elapsed time: 387.69157739169896
2021-03-31 22:44:36,839 - 
 --------------------------- epoch 4 ------------------------- 

2021-03-31 22:44:36,839 - weights are [1, 1, 1, 3]
2021-03-31 22:44:46,790 - 	 488887026096181084160.00000 0.10000
2021-03-31 22:46:40,900 - 	 2659732490232746999808.00000 0.10000
2021-03-31 22:48:35,081 - 	 641640857129147432960.00000 0.10000
2021-03-31 22:50:28,665 - 	 923041031864742576128.00000 0.10000
2021-03-31 22:50:33,878 - 
 ---------------------- mean loss : 2172061908437892857856.00000  ---------------------- 

2021-03-31 22:50:33,878 - Starting Validation
2021-03-31 22:51:05,534 - 
                     ------- validation -------            

2021-03-31 22:51:05,534 - 	 NCE 	 MSE 	 MASK MSE 	 MAPPING MSE
2021-03-31 22:51:05,534 - 	 2647491973853249798144.0000  	 0.2388  	 0.1122 	 0.5416
2021-03-31 22:51:05,534 - -------------------------------
Validation Epoch: 4 	Accuracy: 65.0000	Loss: 900147288858421553528832.000000
------------------
2021-03-31 22:51:05,534 - #### End epoch 4/1000, elapsed time: 388.69507021736354
2021-03-31 22:51:05,534 - 
 --------------------------- epoch 5 ------------------------- 

2021-03-31 22:51:05,534 - weights are [1, 1, 1, 3]
2021-03-31 22:51:13,844 - 	 3036843375355452456960.00000 0.10000
2021-03-31 22:53:08,027 - 	 773723271425599471616.00000 0.10000
2021-03-31 22:55:01,624 - 	 818760041755490385920.00000 0.10000
2021-03-31 22:56:55,523 - 	 2540056648484770545664.00000 0.10000
2021-03-31 22:57:00,406 - 
 ---------------------- mean loss : 3613367936759800266752.00000  ---------------------- 

2021-03-31 22:57:00,406 - Starting Validation
2021-03-31 22:57:31,631 - 
                     ------- validation -------            

2021-03-31 22:57:31,631 - 	 NCE 	 MSE 	 MASK MSE 	 MAPPING MSE
2021-03-31 22:57:31,631 - 	 263042543686262128640.0000  	 0.2440  	 0.1319 	 0.5449
2021-03-31 22:57:31,631 - -------------------------------
Validation Epoch: 5 	Accuracy: 70.0000	Loss: 89434465024852933738496.000000
------------------
2021-03-31 22:57:31,632 - #### End epoch 5/1000, elapsed time: 386.097344587557
2021-03-31 22:57:31,632 - 
 --------------------------- epoch 6 ------------------------- 

2021-03-31 22:57:31,632 - weights are [1, 1, 1, 3]
2021-03-31 22:57:38,110 - 	 8045623876352095551488.00000 0.10000
2021-03-31 22:59:32,565 - 	 1302677029003519328256.00000 0.10000
2021-03-31 23:01:26,576 - 	 1082059123688776663040.00000 0.10000
2021-03-31 23:03:20,334 - 	 2535003328227884138496.00000 0.10000
2021-03-31 23:03:26,764 - 
 ---------------------- mean loss : 4905444515979237261312.00000  ---------------------- 

2021-03-31 23:03:26,764 - Starting Validation
2021-03-31 23:03:58,500 - 
                     ------- validation -------            

2021-03-31 23:03:58,500 - 	 NCE 	 MSE 	 MASK MSE 	 MAPPING MSE
2021-03-31 23:03:58,500 - 	 2653766977616707846144.0000  	 0.2424  	 0.1233 	 0.5644
2021-03-31 23:03:58,500 - -------------------------------
Validation Epoch: 6 	Accuracy: 68.0000	Loss: 902280754146583781572608.000000
------------------
2021-03-31 23:03:58,500 - #### End epoch 6/1000, elapsed time: 386.8684803042561
2021-03-31 23:03:58,500 - 
 --------------------------- epoch 7 ------------------------- 

2021-03-31 23:03:58,500 - weights are [1, 1, 1, 3]
2021-03-31 23:04:05,667 - 	 3543351684971767005184.00000 0.10000
2021-03-31 23:05:59,705 - 	 8165126892464371662848.00000 0.10000
2021-03-31 23:07:53,209 - 	 2835317425129784344576.00000 0.10000
2021-03-31 23:09:47,058 - 	 5424419680931503144960.00000 0.10000
2021-03-31 23:09:53,575 - 
 ---------------------- mean loss : 6271703909419814223872.00000  ---------------------- 

2021-03-31 23:09:53,575 - Starting Validation
2021-03-31 23:10:24,688 - 
                     ------- validation -------            

2021-03-31 23:10:24,688 - 	 NCE 	 MSE 	 MASK MSE 	 MAPPING MSE
2021-03-31 23:10:24,689 - 	 555889137849299501056.0000  	 0.2526  	 0.1163 	 0.5955
2021-03-31 23:10:24,689 - -------------------------------
Validation Epoch: 7 	Accuracy: 66.0000	Loss: 189002307343750845693952.000000
------------------
2021-03-31 23:10:24,689 - #### End epoch 7/1000, elapsed time: 386.18851797748357
2021-03-31 23:10:24,689 - 
 --------------------------- epoch 8 ------------------------- 

2021-03-31 23:10:24,689 - weights are [1, 1, 1, 3]
2021-03-31 23:10:29,380 - 	 1188997307946921623552.00000 0.10000
2021-03-31 23:12:06,427 - 	 5306928647952754802688.00000 0.10000
2021-03-31 23:13:39,298 - 	 8586924463414684155904.00000 0.10000
2021-03-31 23:15:11,691 - 	 4078739608673571569664.00000 0.10000
2021-03-31 23:15:17,069 - 
 ---------------------- mean loss : 6701433448778262642688.00000  ---------------------- 

2021-03-31 23:15:17,069 - Starting Validation
2021-03-31 23:15:42,406 - 
                     ------- validation -------            

2021-03-31 23:15:42,406 - 	 NCE 	 MSE 	 MASK MSE 	 MAPPING MSE
2021-03-31 23:15:42,407 - 	 336737671630502494208.0000  	 0.3225  	 0.1221 	 0.8160
2021-03-31 23:15:42,407 - -------------------------------
Validation Epoch: 8 	Accuracy: 68.0000	Loss: 114490808512700527673344.000000
------------------
2021-03-31 23:15:42,407 - #### End epoch 8/1000, elapsed time: 317.71797599550337
2021-03-31 23:15:42,407 - 
 --------------------------- epoch 9 ------------------------- 

2021-03-31 23:15:42,407 - weights are [1, 1, 1, 3]
2021-03-31 23:15:47,572 - 	 5350382754857345875968.00000 0.10000
2021-03-31 23:17:21,037 - 	 1887182054666356654080.00000 0.10000
2021-03-31 23:18:54,057 - 	 4792314140482150072320.00000 0.10000
2021-03-31 23:20:26,669 - 	 4293387077888560332800.00000 0.10000
2021-03-31 23:20:31,464 - 
 ---------------------- mean loss : 7577135578220321570816.00000  ---------------------- 

2021-03-31 23:20:31,464 - Starting Validation
2021-03-31 23:20:56,528 - 
                     ------- validation -------            

2021-03-31 23:20:56,528 - 	 NCE 	 MSE 	 MASK MSE 	 MAPPING MSE
2021-03-31 23:20:56,528 - 	 382230375153540202496.0000  	 0.2740  	 0.1249 	 0.7134
2021-03-31 23:20:56,528 - -------------------------------
Validation Epoch: 9 	Accuracy: 69.0000	Loss: 129958327807290367803392.000000
------------------
2021-03-31 23:20:56,528 - #### End epoch 9/1000, elapsed time: 314.1217219354585
2021-03-31 23:20:56,529 - 
 --------------------------- epoch 10 ------------------------- 

2021-03-31 23:20:56,529 - weights are [1, 1, 1, 3]
2021-03-31 23:21:00,903 - 	 1680655420004447027200.00000 0.10000
2021-03-31 23:22:34,409 - 	 24250839158276571004928.00000 0.10000
2021-03-31 23:24:07,319 - 	 3461292159111402618880.00000 0.10000
2021-03-31 23:25:40,140 - 	 5035055908597606121472.00000 0.10000
2021-03-31 23:25:44,984 - 
 ---------------------- mean loss : 12625869586699433017344.00000  ---------------------- 

2021-03-31 23:25:44,985 - Starting Validation
2021-03-31 23:26:11,115 - 
                     ------- validation -------            

2021-03-31 23:26:11,115 - 	 NCE 	 MSE 	 MASK MSE 	 MAPPING MSE
2021-03-31 23:26:11,115 - 	 1825866907969936949248.0000  	 0.2577  	 0.1112 	 0.6444
2021-03-31 23:26:11,115 - -------------------------------
Validation Epoch: 10 	Accuracy: 71.0000	Loss: 620794739992850398707712.000000
------------------
2021-03-31 23:26:11,115 - #### End epoch 10/1000, elapsed time: 314.587052882649
2021-03-31 23:26:11,116 - 
 --------------------------- epoch 11 ------------------------- 

2021-03-31 23:26:11,116 - weights are [1, 1, 1, 3]
2021-03-31 23:26:15,943 - 	 2621521417719345315840.00000 0.10000
2021-03-31 23:27:49,376 - 	 9321408645343190450176.00000 0.10000
2021-03-31 23:29:22,311 - 	 1864844904202040770560.00000 0.10000
2021-03-31 23:30:54,743 - 	 1270193690791202783232.00000 0.10000
2021-03-31 23:30:58,511 - 
 ---------------------- mean loss : 12130548196021110833152.00000  ---------------------- 

2021-03-31 23:30:58,511 - Starting Validation
2021-03-31 23:31:23,275 - 
                     ------- validation -------            

2021-03-31 23:31:23,275 - 	 NCE 	 MSE 	 MASK MSE 	 MAPPING MSE
2021-03-31 23:31:23,275 - 	 1997412194071540400128.0000  	 0.2750  	 0.1203 	 0.7185
2021-03-31 23:31:23,275 - -------------------------------
Validation Epoch: 11 	Accuracy: 71.0000	Loss: 679120143398272382271488.000000
------------------
2021-03-31 23:31:23,275 - #### End epoch 11/1000, elapsed time: 312.15967913065106
2021-03-31 23:31:23,275 - 
 --------------------------- epoch 12 ------------------------- 

2021-03-31 23:31:23,275 - weights are [1, 1, 1, 3]
2021-03-31 23:31:27,546 - 	 9104883456558564900864.00000 0.10000
2021-03-31 23:33:01,239 - 	 1609087592425995632640.00000 0.10000
2021-03-31 23:34:34,178 - 	 5915548479295324160000.00000 0.10000
2021-03-31 23:36:06,983 - 	 6657978136866418851840.00000 0.10000
2021-03-31 23:36:11,055 - 
 ---------------------- mean loss : 11418288159022703968256.00000  ---------------------- 

2021-03-31 23:36:11,055 - Starting Validation
2021-03-31 23:36:36,965 - 
                     ------- validation -------            

2021-03-31 23:36:36,965 - 	 NCE 	 MSE 	 MASK MSE 	 MAPPING MSE
2021-03-31 23:36:36,965 - 	 782367801426673664000.0000  	 0.2921  	 0.1174 	 0.7117
2021-03-31 23:36:36,965 - -------------------------------
Validation Epoch: 12 	Accuracy: 74.0000	Loss: 266005048271740493365248.000000
------------------
2021-03-31 23:36:37,016 - Snapshot saved to /home/shuying/CPAE/logs/cpc/CPAELSTM44/st_lr_1e-1-2021-03-31_22_25_10-model_best.pth

2021-03-31 23:36:37,018 - Best model updated in 'st_lr_1e-1.ini'! !!!!!!!!!
2021-03-31 23:36:37,058 - Snapshot saved to /home/shuying/CPAE/logs/cpc/CPAELSTM44/st_lr_1e-1-2021-03-31_22_25_10-model_best.pth

2021-03-31 23:36:37,059 - model got improved for this run, but did not surpass previous though, please take changes of hyper parameters into consideration
2021-03-31 23:36:37,059 - #### End epoch 12/1000, elapsed time: 313.78359832055867
2021-03-31 23:36:37,059 - 
 --------------------------- epoch 13 ------------------------- 

2021-03-31 23:36:37,059 - weights are [1, 1, 1, 3]
2021-03-31 23:36:40,361 - 	 3536264145058192687104.00000 0.10000
2021-03-31 23:38:13,415 - 	 5585484729154921299968.00000 0.10000
2021-03-31 23:39:46,749 - 	 2324297775324239757312.00000 0.10000
2021-03-31 23:41:19,627 - 	 8098338509990467207168.00000 0.10000
2021-03-31 23:41:24,264 - 
 ---------------------- mean loss : 11552612207378902810624.00000  ---------------------- 

2021-03-31 23:41:24,264 - Starting Validation
2021-03-31 23:41:49,102 - 
                     ------- validation -------            

2021-03-31 23:41:49,102 - 	 NCE 	 MSE 	 MASK MSE 	 MAPPING MSE
2021-03-31 23:41:49,102 - 	 1820589382675110035456.0000  	 0.2476  	 0.1109 	 0.6069
2021-03-31 23:41:49,103 - -------------------------------
Validation Epoch: 13 	Accuracy: 64.0000	Loss: 619000398237127401275392.000000
------------------
2021-03-31 23:41:49,103 - #### End epoch 13/1000, elapsed time: 312.0436870036647
2021-03-31 23:41:49,103 - 
 --------------------------- epoch 14 ------------------------- 

2021-03-31 23:41:49,103 - weights are [1, 1, 1, 3]
2021-03-31 23:41:53,656 - 	 2420225995499603230720.00000 0.10000
2021-03-31 23:43:27,109 - 	 4210949531134473535488.00000 0.10000
2021-03-31 23:45:00,177 - 	 55823851267113835560960.00000 0.10000
2021-03-31 23:46:32,721 - 	 3566786447107766091776.00000 0.10000
2021-03-31 23:46:36,985 - 
 ---------------------- mean loss : 12488669712875482251264.00000  ---------------------- 

2021-03-31 23:46:36,985 - Starting Validation
2021-03-31 23:47:01,929 - 
                     ------- validation -------            

2021-03-31 23:47:01,929 - 	 NCE 	 MSE 	 MASK MSE 	 MAPPING MSE
2021-03-31 23:47:01,929 - 	 595337282278291144704.0000  	 0.2371  	 0.1144 	 0.5621
2021-03-31 23:47:01,929 - -------------------------------
Validation Epoch: 14 	Accuracy: 71.0000	Loss: 202414674461690989379584.000000
------------------
2021-03-31 23:47:01,929 - #### End epoch 14/1000, elapsed time: 312.82654264289886
2021-03-31 23:47:01,929 - 
 --------------------------- epoch 15 ------------------------- 

2021-03-31 23:47:01,929 - weights are [1, 1, 1, 3]
2021-03-31 23:47:06,178 - 	 47767780728476100722688.00000 0.10000
2021-03-31 23:48:39,779 - 	 14030944372874457120768.00000 0.10000
2021-03-31 23:50:13,053 - 	 5368165217986018279424.00000 0.10000
2021-03-31 23:51:45,278 - 	 5830634797171113721856.00000 0.10000
2021-03-31 23:51:49,569 - 
 ---------------------- mean loss : 13760226236514953068544.00000  ---------------------- 

2021-03-31 23:51:49,569 - Starting Validation
2021-03-31 23:52:13,977 - 
                     ------- validation -------            

2021-03-31 23:52:13,978 - 	 NCE 	 MSE 	 MASK MSE 	 MAPPING MSE
2021-03-31 23:52:13,978 - 	 761255862510696136704.0000  	 0.2496  	 0.1250 	 0.5445
2021-03-31 23:52:13,978 - -------------------------------
Validation Epoch: 15 	Accuracy: 68.0000	Loss: 258826994977670910967808.000000
------------------
2021-03-31 23:52:13,978 - #### End epoch 15/1000, elapsed time: 312.04870942234993
2021-03-31 23:52:13,978 - 
 --------------------------- epoch 16 ------------------------- 

2021-03-31 23:52:13,978 - weights are [1, 1, 1, 3]
2021-03-31 23:52:18,285 - 	 2279557187038592630784.00000 0.10000
2021-03-31 23:53:52,581 - 	 5063524850692075290624.00000 0.10000
2021-03-31 23:55:25,603 - 	 5929236044462809939968.00000 0.10000
2021-03-31 23:56:57,101 - 	 3437731014710860447744.00000 0.10000
2021-03-31 23:57:02,899 - 
 ---------------------- mean loss : 16126865844157504552960.00000  ---------------------- 

2021-03-31 23:57:02,899 - Starting Validation
2021-03-31 23:57:28,163 - 
                     ------- validation -------            

2021-03-31 23:57:28,163 - 	 NCE 	 MSE 	 MASK MSE 	 MAPPING MSE
2021-03-31 23:57:28,163 - 	 713361716288204439552.0000  	 0.2486  	 0.1151 	 0.5604
2021-03-31 23:57:28,163 - -------------------------------
Validation Epoch: 16 	Accuracy: 65.0000	Loss: 242542982816709868519424.000000
------------------
2021-03-31 23:57:28,163 - #### End epoch 16/1000, elapsed time: 314.18496446684003
2021-03-31 23:57:28,163 - 
 --------------------------- epoch 17 ------------------------- 

2021-03-31 23:57:28,163 - weights are [1, 1, 1, 3]
2021-03-31 23:57:32,341 - 	 2831313443586075262976.00000 0.10000
2021-03-31 23:59:06,196 - 	 2162813188648034369536.00000 0.10000
2021-04-01 00:00:39,280 - 	 20231556634833498144768.00000 0.10000
2021-04-01 00:02:11,686 - 	 7321415219923388465152.00000 0.10000
2021-04-01 00:02:16,539 - 
 ---------------------- mean loss : 16740081227759173500928.00000  ---------------------- 

2021-04-01 00:02:16,539 - Starting Validation
2021-04-01 00:02:41,689 - 
                     ------- validation -------            

2021-04-01 00:02:41,689 - 	 NCE 	 MSE 	 MASK MSE 	 MAPPING MSE
2021-04-01 00:02:41,689 - 	 1197005306994837684224.0000  	 0.2656  	 0.1170 	 0.6484
2021-04-01 00:02:41,689 - -------------------------------
Validation Epoch: 17 	Accuracy: 67.0000	Loss: 406981804536574502764544.000000
------------------
2021-04-01 00:02:41,689 - #### End epoch 17/1000, elapsed time: 313.5260279895738
2021-04-01 00:02:41,689 - 
 --------------------------- epoch 18 ------------------------- 

2021-04-01 00:02:41,689 - weights are [1, 1, 1, 3]
2021-04-01 00:02:45,854 - 	 4063963579771145682944.00000 0.10000
2021-04-01 00:04:19,314 - 	 5410953918045665361920.00000 0.10000
2021-04-01 00:05:52,284 - 	 7986196627469128171520.00000 0.10000
2021-04-01 00:07:24,894 - 	 7436353837813324578816.00000 0.10000
2021-04-01 00:07:29,295 - 
 ---------------------- mean loss : 21855946205033842868224.00000  ---------------------- 

2021-04-01 00:07:29,295 - Starting Validation
2021-04-01 00:07:54,103 - 
                     ------- validation -------            

2021-04-01 00:07:54,103 - 	 NCE 	 MSE 	 MASK MSE 	 MAPPING MSE
2021-04-01 00:07:54,103 - 	 1095688207514387087360.0000  	 0.3085  	 0.1337 	 0.8043
2021-04-01 00:07:54,103 - -------------------------------
Validation Epoch: 18 	Accuracy: 66.0000	Loss: 372533990818774389882880.000000
------------------
2021-04-01 00:07:54,103 - #### End epoch 18/1000, elapsed time: 312.4143045861274
2021-04-01 00:07:54,104 - 
 --------------------------- epoch 19 ------------------------- 

2021-04-01 00:07:54,104 - weights are [1, 1, 1, 3]
2021-04-01 00:07:58,911 - 	 18900229534587996340224.00000 0.10000
2021-04-01 00:09:32,850 - 	 6589886525250344058880.00000 0.10000
2021-04-01 00:11:05,929 - 	 90454023896600504434688.00000 0.10000
2021-04-01 00:12:38,385 - 	 13487941988102675890176.00000 0.10000
2021-04-01 00:12:42,990 - 
 ---------------------- mean loss : 24088462872671938412544.00000  ---------------------- 

2021-04-01 00:12:42,991 - Starting Validation
2021-04-01 00:13:07,598 - 
                     ------- validation -------            

2021-04-01 00:13:07,598 - 	 NCE 	 MSE 	 MASK MSE 	 MAPPING MSE
2021-04-01 00:13:07,598 - 	 4140073361564464840704.0000  	 0.2308  	 0.1114 	 0.5516
2021-04-01 00:13:07,598 - -------------------------------
Validation Epoch: 19 	Accuracy: 70.0000	Loss: 1407624935085803143430144.000000
------------------
2021-04-01 00:13:07,598 - #### End epoch 19/1000, elapsed time: 313.49454123247415
2021-04-01 00:13:07,598 - 
 --------------------------- epoch 20 ------------------------- 

2021-04-01 00:13:07,598 - weights are [1, 1, 1, 3]
2021-04-01 00:13:12,497 - 	 16678007111455504072704.00000 0.10000
2021-04-01 00:14:45,774 - 	 3897719110501274746880.00000 0.10000
2021-04-01 00:16:18,975 - 	 44915146681304100110336.00000 0.10000
2021-04-01 00:17:51,239 - 	 72125287643926941925376.00000 0.10000
2021-04-01 00:17:56,606 - 
 ---------------------- mean loss : 26195215812429007028224.00000  ---------------------- 

2021-04-01 00:17:56,606 - Starting Validation
2021-04-01 00:18:21,969 - 
                     ------- validation -------            

2021-04-01 00:18:21,969 - 	 NCE 	 MSE 	 MASK MSE 	 MAPPING MSE
2021-04-01 00:18:21,969 - 	 1168415248908459573248.0000  	 0.2360  	 0.1127 	 0.5681
2021-04-01 00:18:21,969 - -------------------------------
Validation Epoch: 20 	Accuracy: 68.0000	Loss: 397261181690981193351168.000000
------------------
2021-04-01 00:18:21,969 - #### End epoch 20/1000, elapsed time: 314.3711127154529
2021-04-01 00:18:21,969 - 
 --------------------------- epoch 21 ------------------------- 

2021-04-01 00:18:21,969 - weights are [1, 1, 1, 3]
2021-04-01 00:18:26,542 - 	 10181559019474029379584.00000 0.10000
2021-04-01 00:20:00,153 - 	 83984332815905144700928.00000 0.10000
2021-04-01 00:21:33,557 - 	 8986117341935317286912.00000 0.10000
2021-04-01 00:23:05,860 - 	 88440041164838182846464.00000 0.10000
2021-04-01 00:23:10,086 - 
 ---------------------- mean loss : 38915530361388109135872.00000  ---------------------- 

2021-04-01 00:23:10,086 - Starting Validation
2021-04-01 00:23:34,739 - 
                     ------- validation -------            

2021-04-01 00:23:34,739 - 	 NCE 	 MSE 	 MASK MSE 	 MAPPING MSE
2021-04-01 00:23:34,740 - 	 1482346466432042663936.0000  	 0.2622  	 0.1204 	 0.5595
2021-04-01 00:23:34,740 - -------------------------------
Validation Epoch: 21 	Accuracy: 66.0000	Loss: 503997801084984955502592.000000
------------------
2021-04-01 00:23:34,740 - #### End epoch 21/1000, elapsed time: 312.77053102850914
2021-04-01 00:23:34,740 - 
 --------------------------- epoch 22 ------------------------- 

2021-04-01 00:23:34,740 - weights are [1, 1, 1, 3]
2021-04-01 00:23:38,747 - 	 16123180525862061604864.00000 0.10000
2021-04-01 00:25:12,586 - 	 9429446059754134700032.00000 0.10000
2021-04-01 00:26:45,726 - 	 21449217384083796000768.00000 0.10000
2021-04-01 00:28:18,042 - 	 6768433984277261058048.00000 0.10000
2021-04-01 00:28:23,160 - 
 ---------------------- mean loss : 39784443442481420304384.00000  ---------------------- 

2021-04-01 00:28:23,161 - Starting Validation
2021-04-01 00:28:47,633 - 
                     ------- validation -------            

2021-04-01 00:28:47,633 - 	 NCE 	 MSE 	 MASK MSE 	 MAPPING MSE
2021-04-01 00:28:47,633 - 	 4644921093257032105984.0000  	 0.3153  	 0.1265 	 0.8532
2021-04-01 00:28:47,633 - -------------------------------
Validation Epoch: 22 	Accuracy: 69.0000	Loss: 1579273165321427392397312.000000
------------------
2021-04-01 00:28:47,633 - #### End epoch 22/1000, elapsed time: 312.893621314317
2021-04-01 00:28:47,634 - 
 --------------------------- epoch 23 ------------------------- 

2021-04-01 00:28:47,634 - weights are [1, 1, 1, 3]
2021-04-01 00:28:50,950 - 	 16218826848848249356288.00000 0.10000
2021-04-01 00:30:24,867 - 	 10246300515917293944832.00000 0.10000
2021-04-01 00:31:57,806 - 	 7278778516351165136896.00000 0.10000
2021-04-01 00:33:30,073 - 	 16865812845416387969024.00000 0.10000
2021-04-01 00:33:35,320 - 
 ---------------------- mean loss : 42631202072514921496576.00000  ---------------------- 

2021-04-01 00:33:35,320 - Starting Validation
2021-04-01 00:34:00,252 - 
                     ------- validation -------            

2021-04-01 00:34:00,252 - 	 NCE 	 MSE 	 MASK MSE 	 MAPPING MSE
2021-04-01 00:34:00,253 - 	 1832104807516988768256.0000  	 0.2593  	 0.1173 	 0.6188
2021-04-01 00:34:00,253 - -------------------------------
Validation Epoch: 23 	Accuracy: 69.0000	Loss: 622915634942804263698432.000000
------------------
2021-04-01 00:34:00,253 - #### End epoch 23/1000, elapsed time: 312.61935125943273
2021-04-01 00:34:00,253 - 
 --------------------------- epoch 24 ------------------------- 

2021-04-01 00:34:00,253 - weights are [1, 1, 1, 3]
2021-04-01 00:34:04,745 - 	 15540065705109198209024.00000 0.10000
2021-04-01 00:35:38,591 - 	 7113711456908874874880.00000 0.10000
2021-04-01 00:37:11,700 - 	 14819381678338861957120.00000 0.10000
2021-04-01 00:38:44,568 - 	 6340845910106056949760.00000 0.10000
2021-04-01 00:38:49,093 - 
 ---------------------- mean loss : 35821066017726340792320.00000  ---------------------- 

2021-04-01 00:38:49,093 - Starting Validation
2021-04-01 00:39:13,597 - 
                     ------- validation -------            

2021-04-01 00:39:13,597 - 	 NCE 	 MSE 	 MASK MSE 	 MAPPING MSE
2021-04-01 00:39:13,597 - 	 1941712310044714598400.0000  	 0.3390  	 0.1366 	 0.9086
2021-04-01 00:39:13,597 - -------------------------------
Validation Epoch: 24 	Accuracy: 68.0000	Loss: 660182191713205530656768.000000
------------------
2021-04-01 00:39:13,598 - #### End epoch 24/1000, elapsed time: 313.34473900683224
2021-04-01 00:39:13,598 - 
 --------------------------- epoch 25 ------------------------- 

2021-04-01 00:39:13,598 - weights are [1, 1, 1, 3]
2021-04-01 00:39:17,351 - 	 10424743266252874579968.00000 0.10000
2021-04-01 00:40:51,230 - 	 8998096916944122806272.00000 0.10000
2021-04-01 00:42:24,312 - 	 8143465704156626419712.00000 0.10000
2021-04-01 00:43:56,911 - 	 106036397542509127925760.00000 0.10000
2021-04-01 00:44:01,127 - 
 ---------------------- mean loss : 38988339539606495035392.00000  ---------------------- 

2021-04-01 00:44:01,127 - Starting Validation
2021-04-01 00:44:25,921 - 
                     ------- validation -------            

2021-04-01 00:44:25,921 - 	 NCE 	 MSE 	 MASK MSE 	 MAPPING MSE
2021-04-01 00:44:25,921 - 	 1588589931123955728384.0000  	 0.2654  	 0.1134 	 0.6405
2021-04-01 00:44:25,921 - -------------------------------
Validation Epoch: 25 	Accuracy: 69.0000	Loss: 540120572043360984891392.000000
------------------
2021-04-01 00:44:25,921 - #### End epoch 25/1000, elapsed time: 312.32349816616625
2021-04-01 00:44:25,921 - 
 --------------------------- epoch 26 ------------------------- 

2021-04-01 00:44:25,921 - weights are [1, 1, 1, 3]
2021-04-01 00:44:29,522 - 	 15025274994303172608000.00000 0.10000
2021-04-01 00:46:03,426 - 	 13150143868552217624576.00000 0.10000
2021-04-01 00:47:36,627 - 	 6658997639232064847872.00000 0.10000
2021-04-01 00:49:08,821 - 	 9722024098396119236608.00000 0.10000
2021-04-01 00:49:13,166 - 
 ---------------------- mean loss : 42792841582190438383616.00000  ---------------------- 

2021-04-01 00:49:13,166 - Starting Validation
2021-04-01 00:49:37,643 - 
                     ------- validation -------            

2021-04-01 00:49:37,643 - 	 NCE 	 MSE 	 MASK MSE 	 MAPPING MSE
2021-04-01 00:49:37,643 - 	 3203128268881767432192.0000  	 0.2947  	 0.1300 	 0.7476
2021-04-01 00:49:37,643 - -------------------------------
Validation Epoch: 26 	Accuracy: 68.0000	Loss: 1089063607092123107590144.000000
------------------
2021-04-01 00:49:37,643 - #### End epoch 26/1000, elapsed time: 311.7220444455743
2021-04-01 00:49:37,643 - 
 --------------------------- epoch 27 ------------------------- 

2021-04-01 00:49:37,643 - weights are [1, 1, 1, 3]
2021-04-01 00:49:41,946 - 	 7445227617929104719872.00000 0.10000
2021-04-01 00:51:15,735 - 	 8478060638472117420032.00000 0.10000
2021-04-01 00:52:48,961 - 	 15711210372248624955392.00000 0.10000
2021-04-01 00:54:20,902 - 	 19344196637653993521152.00000 0.10000
2021-04-01 00:54:25,304 - 
 ---------------------- mean loss : 47523426988123429535744.00000  ---------------------- 

2021-04-01 00:54:25,304 - Starting Validation
2021-04-01 00:54:50,651 - 
                     ------- validation -------            

2021-04-01 00:54:50,651 - 	 NCE 	 MSE 	 MASK MSE 	 MAPPING MSE
2021-04-01 00:54:50,652 - 	 2653469170106215432192.0000  	 0.3475  	 0.1420 	 1.0139
2021-04-01 00:54:50,652 - -------------------------------
Validation Epoch: 27 	Accuracy: 67.0000	Loss: 902179514950994725175296.000000
------------------
2021-04-01 00:54:50,652 - #### End epoch 27/1000, elapsed time: 313.0086119482294
2021-04-01 00:54:50,652 - 
 --------------------------- epoch 28 ------------------------- 

2021-04-01 00:54:50,652 - weights are [1, 1, 1, 3]
2021-04-01 00:54:55,599 - 	 16490041499707848523776.00000 0.10000
2021-04-01 00:56:29,510 - 	 10221115260901131288576.00000 0.10000
2021-04-01 00:58:02,797 - 	 49142612601122001518592.00000 0.10000
2021-04-01 00:59:35,188 - 	 11620537913412381835264.00000 0.10000
2021-04-01 00:59:39,221 - 
 ---------------------- mean loss : 47011668907113540747264.00000  ---------------------- 

2021-04-01 00:59:39,221 - Starting Validation
2021-04-01 01:00:03,976 - 
                     ------- validation -------            

2021-04-01 01:00:03,976 - 	 NCE 	 MSE 	 MASK MSE 	 MAPPING MSE
2021-04-01 01:00:03,976 - 	 2040132609284930273280.0000  	 0.2569  	 0.1374 	 0.5955
2021-04-01 01:00:03,976 - -------------------------------
Validation Epoch: 28 	Accuracy: 71.0000	Loss: 693645085080998318702592.000000
------------------
2021-04-01 01:00:03,976 - #### End epoch 28/1000, elapsed time: 313.3241590010002
2021-04-01 01:00:03,976 - 
 --------------------------- epoch 29 ------------------------- 

2021-04-01 01:00:03,976 - weights are [1, 1, 1, 3]
2021-04-01 01:00:08,859 - 	 8042604212801943633920.00000 0.10000
2021-04-01 01:01:41,537 - 	 17307432447176618278912.00000 0.10000
2021-04-01 01:03:14,405 - 	 17929662156593101275136.00000 0.10000
2021-04-01 01:04:46,052 - 	 9909630548073491988480.00000 0.10000
2021-04-01 01:04:50,100 - 
 ---------------------- mean loss : 48692667296098434416640.00000  ---------------------- 

2021-04-01 01:04:50,100 - Starting Validation
2021-04-01 01:05:15,223 - 
                     ------- validation -------            

2021-04-01 01:05:15,223 - 	 NCE 	 MSE 	 MASK MSE 	 MAPPING MSE
2021-04-01 01:05:15,223 - 	 10350445415721101950976.0000  	 0.2346  	 0.1230 	 0.5138
2021-04-01 01:05:15,224 - -------------------------------
Validation Epoch: 29 	Accuracy: 72.0000	Loss: 3519151323635857630429184.000000
------------------
2021-04-01 01:05:15,224 - #### End epoch 29/1000, elapsed time: 311.24745370075107
2021-04-01 01:05:15,224 - 
 --------------------------- epoch 30 ------------------------- 

2021-04-01 01:05:15,224 - weights are [1, 1, 1, 3]
2021-04-01 01:05:19,352 - 	 19476005739748059512832.00000 0.10000
2021-04-01 01:06:52,248 - 	 21002735020625912397824.00000 0.10000
2021-04-01 01:08:25,309 - 	 7416392758364911697920.00000 0.10000
2021-04-01 01:09:57,963 - 	 12034130488791578705920.00000 0.10000
2021-04-01 01:10:01,998 - 
 ---------------------- mean loss : 48081501204402575245312.00000  ---------------------- 

2021-04-01 01:10:01,998 - Starting Validation
2021-04-01 01:10:26,749 - 
                     ------- validation -------            

2021-04-01 01:10:26,749 - 	 NCE 	 MSE 	 MASK MSE 	 MAPPING MSE
2021-04-01 01:10:26,749 - 	 8231816946777592954880.0000  	 0.2927  	 0.1283 	 0.7917
2021-04-01 01:10:26,749 - -------------------------------
Validation Epoch: 30 	Accuracy: 68.0000	Loss: 2798817725963545494945792.000000
------------------
2021-04-01 01:10:26,749 - #### End epoch 30/1000, elapsed time: 311.5254171229899
2021-04-01 01:10:26,749 - 
 --------------------------- epoch 31 ------------------------- 

2021-04-01 01:10:26,749 - weights are [1, 1, 1, 3]
2021-04-01 01:10:30,666 - 	 23213252588326868746240.00000 0.10000
2021-04-01 01:12:04,161 - 	 14670725735938709782528.00000 0.10000
2021-04-01 01:13:37,236 - 	 9864274796226243723264.00000 0.10000
2021-04-01 01:15:08,901 - 	 15216845737552538238976.00000 0.10000
2021-04-01 01:15:12,964 - 
 ---------------------- mean loss : 45296397051496069332992.00000  ---------------------- 

2021-04-01 01:15:12,964 - Starting Validation
2021-04-01 01:15:37,363 - 
                     ------- validation -------            

2021-04-01 01:15:37,364 - 	 NCE 	 MSE 	 MASK MSE 	 MAPPING MSE
2021-04-01 01:15:37,364 - 	 2584352191976243724288.0000  	 0.2530  	 0.1415 	 0.5564
2021-04-01 01:15:37,364 - -------------------------------
Validation Epoch: 31 	Accuracy: 68.0000	Loss: 878679739132249894813696.000000
------------------
2021-04-01 01:15:37,364 - #### End epoch 31/1000, elapsed time: 310.6146669657901
2021-04-01 01:15:37,364 - 
 --------------------------- epoch 32 ------------------------- 

2021-04-01 01:15:37,364 - weights are [1, 1, 1, 3]
2021-04-01 01:15:42,068 - 	 16663988531715406561280.00000 0.10000
2021-04-01 01:17:15,409 - 	 19573576225675041308672.00000 0.10000
2021-04-01 01:18:48,590 - 	 16795565698428662972416.00000 0.10000
2021-04-01 01:20:20,532 - 	 57019583989778466471936.00000 0.10000
2021-04-01 01:20:24,691 - 
 ---------------------- mean loss : 51559473370105930317824.00000  ---------------------- 

2021-04-01 01:20:24,691 - Starting Validation
2021-04-01 01:20:47,852 - 
                     ------- validation -------            

2021-04-01 01:20:47,853 - 	 NCE 	 MSE 	 MASK MSE 	 MAPPING MSE
2021-04-01 01:20:47,853 - 	 2384146933983189925888.0000  	 0.2563  	 0.1215 	 0.6247
2021-04-01 01:20:47,853 - -------------------------------
Validation Epoch: 32 	Accuracy: 69.0000	Loss: 810609950834069432434688.000000
------------------
2021-04-01 01:20:47,853 - #### End epoch 32/1000, elapsed time: 310.48906561080366
2021-04-01 01:20:47,853 - 
 --------------------------- epoch 33 ------------------------- 

2021-04-01 01:20:47,853 - weights are [1, 1, 1, 3]
2021-04-01 01:20:52,931 - 	 16903012578338468265984.00000 0.10000
2021-04-01 01:22:26,271 - 	 13792390952412455632896.00000 0.10000
2021-04-01 01:23:59,425 - 	 13767004161312968146944.00000 0.10000
2021-04-01 01:25:31,303 - 	 15216716259063251337216.00000 0.10000
2021-04-01 01:25:35,279 - 
 ---------------------- mean loss : 52830739039948871041024.00000  ---------------------- 

2021-04-01 01:25:35,279 - Starting Validation
2021-04-01 01:25:59,949 - 
                     ------- validation -------            

2021-04-01 01:25:59,949 - 	 NCE 	 MSE 	 MASK MSE 	 MAPPING MSE
2021-04-01 01:25:59,950 - 	 3226524873824944521216.0000  	 0.2412  	 0.1358 	 0.5356
2021-04-01 01:25:59,950 - -------------------------------
Validation Epoch: 33 	Accuracy: 66.0000	Loss: 1097018448251611598815232.000000
------------------
2021-04-01 01:25:59,950 - #### End epoch 33/1000, elapsed time: 312.0967431226745
2021-04-01 01:25:59,950 - 
 --------------------------- epoch 34 ------------------------- 

2021-04-01 01:25:59,950 - weights are [1, 1, 1, 3]
2021-04-01 01:26:03,027 - 	 16146246837253546442752.00000 0.10000
2021-04-01 01:27:36,487 - 	 13778566027456335052800.00000 0.10000
2021-04-01 01:29:09,742 - 	 6891638959283235717120.00000 0.10000
2021-04-01 01:30:41,669 - 	 20333405540406481911808.00000 0.10000
2021-04-01 01:30:45,665 - 
 ---------------------- mean loss : 57790814549625389711360.00000  ---------------------- 

2021-04-01 01:30:45,665 - Starting Validation
2021-04-01 01:31:10,022 - 
                     ------- validation -------            

2021-04-01 01:31:10,022 - 	 NCE 	 MSE 	 MASK MSE 	 MAPPING MSE
2021-04-01 01:31:10,022 - 	 2565249292736489062400.0000  	 0.2169  	 0.1357 	 0.4687
2021-04-01 01:31:10,022 - -------------------------------
Validation Epoch: 34 	Accuracy: 68.0000	Loss: 872184761043334291521536.000000
------------------
2021-04-01 01:31:10,022 - #### End epoch 34/1000, elapsed time: 310.07244123052806
2021-04-01 01:31:10,022 - 
 --------------------------- epoch 35 ------------------------- 

2021-04-01 01:31:10,022 - weights are [1, 1, 1, 3]
2021-04-01 01:31:13,507 - 	 55282252879525887082496.00000 0.10000
2021-04-01 01:32:46,651 - 	 13353244952747558567936.00000 0.10000
2021-04-01 01:34:19,442 - 	 353932346280306360188928.00000 0.10000
2021-04-01 01:35:51,898 - 	 15204063395910153928704.00000 0.10000
2021-04-01 01:35:56,073 - 
 ---------------------- mean loss : 45580263084545649147904.00000  ---------------------- 

2021-04-01 01:35:56,073 - Starting Validation
2021-04-01 01:36:20,107 - 
                     ------- validation -------            

2021-04-01 01:36:20,107 - 	 NCE 	 MSE 	 MASK MSE 	 MAPPING MSE
2021-04-01 01:36:20,107 - 	 3734599809778019467264.0000  	 0.2762  	 0.1123 	 0.7225
2021-04-01 01:36:20,107 - -------------------------------
Validation Epoch: 35 	Accuracy: 67.0000	Loss: 1269763943803960208392192.000000
------------------
2021-04-01 01:36:20,107 - #### End epoch 35/1000, elapsed time: 310.08531660214067
2021-04-01 01:36:20,108 - 
 --------------------------- epoch 36 ------------------------- 

2021-04-01 01:36:20,108 - weights are [1, 1, 1, 3]
2021-04-01 01:36:23,353 - 	 19142169661969780441088.00000 0.10000
2021-04-01 01:37:56,580 - 	 11456355811296869875712.00000 0.10000
2021-04-01 01:39:29,727 - 	 16654043457838265663488.00000 0.10000
2021-04-01 01:41:00,913 - 	 14035732825178258800640.00000 0.10000
2021-04-01 01:41:04,922 - 
 ---------------------- mean loss : 51301337672964169007104.00000  ---------------------- 

2021-04-01 01:41:04,922 - Starting Validation
2021-04-01 01:41:28,619 - 
                     ------- validation -------            

2021-04-01 01:41:28,619 - 	 NCE 	 MSE 	 MASK MSE 	 MAPPING MSE
2021-04-01 01:41:28,619 - 	 2899895083733456781312.0000  	 0.3027  	 0.1198 	 0.8575
2021-04-01 01:41:28,619 - -------------------------------
Validation Epoch: 36 	Accuracy: 68.0000	Loss: 985964332181326613446656.000000
------------------
2021-04-01 01:41:28,619 - #### End epoch 36/1000, elapsed time: 308.51147279608995
2021-04-01 01:41:28,619 - 
 --------------------------- epoch 37 ------------------------- 

2021-04-01 01:41:28,619 - weights are [1, 1, 1, 3]
2021-04-01 01:41:33,555 - 	 27199985345463121346560.00000 0.10000
2021-04-01 01:43:06,501 - 	 36551955417877647982592.00000 0.10000
2021-04-01 01:44:39,299 - 	 118087138432626355863552.00000 0.10000
2021-04-01 01:46:10,398 - 	 103074767377155506569216.00000 0.10000
2021-04-01 01:46:14,723 - 
 ---------------------- mean loss : 44640133823666117935104.00000  ---------------------- 

2021-04-01 01:46:14,723 - Starting Validation
2021-04-01 01:46:39,935 - 
                     ------- validation -------            

2021-04-01 01:46:39,935 - 	 NCE 	 MSE 	 MASK MSE 	 MAPPING MSE
2021-04-01 01:46:39,936 - 	 7419548345870866972672.0000  	 0.2507  	 0.1301 	 0.5771
2021-04-01 01:46:39,936 - -------------------------------
Validation Epoch: 37 	Accuracy: 69.0000	Loss: 2522646367895853620789248.000000
------------------
2021-04-01 01:46:39,936 - #### End epoch 37/1000, elapsed time: 311.31663074251264
2021-04-01 01:46:39,936 - 
 --------------------------- epoch 38 ------------------------- 

2021-04-01 01:46:39,936 - weights are [1, 1, 1, 3]
2021-04-01 01:46:45,202 - 	 9137926367024582230016.00000 0.10000
2021-04-01 01:48:18,469 - 	 11453630007622403883008.00000 0.10000
2021-04-01 01:49:51,427 - 	 34806432259902881660928.00000 0.10000
2021-04-01 01:51:23,768 - 	 9009738159030922117120.00000 0.10000
2021-04-01 01:51:27,853 - 
 ---------------------- mean loss : 51389602362518474326016.00000  ---------------------- 

2021-04-01 01:51:27,853 - Starting Validation
2021-04-01 01:51:53,698 - 
                     ------- validation -------            

2021-04-01 01:51:53,698 - 	 NCE 	 MSE 	 MASK MSE 	 MAPPING MSE
2021-04-01 01:51:53,698 - 	 3176802665599847104512.0000  	 0.3277  	 0.1063 	 0.9874
2021-04-01 01:51:53,698 - -------------------------------
Validation Epoch: 38 	Accuracy: 66.0000	Loss: 1080112919005506360573952.000000
------------------
2021-04-01 01:51:53,698 - #### End epoch 38/1000, elapsed time: 313.7626938652247
2021-04-01 01:51:53,699 - 
 --------------------------- epoch 39 ------------------------- 

2021-04-01 01:51:53,699 - weights are [1, 1, 1, 3]
2021-04-01 01:51:57,284 - 	 14493860371372615663616.00000 0.10000
2021-04-01 01:53:30,523 - 	 18971978632051449397248.00000 0.10000
2021-04-01 01:55:03,516 - 	 20710660822192239935488.00000 0.10000
2021-04-01 01:56:35,929 - 	 22574831312350081974272.00000 0.10000
2021-04-01 01:56:39,692 - 
 ---------------------- mean loss : 41141581256297950478336.00000  ---------------------- 

2021-04-01 01:56:39,692 - Starting Validation
2021-04-01 01:57:04,203 - 
                     ------- validation -------            

2021-04-01 01:57:04,203 - 	 NCE 	 MSE 	 MASK MSE 	 MAPPING MSE
2021-04-01 01:57:04,203 - 	 3098693270566875430912.0000  	 0.2521  	 0.1438 	 0.6077
2021-04-01 01:57:04,203 - -------------------------------
Validation Epoch: 39 	Accuracy: 64.0000	Loss: 1053555700065235508396032.000000
------------------
2021-04-01 01:57:04,203 - #### End epoch 39/1000, elapsed time: 310.5046228542924
2021-04-01 01:57:04,203 - 
 --------------------------- epoch 40 ------------------------- 

2021-04-01 01:57:04,203 - weights are [1, 1, 1, 3]
2021-04-01 01:57:08,395 - 	 47136925499873296384000.00000 0.10000
2021-04-01 01:58:41,840 - 	 27500692944382463049728.00000 0.10000
2021-04-01 02:00:15,165 - 	 57444422053427207471104.00000 0.10000
2021-04-01 02:01:47,704 - 	 19608956504347663925248.00000 0.10000
2021-04-01 02:01:51,845 - 
 ---------------------- mean loss : 46692755514059376295936.00000  ---------------------- 

2021-04-01 02:01:51,845 - Starting Validation
2021-04-01 02:02:16,170 - 
                     ------- validation -------            

2021-04-01 02:02:16,171 - 	 NCE 	 MSE 	 MASK MSE 	 MAPPING MSE
2021-04-01 02:02:16,171 - 	 1621415684680275460096.0000  	 0.2493  	 0.1250 	 0.5779
2021-04-01 02:02:16,171 - -------------------------------
Validation Epoch: 40 	Accuracy: 69.0000	Loss: 551281335641227764170752.000000
------------------
2021-04-01 02:02:16,171 - #### End epoch 40/1000, elapsed time: 311.9677296988666
2021-04-01 02:02:16,171 - 
 --------------------------- epoch 41 ------------------------- 

2021-04-01 02:02:16,171 - weights are [1, 1, 1, 3]
2021-04-01 02:02:21,152 - 	 12668473755305781493760.00000 0.10000
2021-04-01 02:03:54,119 - 	 14383383694813496868864.00000 0.10000
2021-04-01 02:05:27,158 - 	 70064593576829533552640.00000 0.10000
2021-04-01 02:07:00,401 - 	 166548500525315277193216.00000 0.10000
2021-04-01 02:07:04,422 - 
 ---------------------- mean loss : 44730144651517123100672.00000  ---------------------- 

2021-04-01 02:07:04,422 - Starting Validation
2021-04-01 02:07:31,333 - 
                     ------- validation -------            

2021-04-01 02:07:31,334 - 	 NCE 	 MSE 	 MASK MSE 	 MAPPING MSE
2021-04-01 02:07:31,334 - 	 3074280017848946393088.0000  	 0.2599  	 0.1104 	 0.6220
2021-04-01 02:07:31,334 - -------------------------------
Validation Epoch: 41 	Accuracy: 71.0000	Loss: 1045255210308358610354176.000000
------------------
2021-04-01 02:07:31,334 - #### End epoch 41/1000, elapsed time: 315.16297252010554
2021-04-01 02:07:31,334 - 
 --------------------------- epoch 42 ------------------------- 

2021-04-01 02:07:31,334 - weights are [1, 1, 1, 3]
2021-04-01 02:07:36,013 - 	 14924879625509922668544.00000 0.10000
2021-04-01 02:09:09,163 - 	 102357551122098245599232.00000 0.10000
2021-04-01 02:10:42,097 - 	 28715471389871243788288.00000 0.10000
2021-04-01 02:12:14,816 - 	 8783215542023487488000.00000 0.10000
2021-04-01 02:12:18,789 - 
 ---------------------- mean loss : 45440709200307095076864.00000  ---------------------- 

2021-04-01 02:12:18,789 - Starting Validation
2021-04-01 02:12:43,623 - 
                     ------- validation -------            

2021-04-01 02:12:43,623 - 	 NCE 	 MSE 	 MASK MSE 	 MAPPING MSE
2021-04-01 02:12:43,623 - 	 2146149364510123360256.0000  	 0.2654  	 0.1448 	 0.6304
2021-04-01 02:12:43,623 - -------------------------------
Validation Epoch: 42 	Accuracy: 68.0000	Loss: 729690792272138132783104.000000
------------------
2021-04-01 02:12:43,623 - #### End epoch 42/1000, elapsed time: 312.28949877712876
2021-04-01 02:12:43,624 - 
 --------------------------- epoch 43 ------------------------- 

2021-04-01 02:12:43,624 - weights are [1, 1, 1, 3]
2021-04-01 02:12:47,223 - 	 9487410201708160090112.00000 0.10000
2021-04-01 02:14:20,625 - 	 14574902646667147739136.00000 0.10000
2021-04-01 02:15:53,761 - 	 37359383277070767357952.00000 0.10000
2021-04-01 02:17:26,035 - 	 10921731247731904610304.00000 0.10000
2021-04-01 02:17:30,149 - 
 ---------------------- mean loss : 44856020480027105689600.00000  ---------------------- 

2021-04-01 02:17:30,149 - Starting Validation
2021-04-01 02:17:55,517 - 
                     ------- validation -------            

2021-04-01 02:17:55,518 - 	 NCE 	 MSE 	 MASK MSE 	 MAPPING MSE
2021-04-01 02:17:55,518 - 	 2249358590525746708480.0000  	 0.3309  	 0.1157 	 0.9324
2021-04-01 02:17:55,518 - -------------------------------
Validation Epoch: 43 	Accuracy: 68.0000	Loss: 764781926619359658115072.000000
------------------
2021-04-01 02:17:55,518 - #### End epoch 43/1000, elapsed time: 311.8945095827803
2021-04-01 02:17:55,518 - 
 --------------------------- epoch 44 ------------------------- 

2021-04-01 02:17:55,518 - weights are [1, 1, 1, 3]
2021-04-01 02:18:00,368 - 	 27137110591065401851904.00000 0.10000
2021-04-01 02:19:34,040 - 	 35116324950262245490688.00000 0.10000
2021-04-01 02:21:07,170 - 	 37118654617988745920512.00000 0.10000
2021-04-01 02:22:39,615 - 	 13065458181159142817792.00000 0.10000
2021-04-01 02:22:43,844 - 
 ---------------------- mean loss : 32702989156801369341952.00000  ---------------------- 

2021-04-01 02:22:43,844 - Starting Validation
2021-04-01 02:23:09,649 - 
                     ------- validation -------            

2021-04-01 02:23:09,649 - 	 NCE 	 MSE 	 MASK MSE 	 MAPPING MSE
2021-04-01 02:23:09,649 - 	 3122572352595500204032.0000  	 0.2687  	 0.1262 	 0.5634
2021-04-01 02:23:09,649 - -------------------------------
Validation Epoch: 44 	Accuracy: 68.0000	Loss: 1061674613833073571135488.000000
------------------
2021-04-01 02:23:09,649 - #### End epoch 44/1000, elapsed time: 314.1309280330315
2021-04-01 02:23:09,649 - 
 --------------------------- epoch 45 ------------------------- 

2021-04-01 02:23:09,649 - weights are [1, 1, 1, 3]
2021-04-01 02:23:14,437 - 	 22904091732906952622080.00000 0.10000
2021-04-01 02:24:48,334 - 	 10161880540902233997312.00000 0.10000
2021-04-01 02:26:21,766 - 	 17439676146634725523456.00000 0.10000
2021-04-01 02:27:53,737 - 	 8657972688186127679488.00000 0.10000
2021-04-01 02:27:58,219 - 
 ---------------------- mean loss : 40678814603271257194496.00000  ---------------------- 

2021-04-01 02:27:58,219 - Starting Validation
2021-04-01 02:28:23,332 - 
                     ------- validation -------            

2021-04-01 02:28:23,332 - 	 NCE 	 MSE 	 MASK MSE 	 MAPPING MSE
2021-04-01 02:28:23,332 - 	 6189286777880215289856.0000  	 0.2438  	 0.1260 	 0.5637
2021-04-01 02:28:23,332 - -------------------------------
Validation Epoch: 45 	Accuracy: 68.0000	Loss: 2104357463032082794020864.000000
------------------
2021-04-01 02:28:23,332 - #### End epoch 45/1000, elapsed time: 313.6833295058459
2021-04-01 02:28:23,333 - 
 --------------------------- epoch 46 ------------------------- 

2021-04-01 02:28:23,333 - weights are [1, 1, 1, 3]
2021-04-01 02:28:27,988 - 	 13740077139140919951360.00000 0.10000
2021-04-01 02:30:01,828 - 	 10073718074596829167616.00000 0.10000
2021-04-01 02:31:34,841 - 	 17993908257077355085824.00000 0.10000
2021-04-01 02:33:06,248 - 	 51491933361138330238976.00000 0.10000
2021-04-01 02:33:10,668 - 
 ---------------------- mean loss : 39337433858914954248192.00000  ---------------------- 

2021-04-01 02:33:10,668 - Starting Validation
2021-04-01 02:33:35,782 - 
                     ------- validation -------            

2021-04-01 02:33:35,782 - 	 NCE 	 MSE 	 MASK MSE 	 MAPPING MSE
2021-04-01 02:33:35,782 - 	 5361299378940313337856.0000  	 0.2727  	 0.1188 	 1.0415
2021-04-01 02:33:35,782 - -------------------------------
Validation Epoch: 46 	Accuracy: 68.0000	Loss: 1822841744507397786828800.000000
------------------
2021-04-01 02:33:35,782 - #### End epoch 46/1000, elapsed time: 312.4499157387763
2021-04-01 02:33:35,782 - 
 --------------------------- epoch 47 ------------------------- 

2021-04-01 02:33:35,782 - weights are [1, 1, 1, 3]
2021-04-01 02:33:41,254 - 	 19071704090400127975424.00000 0.10000
2021-04-01 02:35:14,809 - 	 6580553377972572127232.00000 0.10000
2021-04-01 02:36:47,985 - 	 14919706115437980811264.00000 0.10000
2021-04-01 02:38:19,635 - 	 11072748202236705767424.00000 0.10000
2021-04-01 02:38:23,685 - 
 ---------------------- mean loss : 29528549134377773170688.00000  ---------------------- 

2021-04-01 02:38:23,685 - Starting Validation
2021-04-01 02:38:48,474 - 
                     ------- validation -------            

2021-04-01 02:38:48,474 - 	 NCE 	 MSE 	 MASK MSE 	 MAPPING MSE
2021-04-01 02:38:48,475 - 	 1197446744614746718208.0000  	 0.2470  	 0.1089 	 0.5715
2021-04-01 02:38:48,475 - -------------------------------
Validation Epoch: 47 	Accuracy: 68.0000	Loss: 407131890371856345071616.000000
------------------
2021-04-01 02:38:48,475 - #### End epoch 47/1000, elapsed time: 312.69231821782887
2021-04-01 02:38:48,475 - 
 --------------------------- epoch 48 ------------------------- 

2021-04-01 02:38:48,475 - weights are [1, 1, 1, 3]
2021-04-01 02:38:52,937 - 	 11349895219705458720768.00000 0.10000
2021-04-01 02:40:26,167 - 	 11315641966839585570816.00000 0.10000
2021-04-01 02:41:59,422 - 	 2866169334377085927424.00000 0.10000
2021-04-01 02:43:30,770 - 	 21125838664640271220736.00000 0.10000
2021-04-01 02:43:34,939 - 
 ---------------------- mean loss : 18617282213325999964160.00000  ---------------------- 

2021-04-01 02:43:34,939 - Starting Validation
2021-04-01 02:44:01,307 - 
                     ------- validation -------            

2021-04-01 02:44:01,307 - 	 NCE 	 MSE 	 MASK MSE 	 MAPPING MSE
2021-04-01 02:44:01,307 - 	 1105550009037595344896.0000  	 0.2432  	 0.1149 	 0.5354
2021-04-01 02:44:01,307 - -------------------------------
Validation Epoch: 48 	Accuracy: 68.0000	Loss: 375887003565363621265408.000000
------------------
2021-04-01 02:44:01,307 - #### End epoch 48/1000, elapsed time: 312.83230944909155
2021-04-01 02:44:01,307 - 
 --------------------------- epoch 49 ------------------------- 

2021-04-01 02:44:01,307 - weights are [1, 1, 1, 3]
2021-04-01 02:44:04,524 - 	 7822534128160624082944.00000 0.10000
2021-04-01 02:45:38,125 - 	 9098966852548106911744.00000 0.10000
2021-04-01 02:47:11,414 - 	 3267696203404603817984.00000 0.10000
2021-04-01 02:48:42,313 - 	 6732342136863513903104.00000 0.10000
2021-04-01 02:48:46,243 - 
 ---------------------- mean loss : 14484044752988439314432.00000  ---------------------- 

2021-04-01 02:48:46,243 - Starting Validation
2021-04-01 02:49:12,096 - 
                     ------- validation -------            

2021-04-01 02:49:12,096 - 	 NCE 	 MSE 	 MASK MSE 	 MAPPING MSE
2021-04-01 02:49:12,096 - 	 612960640706220523520.0000  	 0.3319  	 0.1124 	 0.9726
2021-04-01 02:49:12,096 - -------------------------------
Validation Epoch: 49 	Accuracy: 70.0000	Loss: 208406616674632655175680.000000
------------------
2021-04-01 02:49:12,096 - #### End epoch 49/1000, elapsed time: 310.78897620830685
2021-04-01 02:49:12,096 - 
 --------------------------- epoch 50 ------------------------- 

2021-04-01 02:49:12,096 - weights are [1, 1, 1, 3]
2021-04-01 02:49:16,443 - 	 7659888879417952305152.00000 0.10000
2021-04-01 02:50:49,760 - 	 10473964232480313573376.00000 0.10000
2021-04-01 02:52:22,553 - 	 2974957161075940786176.00000 0.10000
2021-04-01 02:53:53,248 - 	 6315822221726526210048.00000 0.10000
2021-04-01 02:53:57,290 - 
 ---------------------- mean loss : 13230073058410169892864.00000  ---------------------- 

2021-04-01 02:53:57,291 - Starting Validation
2021-04-01 02:54:21,195 - 
                     ------- validation -------            

2021-04-01 02:54:21,195 - 	 NCE 	 MSE 	 MASK MSE 	 MAPPING MSE
2021-04-01 02:54:21,195 - 	 1263872649150007869440.0000  	 0.2471  	 0.1231 	 0.5900
2021-04-01 02:54:21,195 - -------------------------------
Validation Epoch: 50 	Accuracy: 71.0000	Loss: 429716691809356495192064.000000
------------------
2021-04-01 02:54:21,195 - #### End epoch 50/1000, elapsed time: 309.09939893800765
2021-04-01 02:54:21,196 - 
 --------------------------- epoch 51 ------------------------- 

2021-04-01 02:54:21,196 - weights are [1, 1, 1, 3]
2021-04-01 02:54:26,590 - 	 11992948447898996047872.00000 0.10000
2021-04-01 02:55:59,956 - 	 15935055036327634403328.00000 0.10000
2021-04-01 02:57:32,922 - 	 5108219699294006935552.00000 0.10000
2021-04-01 02:59:04,252 - 	 6032333010082528755712.00000 0.10000
2021-04-01 02:59:08,315 - 
 ---------------------- mean loss : 11357078054536147369984.00000  ---------------------- 

2021-04-01 02:59:08,315 - Starting Validation
2021-04-01 02:59:34,555 - 
                     ------- validation -------            

2021-04-01 02:59:34,555 - 	 NCE 	 MSE 	 MASK MSE 	 MAPPING MSE
2021-04-01 02:59:34,555 - 	 584587973984225525760.0000  	 0.2672  	 0.1144 	 0.5987
2021-04-01 02:59:34,555 - -------------------------------
Validation Epoch: 51 	Accuracy: 71.0000	Loss: 198759911497684307935232.000000
------------------
2021-04-01 02:59:34,555 - #### End epoch 51/1000, elapsed time: 313.3595811286941
2021-04-01 02:59:34,555 - 
 --------------------------- epoch 52 ------------------------- 

2021-04-01 02:59:34,555 - weights are [1, 1, 1, 3]
2021-04-01 02:59:37,786 - 	 2661519293384906244096.00000 0.10000
2021-04-01 03:01:11,660 - 	 48060379596266361847808.00000 0.10000
2021-04-01 03:02:44,604 - 	 5251774752166208602112.00000 0.10000
2021-04-01 03:04:15,450 - 	 3912424489184546258944.00000 0.10000
2021-04-01 03:04:19,178 - 
 ---------------------- mean loss : 10093373272612461871104.00000  ---------------------- 

2021-04-01 03:04:19,178 - Starting Validation
2021-04-01 03:04:46,313 - 
                     ------- validation -------            

2021-04-01 03:04:46,313 - 	 NCE 	 MSE 	 MASK MSE 	 MAPPING MSE
2021-04-01 03:04:46,313 - 	 747414654240108314624.0000  	 0.2842  	 0.1144 	 0.7414
2021-04-01 03:04:46,313 - -------------------------------
Validation Epoch: 52 	Accuracy: 73.0000	Loss: 254120985251988526596096.000000
------------------
2021-04-01 03:04:46,313 - #### End epoch 52/1000, elapsed time: 311.7582158399746
2021-04-01 03:04:46,314 - 
 --------------------------- epoch 53 ------------------------- 

2021-04-01 03:04:46,314 - weights are [1, 1, 1, 3]
2021-04-01 03:04:49,877 - 	 11684704075003249819648.00000 0.10000
2021-04-01 03:06:23,170 - 	 5222030165477286739968.00000 0.10000
2021-04-01 03:07:56,086 - 	 4900262045850500333568.00000 0.10000
2021-04-01 03:09:26,758 - 	 2625027470029253246976.00000 0.10000
2021-04-01 03:09:30,622 - 
 ---------------------- mean loss : 9495610360232985755648.00000  ---------------------- 

2021-04-01 03:09:30,622 - Starting Validation
2021-04-01 03:09:54,880 - 
                     ------- validation -------            

2021-04-01 03:09:54,881 - 	 NCE 	 MSE 	 MASK MSE 	 MAPPING MSE
2021-04-01 03:09:54,881 - 	 770596685996558778368.0000  	 0.2374  	 0.1138 	 0.5018
2021-04-01 03:09:54,881 - -------------------------------
Validation Epoch: 53 	Accuracy: 69.0000	Loss: 262002876260287940395008.000000
------------------
2021-04-01 03:09:54,881 - #### End epoch 53/1000, elapsed time: 308.56736792065203
2021-04-01 03:09:54,881 - 
 --------------------------- epoch 54 ------------------------- 

2021-04-01 03:09:54,881 - weights are [1, 1, 1, 3]
2021-04-01 03:10:00,826 - 	 5081050045692034154496.00000 0.10000
2021-04-01 03:11:33,965 - 	 5963753883806791106560.00000 0.10000
2021-04-01 03:13:07,023 - 	 4609182298509546618880.00000 0.10000
2021-04-01 03:14:36,750 - 	 3564341273985080623104.00000 0.10000
2021-04-01 03:14:41,047 - 
 ---------------------- mean loss : 8913799665248871907328.00000  ---------------------- 

2021-04-01 03:14:41,047 - Starting Validation
2021-04-01 03:15:06,926 - 
                     ------- validation -------            

2021-04-01 03:15:06,927 - 	 NCE 	 MSE 	 MASK MSE 	 MAPPING MSE
2021-04-01 03:15:06,927 - 	 753681185005270073344.0000  	 0.2458  	 0.1275 	 0.5892
2021-04-01 03:15:06,927 - -------------------------------
Validation Epoch: 54 	Accuracy: 68.0000	Loss: 256251602312453605556224.000000
------------------
2021-04-01 03:15:06,927 - #### End epoch 54/1000, elapsed time: 312.04604006092995
2021-04-01 03:15:06,927 - 
 --------------------------- epoch 55 ------------------------- 

2021-04-01 03:15:06,927 - weights are [1, 1, 1, 3]
2021-04-01 03:15:10,209 - 	 2147639154128539615232.00000 0.10000
2021-04-01 03:16:43,909 - 	 4775421138279883341824.00000 0.10000
2021-04-01 03:18:17,105 - 	 7715134536046906179584.00000 0.10000
2021-04-01 03:19:47,455 - 	 18316547260282084261888.00000 0.10000
2021-04-01 03:19:51,929 - 
 ---------------------- mean loss : 9200677775592066646016.00000  ---------------------- 

2021-04-01 03:19:51,929 - Starting Validation
2021-04-01 03:20:15,891 - 
                     ------- validation -------            

2021-04-01 03:20:15,891 - 	 NCE 	 MSE 	 MASK MSE 	 MAPPING MSE
2021-04-01 03:20:15,891 - 	 598562355038492426240.0000  	 0.3756  	 0.1117 	 1.0778
2021-04-01 03:20:15,891 - -------------------------------
Validation Epoch: 55 	Accuracy: 69.0000	Loss: 203511201117707717050368.000000
------------------
2021-04-01 03:20:15,891 - #### End epoch 55/1000, elapsed time: 308.9644638672471
2021-04-01 03:20:15,892 - 
 --------------------------- epoch 56 ------------------------- 

2021-04-01 03:20:15,892 - weights are [1, 1, 1, 3]
2021-04-01 03:20:19,925 - 	 6300761058672692428800.00000 0.10000
2021-04-01 03:21:53,570 - 	 3467127416853591228416.00000 0.10000
2021-04-01 03:23:26,645 - 	 8442608865155410296832.00000 0.10000
2021-04-01 03:24:58,020 - 	 7580878853455271165952.00000 0.10000
2021-04-01 03:25:02,477 - 
 ---------------------- mean loss : 7526818333647927508992.00000  ---------------------- 

2021-04-01 03:25:02,477 - Starting Validation
2021-04-01 03:25:27,217 - 
                     ------- validation -------            

2021-04-01 03:25:27,217 - 	 NCE 	 MSE 	 MASK MSE 	 MAPPING MSE
2021-04-01 03:25:27,217 - 	 570827157153074053120.0000  	 0.2299  	 0.1230 	 0.4883
2021-04-01 03:25:27,217 - -------------------------------
Validation Epoch: 56 	Accuracy: 67.0000	Loss: 194081233625559225860096.000000
------------------
2021-04-01 03:25:27,217 - #### End epoch 56/1000, elapsed time: 311.32591278199106
2021-04-01 03:25:27,218 - 
 --------------------------- epoch 57 ------------------------- 

2021-04-01 03:25:27,218 - weights are [1, 1, 1, 3]
2021-04-01 03:25:31,052 - 	 5995931540194399879168.00000 0.10000
2021-04-01 03:27:04,995 - 	 4828928405452672204800.00000 0.10000
2021-04-01 03:28:38,142 - 	 10060037264828784443392.00000 0.10000
2021-04-01 03:30:08,503 - 	 13010894819873735573504.00000 0.10000
2021-04-01 03:30:12,763 - 
 ---------------------- mean loss : 10955998251478258024448.00000  ---------------------- 

2021-04-01 03:30:12,763 - Starting Validation
2021-04-01 03:30:37,775 - 
                     ------- validation -------            

2021-04-01 03:30:37,775 - 	 NCE 	 MSE 	 MASK MSE 	 MAPPING MSE
2021-04-01 03:30:37,775 - 	 1114234486495129894912.0000  	 0.3109  	 0.1654 	 0.7237
2021-04-01 03:30:37,775 - -------------------------------
Validation Epoch: 57 	Accuracy: 70.0000	Loss: 378839728988354024308736.000000
------------------
2021-04-01 03:30:37,775 - #### End epoch 57/1000, elapsed time: 310.55794423352927
2021-04-01 03:30:37,776 - 
 --------------------------- epoch 58 ------------------------- 

2021-04-01 03:30:37,776 - weights are [1, 1, 1, 3]
2021-04-01 03:30:42,674 - 	 5347911404561826316288.00000 0.10000
