2021-04-01 11:03:45,850 - ===> use benchmark strategy to split train, validation and eval dataset
2021-04-01 11:03:47,267 - ### Model summary below###
 CPAELSTM44(
  (lstm1): LSTM(76, 256, batch_first=True)
  (lstm2): LSTM(256, 256, batch_first=True)
  (lstm3): LSTM(256, 256, batch_first=True)
  (dropout): Dropout(p=0.3, inplace=False)
  (softmax): Softmax(dim=0)
  (lsoftmax): LogSoftmax()
  (fcs): Sequential(
    (0): Linear(in_features=256, out_features=256, bias=True)
    (1): ReLU(inplace=True)
    (2): Linear(in_features=256, out_features=256, bias=True)
  )
  (lstm4): LSTM(256, 76, batch_first=True)
)

2021-04-01 11:03:47,268 - ===> Model total parameter: 1627808

2021-04-01 11:03:47,268 - {'data_split': 'benchmark', 'batch_size': 48, 'n_points': 192, 'n_features': 76, 'time_step': 30, 'mode': 0, 'points_per_hour': 4, 'frame_size': 16, 'n_frames': 12, 'dim': 256, 'bn': False, 'dropout': 0.3, 'task': 'ihm', 'learning_rate': 0.0003, 'epochs': 1000, 'seed': 1, 'log_interval': 30, 'num_workers': 30, 'gru_out': 256, 'optimizer': 'optim.Adam(filter(lambda p: p.requires_grad, model.parameters()), lr=0.0003, betas=(0.9, 0.98), eps=1e-09,weight_decay=1e-4)', 'model_params': None, 'setting_name': 'st_lr_3e-4', 'run_name': 'st_lr_3e-4-2021-04-01_11_03_45', 'model_type': 'CPAELSTM44', 'resume': True, 'model_best': 'st_lr_3e-4-2021-03-31_22_25_10-model_best.pth', 'save_every': 100, 'lambda': [1, 1, 1, 3], 'top_path': '/home/shuying/CPAE/', 'scr_data_path': '/home/shuying/cpcSurvival/data', 'logging_dir': '/home/shuying/CPAE/logs/cpc/CPAELSTM44', 'ini_file': '/home/shuying/CPAE/logs/cpc/CPAELSTM44/st_lr_3e-4.ini'}
2021-04-01 11:03:47,278 - 

Resume from checkpoint: /home/shuying/CPAE/logs/cpc/CPAELSTM44/st_lr_3e-4-2021-03-31_22_25_10-model_best.pth


2021-04-01 11:03:47,278 - 
 --------------------------- epoch 141 ------------------------- 

2021-04-01 11:03:47,278 - weights are [1, 1, 1, 3]
2021-04-01 11:03:51,360 - 	 2.60825 0.00030
