2021-04-01 15:04:16,940 - ===> use benchmark strategy to split train, validation and eval dataset
2021-04-01 15:04:18,671 - ### Model summary below###
 CPAELSTM44(
  (lstm1): LSTM(76, 256, batch_first=True)
  (lstm2): LSTM(256, 256, batch_first=True)
  (lstm3): LSTM(256, 256, batch_first=True)
  (dropout): Dropout(p=0.3, inplace=False)
  (softmax): Softmax(dim=0)
  (lsoftmax): LogSoftmax()
  (fcs): Sequential(
    (0): Linear(in_features=256, out_features=256, bias=True)
    (1): ReLU(inplace=True)
    (2): Linear(in_features=256, out_features=256, bias=True)
  )
  (lstm4): LSTM(256, 76, batch_first=True)
)

2021-04-01 15:04:18,671 - ===> Model total parameter: 1627808

2021-04-01 15:04:18,671 - {'data_split': 'benchmark', 'batch_size': 48, 'n_points': 192, 'n_features': 76, 'time_step': 30, 'mode': 0, 'points_per_hour': 4, 'frame_size': 16, 'n_frames': 12, 'dim': 256, 'bn': False, 'dropout': 0.3, 'task': 'ihm', 'learning_rate': 0.0003, 'epochs': 1000, 'seed': 1, 'log_interval': 30, 'num_workers': 30, 'gru_out': 256, 'optimizer': 'optim.Adam(filter(lambda p: p.requires_grad, model.parameters()), lr=0.0003, betas=(0.9, 0.98), eps=1e-09,weight_decay=1e-4)', 'model_params': None, 'setting_name': 'st_lr_3e-4_ts30_cos_t0.07', 'run_name': 'st_lr_3e-4_ts30_cos_t0.07-2021-04-01_15_04_16', 'model_type': 'CPAELSTM44', 'resume': False, 'model_best': 'st_lr_3e-4-2021-04-01_11_08_29-model_best.pth', 'save_every': 100, 'lambda': [1, 1, 1, 3], 'top_path': '/home/shuying/CPAE/', 'scr_data_path': '/home/shuying/cpcSurvival/data', 'logging_dir': '/home/shuying/CPAE/logs/cpc/CPAELSTM44', 'ini_file': '/home/shuying/CPAE/logs/cpc/CPAELSTM44/st_lr_3e-4_ts30_cos_t0.07.ini', 'updated_lr': 0.0003, 'sim': 'cosine', 'temperature': 0.07, 'adjust_lr': True}
2021-04-01 15:04:18,671 - 
 --------------------------- epoch 1 ------------------------- 

2021-04-01 15:04:18,671 - weights are [1, 1, 1, 3]
2021-04-01 15:04:23,241 - 	 20.24412 0.00030
2021-04-01 15:05:39,428 - 	 19.82320 0.00030
2021-04-01 15:06:56,441 - 	 19.68025 0.00030
2021-04-01 15:08:13,325 - 	 21.05343 0.00030
2021-04-01 15:08:17,120 - 
 ---------------------- mean loss : 22.69396  ---------------------- 

2021-04-01 15:08:17,121 - Starting Validation
2021-04-01 15:08:39,693 - 
                     ------- validation -------            

2021-04-01 15:08:39,693 - 	 NCE 	 MSE 	 MASK MSE 	 MAPPING MSE
2021-04-01 15:08:39,693 - 	 3.8380  	 0.1637  	 0.0323 	 0.4954
2021-04-01 15:08:39,693 - -------------------------------
Validation Epoch: 1 	Accuracy: 129.0000	Loss: 1387.811187
------------------
2021-04-01 15:08:39,708 - Snapshot saved to /home/shuying/CPAE/logs/cpc/CPAELSTM44/st_lr_3e-4_ts30_cos_t0.07-2021-04-01_15_04_16-model_best.pth

2021-04-01 15:08:39,709 - Best model updated in 'st_lr_3e-4_ts30_cos_t0.07.ini'! !!!!!!!!!
2021-04-01 15:08:39,709 - #### End epoch 1/1000, elapsed time: 261.03804838005453
2021-04-01 15:08:39,709 - 
 --------------------------- epoch 2 ------------------------- 

2021-04-01 15:08:39,709 - weights are [1, 1, 1, 3]
2021-04-01 15:08:43,617 - 	 19.67625 0.00030
2021-04-01 15:10:01,811 - 	 19.78862 0.00030
2021-04-01 15:11:19,454 - 	 19.98057 0.00030
2021-04-01 15:12:35,478 - 	 19.63457 0.00030
2021-04-01 15:12:39,010 - 
 ---------------------- mean loss : 21.72722  ---------------------- 

2021-04-01 15:12:39,010 - Starting Validation
2021-04-01 15:13:02,206 - 
                     ------- validation -------            

2021-04-01 15:13:02,206 - 	 NCE 	 MSE 	 MASK MSE 	 MAPPING MSE
2021-04-01 15:13:02,206 - 	 3.8362  	 0.1237  	 0.0211 	 0.3918
2021-04-01 15:13:02,206 - -------------------------------
Validation Epoch: 2 	Accuracy: 136.0000	Loss: 1368.868762
------------------
2021-04-01 15:13:02,237 - Snapshot saved to /home/shuying/CPAE/logs/cpc/CPAELSTM44/st_lr_3e-4_ts30_cos_t0.07-2021-04-01_15_04_16-model_best.pth

2021-04-01 15:13:02,238 - Best model updated in 'st_lr_3e-4_ts30_cos_t0.07.ini'! !!!!!!!!!
2021-04-01 15:13:02,238 - #### End epoch 2/1000, elapsed time: 262.52909698244184
2021-04-01 15:13:02,238 - 
 --------------------------- epoch 3 ------------------------- 

2021-04-01 15:13:02,238 - weights are [1, 1, 1, 3]
2021-04-01 15:13:06,511 - 	 19.62499 0.00030
2021-04-01 15:14:24,767 - 	 19.70100 0.00030
2021-04-01 15:15:42,261 - 	 24.89467 0.00030
2021-04-01 15:16:57,365 - 	 19.58042 0.00030
2021-04-01 15:17:01,357 - 
 ---------------------- mean loss : 21.68323  ---------------------- 

2021-04-01 15:17:01,357 - Starting Validation
2021-04-01 15:17:23,826 - 
                     ------- validation -------            

2021-04-01 15:17:23,827 - 	 NCE 	 MSE 	 MASK MSE 	 MAPPING MSE
2021-04-01 15:17:23,827 - 	 3.8361  	 0.1338  	 0.0166 	 0.4931
2021-04-01 15:17:23,827 - -------------------------------
Validation Epoch: 3 	Accuracy: 141.0000	Loss: 1382.695511
------------------
2021-04-01 15:17:23,858 - Snapshot saved to /home/shuying/CPAE/logs/cpc/CPAELSTM44/st_lr_3e-4_ts30_cos_t0.07-2021-04-01_15_04_16-model_best.pth

2021-04-01 15:17:23,864 - Best model updated in 'st_lr_3e-4_ts30_cos_t0.07.ini'! !!!!!!!!!
2021-04-01 15:17:23,864 - #### End epoch 3/1000, elapsed time: 261.62563492543995
2021-04-01 15:17:23,864 - 
 --------------------------- epoch 4 ------------------------- 

2021-04-01 15:17:23,864 - weights are [1, 1, 1, 3]
2021-04-01 15:17:29,315 - 	 19.64885 0.00030
2021-04-01 15:18:46,784 - 	 19.59889 0.00030
2021-04-01 15:20:04,125 - 	 19.53396 0.00030
2021-04-01 15:21:19,050 - 	 19.62868 0.00030
2021-04-01 15:21:22,875 - 
 ---------------------- mean loss : 21.63326  ---------------------- 

2021-04-01 15:21:22,875 - Starting Validation
2021-04-01 15:21:45,273 - 
                     ------- validation -------            

2021-04-01 15:21:45,273 - 	 NCE 	 MSE 	 MASK MSE 	 MAPPING MSE
2021-04-01 15:21:45,273 - 	 3.8361  	 0.1512  	 0.0149 	 0.5361
2021-04-01 15:21:45,273 - -------------------------------
Validation Epoch: 4 	Accuracy: 143.0000	Loss: 1389.479733
------------------
2021-04-01 15:21:45,307 - Snapshot saved to /home/shuying/CPAE/logs/cpc/CPAELSTM44/st_lr_3e-4_ts30_cos_t0.07-2021-04-01_15_04_16-model_best.pth

2021-04-01 15:21:45,308 - Best model updated in 'st_lr_3e-4_ts30_cos_t0.07.ini'! !!!!!!!!!
2021-04-01 15:21:45,308 - #### End epoch 4/1000, elapsed time: 261.4441879801452
2021-04-01 15:21:45,308 - 
 --------------------------- epoch 5 ------------------------- 

2021-04-01 15:21:45,308 - weights are [1, 1, 1, 3]
2021-04-01 15:21:51,569 - 	 19.57567 0.00030
2021-04-01 15:23:09,097 - 	 19.85797 0.00030
2021-04-01 15:24:26,483 - 	 19.58229 0.00030
2021-04-01 15:25:41,789 - 	 19.56435 0.00030
2021-04-01 15:25:45,380 - 
 ---------------------- mean loss : 21.63415  ---------------------- 

2021-04-01 15:25:45,380 - Starting Validation
2021-04-01 15:26:07,612 - 
                     ------- validation -------            

2021-04-01 15:26:07,612 - 	 NCE 	 MSE 	 MASK MSE 	 MAPPING MSE
2021-04-01 15:26:07,612 - 	 3.8361  	 0.1390  	 0.0122 	 0.4648
2021-04-01 15:26:07,612 - -------------------------------
Validation Epoch: 5 	Accuracy: 139.0000	Loss: 1378.585211
------------------
2021-04-01 15:26:07,642 - Snapshot saved to /home/shuying/CPAE/logs/cpc/CPAELSTM44/st_lr_3e-4_ts30_cos_t0.07-2021-04-01_15_04_16-model_best.pth

2021-04-01 15:26:07,642 - model got improved for this run, but did not surpass previous though, please take changes of hyper parameters into consideration
2021-04-01 15:26:07,642 - #### End epoch 5/1000, elapsed time: 262.3336655674502
2021-04-01 15:26:07,642 - 
 --------------------------- epoch 6 ------------------------- 

2021-04-01 15:26:07,642 - weights are [1, 1, 1, 3]
2021-04-01 15:26:12,718 - 	 19.53996 0.00030
2021-04-01 15:27:31,145 - 	 19.54947 0.00030
2021-04-01 15:28:47,654 - 	 19.64898 0.00030
2021-04-01 15:30:03,357 - 	 19.53035 0.00030
2021-04-01 15:30:06,953 - 
 ---------------------- mean loss : 20.97953  ---------------------- 

2021-04-01 15:30:06,953 - Starting Validation
2021-04-01 15:30:29,166 - 
                     ------- validation -------            

2021-04-01 15:30:29,167 - 	 NCE 	 MSE 	 MASK MSE 	 MAPPING MSE
2021-04-01 15:30:29,167 - 	 3.8361  	 0.1244  	 0.0109 	 0.4047
2021-04-01 15:30:29,167 - -------------------------------
Validation Epoch: 6 	Accuracy: 143.0000	Loss: 1369.241185
------------------
2021-04-01 15:30:29,167 - #### End epoch 6/1000, elapsed time: 261.52510051894933
2021-04-01 15:30:29,167 - 
 --------------------------- epoch 7 ------------------------- 

2021-04-01 15:30:29,167 - weights are [1, 1, 1, 3]
2021-04-01 15:30:33,541 - 	 19.63372 0.00030
2021-04-01 15:31:51,159 - 	 19.51181 0.00030
2021-04-01 15:33:06,050 - 	 19.51941 0.00030
2021-04-01 15:34:23,192 - 	 19.60825 0.00030
2021-04-01 15:34:27,022 - 
 ---------------------- mean loss : 21.35028  ---------------------- 

2021-04-01 15:34:27,022 - Starting Validation
2021-04-01 15:34:49,818 - 
                     ------- validation -------            

2021-04-01 15:34:49,819 - 	 NCE 	 MSE 	 MASK MSE 	 MAPPING MSE
2021-04-01 15:34:49,819 - 	 3.8361  	 0.1248  	 0.0104 	 0.4221
2021-04-01 15:34:49,819 - -------------------------------
Validation Epoch: 7 	Accuracy: 139.0000	Loss: 1371.558410
------------------
2021-04-01 15:34:49,819 - #### End epoch 7/1000, elapsed time: 260.65188566967845
2021-04-01 15:34:49,819 - 
 --------------------------- epoch 8 ------------------------- 

2021-04-01 15:34:49,819 - weights are [1, 1, 1, 3]
2021-04-01 15:34:54,725 - 	 19.52460 0.00030
2021-04-01 15:36:12,234 - 	 19.49964 0.00030
2021-04-01 15:37:26,624 - 	 20.34782 0.00030
2021-04-01 15:38:43,823 - 	 19.53190 0.00030
2021-04-01 15:38:47,737 - 
 ---------------------- mean loss : 21.55599  ---------------------- 

2021-04-01 15:38:47,737 - Starting Validation
2021-04-01 15:39:10,159 - 
                     ------- validation -------            

2021-04-01 15:39:10,159 - 	 NCE 	 MSE 	 MASK MSE 	 MAPPING MSE
2021-04-01 15:39:10,160 - 	 3.8361  	 0.1587  	 0.0127 	 0.5744
2021-04-01 15:39:10,160 - -------------------------------
Validation Epoch: 8 	Accuracy: 140.0000	Loss: 1394.908629
------------------
2021-04-01 15:39:10,192 - Snapshot saved to /home/shuying/CPAE/logs/cpc/CPAELSTM44/st_lr_3e-4_ts30_cos_t0.07-2021-04-01_15_04_16-model_best.pth

2021-04-01 15:39:10,192 - model got improved for this run, but did not surpass previous though, please take changes of hyper parameters into consideration
2021-04-01 15:39:10,192 - #### End epoch 8/1000, elapsed time: 260.37348609697074
2021-04-01 15:39:10,193 - 
 --------------------------- epoch 9 ------------------------- 

2021-04-01 15:39:10,193 - weights are [1, 1, 1, 3]
2021-04-01 15:39:15,645 - 	 19.49131 0.00030
2021-04-01 15:40:33,338 - 	 19.62552 0.00030
2021-04-01 15:41:48,885 - 	 19.61298 0.00030
2021-04-01 15:43:06,188 - 	 19.58413 0.00030
2021-04-01 15:43:10,188 - 
 ---------------------- mean loss : 20.84546  ---------------------- 

2021-04-01 15:43:10,189 - Starting Validation
2021-04-01 15:43:32,690 - 
                     ------- validation -------            

2021-04-01 15:43:32,692 - 	 NCE 	 MSE 	 MASK MSE 	 MAPPING MSE
2021-04-01 15:43:32,692 - 	 3.8361  	 0.1028  	 0.0122 	 0.3058
2021-04-01 15:43:32,692 - -------------------------------
Validation Epoch: 9 	Accuracy: 132.0000	Loss: 1354.505757
------------------
2021-04-01 15:43:32,692 - #### End epoch 9/1000, elapsed time: 262.499713094905
2021-04-01 15:43:32,692 - 
 --------------------------- epoch 10 ------------------------- 

2021-04-01 15:43:32,692 - weights are [1, 1, 1, 3]
2021-04-01 15:43:37,586 - 	 19.58745 0.00030
2021-04-01 15:44:55,085 - 	 19.50631 0.00030
2021-04-01 15:46:11,124 - 	 53.88977 0.00030
2021-04-01 15:47:28,456 - 	 19.50427 0.00030
2021-04-01 15:47:32,516 - 
 ---------------------- mean loss : 21.28738  ---------------------- 

2021-04-01 15:47:32,517 - Starting Validation
2021-04-01 15:47:55,413 - 
                     ------- validation -------            

2021-04-01 15:47:55,413 - 	 NCE 	 MSE 	 MASK MSE 	 MAPPING MSE
2021-04-01 15:47:55,413 - 	 3.8361  	 0.1778  	 0.0118 	 0.6371
2021-04-01 15:47:55,413 - -------------------------------
Validation Epoch: 10 	Accuracy: 135.0000	Loss: 1404.602662
------------------
2021-04-01 15:47:55,413 - #### End epoch 10/1000, elapsed time: 262.7211029967293
2021-04-01 15:47:55,414 - 
 --------------------------- epoch 11 ------------------------- 

2021-04-01 15:47:55,414 - weights are [1, 1, 1, 3]
2021-04-01 15:48:00,756 - 	 19.49545 0.00030
2021-04-01 15:49:16,562 - 	 19.48057 0.00030
2021-04-01 15:50:33,939 - 	 19.57688 0.00030
2021-04-01 15:51:50,597 - 	 19.51987 0.00030
2021-04-01 15:51:54,640 - 
 ---------------------- mean loss : 21.49985  ---------------------- 

2021-04-01 15:51:54,640 - Starting Validation
2021-04-01 15:52:17,333 - 
                     ------- validation -------            

2021-04-01 15:52:17,333 - 	 NCE 	 MSE 	 MASK MSE 	 MAPPING MSE
2021-04-01 15:52:17,333 - 	 3.8361  	 0.1602  	 0.0086 	 0.5784
2021-04-01 15:52:17,333 - -------------------------------
Validation Epoch: 11 	Accuracy: 141.0000	Loss: 1394.982757
------------------
2021-04-01 15:52:17,365 - Snapshot saved to /home/shuying/CPAE/logs/cpc/CPAELSTM44/st_lr_3e-4_ts30_cos_t0.07-2021-04-01_15_04_16-model_best.pth

2021-04-01 15:52:17,365 - model got improved for this run, but did not surpass previous though, please take changes of hyper parameters into consideration
2021-04-01 15:52:17,365 - #### End epoch 11/1000, elapsed time: 261.9518841058016
2021-04-01 15:52:17,366 - 
 --------------------------- epoch 12 ------------------------- 

2021-04-01 15:52:17,366 - weights are [1, 1, 1, 3]
2021-04-01 15:52:21,407 - 	 19.61754 0.00030
2021-04-01 15:53:37,694 - 	 19.59046 0.00030
2021-04-01 15:54:55,001 - 	 19.48198 0.00030
2021-04-01 15:56:12,145 - 	 19.54984 0.00030
2021-04-01 15:56:16,101 - 
 ---------------------- mean loss : 21.19805  ---------------------- 

2021-04-01 15:56:16,101 - Starting Validation
2021-04-01 15:56:38,374 - 
                     ------- validation -------            

2021-04-01 15:56:38,374 - 	 NCE 	 MSE 	 MASK MSE 	 MAPPING MSE
2021-04-01 15:56:38,374 - 	 3.8361  	 0.1297  	 0.0080 	 0.4596
2021-04-01 15:56:38,374 - -------------------------------
Validation Epoch: 12 	Accuracy: 135.0000	Loss: 1376.682647
------------------
2021-04-01 15:56:38,374 - #### End epoch 12/1000, elapsed time: 261.0087824938819
2021-04-01 15:56:38,374 - 
 --------------------------- epoch 13 ------------------------- 

2021-04-01 15:56:38,376 - weights are [1, 1, 1, 3]
2021-04-01 15:56:43,639 - 	 19.51687 0.00030
2021-04-01 15:58:00,131 - 	 19.50748 0.00030
2021-04-01 15:59:17,428 - 	 19.49790 0.00030
2021-04-01 16:00:34,702 - 	 19.49160 0.00030
2021-04-01 16:00:38,442 - 
 ---------------------- mean loss : 21.31955  ---------------------- 

2021-04-01 16:00:38,443 - Starting Validation
2021-04-01 16:01:00,744 - 
                     ------- validation -------            

2021-04-01 16:01:00,744 - 	 NCE 	 MSE 	 MASK MSE 	 MAPPING MSE
2021-04-01 16:01:00,744 - 	 3.8361  	 0.1196  	 0.0076 	 0.4078
2021-04-01 16:01:00,744 - -------------------------------
Validation Epoch: 13 	Accuracy: 139.0000	Loss: 1368.894922
------------------
2021-04-01 16:01:00,745 - #### End epoch 13/1000, elapsed time: 262.3703210167587
2021-04-01 16:01:00,745 - 
 --------------------------- epoch 14 ------------------------- 

2021-04-01 16:01:00,745 - weights are [1, 1, 1, 3]
2021-04-01 16:01:05,851 - 	 19.51565 0.00030
2021-04-01 16:02:22,821 - 	 19.53991 0.00030
2021-04-01 16:03:40,309 - 	 19.47643 0.00030
2021-04-01 16:04:57,502 - 	 19.54016 0.00030
2021-04-01 16:05:01,182 - 
 ---------------------- mean loss : 20.79256  ---------------------- 

2021-04-01 16:05:01,183 - Starting Validation
2021-04-01 16:05:23,851 - 
                     ------- validation -------            

2021-04-01 16:05:23,851 - 	 NCE 	 MSE 	 MASK MSE 	 MAPPING MSE
2021-04-01 16:05:23,851 - 	 3.8361  	 0.1209  	 0.0134 	 0.3915
2021-04-01 16:05:23,851 - -------------------------------
Validation Epoch: 14 	Accuracy: 135.0000	Loss: 1367.545321
------------------
2021-04-01 16:05:23,851 - #### End epoch 14/1000, elapsed time: 263.1068159714341
2021-04-01 16:05:23,852 - 
 --------------------------- epoch 15 ------------------------- 

2021-04-01 16:05:23,852 - weights are [1, 1, 1, 3]
2021-04-01 16:05:28,576 - 	 19.48857 0.00030
2021-04-01 16:06:46,006 - 	 19.56563 0.00030
2021-04-01 16:08:03,334 - 	 19.51208 0.00030
2021-04-01 16:09:20,017 - 	 19.50872 0.00030
2021-04-01 16:09:22,836 - 
 ---------------------- mean loss : 21.41906  ---------------------- 

2021-04-01 16:09:22,839 - Starting Validation
2021-04-01 16:09:45,845 - 
                     ------- validation -------            

2021-04-01 16:09:45,845 - 	 NCE 	 MSE 	 MASK MSE 	 MAPPING MSE
2021-04-01 16:09:45,845 - 	 3.8361  	 0.1229  	 0.0067 	 0.4538
2021-04-01 16:09:45,845 - -------------------------------
Validation Epoch: 15 	Accuracy: 135.0000	Loss: 1375.253689
------------------
2021-04-01 16:09:45,845 - #### End epoch 15/1000, elapsed time: 261.9938925560564
2021-04-01 16:09:45,846 - 
 --------------------------- epoch 16 ------------------------- 

2021-04-01 16:09:45,846 - weights are [1, 1, 1, 3]
2021-04-01 16:09:50,549 - 	 19.58365 0.00030
2021-04-01 16:11:08,161 - 	 19.52080 0.00030
2021-04-01 16:12:25,638 - 	 19.48369 0.00030
2021-04-01 16:13:41,497 - 	 19.52170 0.00030
2021-04-01 16:13:44,683 - 
 ---------------------- mean loss : 20.87020  ---------------------- 

2021-04-01 16:13:44,684 - Starting Validation
2021-04-01 16:14:07,610 - 
                     ------- validation -------            

2021-04-01 16:14:07,610 - 	 NCE 	 MSE 	 MASK MSE 	 MAPPING MSE
2021-04-01 16:14:07,611 - 	 3.8361  	 0.1237  	 0.0064 	 0.4370
2021-04-01 16:14:07,611 - -------------------------------
Validation Epoch: 16 	Accuracy: 138.0000	Loss: 1372.977206
------------------
2021-04-01 16:14:07,611 - #### End epoch 16/1000, elapsed time: 261.7653985377401
2021-04-01 16:14:07,611 - 
 --------------------------- epoch 17 ------------------------- 

2021-04-01 16:14:07,611 - weights are [1, 1, 1, 3]
2021-04-01 16:14:12,261 - 	 19.48961 0.00030
2021-04-01 16:15:29,966 - 	 19.52256 0.00030
2021-04-01 16:16:47,162 - 	 19.51558 0.00030
2021-04-01 16:18:01,998 - 	 19.50899 0.00030
2021-04-01 16:18:05,504 - 
 ---------------------- mean loss : 20.74934  ---------------------- 

2021-04-01 16:18:05,504 - Starting Validation
2021-04-01 16:18:27,763 - 
                     ------- validation -------            

2021-04-01 16:18:27,764 - 	 NCE 	 MSE 	 MASK MSE 	 MAPPING MSE
2021-04-01 16:18:27,764 - 	 3.8361  	 0.1925  	 0.0096 	 0.6943
2021-04-01 16:18:27,764 - -------------------------------
Validation Epoch: 17 	Accuracy: 138.0000	Loss: 1413.076600
------------------
2021-04-01 16:18:27,764 - #### End epoch 17/1000, elapsed time: 260.153037562035
2021-04-01 16:18:27,764 - 
 --------------------------- epoch 18 ------------------------- 

2021-04-01 16:18:27,764 - weights are [1, 1, 1, 3]
2021-04-01 16:18:33,002 - 	 19.51904 0.00030
2021-04-01 16:19:50,308 - 	 19.60881 0.00030
2021-04-01 16:21:07,312 - 	 19.54433 0.00030
2021-04-01 16:22:22,767 - 	 19.49225 0.00030
2021-04-01 16:22:26,617 - 
 ---------------------- mean loss : 21.14807  ---------------------- 

2021-04-01 16:22:26,617 - Starting Validation
2021-04-01 16:22:49,572 - 
                     ------- validation -------            

2021-04-01 16:22:49,572 - 	 NCE 	 MSE 	 MASK MSE 	 MAPPING MSE
2021-04-01 16:22:49,572 - 	 3.8361  	 0.1751  	 0.0061 	 0.6449
2021-04-01 16:22:49,572 - -------------------------------
Validation Epoch: 18 	Accuracy: 137.0000	Loss: 1404.690527
------------------
2021-04-01 16:22:49,572 - #### End epoch 18/1000, elapsed time: 261.8083149874583
2021-04-01 16:22:49,573 - 
 --------------------------- epoch 19 ------------------------- 

2021-04-01 16:22:49,573 - weights are [1, 1, 1, 3]
2021-04-01 16:22:55,035 - 	 19.52107 0.00030
2021-04-01 16:24:12,586 - 	 19.57528 0.00030
2021-04-01 16:25:29,891 - 	 19.91856 0.00030
2021-04-01 16:26:46,051 - 	 19.48893 0.00030
2021-04-01 16:26:49,420 - 
 ---------------------- mean loss : 21.59440  ---------------------- 

2021-04-01 16:26:49,423 - Starting Validation
2021-04-01 16:27:11,564 - 
                     ------- validation -------            

2021-04-01 16:27:11,564 - 	 NCE 	 MSE 	 MASK MSE 	 MAPPING MSE
2021-04-01 16:27:11,564 - 	 3.8361  	 0.1526  	 0.0094 	 0.5202
2021-04-01 16:27:11,564 - -------------------------------
Validation Epoch: 19 	Accuracy: 138.0000	Loss: 1386.652693
------------------
2021-04-01 16:27:11,564 - #### End epoch 19/1000, elapsed time: 261.99201051332057
2021-04-01 16:27:11,565 - 
 --------------------------- epoch 20 ------------------------- 

2021-04-01 16:27:11,565 - weights are [1, 1, 1, 3]
2021-04-01 16:27:15,911 - 	 19.50502 0.00030
2021-04-01 16:28:33,819 - 	 19.52241 0.00030
2021-04-01 16:29:50,295 - 	 19.47552 0.00030
2021-04-01 16:31:07,039 - 	 19.52406 0.00030
2021-04-01 16:31:10,530 - 
 ---------------------- mean loss : 20.75313  ---------------------- 

2021-04-01 16:31:10,530 - Starting Validation
2021-04-01 16:31:32,872 - 
                     ------- validation -------            

2021-04-01 16:31:32,872 - 	 NCE 	 MSE 	 MASK MSE 	 MAPPING MSE
2021-04-01 16:31:32,872 - 	 3.8361  	 0.2053  	 0.0120 	 0.7854
2021-04-01 16:31:32,872 - -------------------------------
Validation Epoch: 20 	Accuracy: 136.0000	Loss: 1426.663080
------------------
2021-04-01 16:31:32,872 - #### End epoch 20/1000, elapsed time: 261.308009987697
2021-04-01 16:31:32,873 - 
 --------------------------- epoch 21 ------------------------- 

2021-04-01 16:31:32,873 - weights are [1, 1, 1, 3]
2021-04-01 16:31:37,721 - 	 19.54209 0.00030
2021-04-01 16:32:55,486 - 	 19.51517 0.00030
2021-04-01 16:34:11,201 - 	 19.49601 0.00030
2021-04-01 16:35:28,350 - 	 19.81571 0.00030
2021-04-01 16:35:31,799 - 
 ---------------------- mean loss : 20.63709  ---------------------- 

2021-04-01 16:35:31,799 - Starting Validation
2021-04-01 16:35:54,513 - 
                     ------- validation -------            

2021-04-01 16:35:54,513 - 	 NCE 	 MSE 	 MASK MSE 	 MAPPING MSE
2021-04-01 16:35:54,513 - 	 3.8361  	 0.1244  	 0.0060 	 0.4543
2021-04-01 16:35:54,514 - -------------------------------
Validation Epoch: 21 	Accuracy: 131.0000	Loss: 1375.323421
------------------
2021-04-01 16:35:54,514 - #### End epoch 21/1000, elapsed time: 261.64110756199807
2021-04-01 16:35:54,514 - 
 --------------------------- epoch 22 ------------------------- 

2021-04-01 16:35:54,514 - weights are [1, 1, 1, 3]
2021-04-01 16:35:58,086 - 	 19.47478 0.00030
2021-04-01 16:37:16,424 - 	 19.53197 0.00030
2021-04-01 16:38:31,586 - 	 19.48629 0.00030
2021-04-01 16:39:48,449 - 	 19.58683 0.00030
2021-04-01 16:39:52,355 - 
 ---------------------- mean loss : 20.73057  ---------------------- 

2021-04-01 16:39:52,355 - Starting Validation
2021-04-01 16:40:14,816 - 
                     ------- validation -------            

2021-04-01 16:40:14,817 - 	 NCE 	 MSE 	 MASK MSE 	 MAPPING MSE
2021-04-01 16:40:14,817 - 	 3.8361  	 0.1629  	 0.0060 	 0.6085
2021-04-01 16:40:14,817 - -------------------------------
Validation Epoch: 22 	Accuracy: 137.0000	Loss: 1398.912793
------------------
2021-04-01 16:40:14,817 - #### End epoch 22/1000, elapsed time: 260.30325387138873
2021-04-01 16:40:14,817 - 
 --------------------------- epoch 23 ------------------------- 

2021-04-01 16:40:14,817 - weights are [1, 1, 1, 3]
2021-04-01 16:40:20,407 - 	 19.50570 0.00030
2021-04-01 16:41:37,745 - 	 19.53724 0.00030
2021-04-01 16:42:53,220 - 	 19.50146 0.00030
2021-04-01 16:44:10,413 - 	 19.52424 0.00030
2021-04-01 16:44:14,341 - 
 ---------------------- mean loss : 20.91548  ---------------------- 

2021-04-01 16:44:14,341 - Starting Validation
2021-04-01 16:44:36,750 - 
                     ------- validation -------            

2021-04-01 16:44:36,751 - 	 NCE 	 MSE 	 MASK MSE 	 MAPPING MSE
2021-04-01 16:44:36,751 - 	 3.8361  	 0.1326  	 0.0090 	 0.4640
2021-04-01 16:44:36,751 - -------------------------------
Validation Epoch: 23 	Accuracy: 131.0000	Loss: 1377.602359
------------------
2021-04-01 16:44:36,751 - #### End epoch 23/1000, elapsed time: 261.9337897421792
2021-04-01 16:44:36,751 - 
 --------------------------- epoch 24 ------------------------- 

2021-04-01 16:44:36,751 - weights are [1, 1, 1, 3]
2021-04-01 16:44:40,716 - 	 19.58582 0.00030
2021-04-01 16:45:58,494 - 	 31.80506 0.00030
2021-04-01 16:47:14,705 - 	 19.52416 0.00030
2021-04-01 16:48:31,754 - 	 19.60654 0.00030
2021-04-01 16:48:35,575 - 
 ---------------------- mean loss : 20.62531  ---------------------- 

2021-04-01 16:48:35,575 - Starting Validation
2021-04-01 16:48:57,555 - 
                     ------- validation -------            

2021-04-01 16:48:57,555 - 	 NCE 	 MSE 	 MASK MSE 	 MAPPING MSE
2021-04-01 16:48:57,555 - 	 3.8361  	 0.2297  	 0.0061 	 0.8828
2021-04-01 16:48:57,555 - -------------------------------
Validation Epoch: 24 	Accuracy: 135.0000	Loss: 1440.769921
------------------
2021-04-01 16:48:57,555 - #### End epoch 24/1000, elapsed time: 260.80429089814425
2021-04-01 16:48:57,555 - 
 --------------------------- epoch 25 ------------------------- 

2021-04-01 16:48:57,555 - weights are [1, 1, 1, 3]
2021-04-01 16:49:01,461 - 	 19.57928 0.00030
2021-04-01 16:50:17,740 - 	 19.49911 0.00030
2021-04-01 16:51:35,036 - 	 19.56983 0.00030
2021-04-01 16:52:52,260 - 	 19.51488 0.00030
2021-04-01 16:52:56,143 - 
 ---------------------- mean loss : 21.33459  ---------------------- 

2021-04-01 16:52:56,143 - Starting Validation
2021-04-01 16:53:18,312 - 
                     ------- validation -------            

2021-04-01 16:53:18,313 - 	 NCE 	 MSE 	 MASK MSE 	 MAPPING MSE
2021-04-01 16:53:18,313 - 	 3.8361  	 0.1809  	 0.0091 	 0.6489
2021-04-01 16:53:18,313 - -------------------------------
Validation Epoch: 25 	Accuracy: 139.0000	Loss: 1406.047565
------------------
2021-04-01 16:53:18,313 - #### End epoch 25/1000, elapsed time: 260.75766650773585
2021-04-01 16:53:18,313 - 
 --------------------------- epoch 26 ------------------------- 

2021-04-01 16:53:18,313 - weights are [1, 1, 1, 3]
2021-04-01 16:53:21,744 - 	 19.48602 0.00030
2021-04-01 16:54:37,767 - 	 19.63592 0.00030
2021-04-01 16:55:55,253 - 	 19.85464 0.00030
2021-04-01 16:57:12,300 - 	 19.49658 0.00030
2021-04-01 16:57:16,334 - 
 ---------------------- mean loss : 21.29196  ---------------------- 

2021-04-01 16:57:16,334 - Starting Validation
2021-04-01 16:57:38,128 - 
                     ------- validation -------            

2021-04-01 16:57:38,128 - 	 NCE 	 MSE 	 MASK MSE 	 MAPPING MSE
2021-04-01 16:57:38,129 - 	 3.8361  	 0.1573  	 0.0059 	 0.5773
2021-04-01 16:57:38,129 - -------------------------------
Validation Epoch: 26 	Accuracy: 140.0000	Loss: 1394.265549
------------------
2021-04-01 16:57:38,129 - #### End epoch 26/1000, elapsed time: 259.8158456487581
2021-04-01 16:57:38,129 - 
 --------------------------- epoch 27 ------------------------- 

2021-04-01 16:57:38,129 - weights are [1, 1, 1, 3]
2021-04-01 16:57:40,946 - 	 19.49382 0.00030
2021-04-01 16:58:57,495 - 	 19.51261 0.00030
2021-04-01 17:00:14,710 - 	 19.51488 0.00030
2021-04-01 17:01:31,945 - 	 19.54658 0.00030
2021-04-01 17:01:35,875 - 
 ---------------------- mean loss : 21.22028  ---------------------- 

2021-04-01 17:01:35,876 - Starting Validation
2021-04-01 17:01:57,405 - 
                     ------- validation -------            

2021-04-01 17:01:57,405 - 	 NCE 	 MSE 	 MASK MSE 	 MAPPING MSE
2021-04-01 17:01:57,405 - 	 3.8361  	 0.1197  	 0.0124 	 0.3836
2021-04-01 17:01:57,405 - -------------------------------
Validation Epoch: 27 	Accuracy: 135.0000	Loss: 1366.252475
------------------
2021-04-01 17:01:57,405 - #### End epoch 27/1000, elapsed time: 259.2766146697104
2021-04-01 17:01:57,406 - 
 --------------------------- epoch 28 ------------------------- 

2021-04-01 17:01:57,406 - weights are [1, 1, 1, 3]
2021-04-01 17:02:01,885 - 	 19.52761 0.00030
2021-04-01 17:03:19,925 - 	 19.52373 0.00030
2021-04-01 17:04:37,236 - 	 19.46840 0.00030
2021-04-01 17:05:54,558 - 	 19.62275 0.00030
2021-04-01 17:05:58,548 - 
 ---------------------- mean loss : 21.04891  ---------------------- 

2021-04-01 17:05:58,548 - Starting Validation
2021-04-01 17:06:20,574 - 
                     ------- validation -------            

2021-04-01 17:06:20,574 - 	 NCE 	 MSE 	 MASK MSE 	 MAPPING MSE
2021-04-01 17:06:20,574 - 	 3.8361  	 0.1134  	 0.0058 	 0.4006
2021-04-01 17:06:20,574 - -------------------------------
Validation Epoch: 28 	Accuracy: 134.0000	Loss: 1367.249841
------------------
2021-04-01 17:06:20,574 - #### End epoch 28/1000, elapsed time: 263.16877019032836
2021-04-01 17:06:20,575 - 
 --------------------------- epoch 29 ------------------------- 

2021-04-01 17:06:20,575 - weights are [1, 1, 1, 3]
2021-04-01 17:06:24,228 - 	 19.57940 0.00030
2021-04-01 17:07:42,206 - 	 19.54263 0.00030
2021-04-01 17:08:59,633 - 	 19.51343 0.00030
2021-04-01 17:10:16,610 - 	 19.46695 0.00030
2021-04-01 17:10:20,194 - 
 ---------------------- mean loss : 21.43521  ---------------------- 

2021-04-01 17:10:20,194 - Starting Validation
2021-04-01 17:10:42,398 - 
                     ------- validation -------            

2021-04-01 17:10:42,398 - 	 NCE 	 MSE 	 MASK MSE 	 MAPPING MSE
2021-04-01 17:10:42,398 - 	 3.8361  	 0.2094  	 0.0090 	 0.8309
2021-04-01 17:10:42,398 - -------------------------------
Validation Epoch: 29 	Accuracy: 137.0000	Loss: 1432.724470
------------------
2021-04-01 17:10:42,398 - #### End epoch 29/1000, elapsed time: 261.82422667276114
2021-04-01 17:10:42,399 - 
 --------------------------- epoch 30 ------------------------- 

2021-04-01 17:10:42,399 - weights are [1, 1, 1, 3]
2021-04-01 17:10:47,069 - 	 19.50675 0.00030
2021-04-01 17:12:04,869 - 	 19.51479 0.00030
2021-04-01 17:13:21,987 - 	 19.51341 0.00030
2021-04-01 17:14:37,055 - 	 19.51284 0.00030
2021-04-01 17:14:40,239 - 
 ---------------------- mean loss : 21.13828  ---------------------- 

2021-04-01 17:14:40,240 - Starting Validation
2021-04-01 17:15:03,425 - 
                     ------- validation -------            

2021-04-01 17:15:03,425 - 	 NCE 	 MSE 	 MASK MSE 	 MAPPING MSE
2021-04-01 17:15:03,425 - 	 3.8361  	 0.1240  	 0.0057 	 0.4276
2021-04-01 17:15:03,425 - -------------------------------
Validation Epoch: 30 	Accuracy: 152.0000	Loss: 1371.629785
------------------
2021-04-01 17:15:03,459 - Snapshot saved to /home/shuying/CPAE/logs/cpc/CPAELSTM44/st_lr_3e-4_ts30_cos_t0.07-2021-04-01_15_04_16-model_best.pth

2021-04-01 17:15:03,460 - Best model updated in 'st_lr_3e-4_ts30_cos_t0.07.ini'! !!!!!!!!!
2021-04-01 17:15:03,460 - #### End epoch 30/1000, elapsed time: 261.06159750092775
2021-04-01 17:15:03,460 - 
 --------------------------- epoch 31 ------------------------- 

2021-04-01 17:15:03,460 - weights are [1, 1, 1, 3]
2021-04-01 17:15:08,163 - 	 19.46580 0.00030
2021-04-01 17:16:25,913 - 	 19.56175 0.00030
2021-04-01 17:17:43,336 - 	 19.54930 0.00030
2021-04-01 17:18:58,241 - 	 19.49319 0.00030
2021-04-01 17:19:02,085 - 
 ---------------------- mean loss : 21.23365  ---------------------- 

2021-04-01 17:19:02,086 - Starting Validation
2021-04-01 17:19:24,229 - 
                     ------- validation -------            

2021-04-01 17:19:24,229 - 	 NCE 	 MSE 	 MASK MSE 	 MAPPING MSE
2021-04-01 17:19:24,229 - 	 3.8361  	 0.1439  	 0.0088 	 0.5154
2021-04-01 17:19:24,229 - -------------------------------
Validation Epoch: 31 	Accuracy: 136.0000	Loss: 1385.334459
------------------
2021-04-01 17:19:24,229 - #### End epoch 31/1000, elapsed time: 260.76923885010183
2021-04-01 17:19:24,230 - 
 --------------------------- epoch 32 ------------------------- 

2021-04-01 17:19:24,230 - weights are [1, 1, 1, 3]
2021-04-01 17:19:27,062 - 	 19.50391 0.00030
2021-04-01 17:20:45,625 - 	 19.52087 0.00030
2021-04-01 17:22:02,884 - 	 19.48277 0.00030
2021-04-01 17:23:17,530 - 	 20.59035 0.00030
2021-04-01 17:23:21,459 - 
 ---------------------- mean loss : 22.34313  ---------------------- 

2021-04-01 17:23:21,460 - Starting Validation
2021-04-01 17:23:43,359 - 
                     ------- validation -------            

2021-04-01 17:23:43,359 - 	 NCE 	 MSE 	 MASK MSE 	 MAPPING MSE
2021-04-01 17:23:43,359 - 	 3.8361  	 0.1430  	 0.0058 	 0.5093
2021-04-01 17:23:43,359 - -------------------------------
Validation Epoch: 32 	Accuracy: 137.0000	Loss: 1384.032331
------------------
2021-04-01 17:23:43,359 - #### End epoch 32/1000, elapsed time: 259.12956739682704
2021-04-01 17:23:43,359 - 
 --------------------------- epoch 33 ------------------------- 

2021-04-01 17:23:43,359 - weights are [1, 1, 1, 3]
2021-04-01 17:23:48,089 - 	 19.90125 0.00030
2021-04-01 17:25:06,409 - 	 19.48540 0.00030
