2021-04-01 09:58:46,901 - ===> use benchmark strategy to split train, validation and eval dataset
2021-04-01 09:58:52,870 - ### Model summary below###
 CPAELSTM44(
  (lstm1): LSTM(76, 256, batch_first=True)
  (lstm2): LSTM(256, 256, batch_first=True)
  (lstm3): LSTM(256, 256, batch_first=True)
  (dropout): Dropout(p=0.3, inplace=False)
  (softmax): Softmax(dim=0)
  (lsoftmax): LogSoftmax()
  (fcs): Sequential(
    (0): Linear(in_features=256, out_features=256, bias=True)
    (1): ReLU(inplace=True)
    (2): Linear(in_features=256, out_features=256, bias=True)
  )
  (lstm4): LSTM(256, 76, batch_first=True)
)

2021-04-01 09:58:52,872 - ===> Model total parameter: 1627808

2021-04-01 09:58:52,872 - {'data_split': 'benchmark', 'batch_size': 48, 'n_points': 192, 'n_features': 76, 'time_step': 30, 'mode': 0, 'points_per_hour': 4, 'frame_size': 16, 'n_frames': 12, 'dim': 256, 'bn': False, 'dropout': 0.3, 'task': 'ihm', 'learning_rate': 0.1, 'epochs': 1000, 'seed': 1, 'log_interval': 30, 'num_workers': 30, 'gru_out': 256, 'optimizer': 'optim.SGD(filter(lambda p: p.requires_grad,model.parameters()), lr=0.03, momentum=0.9, weight_decay=1e-4)', 'model_params': None, 'setting_name': 'st_lr_1e-1_sgd', 'run_name': 'st_lr_1e-1_sgd-2021-04-01_09_58_46', 'model_type': 'CPAELSTM44', 'resume': False, 'model_best': 'st_lr_1e-1_sgd-2021-04-01_09_51_29-model_best.pth', 'save_every': 100, 'lambda': [1, 1, 1, 3], 'top_path': '/home/shuying/CPAE/', 'scr_data_path': '/home/shuying/cpcSurvival/data', 'logging_dir': '/home/shuying/CPAE/logs/cpc/CPAELSTM44', 'ini_file': '/home/shuying/CPAE/logs/cpc/CPAELSTM44/st_lr_1e-1_sgd.ini', 'updated_lr': 0.1}
2021-04-01 09:58:52,872 - 
 --------------------------- epoch 1 ------------------------- 

2021-04-01 09:58:52,872 - weights are [1, 1, 1, 3]
2021-04-01 09:58:57,245 - 	 20.30050 0.10000
2021-04-01 10:00:03,892 - 	 20.16977 0.10000
2021-04-01 10:01:10,583 - 	 19.97559 0.10000
2021-04-01 10:02:16,473 - 	 20.05643 0.10000
2021-04-01 10:02:19,878 - 
 ---------------------- mean loss : 21.24972  ---------------------- 

2021-04-01 10:02:19,878 - Starting Validation
2021-04-01 10:02:39,201 - 
                     ------- validation -------            

2021-04-01 10:02:39,202 - 	 NCE 	 MSE 	 MASK MSE 	 MAPPING MSE
2021-04-01 10:02:39,202 - 	 3.8405  	 0.2440  	 0.1024 	 0.6667
2021-04-01 10:02:39,202 - -------------------------------
Validation Epoch: 1 	Accuracy: 68.0000	Loss: 1426.962456
------------------
2021-04-01 10:02:39,214 - Snapshot saved to /home/shuying/CPAE/logs/cpc/CPAELSTM44/st_lr_1e-1_sgd-2021-04-01_09_58_46-model_best.pth

2021-04-01 10:02:39,221 - Best model updated in 'st_lr_1e-1_sgd.ini'! !!!!!!!!!
2021-04-01 10:02:39,222 - #### End epoch 1/1000, elapsed time: 226.34960965439677
2021-04-01 10:02:39,222 - 
 --------------------------- epoch 2 ------------------------- 

2021-04-01 10:02:39,222 - weights are [1, 1, 1, 3]
2021-04-01 10:02:42,363 - 	 20.06343 0.10000
2021-04-01 10:03:46,148 - 	 19.92349 0.10000
2021-04-01 10:04:54,411 - 	 20.08140 0.10000
2021-04-01 10:05:59,668 - 	 19.89457 0.10000
2021-04-01 10:06:03,117 - 
 ---------------------- mean loss : 21.40216  ---------------------- 

2021-04-01 10:06:03,117 - Starting Validation
2021-04-01 10:06:22,347 - 
                     ------- validation -------            

2021-04-01 10:06:22,348 - 	 NCE 	 MSE 	 MASK MSE 	 MAPPING MSE
2021-04-01 10:06:22,348 - 	 3.8246  	 0.2599  	 0.1013 	 0.7413
2021-04-01 10:06:22,348 - -------------------------------
Validation Epoch: 2 	Accuracy: 68.0000	Loss: 1432.615280
------------------
2021-04-01 10:06:22,348 - #### End epoch 2/1000, elapsed time: 223.1262506013736
2021-04-01 10:06:22,348 - 
 --------------------------- epoch 3 ------------------------- 

2021-04-01 10:06:22,348 - weights are [1, 1, 1, 3]
2021-04-01 10:06:26,161 - 	 19.87231 0.10000
