2021-04-01 09:33:15,798 - ===> use benchmark strategy to split train, validation and eval dataset
2021-04-01 09:33:17,189 - ### Model summary below###
 CPAELSTM44(
  (lstm1): LSTM(76, 256, batch_first=True)
  (lstm2): LSTM(256, 256, batch_first=True)
  (lstm3): LSTM(256, 256, batch_first=True)
  (dropout): Dropout(p=0.3, inplace=False)
  (softmax): Softmax(dim=0)
  (lsoftmax): LogSoftmax()
  (fcs): Sequential(
    (0): Linear(in_features=256, out_features=256, bias=True)
    (1): ReLU(inplace=True)
    (2): Linear(in_features=256, out_features=256, bias=True)
  )
  (lstm4): LSTM(256, 76, batch_first=True)
)

2021-04-01 09:33:17,189 - ===> Model total parameter: 1627808

2021-04-01 09:33:17,189 - {'data_split': 'benchmark', 'batch_size': 48, 'n_points': 192, 'n_features': 76, 'time_step': 30, 'mode': 0, 'points_per_hour': 4, 'frame_size': 16, 'n_frames': 12, 'dim': 256, 'bn': False, 'dropout': 0.3, 'task': 'ihm', 'learning_rate': 0.1, 'epochs': 1000, 'seed': 1, 'log_interval': 30, 'num_workers': 30, 'gru_out': 256, 'optimizer': 'optim.SGD(filter(lambda p: p.requires_grad,model.parameters()), lr=0.03, momentum=0.9, weight_decay=1e-4)', 'model_params': None, 'setting_name': 'st_lr_1e-1_sgd', 'run_name': 'st_lr_1e-1_sgd-2021-04-01_09_33_15', 'model_type': 'CPAELSTM44', 'resume': False, 'model_best': 'st_lr_1e-1_sgd-2021-04-01_09_15_27-model_best.pth', 'save_every': 100, 'lambda': [1, 1, 1, 3], 'top_path': '/home/shuying/CPAE/', 'scr_data_path': '/home/shuying/cpcSurvival/data', 'logging_dir': '/home/shuying/CPAE/logs/cpc/CPAELSTM44', 'ini_file': '/home/shuying/CPAE/logs/cpc/CPAELSTM44/st_lr_1e-1_sgd.ini', 'updated_lr': 0.1}
2021-04-01 09:33:17,189 - 
 --------------------------- epoch 1 ------------------------- 

2021-04-01 09:33:17,189 - weights are [1, 1, 1, 3]
2021-04-01 09:33:20,215 - 	 20.28115 0.10000
2021-04-01 09:34:29,838 - 	 20.07134 0.10000
2021-04-01 09:35:39,661 - 	 19.88174 0.10000
2021-04-01 09:36:49,287 - 	 20.20444 0.10000
2021-04-01 09:36:52,877 - 
 ---------------------- mean loss : 22.21230  ---------------------- 

2021-04-01 09:36:52,877 - Starting Validation
2021-04-01 09:37:11,867 - 
                     ------- validation -------            

2021-04-01 09:37:11,867 - 	 NCE 	 MSE 	 MASK MSE 	 MAPPING MSE
2021-04-01 09:37:11,867 - 	 3.8407  	 0.3014  	 0.1037 	 1.0612
2021-04-01 09:37:11,867 - -------------------------------
Validation Epoch: 1 	Accuracy: 68.0000	Loss: 1484.748448
------------------
2021-04-01 09:37:11,879 - Snapshot saved to /home/shuying/CPAE/logs/cpc/CPAELSTM44/st_lr_1e-1_sgd-2021-04-01_09_33_15-model_best.pth

2021-04-01 09:37:11,880 - Best model updated in 'st_lr_1e-1_sgd.ini'! !!!!!!!!!
2021-04-01 09:37:11,880 - #### End epoch 1/1000, elapsed time: 234.69086168706417
2021-04-01 09:37:11,880 - 
 --------------------------- epoch 2 ------------------------- 

2021-04-01 09:37:11,880 - weights are [1, 1, 1, 3]
2021-04-01 09:37:15,391 - 	 20.14149 0.10000
2021-04-01 09:38:25,770 - 	 20.08821 0.10000
2021-04-01 09:39:34,529 - 	 19.88382 0.10000
2021-04-01 09:40:56,175 - 	 20.11243 0.10000
2021-04-01 09:41:00,693 - 
 ---------------------- mean loss : 21.70580  ---------------------- 

2021-04-01 09:41:00,693 - Starting Validation
