2021-04-01 09:51:29,750 - ===> use benchmark strategy to split train, validation and eval dataset
2021-04-01 09:51:33,144 - ### Model summary below###
 CPAELSTM44(
  (lstm1): LSTM(76, 256, batch_first=True)
  (lstm2): LSTM(256, 256, batch_first=True)
  (lstm3): LSTM(256, 256, batch_first=True)
  (dropout): Dropout(p=0.3, inplace=False)
  (softmax): Softmax(dim=0)
  (lsoftmax): LogSoftmax()
  (fcs): Sequential(
    (0): Linear(in_features=256, out_features=256, bias=True)
    (1): ReLU(inplace=True)
    (2): Linear(in_features=256, out_features=256, bias=True)
  )
  (lstm4): LSTM(256, 76, batch_first=True)
)

2021-04-01 09:51:33,145 - ===> Model total parameter: 1627808

2021-04-01 09:51:33,145 - {'data_split': 'benchmark', 'batch_size': 48, 'n_points': 192, 'n_features': 76, 'time_step': 30, 'mode': 0, 'points_per_hour': 4, 'frame_size': 16, 'n_frames': 12, 'dim': 256, 'bn': False, 'dropout': 0.3, 'task': 'ihm', 'learning_rate': 0.1, 'epochs': 1000, 'seed': 1, 'log_interval': 30, 'num_workers': 30, 'gru_out': 256, 'optimizer': 'optim.SGD(filter(lambda p: p.requires_grad,model.parameters()), lr=0.03, momentum=0.9, weight_decay=1e-4)', 'model_params': None, 'setting_name': 'st_lr_1e-1_sgd', 'run_name': 'st_lr_1e-1_sgd-2021-04-01_09_51_29', 'model_type': 'CPAELSTM44', 'resume': False, 'model_best': 'st_lr_1e-1_sgd-2021-04-01_09_33_15-model_best.pth', 'save_every': 100, 'lambda': [1, 1, 1, 3], 'top_path': '/home/shuying/CPAE/', 'scr_data_path': '/home/shuying/cpcSurvival/data', 'logging_dir': '/home/shuying/CPAE/logs/cpc/CPAELSTM44', 'ini_file': '/home/shuying/CPAE/logs/cpc/CPAELSTM44/st_lr_1e-1_sgd.ini', 'updated_lr': 0.1}
2021-04-01 09:51:33,145 - 
 --------------------------- epoch 1 ------------------------- 

2021-04-01 09:51:33,145 - weights are [1, 1, 1, 3]
2021-04-01 09:51:36,236 - 	 20.27039 0.10000
2021-04-01 09:52:23,753 - 	 20.05167 0.10000
2021-04-01 09:53:09,480 - 	 19.90004 0.10000
2021-04-01 09:53:56,887 - 	 20.01479 0.10000
2021-04-01 09:53:59,276 - 
 ---------------------- mean loss : 21.68001  ---------------------- 

2021-04-01 09:53:59,276 - Starting Validation
2021-04-01 09:54:16,603 - 
                     ------- validation -------            

2021-04-01 09:54:16,603 - 	 NCE 	 MSE 	 MASK MSE 	 MAPPING MSE
2021-04-01 09:54:16,603 - 	 3.8406  	 0.2327  	 0.1035 	 0.6056
2021-04-01 09:54:16,603 - -------------------------------
Validation Epoch: 1 	Accuracy: 68.0000	Loss: 1418.069615
------------------
2021-04-01 09:54:16,614 - Snapshot saved to /home/shuying/CPAE/logs/cpc/CPAELSTM44/st_lr_1e-1_sgd-2021-04-01_09_51_29-model_best.pth

2021-04-01 09:54:16,615 - Best model updated in 'st_lr_1e-1_sgd.ini'! !!!!!!!!!
2021-04-01 09:54:16,615 - #### End epoch 1/1000, elapsed time: 163.47020327299833
2021-04-01 09:54:16,615 - 
 --------------------------- epoch 2 ------------------------- 

2021-04-01 09:54:16,615 - weights are [1, 1, 1, 3]
2021-04-01 09:54:19,659 - 	 20.47817 0.10000
2021-04-01 09:55:08,064 - 	 20.11595 0.10000
2021-04-01 09:55:56,146 - 	 19.82849 0.10000
